#
# A fatal error has been detected by the Java Runtime Environment:
#
#  SIGSEGV (0xb) at pc=0x00000000, pid=5425, tid=2928507712
#
# JRE version: 6.0_27-b27
# Java VM: OpenJDK Client VM (20.0-b12 mixed mode, sharing linux-x86 )
# Derivative: IcedTea6 1.12.6
# Distribution: Ubuntu 13.04, package 6b27-1.12.6-1ubuntu0.13.04.2
# Problematic frame:
# C  0x00000000
#
# If you would like to submit a bug report, please include
# instructions how to reproduce the bug and visit:
#   https://bugs.launchpad.net/ubuntu/+source/openjdk-6/
#

---------------  T H R E A D  ---------------

Current thread is native thread

siginfo:si_signo=SIGSEGV: si_errno=0, si_code=1 (SEGV_MAPERR), si_addr=0x00000000

Registers:
EAX=0xb34a8450, EBX=0xb34a7ff4, ECX=0x00000000, EDX=0xb3cd4f80
ESP=0xae8d71ec, EBP=0x00012000, ESI=0x00000800, EDI=0xb3cbee20
EIP=0x00000000, EFLAGS=0x00010246, CR2=0x00000000

Top of Stack: (sp=0xae8d71ec)
0xae8d71ec:   b3475348 b3cbee20 00000000 00002000
0xae8d71fc:   400e3f38 b3457000 b3ca6a38 08b6e0f0
0xae8d720c:   b3430b5d 00000000 ae8d72b4 00002000
0xae8d721c:   b77a06ce b77a77cf b3408000 b6931a08
0xae8d722c:   b3408000 bb800000 00004000 b3ca3998
0xae8d723c:   b33cc802 b3ca3998 00004000 b3457000
0xae8d724c:   b33cb40d b3ca6a5c b6931b30 00000000
0xae8d725c:   b33e7c0f b6931a28 b6931a08 b3408000 

Instructions: (pc=0x00000000)
0xffffffe0:   

Register to memory mapping:

EAX=
[error occurred during error reporting (printing register info), id 0xb]

Stack: [0xae7d7000,0xae8d8000],  sp=0xae8d71ec,  free space=1024k

---------------  P R O C E S S  ---------------

VM state:at safepoint (shutting down)

VM Mutex/Monitor currently owned by a thread:  ([mutex/lock_event])
[0xb6903ad0] Threads_lock - owner thread: 0xb6932400

Heap
 def new generation   total 4928K, used 4618K [0x6ea40000, 0x6ef90000, 0x794e0000)
  eden space 4416K,  92% used [0x6ea40000, 0x6ee42a20, 0x6ee90000)
  from space 512K, 100% used [0x6ef10000, 0x6ef90000, 0x6ef90000)
  to   space 512K,   0% used [0x6ee90000, 0x6ee90000, 0x6ef10000)
 tenured generation   total 10944K, used 943K [0x794e0000, 0x79f90000, 0x8ea40000)
   the space 10944K,   8% used [0x794e0000, 0x795cbfb0, 0x795cc000, 0x79f90000)
 compacting perm gen  total 12288K, used 3830K [0x8ea40000, 0x8f640000, 0x92a40000)
   the space 12288K,  31% used [0x8ea40000, 0x8edfd888, 0x8edfda00, 0x8f640000)
    ro space 10240K,  73% used [0x92a40000, 0x931a5fa0, 0x931a6000, 0x93440000)
    rw space 12288K,  60% used [0x93440000, 0x93b8dbf8, 0x93b8dc00, 0x94040000)

Code Cache  [0xb4900000, 0xb49e0000, 0xb6900000)
 total_blobs=523 nmethods=217 adapters=242 free_code_cache=32652992 largest_free_block=64

Dynamic libraries:
08048000-08051000 r-xp 00000000 07:00 270379     /usr/lib/jvm/java-6-openjdk-i386/jre/bin/java
08051000-08052000 r--p 00008000 07:00 270379     /usr/lib/jvm/java-6-openjdk-i386/jre/bin/java
08052000-08053000 rw-p 00009000 07:00 270379     /usr/lib/jvm/java-6-openjdk-i386/jre/bin/java
08b5d000-08c13000 rw-p 00000000 00:00 0          [heap]
6ea40000-6ef90000 rw-p 00000000 00:00 0 
6ef90000-794e0000 rw-p 00000000 00:00 0 
794e0000-79f90000 rw-p 00000000 00:00 0 
79f90000-8ea40000 rw-p 00000000 00:00 0 
8ea40000-8f640000 rw-p 00000000 00:00 0 
8f640000-92a40000 rw-p 00000000 00:00 0 
92a40000-931a6000 r--s 00001000 07:00 280804     /usr/lib/jvm/java-6-openjdk-i386/jre/lib/i386/client/classes.jsa
931a6000-93440000 rw-p 00000000 00:00 0 
93440000-93b8e000 rw-p 00767000 07:00 280804     /usr/lib/jvm/java-6-openjdk-i386/jre/lib/i386/client/classes.jsa
93b8e000-94040000 rw-p 00000000 00:00 0 
94040000-9413d000 rw-p 00eb5000 07:00 280804     /usr/lib/jvm/java-6-openjdk-i386/jre/lib/i386/client/classes.jsa
9413d000-94440000 rw-p 00000000 00:00 0 
94440000-94448000 r-xs 00fb2000 07:00 280804     /usr/lib/jvm/java-6-openjdk-i386/jre/lib/i386/client/classes.jsa
94448000-94840000 rw-p 00000000 00:00 0 
a587a000-a59fa000 rw-s 1ba67000 00:05 10494      /dev/dri/card0
a59fa000-a5b7a000 rw-s 1b8e6000 00:05 10494      /dev/dri/card0
a5bd9000-a5bdc000 ---p 00000000 00:00 0 
a5bdc000-a5c2a000 rw-p 00000000 00:00 0          [stack:5466]
a5c2a000-a5c2d000 ---p 00000000 00:00 0 
a5c2d000-a5c7b000 rw-p 00000000 00:00 0 
a5c7b000-a747b000 rw-s 1a0e5000 00:05 10494      /dev/dri/card0
a747b000-a847c000 rw-p 00000000 00:00 0 
a847c000-a8a7c000 rw-s 19ae4000 00:05 10494      /dev/dri/card0
a8a7c000-a8e7d000 rw-p 00000000 00:00 0 
a8e7d000-aa67d000 rw-s 182e4000 00:05 10494      /dev/dri/card0
aa67d000-ab67e000 rw-p 00000000 00:00 0 
ab67e000-abc7e000 rw-s 17ce4000 00:05 10494      /dev/dri/card0
abc7e000-ac07f000 rw-p 00000000 00:00 0 
ac07f000-ac1ff000 rw-s 15f2d000 00:05 10494      /dev/dri/card0
ac20e000-ac211000 ---p 00000000 00:00 0 
ac211000-ac25f000 rw-p 00000000 00:00 0 
ac25f000-ac2fb000 r-xp 00000000 07:00 1308611    /tmp/libgdxmaik/1282459102/libgdx-freetype.so
ac2fb000-ac2ff000 r--p 0009b000 07:00 1308611    /tmp/libgdxmaik/1282459102/libgdx-freetype.so
ac2ff000-ac300000 rw-p 0009f000 07:00 1308611    /tmp/libgdxmaik/1282459102/libgdx-freetype.so
ac300000-ac500000 rw-s 16fe9000 00:05 10494      /dev/dri/card0
ac500000-ac63a000 rw-p 00000000 00:00 0 
ac63a000-ac700000 ---p 00000000 00:00 0 
ac700000-ac900000 rw-p 00000000 00:00 0 
ac900000-ac9fa000 rw-p 00000000 00:00 0 
ac9fa000-aca00000 ---p 00000000 00:00 0 
aca21000-aca24000 ---p 00000000 00:00 0 
aca24000-acd00000 rw-p 00000000 00:00 0          [stack:5461]
acd00000-acdff000 rw-p 00000000 00:00 0 
acdff000-ace00000 ---p 00000000 00:00 0 
ace00000-aceff000 rw-p 00000000 00:00 0 
aceff000-acf00000 ---p 00000000 00:00 0 
acf00000-acff9000 rw-p 00000000 00:00 0 
acff9000-ad000000 ---p 00000000 00:00 0 
ad039000-ad041000 r-xp 00000000 07:00 295658     /usr/lib/jvm/java-6-openjdk-i386/jre/lib/i386/libnio.so
ad041000-ad042000 r--p 00007000 07:00 295658     /usr/lib/jvm/java-6-openjdk-i386/jre/lib/i386/libnio.so
ad042000-ad043000 rw-p 00008000 07:00 295658     /usr/lib/jvm/java-6-openjdk-i386/jre/lib/i386/libnio.so
ad043000-ad04a000 rw-s 1bc61000 00:05 10494      /dev/dri/card0
ad04a000-ad04d000 rw-s 1bc5e000 00:05 10494      /dev/dri/card0
ad04d000-ad051000 rw-s 1bc5a000 00:05 10494      /dev/dri/card0
ad051000-ad055000 rw-s 1bc56000 00:05 10494      /dev/dri/card0
ad055000-ad059000 rw-s 1bc52000 00:05 10494      /dev/dri/card0
ad059000-ad05c000 rw-s 1bc4f000 00:05 10494      /dev/dri/card0
ad05c000-ad05f000 rw-s 1bc4c000 00:05 10494      /dev/dri/card0
ad05f000-ad063000 rw-s 1bc48000 00:05 10494      /dev/dri/card0
ad063000-ad066000 rw-s 1bc45000 00:05 10494      /dev/dri/card0
ad066000-ad06a000 rw-s 1bc41000 00:05 10494      /dev/dri/card0
ad06a000-ad06d000 rw-s 1bc3e000 00:05 10494      /dev/dri/card0
ad06d000-ad070000 rw-s 1bc3b000 00:05 10494      /dev/dri/card0
ad070000-ad073000 rw-s 1bc38000 00:05 10494      /dev/dri/card0
ad073000-ad076000 rw-s 1bc35000 00:05 10494      /dev/dri/card0
ad076000-ad07d000 rw-s 1bc2e000 00:05 10494      /dev/dri/card0
ad07d000-ad080000 rw-s 1bc2b000 00:05 10494      /dev/dri/card0
ad080000-adf45000 rw-p 00000000 00:00 0 
adf45000-adf9c000 rw-p 00000000 00:00 0 
adf9e000-adfa2000 rw-s 1bc27000 00:05 10494      /dev/dri/card0
adfa2000-adfa5000 rw-s 1bc24000 00:05 10494      /dev/dri/card0
adfa5000-adfa9000 rw-s 1bc20000 00:05 10494      /dev/dri/card0
adfa9000-adfac000 rw-s 1bc1d000 00:05 10494      /dev/dri/card0
adfac000-adfaf000 rw-s 1bc1a000 00:05 10494      /dev/dri/card0
adfaf000-adfb3000 rw-s 1bc16000 00:05 10494      /dev/dri/card0
adfb3000-adfb6000 rw-s 1bc13000 00:05 10494      /dev/dri/card0
adfb6000-adfb9000 rw-s 1bc10000 00:05 10494      /dev/dri/card0
adfb9000-adfbc000 rw-s 1bc0d000 00:05 10494      /dev/dri/card0
adfbc000-adfbf000 rw-s 1bc0a000 00:05 10494      /dev/dri/card0
adfbf000-adfc2000 rw-s 1bc07000 00:05 10494      /dev/dri/card0
adfc2000-adfc5000 rw-s 1bc04000 00:05 10494      /dev/dri/card0
adfc5000-adfcb000 rw-s 1bbfe000 00:05 10494      /dev/dri/card0
adfcb000-adfd2000 rw-s 1bbf7000 00:05 10494      /dev/dri/card0
adfd2000-ae00a000 rw-s 171e9000 00:05 10494      /dev/dri/card0
ae00a000-ae02a000 r-xp 00000000 07:00 1308610    /tmp/libgdxmaik/1810227264/libgdx-controllers-desktop.so
ae02a000-ae02b000 r--p 00020000 07:00 1308610    /tmp/libgdxmaik/1810227264/libgdx-controllers-desktop.so
ae02b000-ae02c000 rw-p 00021000 07:00 1308610    /tmp/libgdxmaik/1810227264/libgdx-controllers-desktop.so
ae02c000-ae05e000 r-xp 00000000 07:00 262120     /usr/lib/i386-linux-gnu/libtxc_dxtn_s2tc.so.0.0.0
ae05e000-ae05f000 r--p 00031000 07:00 262120     /usr/lib/i386-linux-gnu/libtxc_dxtn_s2tc.so.0.0.0
ae05f000-ae060000 rw-p 00032000 07:00 262120     /usr/lib/i386-linux-gnu/libtxc_dxtn_s2tc.so.0.0.0
ae060000-ae069000 r-xp 00000000 07:00 264471     /usr/lib/i386-linux-gnu/libpciaccess.so.0.11.1
ae069000-ae06a000 r--p 00008000 07:00 264471     /usr/lib/i386-linux-gnu/libpciaccess.so.0.11.1
ae06a000-ae06b000 rw-p 00009000 07:00 264471     /usr/lib/i386-linux-gnu/libpciaccess.so.0.11.1
ae06b000-ae08c000 r-xp 00000000 07:00 266218     /usr/lib/i386-linux-gnu/libdrm_intel.so.1.0.0
ae08c000-ae08d000 r--p 00020000 07:00 266218     /usr/lib/i386-linux-gnu/libdrm_intel.so.1.0.0
ae08d000-ae08e000 rw-p 00021000 07:00 266218     /usr/lib/i386-linux-gnu/libdrm_intel.so.1.0.0
ae08e000-ae0b3000 r-xp 00000000 07:00 1571548    /lib/i386-linux-gnu/libexpat.so.1.6.0
ae0b3000-ae0b5000 r--p 00025000 07:00 1571548    /lib/i386-linux-gnu/libexpat.so.1.6.0
ae0b5000-ae0b6000 rw-p 00027000 07:00 1571548    /lib/i386-linux-gnu/libexpat.so.1.6.0
ae0b6000-ae482000 r-xp 00000000 07:00 263667     /usr/lib/i386-linux-gnu/libdricore9.3.0-devel.so.1.0.0
ae482000-ae483000 ---p 003cc000 07:00 263667     /usr/lib/i386-linux-gnu/libdricore9.3.0-devel.so.1.0.0
ae483000-ae48c000 r--p 003cc000 07:00 263667     /usr/lib/i386-linux-gnu/libdricore9.3.0-devel.so.1.0.0
ae48c000-ae493000 rw-p 003d5000 07:00 263667     /usr/lib/i386-linux-gnu/libdricore9.3.0-devel.so.1.0.0
ae493000-ae4a8000 rw-p 00000000 00:00 0 
ae4a8000-ae591000 r-xp 00000000 07:00 266266     /usr/lib/i386-linux-gnu/dri/i965_dri.so
ae591000-ae593000 r--p 000e9000 07:00 266266     /usr/lib/i386-linux-gnu/dri/i965_dri.so
ae593000-ae594000 rw-p 000eb000 07:00 266266     /usr/lib/i386-linux-gnu/dri/i965_dri.so
ae594000-ae595000 rw-p 00000000 00:00 0 
ae595000-ae5a0000 r-xp 00000000 07:00 266202     /usr/lib/i386-linux-gnu/libdrm.so.2.4.0
ae5a0000-ae5a1000 r--p 0000a000 07:00 266202     /usr/lib/i386-linux-gnu/libdrm.so.2.4.0
ae5a1000-ae5a2000 rw-p 0000b000 07:00 266202     /usr/lib/i386-linux-gnu/libdrm.so.2.4.0
ae5a2000-ae5a5000 r-xp 00000000 07:00 266197     /usr/lib/i386-linux-gnu/libxcb-dri2.so.0.0.0
ae5a5000-ae5a6000 r--p 00003000 07:00 266197     /usr/lib/i386-linux-gnu/libxcb-dri2.so.0.0.0
ae5a6000-ae5a7000 rw-p 00004000 07:00 266197     /usr/lib/i386-linux-gnu/libxcb-dri2.so.0.0.0
ae5a7000-ae5f9000 r-xp 00000000 07:00 263675     /usr/lib/i386-linux-gnu/mesa/libGL.so.1.2.0
ae5f9000-ae5fb000 r--p 00051000 07:00 263675     /usr/lib/i386-linux-gnu/mesa/libGL.so.1.2.0
ae5fb000-ae600000 rwxp 00053000 07:00 263675     /usr/lib/i386-linux-gnu/mesa/libGL.so.1.2.0
ae600000-ae62c000 rw-p 00000000 00:00 0 
ae62c000-ae700000 ---p 00000000 00:00 0 
ae702000-ae718000 r-xp 00000000 07:00 266178     /usr/lib/i386-linux-gnu/libxcb-glx.so.0.0.0
ae718000-ae719000 r--p 00016000 07:00 266178     /usr/lib/i386-linux-gnu/libxcb-glx.so.0.0.0
ae719000-ae71a000 rw-p 00017000 07:00 266178     /usr/lib/i386-linux-gnu/libxcb-glx.so.0.0.0
ae71a000-ae71c000 r-xp 00000000 07:00 266189     /usr/lib/i386-linux-gnu/libXdamage.so.1.1.0
ae71c000-ae71d000 r--p 00001000 07:00 266189     /usr/lib/i386-linux-gnu/libXdamage.so.1.1.0
ae71d000-ae71e000 rw-p 00002000 07:00 266189     /usr/lib/i386-linux-gnu/libXdamage.so.1.1.0
ae71e000-ae72e000 r-xp 00000000 07:00 263678     /usr/lib/i386-linux-gnu/libglapi.so.0.0.0
ae72e000-ae730000 r--p 0000f000 07:00 263678     /usr/lib/i386-linux-gnu/libglapi.so.0.0.0
ae730000-ae735000 rwxp 00011000 07:00 263678     /usr/lib/i386-linux-gnu/libglapi.so.0.0.0
ae735000-ae738000 ---p 00000000 00:00 0 
ae738000-ae786000 rw-p 00000000 00:00 0          [stack:5460]
ae786000-ae789000 ---p 00000000 00:00 0 
ae789000-ae7d7000 rw-p 00000000 00:00 0          [stack:5445]
ae7d7000-ae7d8000 ---p 00000000 00:00 0 
ae7d8000-ae8d8000 rw-p 00000000 00:00 0          [stack:5444]
ae8d8000-b28d9000 rw-s 00000000 00:13 64632      /run/shm/pulse-shm-3443127114
b28d9000-b28da000 ---p 00000000 00:00 0 
b28da000-b30da000 rw-p 00000000 00:00 0          [stack:5443]
b30da000-b30e0000 r-xp 00000000 07:00 266289     /usr/lib/i386-linux-gnu/libogg.so.0.8.0
b30e0000-b30e1000 r--p 00005000 07:00 266289     /usr/lib/i386-linux-gnu/libogg.so.0.8.0
b30e1000-b30e2000 rw-p 00006000 07:00 266289     /usr/lib/i386-linux-gnu/libogg.so.0.8.0
b30e2000-b310b000 r-xp 00000000 07:00 266476     /usr/lib/i386-linux-gnu/libvorbis.so.0.4.5
b310b000-b310c000 ---p 00029000 07:00 266476     /usr/lib/i386-linux-gnu/libvorbis.so.0.4.5
b310c000-b310d000 r--p 00029000 07:00 266476     /usr/lib/i386-linux-gnu/libvorbis.so.0.4.5
b310d000-b310e000 rw-p 0002a000 07:00 266476     /usr/lib/i386-linux-gnu/libvorbis.so.0.4.5
b310e000-b3274000 r-xp 00000000 07:00 266474     /usr/lib/i386-linux-gnu/libvorbisenc.so.2.0.8
b3274000-b3285000 r--p 00165000 07:00 266474     /usr/lib/i386-linux-gnu/libvorbisenc.so.2.0.8
b3285000-b3286000 rw-p 00176000 07:00 266474     /usr/lib/i386-linux-gnu/libvorbisenc.so.2.0.8
b3286000-b32d4000 r-xp 00000000 07:00 266300     /usr/lib/i386-linux-gnu/libFLAC.so.8.2.0
b32d4000-b32d5000 r--p 0004e000 07:00 266300     /usr/lib/i386-linux-gnu/libFLAC.so.8.2.0
b32d5000-b32d6000 rw-p 0004f000 07:00 266300     /usr/lib/i386-linux-gnu/libFLAC.so.8.2.0
b32d6000-b3343000 r-xp 00000000 07:00 266526     /usr/lib/i386-linux-gnu/libsndfile.so.1.0.25
b3343000-b3345000 r--p 0006c000 07:00 266526     /usr/lib/i386-linux-gnu/libsndfile.so.1.0.25
b3345000-b3346000 rw-p 0006e000 07:00 266526     /usr/lib/i386-linux-gnu/libsndfile.so.1.0.25
b3346000-b334a000 rw-p 00000000 00:00 0 
b334a000-b3352000 r-xp 00000000 07:00 1570816    /lib/i386-linux-gnu/libwrap.so.0.7.6
b3352000-b3353000 r--p 00007000 07:00 1570816    /lib/i386-linux-gnu/libwrap.so.0.7.6
b3353000-b3354000 rw-p 00008000 07:00 1570816    /lib/i386-linux-gnu/libwrap.so.0.7.6
b3354000-b339c000 r-xp 00000000 07:00 1569912    /lib/i386-linux-gnu/libdbus-1.so.3.7.2
b339c000-b339d000 r--p 00047000 07:00 1569912    /lib/i386-linux-gnu/libdbus-1.so.3.7.2
b339d000-b339e000 rw-p 00048000 07:00 1569912    /lib/i386-linux-gnu/libdbus-1.so.3.7.2
b339e000-b3407000 r-xp 00000000 07:00 275838     /usr/lib/i386-linux-gnu/pulseaudio/libpulsecommon-3.0.so
b3407000-b3408000 r--p 00068000 07:00 275838     /usr/lib/i386-linux-gnu/pulseaudio/libpulsecommon-3.0.so
b3408000-b3409000 rw-p 00069000 07:00 275838     /usr/lib/i386-linux-gnu/pulseaudio/libpulsecommon-3.0.so
b3409000-b3455000 r-xp 00000000 07:00 275837     /usr/lib/i386-linux-gnu/libpulse.so.0.15.3
b3455000-b3456000 ---p 0004c000 07:00 275837     /usr/lib/i386-linux-gnu/libpulse.so.0.15.3
b3456000-b3457000 r--p 0004c000 07:00 275837     /usr/lib/i386-linux-gnu/libpulse.so.0.15.3
b3457000-b3458000 rw-p 0004d000 07:00 275837     /usr/lib/i386-linux-gnu/libpulse.so.0.15.3
b3458000-b34a6000 r-xp 00000000 07:00 1308609    /tmp/libgdxmaik/335398564/libopenal.so
b34a6000-b34a8000 r--p 0004d000 07:00 1308609    /tmp/libgdxmaik/335398564/libopenal.so
b34a8000-b34a9000 rw-p 0004f000 07:00 1308609    /tmp/libgdxmaik/335398564/libopenal.so
b34a9000-b3503000 r-xp 00000000 07:00 1308608    /tmp/libgdxmaik/335398564/liblwjgl.so
b3503000-b3504000 r--p 0005a000 07:00 1308608    /tmp/libgdxmaik/335398564/liblwjgl.so
b3504000-b3505000 rw-p 0005b000 07:00 1308608    /tmp/libgdxmaik/335398564/liblwjgl.so
b3505000-b3508000 ---p 00000000 00:00 0 
b3508000-b3556000 rw-p 00000000 00:00 0          [stack:5441]
b3556000-b3557000 r--s 00000000 07:00 1458977    /var/cache/fontconfig/c05880de57d1f5e948fdfacc138775d9-le32d4.cache-4
b3557000-b355f000 r--s 00000000 07:00 1450059    /var/cache/fontconfig/945677eb7aeaf62f1d50efc3fb3ec7d8-le32d4.cache-4
b355f000-b3561000 r--s 00000000 07:00 1450027    /var/cache/fontconfig/99e8ed0e538f840c565b6ed5dad60d56-le32d4.cache-4
b3561000-b3600000 r--s 00000000 07:00 1442541    /var/cache/fontconfig/f77165c3a5c0e6d840970e91000fef78-le32d4.cache-4
b3600000-b3606000 r--s 00000000 07:00 1458975    /var/cache/fontconfig/a6d8cf8e4ec09cdbc8633c31745a07dd-le32d4.cache-4
b3606000-b360a000 r--s 00000000 07:00 1458974    /var/cache/fontconfig/2cd17615ca594fa2959ae173292e504c-le32d4.cache-4
b360a000-b360b000 r--s 00000000 07:00 1458973    /var/cache/fontconfig/e7071f4a29fa870f4323321c154eba04-le32d4.cache-4
b360b000-b3610000 r--s 00000000 07:00 1458972    /var/cache/fontconfig/6eb3985aa4124903f6ff08ba781cd364-le32d4.cache-4
b3610000-b3611000 r--s 00000000 07:00 1458971    /var/cache/fontconfig/0d8c3b2ac0904cb8a57a757ad11a4a08-le32d4.cache-4
b3611000-b3616000 r--s 00000000 07:00 1458970    /var/cache/fontconfig/a755afe4a08bf5b97852ceb7400b47bc-le32d4.cache-4
b3616000-b361f000 r--s 00000000 07:00 1458968    /var/cache/fontconfig/6d41288fd70b0be22e8c3a91e032eec0-le32d4.cache-4
b361f000-b362e000 r--s 00000000 07:00 1458967    /var/cache/fontconfig/04aabc0a78ac019cf9454389977116d2-le32d4.cache-4
b362e000-b362f000 r--s 00000000 07:00 1458966    /var/cache/fontconfig/1ac9eb803944fde146138c791f5cc56a-le32d4.cache-4
b362f000-b3632000 r--s 00000000 07:00 1458963    /var/cache/fontconfig/385c0604a188198f04d133e54aba7fe7-le32d4.cache-4
b3632000-b3633000 r--s 00000000 07:00 1458958    /var/cache/fontconfig/dc05db6664285cc2f12bf69c139ae4c3-le32d4.cache-4
b3633000-b3635000 r--s 00000000 07:00 1483099    /home/maik/.cache/fontconfig/c14bd16069dd32104a93661d0fc6b751-le32d4.cache-4
b3635000-b3639000 r--s 00000000 07:00 1458957    /var/cache/fontconfig/1c2c2997deddd45e0296fa5a60917b7d-le32d4.cache-4
b3639000-b363b000 r--s 00000000 07:00 1458956    /var/cache/fontconfig/767a8244fc0220cfb567a839d0392e0b-le32d4.cache-4
b363b000-b363c000 r--s 00000000 07:00 1458955    /var/cache/fontconfig/4794a0821666d79190d59a36cb4f44b5-le32d4.cache-4
b363c000-b363e000 r--s 00000000 07:00 1486694    /home/maik/.cache/fontconfig/662d20385cbbfe31958b837fd2c8d37e-le32d4.cache-4
b363e000-b3641000 r--s 00000000 07:00 1458954    /var/cache/fontconfig/8801497958630a81b71ace7c5f9b32a8-le32d4.cache-4
b3641000-b3670000 r--s 00000000 07:00 1458953    /var/cache/fontconfig/365b55f210c0a22e9a19e35191240f32-le32d4.cache-4
b3670000-b3675000 r--s 00000000 07:00 1458952    /var/cache/fontconfig/3047814df9a2f067bd2d96a2b9c36e5a-le32d4.cache-4
b3675000-b3676000 r--s 00000000 07:00 1458951    /var/cache/fontconfig/56cf4f4769d0f4abc89a4895d7bd3ae1-le32d4.cache-4
b3676000-b367a000 r--s 00000000 07:00 1458944    /var/cache/fontconfig/b47c4e1ecd0709278f4910c18777a504-le32d4.cache-4
b367a000-b3681000 rw-s 1bbef000 00:05 10494      /dev/dri/card0
b3681000-b3682000 rw-s 1bbee000 00:05 10494      /dev/dri/card0
b3682000-b3689000 rw-s 1bbe7000 00:05 10494      /dev/dri/card0
b368a000-b368e000 rw-s 00000000 00:04 64884      /drm mm object (deleted)
b368e000-b368f000 rw-s 160ad000 00:05 10494      /dev/dri/card0
b3690000-b3694000 rw-s 00000000 00:04 64881      /drm mm object (deleted)
b3695000-b3696000 rw-s 1bc68000 00:05 10494      /dev/dri/card0
b3696000-b3698000 rw-s 00000000 00:04 64917      /drm mm object (deleted)
b3698000-b3699000 rw-s 00000000 00:04 64875      /drm mm object (deleted)
b3699000-b369a000 rw-s 16fe5000 00:05 10494      /dev/dri/card0
b369a000-b369b000 rw-s 17290000 00:05 10494      /dev/dri/card0
b369b000-b36a2000 r--s 00000000 07:00 297903     /usr/lib/i386-linux-gnu/gconv/gconv-modules.cache
b36a2000-b36a3000 r--s 00000000 07:00 1458977    /var/cache/fontconfig/c05880de57d1f5e948fdfacc138775d9-le32d4.cache-4
b36a3000-b36ab000 r--s 00000000 07:00 1450059    /var/cache/fontconfig/945677eb7aeaf62f1d50efc3fb3ec7d8-le32d4.cache-4
b36ab000-b36ad000 r--s 00000000 07:00 1450027    /var/cache/fontconfig/99e8ed0e538f840c565b6ed5dad60d56-le32d4.cache-4
b36ad000-b374c000 r--s 00000000 07:00 1442541    /var/cache/fontconfig/f77165c3a5c0e6d840970e91000fef78-le32d4.cache-4
b374c000-b3752000 r--s 00000000 07:00 1458975    /var/cache/fontconfig/a6d8cf8e4ec09cdbc8633c31745a07dd-le32d4.cache-4
b3752000-b3756000 r--s 00000000 07:00 1458974    /var/cache/fontconfig/2cd17615ca594fa2959ae173292e504c-le32d4.cache-4
b3756000-b3757000 r--s 00000000 07:00 1458973    /var/cache/fontconfig/e7071f4a29fa870f4323321c154eba04-le32d4.cache-4
b3757000-b375c000 r--s 00000000 07:00 1458972    /var/cache/fontconfig/6eb3985aa4124903f6ff08ba781cd364-le32d4.cache-4
b375c000-b375d000 r--s 00000000 07:00 1458971    /var/cache/fontconfig/0d8c3b2ac0904cb8a57a757ad11a4a08-le32d4.cache-4
b375d000-b3762000 r--s 00000000 07:00 1458970    /var/cache/fontconfig/a755afe4a08bf5b97852ceb7400b47bc-le32d4.cache-4
b3762000-b376b000 r--s 00000000 07:00 1458968    /var/cache/fontconfig/6d41288fd70b0be22e8c3a91e032eec0-le32d4.cache-4
b376b000-b377a000 r--s 00000000 07:00 1458967    /var/cache/fontconfig/04aabc0a78ac019cf9454389977116d2-le32d4.cache-4
b377a000-b377b000 r--s 00000000 07:00 1458966    /var/cache/fontconfig/1ac9eb803944fde146138c791f5cc56a-le32d4.cache-4
b377b000-b377e000 r--s 00000000 07:00 1458963    /var/cache/fontconfig/385c0604a188198f04d133e54aba7fe7-le32d4.cache-4
b377e000-b377f000 r--s 00000000 07:00 1458958    /var/cache/fontconfig/dc05db6664285cc2f12bf69c139ae4c3-le32d4.cache-4
b377f000-b3781000 r--s 00000000 07:00 1483099    /home/maik/.cache/fontconfig/c14bd16069dd32104a93661d0fc6b751-le32d4.cache-4
b3781000-b3785000 r--s 00000000 07:00 1458957    /var/cache/fontconfig/1c2c2997deddd45e0296fa5a60917b7d-le32d4.cache-4
b3785000-b3787000 r--s 00000000 07:00 1458956    /var/cache/fontconfig/767a8244fc0220cfb567a839d0392e0b-le32d4.cache-4
b3787000-b3788000 r--s 00000000 07:00 1458955    /var/cache/fontconfig/4794a0821666d79190d59a36cb4f44b5-le32d4.cache-4
b3788000-b378a000 r--s 00000000 07:00 1486694    /home/maik/.cache/fontconfig/662d20385cbbfe31958b837fd2c8d37e-le32d4.cache-4
b378a000-b378d000 r--s 00000000 07:00 1458954    /var/cache/fontconfig/8801497958630a81b71ace7c5f9b32a8-le32d4.cache-4
b378d000-b37bc000 r--s 00000000 07:00 1458953    /var/cache/fontconfig/365b55f210c0a22e9a19e35191240f32-le32d4.cache-4
b37bc000-b37c1000 r--s 00000000 07:00 1458952    /var/cache/fontconfig/3047814df9a2f067bd2d96a2b9c36e5a-le32d4.cache-4
b37c1000-b37c2000 r--s 00000000 07:00 1458951    /var/cache/fontconfig/56cf4f4769d0f4abc89a4895d7bd3ae1-le32d4.cache-4
b37c2000-b37c9000 r--s 00000000 07:00 1458942    /var/cache/fontconfig/52f7bdb7ce746bfd7eaa1985bd9cfa93-le32d4.cache-4
b37c9000-b37d0000 r--s 00000000 07:00 1458942    /var/cache/fontconfig/52f7bdb7ce746bfd7eaa1985bd9cfa93-le32d4.cache-4
b37d0000-b37d1000 rwxp 00000000 00:00 0 
b37d1000-b37d6000 r-xp 00000000 07:00 266237     /usr/lib/i386-linux-gnu/libasyncns.so.0.3.1
b37d6000-b37d7000 r--p 00004000 07:00 266237     /usr/lib/i386-linux-gnu/libasyncns.so.0.3.1
b37d7000-b37d8000 rw-p 00005000 07:00 266237     /usr/lib/i386-linux-gnu/libasyncns.so.0.3.1
b37d8000-b37dd000 r-xp 00000000 07:00 265889     /usr/lib/i386-linux-gnu/libXfixes.so.3.1.0
b37dd000-b37de000 r--p 00004000 07:00 265889     /usr/lib/i386-linux-gnu/libXfixes.so.3.1.0
b37de000-b37df000 rw-p 00005000 07:00 265889     /usr/lib/i386-linux-gnu/libXfixes.so.3.1.0
b37df000-b37e8000 r-xp 00000000 07:00 266611     /usr/lib/i386-linux-gnu/libXcursor.so.1.0.2
b37e8000-b37e9000 r--p 00008000 07:00 266611     /usr/lib/i386-linux-gnu/libXcursor.so.1.0.2
b37e9000-b37ea000 rw-p 00009000 07:00 266611     /usr/lib/i386-linux-gnu/libXcursor.so.1.0.2
b37ea000-b37eb000 r-xp 00000000 07:00 267584     /usr/lib/i386-linux-gnu/libX11-xcb.so.1.0.0
b37eb000-b37ec000 r--p 00000000 07:00 267584     /usr/lib/i386-linux-gnu/libX11-xcb.so.1.0.0
b37ec000-b37ed000 rw-p 00001000 07:00 267584     /usr/lib/i386-linux-gnu/libX11-xcb.so.1.0.0
b37ed000-b37f5000 r-xp 00000000 07:00 1570294    /lib/i386-linux-gnu/libjson.so.0.1.0
b37f5000-b37f6000 r--p 00007000 07:00 1570294    /lib/i386-linux-gnu/libjson.so.0.1.0
b37f6000-b37f7000 rw-p 00008000 07:00 1570294    /lib/i386-linux-gnu/libjson.so.0.1.0
b37f7000-b37fb000 r-xp 00000000 07:00 269757     /usr/lib/i386-linux-gnu/libXxf86vm.so.1.0.0
b37fb000-b37fc000 r--p 00003000 07:00 269757     /usr/lib/i386-linux-gnu/libXxf86vm.so.1.0.0
b37fc000-b37fd000 rw-p 00004000 07:00 269757     /usr/lib/i386-linux-gnu/libXxf86vm.so.1.0.0
b37fd000-b3806000 r-xp 00000000 07:00 265883     /usr/lib/i386-linux-gnu/libXrandr.so.2.2.0
b3806000-b3807000 r--p 00008000 07:00 265883     /usr/lib/i386-linux-gnu/libXrandr.so.2.2.0
b3807000-b3808000 rw-p 00009000 07:00 265883     /usr/lib/i386-linux-gnu/libXrandr.so.2.2.0
b3808000-b3809000 r-xp 00000000 07:00 296222     /usr/lib/jvm/java-6-openjdk-i386/jre/lib/i386/libjawt.so
b3809000-b380a000 r--p 00000000 07:00 296222     /usr/lib/jvm/java-6-openjdk-i386/jre/lib/i386/libjawt.so
b380a000-b380b000 rw-p 00001000 07:00 296222     /usr/lib/jvm/java-6-openjdk-i386/jre/lib/i386/libjawt.so
b380b000-b380c000 r--s 00000000 07:00 1458945    /var/cache/fontconfig/b9d506c9ac06c20b433354fa67a72993-le32d4.cache-4
b380c000-b381c000 r--s 00000000 07:00 1450090    /var/cache/fontconfig/d52a8644073d54c13679302ca1180695-le32d4.cache-4
b381c000-b3823000 r--s 00000000 07:00 1458934    /var/cache/fontconfig/3f7329c5293ffd510edef78f73874cfd-le32d4.cache-4
b3823000-b3824000 r--s 00000000 07:00 1458932    /var/cache/fontconfig/0c9eb80ebd1c36541ebe2852d3bb0c49-le32d4.cache-4
b3824000-b3825000 r--s 00000000 07:00 1450084    /var/cache/fontconfig/62f91419b9ebdb6975e7e41ab6412357-le32d4.cache-4
b3825000-b3827000 r--s 00000000 07:00 1450153    /var/cache/fontconfig/e13b20fdb08344e0e664864cc2ede53d-le32d4.cache-4
b3827000-b382a000 r--s 00000000 07:00 1483097    /home/maik/.cache/fontconfig/7ef2298fde41cc6eeb7af42e48b7d293-le32d4.cache-4
b382a000-b382b000 r--s 00000000 07:00 1449994    /home/maik/.cache/fontconfig/578171f5f238b8a7bb858af08da2de57-le32d4.cache-4
b382b000-b382c000 r--s 00000000 07:00 1449993    /home/maik/.cache/fontconfig/bd43c005a6d085c55fa3c0b7700969bf-le32d4.cache-4
b382c000-b382f000 ---p 00000000 00:00 0 
b382f000-b387d000 rw-p 00000000 00:00 0          [stack:5440]
b387d000-b3913000 r-xp 00000000 07:00 265978     /usr/lib/i386-linux-gnu/libfreetype.so.6.10.0
b3913000-b3917000 r--p 00095000 07:00 265978     /usr/lib/i386-linux-gnu/libfreetype.so.6.10.0
b3917000-b3918000 rw-p 00099000 07:00 265978     /usr/lib/i386-linux-gnu/libfreetype.so.6.10.0
b3918000-b395f000 r-xp 00000000 07:00 300410     /usr/lib/jvm/java-6-openjdk-i386/jre/lib/i386/libfontmanager.so
b395f000-b3960000 r--p 00047000 07:00 300410     /usr/lib/jvm/java-6-openjdk-i386/jre/lib/i386/libfontmanager.so
b3960000-b3961000 rw-p 00048000 07:00 300410     /usr/lib/jvm/java-6-openjdk-i386/jre/lib/i386/libfontmanager.so
b3961000-b3981000 r-xp 00000000 07:00 265988     /usr/lib/i386-linux-gnu/libxcb.so.1.1.0
b3981000-b3982000 r--p 0001f000 07:00 265988     /usr/lib/i386-linux-gnu/libxcb.so.1.1.0
b3982000-b3983000 rw-p 00020000 07:00 265988     /usr/lib/i386-linux-gnu/libxcb.so.1.1.0
b3983000-b3991000 r-xp 00000000 07:00 265877     /usr/lib/i386-linux-gnu/libXi.so.6.1.0
b3991000-b3992000 r--p 0000d000 07:00 265877     /usr/lib/i386-linux-gnu/libXi.so.6.1.0
b3992000-b3993000 rw-p 0000e000 07:00 265877     /usr/lib/i386-linux-gnu/libXi.so.6.1.0
b3993000-b3ac6000 r-xp 00000000 07:00 262036     /usr/lib/i386-linux-gnu/libX11.so.6.3.0
b3ac6000-b3ac7000 r--p 00132000 07:00 262036     /usr/lib/i386-linux-gnu/libX11.so.6.3.0
b3ac7000-b3aca000 rw-p 00133000 07:00 262036     /usr/lib/i386-linux-gnu/libX11.so.6.3.0
b3aca000-b3acb000 r--s 00000000 07:00 1458945    /var/cache/fontconfig/b9d506c9ac06c20b433354fa67a72993-le32d4.cache-4
b3acb000-b3acf000 r--s 00000000 07:00 1458944    /var/cache/fontconfig/b47c4e1ecd0709278f4910c18777a504-le32d4.cache-4
b3acf000-b3adf000 r--s 00000000 07:00 1450090    /var/cache/fontconfig/d52a8644073d54c13679302ca1180695-le32d4.cache-4
b3adf000-b3ae6000 r--s 00000000 07:00 1458934    /var/cache/fontconfig/3f7329c5293ffd510edef78f73874cfd-le32d4.cache-4
b3ae6000-b3ae7000 r--s 00000000 07:00 1458932    /var/cache/fontconfig/0c9eb80ebd1c36541ebe2852d3bb0c49-le32d4.cache-4
b3ae7000-b3ae8000 r--s 00000000 07:00 1450084    /var/cache/fontconfig/62f91419b9ebdb6975e7e41ab6412357-le32d4.cache-4
b3ae8000-b3aeb000 r--s 00000000 07:00 1483097    /home/maik/.cache/fontconfig/7ef2298fde41cc6eeb7af42e48b7d293-le32d4.cache-4
b3aeb000-b3b37000 r-xp 00000000 07:00 267891     /usr/lib/jvm/java-6-openjdk-i386/jre/lib/i386/xawt/libmawt.so
b3b37000-b3b38000 r--p 0004b000 07:00 267891     /usr/lib/jvm/java-6-openjdk-i386/jre/lib/i386/xawt/libmawt.so
b3b38000-b3b3a000 rw-p 0004c000 07:00 267891     /usr/lib/jvm/java-6-openjdk-i386/jre/lib/i386/xawt/libmawt.so
b3b3a000-b3b3b000 rw-p 00000000 00:00 0 
b3b3b000-b3bd4000 r-xp 00000000 07:00 295916     /usr/lib/jvm/java-6-openjdk-i386/jre/lib/i386/libawt.so
b3bd4000-b3bd5000 r--p 00098000 07:00 295916     /usr/lib/jvm/java-6-openjdk-i386/jre/lib/i386/libawt.so
b3bd5000-b3bdc000 rw-p 00099000 07:00 295916     /usr/lib/jvm/java-6-openjdk-i386/jre/lib/i386/libawt.so
b3bdc000-b3c00000 rw-p 00000000 00:00 0 
b3c00000-b3cff000 rw-p 00000000 00:00 0 
b3cff000-b3d00000 ---p 00000000 00:00 0 
b3d00000-b3d02000 r--s 00000000 07:00 1450153    /var/cache/fontconfig/e13b20fdb08344e0e664864cc2ede53d-le32d4.cache-4
b3d02000-b3d03000 r--s 00000000 07:00 1449994    /home/maik/.cache/fontconfig/578171f5f238b8a7bb858af08da2de57-le32d4.cache-4
b3d03000-b3d04000 r--s 00000000 07:00 1449993    /home/maik/.cache/fontconfig/bd43c005a6d085c55fa3c0b7700969bf-le32d4.cache-4
b3d04000-b3d09000 r-xp 00000000 07:00 285337     /usr/lib/i386-linux-gnu/libXdmcp.so.6.0.0
b3d09000-b3d0a000 r--p 00004000 07:00 285337     /usr/lib/i386-linux-gnu/libXdmcp.so.6.0.0
b3d0a000-b3d0b000 rw-p 00005000 07:00 285337     /usr/lib/i386-linux-gnu/libXdmcp.so.6.0.0
b3d0b000-b3d0d000 r-xp 00000000 07:00 266641     /usr/lib/i386-linux-gnu/libXau.so.6.0.0
b3d0d000-b3d0e000 r--p 00001000 07:00 266641     /usr/lib/i386-linux-gnu/libXau.so.6.0.0
b3d0e000-b3d0f000 rw-p 00002000 07:00 266641     /usr/lib/i386-linux-gnu/libXau.so.6.0.0
b3d0f000-b3d17000 r-xp 00000000 07:00 265856     /usr/lib/i386-linux-gnu/libXrender.so.1.3.0
b3d17000-b3d18000 r--p 00008000 07:00 265856     /usr/lib/i386-linux-gnu/libXrender.so.1.3.0
b3d18000-b3d19000 rw-p 00009000 07:00 265856     /usr/lib/i386-linux-gnu/libXrender.so.1.3.0
b3d19000-b3d88000 r-xp 00000000 07:00 1308607    /tmp/libgdxmaik/770986848/libgdx.so
b3d88000-b3d89000 r--p 0006f000 07:00 1308607    /tmp/libgdxmaik/770986848/libgdx.so
b3d89000-b3d8a000 rw-p 00070000 07:00 1308607    /tmp/libgdxmaik/770986848/libgdx.so
b3d8a000-b3d9d000 r-xp 00000000 07:00 1582751    /lib/i386-linux-gnu/libresolv-2.17.so
b3d9d000-b3d9e000 r--p 00013000 07:00 1582751    /lib/i386-linux-gnu/libresolv-2.17.so
b3d9e000-b3d9f000 rw-p 00014000 07:00 1582751    /lib/i386-linux-gnu/libresolv-2.17.so
b3d9f000-b3da1000 rw-p 00000000 00:00 0 
b3da1000-b3da6000 r-xp 00000000 07:00 262782     /usr/lib/i386-linux-gnu/libXtst.so.6.1.0
b3da6000-b3da7000 r--p 00004000 07:00 262782     /usr/lib/i386-linux-gnu/libXtst.so.6.1.0
b3da7000-b3da8000 rw-p 00005000 07:00 262782     /usr/lib/i386-linux-gnu/libXtst.so.6.1.0
b3da8000-b3db8000 r-xp 00000000 07:00 262278     /usr/lib/i386-linux-gnu/libXext.so.6.4.0
b3db8000-b3db9000 r--p 0000f000 07:00 262278     /usr/lib/i386-linux-gnu/libXext.so.6.4.0
b3db9000-b3dba000 rw-p 00010000 07:00 262278     /usr/lib/i386-linux-gnu/libXext.so.6.4.0
b3dba000-b3dc1000 r--s 000fc000 07:00 268440     /usr/lib/jvm/java-6-openjdk-common/jre/lib/resources.jar
b3dc1000-b3dc2000 r--s 00102000 07:00 1440691    /home/maik/shadow/shadow-platformer-desktop/libs/gdx-controllers-desktop-natives.jar
b3dc2000-b3dd7000 r-xp 00000000 07:00 296220     /usr/lib/jvm/java-6-openjdk-i386/jre/lib/i386/libnet.so
b3dd7000-b3dd8000 r--p 00014000 07:00 296220     /usr/lib/jvm/java-6-openjdk-i386/jre/lib/i386/libnet.so
b3dd8000-b3dd9000 rw-p 00015000 07:00 296220     /usr/lib/jvm/java-6-openjdk-i386/jre/lib/i386/libnet.so
b3dd9000-b3dda000 ---p 00000000 00:00 0 
b3dda000-b3e5a000 rw-p 00000000 00:00 0 
b3e5a000-b3e5d000 ---p 00000000 00:00 0 
b3e5d000-b3eab000 rw-p 00000000 00:00 0          [stack:5438]
b3eab000-b3eae000 ---p 00000000 00:00 0 
b3eae000-b3f2c000 rw-p 00000000 00:00 0          [stack:5437]
b3f2c000-b3f2f000 ---p 00000000 00:00 0 
b3f2f000-b3f7d000 rw-p 00000000 00:00 0 
b3f7d000-b40af000 r--p 0018a000 07:00 261666     /usr/lib/locale/locale-archive
b40af000-b42af000 r--p 00000000 07:00 261666     /usr/lib/locale/locale-archive
b42af000-b42b2000 ---p 00000000 00:00 0 
b42b2000-b4300000 rw-p 00000000 00:00 0          [stack:5435]
b4300000-b43f7000 rw-p 00000000 00:00 0 
b43f7000-b4400000 ---p 00000000 00:00 0 
b4400000-b4401000 r--s 00004000 07:00 1440666    /home/maik/shadow/shadow-platformer-desktop/libs/gdx-controllers-desktop.jar
b4401000-b4402000 r--s 0018b000 07:00 1494876    /home/maik/shadow/shadow-platformer-desktop/libs/gdx-natives.jar
b4402000-b4403000 r--s 001e7000 07:00 1494875    /home/maik/shadow/shadow-platformer-desktop/libs/gdx-freetype-natives.jar
b4403000-b4408000 r-xp 00000000 07:00 1582755    /lib/i386-linux-gnu/libnss_dns-2.17.so
b4408000-b4409000 r--p 00004000 07:00 1582755    /lib/i386-linux-gnu/libnss_dns-2.17.so
b4409000-b440a000 rw-p 00005000 07:00 1582755    /lib/i386-linux-gnu/libnss_dns-2.17.so
b440a000-b440c000 r-xp 00000000 07:00 1583383    /lib/libnss_mdns4_minimal.so.2
b440c000-b440d000 r--p 00001000 07:00 1583383    /lib/libnss_mdns4_minimal.so.2
b440d000-b440e000 rw-p 00002000 07:00 1583383    /lib/libnss_mdns4_minimal.so.2
b440e000-b4420000 r--s 00126000 07:00 1494874    /home/maik/shadow/shadow-platformer-desktop/libs/gdx-backend-lwjgl.jar
b4420000-b4422000 r--s 0019e000 07:00 1494872    /home/maik/shadow/shadow-platformer-desktop/libs/gdx-backend-lwjgl-natives.jar
b4422000-b4423000 r--s 0012b000 07:00 1494871    /home/maik/shadow/shadow-platformer-desktop/libs/gdx-audio-natives.jar
b4423000-b442a000 r--s 00049000 07:00 1503607    /home/maik/shadow/shadow-platformer/libs/kryonet-2.18-all.jar
b442a000-b442b000 r--s 00002000 07:00 1441334    /home/maik/shadow/shadow-platformer/libs/gdx-controllers.jar
b442b000-b443f000 r--s 00135000 07:00 1494614    /home/maik/shadow/shadow-platformer/libs/gdx.jar
b443f000-b4440000 r--s 00004000 07:00 1494612    /home/maik/shadow/shadow-platformer/libs/gdx-freetype.jar
b4440000-b4443000 r--s 00031000 07:00 268443     /usr/lib/jvm/java-6-openjdk-common/jre/lib/ext/sunjce_provider.jar
b4443000-b4446000 ---p 00000000 00:00 0 
b4446000-b4494000 rw-p 00000000 00:00 0          [stack:5434]
b4494000-b4495000 ---p 00000000 00:00 0 
b4495000-b4515000 rw-p 00000000 00:00 0          [stack:5433]
b4515000-b46a9000 r--s 03807000 07:00 275877     /usr/lib/jvm/java-6-openjdk-i386/jre/lib/rt.jar
b46a9000-b46af000 rw-p 00000000 00:00 0 
b46af000-b4754000 rw-p 00000000 00:00 0 
b4754000-b4757000 rw-p 00000000 00:00 0 
b4757000-b47a9000 rw-p 00000000 00:00 0 
b47a9000-b47af000 rw-p 00000000 00:00 0 
b47af000-b4854000 rw-p 00000000 00:00 0 
b4854000-b485a000 rw-p 00000000 00:00 0 
b485a000-b4874000 rw-p 00000000 00:00 0 
b4874000-b4884000 rw-p 00000000 00:00 0 
b4884000-b4900000 rw-p 00000000 00:00 0 
b4900000-b49e0000 rwxp 00000000 00:00 0 
b49e0000-b69ff000 rw-p 00000000 00:00 0 
b69ff000-b6a00000 ---p 00000000 00:00 0 
b6a00000-b6a02000 r--s 0000f000 07:00 268444     /usr/lib/jvm/java-6-openjdk-common/jre/lib/ext/pulse-java.jar
b6a02000-b6a05000 r--s 00077000 07:00 268442     /usr/lib/jvm/java-6-openjdk-common/jre/lib/ext/localedata.jar
b6a05000-b6a3f000 rw-p 00000000 00:00 0 
b6a3f000-b6a59000 rw-p 00000000 00:00 0 
b6a59000-b6a64000 r-xp 00000000 07:00 1582739    /lib/i386-linux-gnu/libnss_files-2.17.so
b6a64000-b6a65000 r--p 0000a000 07:00 1582739    /lib/i386-linux-gnu/libnss_files-2.17.so
b6a65000-b6a66000 rw-p 0000b000 07:00 1582739    /lib/i386-linux-gnu/libnss_files-2.17.so
b6a66000-b6a70000 r-xp 00000000 07:00 1582745    /lib/i386-linux-gnu/libnss_nis-2.17.so
b6a70000-b6a71000 r--p 00009000 07:00 1582745    /lib/i386-linux-gnu/libnss_nis-2.17.so
b6a71000-b6a72000 rw-p 0000a000 07:00 1582745    /lib/i386-linux-gnu/libnss_nis-2.17.so
b6a72000-b6a87000 r-xp 00000000 07:00 1582754    /lib/i386-linux-gnu/libnsl-2.17.so
b6a87000-b6a88000 r--p 00014000 07:00 1582754    /lib/i386-linux-gnu/libnsl-2.17.so
b6a88000-b6a89000 rw-p 00015000 07:00 1582754    /lib/i386-linux-gnu/libnsl-2.17.so
b6a89000-b6a8b000 rw-p 00000000 00:00 0 
b6a8b000-b6a8c000 r--s 00005000 07:00 1494610    /home/maik/shadow/shadow-platformer/libs/gdx-audio.jar
b6a8c000-b6a8e000 r--s 00006000 07:00 532142     /usr/share/java/java-atk-wrapper.jar
b6a8e000-b6a92000 r--s 00039000 07:00 268441     /usr/lib/jvm/java-6-openjdk-common/jre/lib/ext/sunpkcs11.jar
b6a92000-b6a94000 r--s 00001000 07:00 268468     /usr/lib/jvm/java-6-openjdk-common/jre/lib/ext/dnsns.jar
b6a94000-b6a9b000 rw-p 00000000 00:00 0 
b6a9b000-b6aa2000 r-xp 00000000 07:00 295619     /usr/lib/jvm/java-6-openjdk-i386/jre/lib/i386/libzip.so
b6aa2000-b6aa3000 r--p 00006000 07:00 295619     /usr/lib/jvm/java-6-openjdk-i386/jre/lib/i386/libzip.so
b6aa3000-b6aa4000 rw-p 00007000 07:00 295619     /usr/lib/jvm/java-6-openjdk-i386/jre/lib/i386/libzip.so
b6aa4000-b6aac000 rw-s 00000000 07:00 1308606    /tmp/hsperfdata_maik/5425 (deleted)
b6aac000-b6ad2000 r-xp 00000000 07:00 296232     /usr/lib/jvm/java-6-openjdk-i386/jre/lib/i386/libjava.so
b6ad2000-b6ad3000 r--p 00026000 07:00 296232     /usr/lib/jvm/java-6-openjdk-i386/jre/lib/i386/libjava.so
b6ad3000-b6ad5000 rw-p 00027000 07:00 296232     /usr/lib/jvm/java-6-openjdk-i386/jre/lib/i386/libjava.so
b6ad5000-b6adc000 r-xp 00000000 07:00 1570878    /lib/i386-linux-gnu/librt-2.17.so
b6adc000-b6add000 r--p 00006000 07:00 1570878    /lib/i386-linux-gnu/librt-2.17.so
b6add000-b6ade000 rw-p 00007000 07:00 1570878    /lib/i386-linux-gnu/librt-2.17.so
b6ade000-b6ae1000 ---p 00000000 00:00 0 
b6ae1000-b6b2f000 rw-p 00000000 00:00 0          [stack:5432]
b6b2f000-b6b4a000 r-xp 00000000 07:00 1571574    /lib/i386-linux-gnu/libgcc_s.so.1
b6b4a000-b6b4b000 r--p 0001a000 07:00 1571574    /lib/i386-linux-gnu/libgcc_s.so.1
b6b4b000-b6b4c000 rw-p 0001b000 07:00 1571574    /lib/i386-linux-gnu/libgcc_s.so.1
b6b4c000-b6b8d000 r-xp 00000000 07:00 1582738    /lib/i386-linux-gnu/libm-2.17.so
b6b8d000-b6b8e000 r--p 00040000 07:00 1582738    /lib/i386-linux-gnu/libm-2.17.so
b6b8e000-b6b8f000 rw-p 00041000 07:00 1582738    /lib/i386-linux-gnu/libm-2.17.so
b6b8f000-b6c6b000 r-xp 00000000 07:00 298111     /usr/lib/i386-linux-gnu/libstdc++.so.6.0.17
b6c6b000-b6c6c000 ---p 000dc000 07:00 298111     /usr/lib/i386-linux-gnu/libstdc++.so.6.0.17
b6c6c000-b6c70000 r--p 000dc000 07:00 298111     /usr/lib/i386-linux-gnu/libstdc++.so.6.0.17
b6c70000-b6c71000 rw-p 000e0000 07:00 298111     /usr/lib/i386-linux-gnu/libstdc++.so.6.0.17
b6c71000-b6c78000 rw-p 00000000 00:00 0 
b6c78000-b7187000 r-xp 00000000 07:00 296259     /usr/lib/jvm/java-6-openjdk-i386/jre/lib/i386/client/libjvm.so
b7187000-b719e000 r--p 0050e000 07:00 296259     /usr/lib/jvm/java-6-openjdk-i386/jre/lib/i386/client/libjvm.so
b719e000-b71ab000 rw-p 00525000 07:00 296259     /usr/lib/jvm/java-6-openjdk-i386/jre/lib/i386/client/libjvm.so
b71ab000-b75c5000 rw-p 00000000 00:00 0 
b75c5000-b75dc000 r-xp 00000000 07:00 1570758    /lib/i386-linux-gnu/libz.so.1.2.7
b75dc000-b75dd000 r--p 00016000 07:00 1570758    /lib/i386-linux-gnu/libz.so.1.2.7
b75dd000-b75de000 rw-p 00017000 07:00 1570758    /lib/i386-linux-gnu/libz.so.1.2.7
b75de000-b778b000 r-xp 00000000 07:00 1582740    /lib/i386-linux-gnu/libc-2.17.so
b778b000-b778d000 r--p 001ad000 07:00 1582740    /lib/i386-linux-gnu/libc-2.17.so
b778d000-b778e000 rw-p 001af000 07:00 1582740    /lib/i386-linux-gnu/libc-2.17.so
b778e000-b7791000 rw-p 00000000 00:00 0 
b7791000-b7794000 r-xp 00000000 07:00 1582749    /lib/i386-linux-gnu/libdl-2.17.so
b7794000-b7795000 r--p 00002000 07:00 1582749    /lib/i386-linux-gnu/libdl-2.17.so
b7795000-b7796000 rw-p 00003000 07:00 1582749    /lib/i386-linux-gnu/libdl-2.17.so
b7796000-b779a000 r-xp 00000000 07:00 296224     /usr/lib/jvm/java-6-openjdk-i386/jre/lib/i386/jli/libjli.so
b779a000-b779b000 r--p 00003000 07:00 296224     /usr/lib/jvm/java-6-openjdk-i386/jre/lib/i386/jli/libjli.so
b779b000-b779c000 rw-p 00004000 07:00 296224     /usr/lib/jvm/java-6-openjdk-i386/jre/lib/i386/jli/libjli.so
b779c000-b77b3000 r-xp 00000000 07:00 1582744    /lib/i386-linux-gnu/libpthread-2.17.so
b77b3000-b77b4000 r--p 00016000 07:00 1582744    /lib/i386-linux-gnu/libpthread-2.17.so
b77b4000-b77b5000 rw-p 00017000 07:00 1582744    /lib/i386-linux-gnu/libpthread-2.17.so
b77b5000-b77b8000 rw-p 00000000 00:00 0 
b77b8000-b77b9000 r--s 00001000 07:00 1494608    /home/maik/shadow/shadow-platformer/libs/bodyeditor-loader.jar
b77b9000-b77bf000 rw-p 00000000 00:00 0 
b77bf000-b77c6000 r-xp 00000000 07:00 1582737    /lib/i386-linux-gnu/libnss_compat-2.17.so
b77c6000-b77c7000 r--p 00006000 07:00 1582737    /lib/i386-linux-gnu/libnss_compat-2.17.so
b77c7000-b77c8000 rw-p 00007000 07:00 1582737    /lib/i386-linux-gnu/libnss_compat-2.17.so
b77c8000-b77c9000 rw-p 00000000 00:00 0 
b77c9000-b77ca000 ---p 00000000 00:00 0 
b77ca000-b77d7000 r-xp 00000000 07:00 296201     /usr/lib/jvm/java-6-openjdk-i386/jre/lib/i386/libverify.so
b77d7000-b77d8000 r--p 0000c000 07:00 296201     /usr/lib/jvm/java-6-openjdk-i386/jre/lib/i386/libverify.so
b77d8000-b77d9000 rw-p 0000d000 07:00 296201     /usr/lib/jvm/java-6-openjdk-i386/jre/lib/i386/libverify.so
b77d9000-b77db000 rw-p 00000000 00:00 0 
b77db000-b77dc000 r-xp 00000000 00:00 0          [vdso]
b77dc000-b77fc000 r-xp 00000000 07:00 1582753    /lib/i386-linux-gnu/ld-2.17.so
b77fc000-b77fd000 r--p 0001f000 07:00 1582753    /lib/i386-linux-gnu/ld-2.17.so
b77fd000-b77fe000 rw-p 00020000 07:00 1582753    /lib/i386-linux-gnu/ld-2.17.so
bf931000-bf952000 rw-p 00000000 00:00 0          [stack]

VM Arguments:
jvm_args: -XX:+HeapDumpOnOutOfMemoryError -verbose:gc -Dfile.encoding=UTF-8 
java_command: net.fourbytes.shadow.Main
Launcher Type: SUN_STANDARD

Environment Variables:
PATH=/usr/local/sbin:/usr/local/bin:/usr/sbin:/usr/bin:/sbin:/bin:/usr/games:/usr/local/games
USERNAME=maik
LD_LIBRARY_PATH=/usr/lib/jvm/java-6-openjdk-i386/jre/lib/i386/client:/usr/lib/jvm/java-6-openjdk-i386/jre/lib/i386:/usr/lib/jvm/java-6-openjdk-i386/jre/../lib/i386:/usr/lib/jvm/java-7-openjdk-i386/jre/lib/i386/client:/usr/lib/jvm/java-7-openjdk-i386/jre/lib/i386:
SHELL=/bin/bash
DISPLAY=:0

Signal Handlers:
SIGSEGV: [libjvm.so+0x3f03e0], sa_mask[0]=0x7ffbfeff, sa_flags=0x10000004
SIGBUS: [libjvm.so+0x3f03e0], sa_mask[0]=0x7ffbfeff, sa_flags=0x10000004
SIGFPE: [libjvm.so+0x30da80], sa_mask[0]=0x7ffbfeff, sa_flags=0x10000004
SIGPIPE: [libjvm.so+0x30da80], sa_mask[0]=0x7ffbfeff, sa_flags=0x10000004
SIGXFSZ: [libjvm.so+0x30da80], sa_mask[0]=0x7ffbfeff, sa_flags=0x10000004
SIGILL: [libjvm.so+0x30da80], sa_mask[0]=0x7ffbfeff, sa_flags=0x10000004
SIGUSR1: SIG_DFL, sa_mask[0]=0x00000000, sa_flags=0x00000000
SIGUSR2: [libjvm.so+0x30d920], sa_mask[0]=0x00000004, sa_flags=0x10000004
SIGHUP: [libjvm.so+0x3105b0], sa_mask[0]=0x7ffbfeff, sa_flags=0x10000004
SIGINT: [libjvm.so+0x3105b0], sa_mask[0]=0x7ffbfeff, sa_flags=0x10000004
SIGTERM: [libjvm.so+0x3105b0], sa_mask[0]=0x7ffbfeff, sa_flags=0x10000004
SIGQUIT: [libjvm.so+0x3105b0], sa_mask[0]=0x7ffbfeff, sa_flags=0x10000004


---------------  S Y S T E M  ---------------

OS:Ubuntu 13.04 (raring)
uname:Linux 3.11.0-031100rc3-generic #201307290035 SMP Mon Jul 29 04:44:46 UTC 2013 i686
libc:glibc 2.17 NPTL 2.17 
rlimit: STACK 8192k, CORE 0k, NPROC 15444, NOFILE 4096, AS infinity
load average:3.73 1.50 0.88

/proc/meminfo:
MemTotal:        1993468 kB
MemFree:          128860 kB
Buffers:          180284 kB
Cached:           381904 kB
SwapCached:         5232 kB
Active:           860196 kB
Inactive:         899560 kB
Active(anon):     711032 kB
Inactive(anon):   720884 kB
Active(file):     149164 kB
Inactive(file):   178676 kB
Unevictable:        2724 kB
Mlocked:             108 kB
HighTotal:       1112452 kB
HighFree:          14308 kB
LowTotal:         881016 kB
LowFree:          114552 kB
SwapTotal:       1258872 kB
SwapFree:        1193944 kB
Dirty:               536 kB
Writeback:             0 kB
AnonPages:       1197700 kB
Mapped:            90208 kB
Shmem:            231692 kB
Slab:              50184 kB
SReclaimable:      33276 kB
SUnreclaim:        16908 kB
KernelStack:        3952 kB
PageTables:        10308 kB
NFS_Unstable:          0 kB
Bounce:                0 kB
WritebackTmp:          0 kB
CommitLimit:     2255604 kB
Committed_AS:    4449820 kB
VmallocTotal:     122880 kB
VmallocUsed:       16128 kB
VmallocChunk:     105684 kB
HardwareCorrupted:     0 kB
AnonHugePages:         0 kB
HugePages_Total:       0
HugePages_Free:        0
HugePages_Rsvd:        0
HugePages_Surp:        0
Hugepagesize:       2048 kB
DirectMap4k:       12280 kB
DirectMap2M:      901120 kB


CPU:total 1 (1 cores per cpu, 1 threads per core) family 6 model 23 stepping 10, cmov, cx8, fxsr, mmx, sse, sse2, sse3, ssse3

Memory: 4k page, physical 1993468k(128860k free), swap 1258872k(1193944k free)

vm_info: OpenJDK Client VM (20.0-b12) for linux-x86 JRE (1.6.0_27-b27), built on Jul 17 2013 13:48:06 by "buildd" with gcc 4.7.3

time: Sun Aug 18 15:28:56 2013
elapsed time: 38 seconds

