#
# A fatal error has been detected by the Java Runtime Environment:
#
#  SIGSEGV (0xb) at pc=0x00000000, pid=13423, tid=2927668032
#
# JRE version: 6.0_27-b27
# Java VM: OpenJDK Client VM (20.0-b12 mixed mode, sharing linux-x86 )
# Derivative: IcedTea6 1.12.6
# Distribution: Ubuntu 13.04, package 6b27-1.12.6-1ubuntu0.13.04.2
# Problematic frame:
# C  0x00000000
#
# If you would like to submit a bug report, please include
# instructions how to reproduce the bug and visit:
#   https://bugs.launchpad.net/ubuntu/+source/openjdk-6/
#

---------------  T H R E A D  ---------------

Current thread is native thread

siginfo:si_signo=SIGSEGV: si_errno=0, si_code=1 (SEGV_MAPERR), si_addr=0x00000000

Registers:
EAX=0xb33f2450, EBX=0xb33f1ff4, ECX=0x00000000, EDX=0xb3bacd30
ESP=0xae80a1ec, EBP=0x00012000, ESI=0x00000400, EDI=0xb3b97bd0
EIP=0x00000000, EFLAGS=0x00010246, CR2=0x00000000

Top of Stack: (sp=0xae80a1ec)
0xae80a1ec:   b33bf348 b3b97bd0 00000000 00001000
0xae80a1fc:   4004e3b8 b33a1000 b3b850f0 082dbcd0
0xae80a20c:   b337ab5d 00000000 ae80a2b4 00002000
0xae80a21c:   b76b96ce b76c07cf b3352000 b3b7d7c8
0xae80a22c:   b3352000 bb800000 00002000 b3b7f220
0xae80a23c:   b3316802 b3b7f220 00002000 b33a1000
0xae80a24c:   b331540d b3b85114 b3b80d58 00000000
0xae80a25c:   b3331c0f b3b80c30 b3b7d7c8 b3352000 

Instructions: (pc=0x00000000)
0xffffffe0:   

Register to memory mapping:

EAX=
[error occurred during error reporting (printing register info), id 0xb]

Stack: [0xae70a000,0xae80b000],  sp=0xae80a1ec,  free space=1024k

---------------  P R O C E S S  ---------------

VM state:at safepoint (shutting down)

VM Mutex/Monitor currently owned by a thread:  ([mutex/lock_event])
[0xb6803ad0] Threads_lock - owner thread: 0xb6832400

Heap
 def new generation   total 4928K, used 2845K [0x6ea40000, 0x6ef90000, 0x794e0000)
  eden space 4416K,  53% used [0x6ea40000, 0x6ec90d80, 0x6ee90000)
  from space 512K,  92% used [0x6ef10000, 0x6ef86a50, 0x6ef90000)
  to   space 512K,   0% used [0x6ee90000, 0x6ee90000, 0x6ef10000)
 tenured generation   total 10944K, used 0K [0x794e0000, 0x79f90000, 0x8ea40000)
   the space 10944K,   0% used [0x794e0000, 0x794e0000, 0x794e0200, 0x79f90000)
 compacting perm gen  total 12288K, used 1444K [0x8ea40000, 0x8f640000, 0x92a40000)
   the space 12288K,  11% used [0x8ea40000, 0x8eba9050, 0x8eba9200, 0x8f640000)
    ro space 10240K,  73% used [0x92a40000, 0x931a5fa0, 0x931a6000, 0x93440000)
    rw space 12288K,  60% used [0x93440000, 0x93b8dbf8, 0x93b8dc00, 0x94040000)

Code Cache  [0xb4800000, 0xb48a0000, 0xb6800000)
 total_blobs=307 nmethods=79 adapters=164 free_code_cache=32913280 largest_free_block=64

Dynamic libraries:
08048000-08051000 r-xp 00000000 07:00 270379     /usr/lib/jvm/java-6-openjdk-i386/jre/bin/java
08051000-08052000 r--p 00008000 07:00 270379     /usr/lib/jvm/java-6-openjdk-i386/jre/bin/java
08052000-08053000 rw-p 00009000 07:00 270379     /usr/lib/jvm/java-6-openjdk-i386/jre/bin/java
08244000-082fa000 rw-p 00000000 00:00 0          [heap]
6ea40000-6ef90000 rw-p 00000000 00:00 0 
6ef90000-794e0000 rw-p 00000000 00:00 0 
794e0000-79f90000 rw-p 00000000 00:00 0 
79f90000-8ea40000 rw-p 00000000 00:00 0 
8ea40000-8f640000 rw-p 00000000 00:00 0 
8f640000-92a40000 rw-p 00000000 00:00 0 
92a40000-931a6000 r--s 00001000 07:00 280804     /usr/lib/jvm/java-6-openjdk-i386/jre/lib/i386/client/classes.jsa
931a6000-93440000 rw-p 00000000 00:00 0 
93440000-93b8e000 rw-p 00767000 07:00 280804     /usr/lib/jvm/java-6-openjdk-i386/jre/lib/i386/client/classes.jsa
93b8e000-94040000 rw-p 00000000 00:00 0 
94040000-9413d000 rw-p 00eb5000 07:00 280804     /usr/lib/jvm/java-6-openjdk-i386/jre/lib/i386/client/classes.jsa
9413d000-94440000 rw-p 00000000 00:00 0 
94440000-94448000 r-xs 00fb2000 07:00 280804     /usr/lib/jvm/java-6-openjdk-i386/jre/lib/i386/client/classes.jsa
94448000-94840000 rw-p 00000000 00:00 0 
aca72000-acd00000 rw-p 00000000 00:00 0 
acd00000-acdfc000 rw-p 00000000 00:00 0 
acdfc000-ace00000 ---p 00000000 00:00 0 
acf00000-acffb000 rw-p 00000000 00:00 0 
acffb000-ad000000 ---p 00000000 00:00 0 
ad0e8000-adfad000 rw-p 00000000 00:00 0 
adfad000-adfb0000 ---p 00000000 00:00 0 
adfb0000-adffe000 rw-p 00000000 00:00 0 
adffe000-ae055000 rw-p 00000000 00:00 0 
ae059000-ae08b000 r-xp 00000000 07:00 262120     /usr/lib/i386-linux-gnu/libtxc_dxtn_s2tc.so.0.0.0
ae08b000-ae08c000 r--p 00031000 07:00 262120     /usr/lib/i386-linux-gnu/libtxc_dxtn_s2tc.so.0.0.0
ae08c000-ae08d000 rw-p 00032000 07:00 262120     /usr/lib/i386-linux-gnu/libtxc_dxtn_s2tc.so.0.0.0
ae08d000-ae090000 ---p 00000000 00:00 0 
ae090000-ae119000 rw-p 00000000 00:00 0          [stack:13480]
ae119000-ae122000 r-xp 00000000 07:00 264471     /usr/lib/i386-linux-gnu/libpciaccess.so.0.11.1
ae122000-ae123000 r--p 00008000 07:00 264471     /usr/lib/i386-linux-gnu/libpciaccess.so.0.11.1
ae123000-ae124000 rw-p 00009000 07:00 264471     /usr/lib/i386-linux-gnu/libpciaccess.so.0.11.1
ae124000-ae145000 r-xp 00000000 07:00 266235     /usr/lib/i386-linux-gnu/libdrm_intel.so.1.0.0
ae145000-ae146000 r--p 00020000 07:00 266235     /usr/lib/i386-linux-gnu/libdrm_intel.so.1.0.0
ae146000-ae147000 rw-p 00021000 07:00 266235     /usr/lib/i386-linux-gnu/libdrm_intel.so.1.0.0
ae147000-ae16c000 r-xp 00000000 07:00 1571548    /lib/i386-linux-gnu/libexpat.so.1.6.0
ae16c000-ae16e000 r--p 00025000 07:00 1571548    /lib/i386-linux-gnu/libexpat.so.1.6.0
ae16e000-ae16f000 rw-p 00027000 07:00 1571548    /lib/i386-linux-gnu/libexpat.so.1.6.0
ae16f000-ae4ac000 r-xp 00000000 07:00 271939     /usr/lib/i386-linux-gnu/libdricore9.3.0-devel.so.1.0.0
ae4ac000-ae4b6000 r--p 0033c000 07:00 271939     /usr/lib/i386-linux-gnu/libdricore9.3.0-devel.so.1.0.0
ae4b6000-ae4bd000 rw-p 00346000 07:00 271939     /usr/lib/i386-linux-gnu/libdricore9.3.0-devel.so.1.0.0
ae4bd000-ae4d2000 rw-p 00000000 00:00 0 
ae4d2000-ae5c6000 r-xp 00000000 07:00 266240     /usr/lib/i386-linux-gnu/dri/i965_dri.so
ae5c6000-ae5c8000 r--p 000f4000 07:00 266240     /usr/lib/i386-linux-gnu/dri/i965_dri.so
ae5c8000-ae5c9000 rw-p 000f6000 07:00 266240     /usr/lib/i386-linux-gnu/dri/i965_dri.so
ae5c9000-ae5ca000 rw-p 00000000 00:00 0 
ae5ca000-ae5d5000 r-xp 00000000 07:00 266542     /usr/lib/i386-linux-gnu/libdrm.so.2.4.0
ae5d5000-ae5d6000 r--p 0000a000 07:00 266542     /usr/lib/i386-linux-gnu/libdrm.so.2.4.0
ae5d6000-ae5d7000 rw-p 0000b000 07:00 266542     /usr/lib/i386-linux-gnu/libdrm.so.2.4.0
ae5d7000-ae5da000 r-xp 00000000 07:00 266197     /usr/lib/i386-linux-gnu/libxcb-dri2.so.0.0.0
ae5da000-ae5db000 r--p 00003000 07:00 266197     /usr/lib/i386-linux-gnu/libxcb-dri2.so.0.0.0
ae5db000-ae5dc000 rw-p 00004000 07:00 266197     /usr/lib/i386-linux-gnu/libxcb-dri2.so.0.0.0
ae5dc000-ae5f2000 r-xp 00000000 07:00 266178     /usr/lib/i386-linux-gnu/libxcb-glx.so.0.0.0
ae5f2000-ae5f3000 r--p 00016000 07:00 266178     /usr/lib/i386-linux-gnu/libxcb-glx.so.0.0.0
ae5f3000-ae5f4000 rw-p 00017000 07:00 266178     /usr/lib/i386-linux-gnu/libxcb-glx.so.0.0.0
ae5f4000-ae5f6000 r-xp 00000000 07:00 266189     /usr/lib/i386-linux-gnu/libXdamage.so.1.1.0
ae5f6000-ae5f7000 r--p 00001000 07:00 266189     /usr/lib/i386-linux-gnu/libXdamage.so.1.1.0
ae5f7000-ae5f8000 rw-p 00002000 07:00 266189     /usr/lib/i386-linux-gnu/libXdamage.so.1.1.0
ae5f8000-ae608000 r-xp 00000000 07:00 263669     /usr/lib/i386-linux-gnu/libglapi.so.0.0.0
ae608000-ae60a000 r--p 0000f000 07:00 263669     /usr/lib/i386-linux-gnu/libglapi.so.0.0.0
ae60a000-ae60f000 rwxp 00011000 07:00 263669     /usr/lib/i386-linux-gnu/libglapi.so.0.0.0
ae60f000-ae661000 r-xp 00000000 07:00 263673     /usr/lib/i386-linux-gnu/mesa/libGL.so.1.2.0
ae661000-ae663000 r--p 00051000 07:00 263673     /usr/lib/i386-linux-gnu/mesa/libGL.so.1.2.0
ae663000-ae668000 rwxp 00053000 07:00 263673     /usr/lib/i386-linux-gnu/mesa/libGL.so.1.2.0
ae668000-ae66b000 ---p 00000000 00:00 0 
ae66b000-ae6b9000 rw-p 00000000 00:00 0          [stack:13476]
ae6b9000-ae6bc000 ---p 00000000 00:00 0 
ae6bc000-ae70a000 rw-p 00000000 00:00 0          [stack:13470]
ae70a000-ae70b000 ---p 00000000 00:00 0 
ae70b000-ae80b000 rw-p 00000000 00:00 0          [stack:13458]
ae80b000-b280c000 rw-s 00000000 00:13 142029     /run/shm/pulse-shm-2409891494
b280c000-b280d000 ---p 00000000 00:00 0 
b280d000-b300d000 rw-p 00000000 00:00