#
# A fatal error has been detected by the Java Runtime Environment:
#
#  SIGSEGV (0xb) at pc=0xb6db7d52, pid=18953, tid=3024542528
#
# JRE version: 6.0_27-b27
# Java VM: OpenJDK Client VM (20.0-b12 mixed mode, sharing linux-x86 )
# Derivative: IcedTea6 1.12.6
# Distribution: Ubuntu 13.04, package 6b27-1.12.6-1ubuntu0.13.04.2
# Problematic frame:
# V  [libjvm.so+0x1ead52]  instanceKlass::oop_oop_iterate_nv(oopDesc*, FastScanClosure*)+0xd2
#
# If you would like to submit a bug report, please include
# instructions how to reproduce the bug and visit:
#   https://bugs.launchpad.net/ubuntu/+source/openjdk-6/
#

---------------  T H R E A D  ---------------

Current thread (0xb6932400):  VMThread [stack: 0xb43ed000,0xb446e000] [id=18959]

siginfo:si_signo=SIGSEGV: si_errno=0, si_code=1 (SEGV_MAPERR), si_addr=0x01000000

Registers:
EAX=0x01000000, EBX=0xb70f3000, ECX=0x8ed1b490, EDX=0x8ed1b5d8
ESP=0xb446ce00, EBP=0xb446cf80, ESI=0x6ef7f0f4, EDI=0x6ef7f100
EIP=0xb6db7d52, EFLAGS=0x00010287, CR2=0x01000000

Top of Stack: (sp=0xb446ce00)
0xb446ce00:   b690a8c8 6ed7b958 6ef7ed28 b6dd2108
0xb446ce10:   b6928d20 6ef7ed20 8ed1b5d8 8ed1b5e0
0xb446ce20:   93b0a018 6ef79800 b446cf80 b70f3000
0xb446ce30:   6ef7f720 b446cf80 6ef7f0e8 b6f3e932
0xb446ce40:   8ed1b490 6ef7f0e8 b446cf80 b70f3000
0xb446ce50:   b446cf80 b690a8c8 b690a600 b6d5934d
0xb446ce60:   b690b180 b446cf80 b446cfa8 b6d59308
0xb446ce70:   b70f3000 00000001 b446cfa8 b6d99d4a 

Instructions: (pc=0xb6db7d52)
0xb6db7d32:   00 83 e0 fc 89 06 80 7d 24 00 75 35 66 90 83 c6
0xb6db7d42:   04 39 f7 76 51 8b 06 85 c0 74 f3 3b 45 20 73 ee
0xb6db7d52:   8b 10 83 e2 03 83 fa 03 74 bc 89 44 24 04 8b 45
0xb6db7d62:   1c 89 04 24 e8 05 35 fa ff 89 06 80 7d 24 00 74 

Register to memory mapping:

EAX=0x01000000 is an unknown value
EBX=0xb70f3000: <offset 0x526000> in /usr/lib/jvm/java-6-openjdk-i386/jre/lib/i386/client/libjvm.so at 0xb6bcd000
ECX=0x8ed1b490 is an oop
{instance class} 
 - klass: {other class}
EDX=0x8ed1b5d8 is an oop
{instance class} 
 - klass: {other class}
ESP=0xb446ce00 is an unknown value
EBP=0xb446cf80 is an unknown value
ESI=0x6ef7f0f4 is an oop
com.badlogic.gdx.graphics.g2d.PixmapPacker$Node 
 - klass: 'com/badlogic/gdx/graphics/g2d/PixmapPacker$Node'
EDI=0x6ef7f100 is an oop
com.badlogic.gdx.graphics.g2d.PixmapPacker$Node 
 - klass: 'com/badlogic/gdx/graphics/g2d/PixmapPacker$Node'


Stack: [0xb43ed000,0xb446e000],  sp=0xb446ce00,  free space=511k
Native frames: (J=compiled Java code, j=interpreted, Vv=VM code, C=native code)
V  [libjvm.so+0x1ead52]  instanceKlass::oop_oop_iterate_nv(oopDesc*, FastScanClosure*)+0xd2

VM_Operation (0xae744d00): GenCollectForAllocation, mode: safepoint, requested by thread 0xb3c1bc00


---------------  P R O C E S S  ---------------

Java Threads: ( => current thread )
  0xb6906000 JavaThread "DestroyJavaVM" [_thread_blocked, id=18958, stack(0xb6a33000,0xb6a84000)]
  0xb3c1bc00 JavaThread "LWJGL Application" [_thread_blocked, id=18999, stack(0xae6f5000,0xae746000)]
  0xb3c6a400 JavaThread "AWT-XAWT" daemon [_thread_blocked, id=18995, stack(0xb348b000,0xb34dc000)]
  0xb3c2d800 JavaThread "Java2D Disposer" daemon [_thread_blocked, id=18980, stack(0xb37b9000,0xb380a000)]
  0xb693d400 JavaThread "Low Memory Detector" daemon [_thread_blocked, id=18964, stack(0xb3dab000,0xb3dfc000)]
  0xb693b400 JavaThread "C1 CompilerThread0" daemon [_thread_blocked, id=18963, stack(0xb3dfc000,0xb3e7d000)]
  0xb6939800 JavaThread "Signal Dispatcher" daemon [_thread_blocked, id=18962, stack(0xb3e7d000,0xb3ece000)]
  0xb6935800 JavaThread "Finalizer" daemon [_thread_blocked, id=18961, stack(0xb434b000,0xb439c000)]
  0xb6934000 JavaThread "Reference Handler" daemon [_thread_blocked, id=18960, stack(0xb439c000,0xb43ed000)]

Other Threads:
=>0xb6932400 VMThread [stack: 0xb43ed000,0xb446e000] [id=18959]
  0xb693f800 WatcherThread [stack: 0xb3d2a000,0xb3dab000] [id=18965]

VM state:at safepoint (normal execution)

VM Mutex/Monitor currently owned by a thread:  ([mutex/lock_event])
[0xb6903ad0] Threads_lock - owner thread: 0xb6932400
[0xb6903ee0] Heap_lock - owner thread: 0xb3c1bc00

Heap
 def new generation   total 4928K, used 4302K [0x6ea40000, 0x6ef90000, 0x794e0000)
  eden space 4416K,  91% used [0x6ea40000, 0x6ee33358, 0x6ee90000)
  from space 512K,  50% used [0x6ee90000, 0x6eed0838, 0x6ef10000)
  to   space 512K,  87% used [0x6ef10000, 0x6ef7fa50, 0x6ef90000)
 tenured generation   total 10944K, used 441K [0x794e0000, 0x79f90000, 0x8ea40000)
   the space 10944K,   4% used [0x794e0000, 0x7954e798, 0x7954e800, 0x79f90000)
 compacting perm gen  total 12288K, used 3016K [0x8ea40000, 0x8f640000, 0x92a40000)
   the space 12288K,  24% used [0x8ea40000, 0x8ed322a8, 0x8ed32400, 0x8f640000)
    ro space 10240K,  73% used [0x92a40000, 0x931a5fa0, 0x931a6000, 0x93440000)
    rw space 12288K,  60% used [0x93440000, 0x93b8dbf8, 0x93b8dc00, 0x94040000)

Code Cache  [0xb48ad000, 0xb4975000, 0xb68ad000)
 total_blobs=452 nmethods=151 adapters=237 free_code_cache=32767744 largest_free_block=64

Dynamic libraries:
08048000-08051000 r-xp 00000000 07:00 270379     /usr/lib/jvm/java-6-openjdk-i386/jre/bin/java
08051000-08052000 r--p 00008000 07:00 270379     /usr/lib/jvm/java-6-openjdk-i386/jre/bin/java
08052000-08053000 rw-p 00009000 07:00 270379     /usr/lib/jvm/java-6-openjdk-i386/jre/bin/java
092b9000-093b3000 rw-p 00000000 00:00 0          [heap]
6ea40000-6ef90000 rw-p 00000000 00:00 0 
6ef90000-794e0000 rw-p 00000000 00:00 0 
794e0000-79f90000 rw-p 00000000 00:00 0 
79f90000-8ea40000 rw-p 00000000 00:00 0 
8ea40000-8f640000 rw-p 00000000 00:00 0 
8f640000-92a40000 rw-p 00000000 00:00 0 
92a40000-931a6000 r--s 00001000 07:00 280804     /usr/lib/jvm/java-6-openjdk-i386/jre/lib/i386/client/classes.jsa
931a6000-93440000 rw-p 00000000 00:00 0 
93440000-93b8e000 rw-p 00767000 07:00 280804     /usr/lib/jvm/java-6-openjdk-i386/jre/lib/i386/client/classes.jsa
93b8e000-94040000 rw-p 00000000 00:00 0 
94040000-9413d000 rw-p 00eb5000 07:00 280804     /usr/lib/jvm/java-6-openjdk-i386/jre/lib/i386/client/classes.jsa
9413d000-94440000 rw-p 00000000 00:00 0 
94440000-94448000 r-xs 00fb2000 07:00 280804     /usr/lib/jvm/java-6-openjdk-i386/jre/lib/i386/client/classes.jsa
94448000-94840000 rw-p 00000000 00:00 0 
a917d000-aa97d000 rw-s 26c4c000 00:05 10766      /dev/dri/card0
aa97d000-ab97e000 rw-p 00000000 00:00 0 
ab97e000-abf7e000 rw-s 1f1ed000 00:05 10766      /dev/dri/card0
abf7e000-ac37f000 rw-p 00000000 00:00 0 
ac37f000-ac4ff000 rw-s 1c642000 00:05 10766      /dev/dri/card0
ac600000-ac6ca000 rw-p 00000000 00:00 0 
ac6ca000-ac700000 ---p 00000000 00:00 0 
ac75f000-ac7fb000 r-xp 00000000 07:00 1308574    /tmp/libgdxmaik/e0dd0593/libgdx-freetype.so
ac7fb000-ac7ff000 r--p 0009b000 07:00 1308574    /tmp/libgdxmaik/e0dd0593/libgdx-freetype.so
ac7ff000-ac800000 rw-p 0009f000 07:00 1308574    /tmp/libgdxmaik/e0dd0593/libgdx-freetype.so
ac800000-aca00000 rw-p 00000000 00:00 0 
aca00000-acafd000 rw-p 00000000 00:00 0 
acafd000-acb00000 ---p 00000000 00:00 0 
acb72000-ace00000 rw-p 00000000 00:00 0 
ace00000-acfff000 rw-p 00000000 00:00 0 
acfff000-ad000000 ---p 00000000 00:00 0 
ad000000-ad0fb000 rw-p 00000000 00:00 0 
ad0fb000-ad100000 ---p 00000000 00:00 0 
ad13d000-ad175000 rw-s 1c609000 00:05 10766      /dev/dri/card0
ad175000-ae03a000 rw-p 00000000 00:00 0 
ae03a000-ae091000 rw-p 00000000 00:00 0 
ae0c4000-ae0e4000 r-xp 00000000 07:00 1308573    /tmp/libgdxmaik/6be5e040/libgdx-controllers-desktop.so
ae0e4000-ae0e5000 r--p 00020000 07:00 1308573    /tmp/libgdxmaik/6be5e040/libgdx-controllers-desktop.so
ae0e5000-ae0e6000 rw-p 00021000 07:00 1308573    /tmp/libgdxmaik/6be5e040/libgdx-controllers-desktop.so
ae0e6000-ae118000 r-xp 00000000 07:00 262120     /usr/lib/i386-linux-gnu/libtxc_dxtn_s2tc.so.0.0.0
ae118000-ae119000 r--p 00031000 07:00 262120     /usr/lib/i386-linux-gnu/libtxc_dxtn_s2tc.so.0.0.0
ae119000-ae11a000 rw-p 00032000 07:00 262120     /usr/lib/i386-linux-gnu/libtxc_dxtn_s2tc.so.0.0.0
ae11a000-ae155000 rw-p 00000000 00:00 0 
ae155000-ae15e000 r-xp 00000000 07:00 264471     /usr/lib/i386-linux-gnu/libpciaccess.so.0.11.1
ae15e000-ae15f000 r--p 00008000 07:00 264471     /usr/lib/i386-linux-gnu/libpciaccess.so.0.11.1
ae15f000-ae160000 rw-p 00009000 07:00 264471     /usr/lib/i386-linux-gnu/libpciaccess.so.0.11.1
ae160000-ae181000 r-xp 00000000 07:00 266235     /usr/lib/i386-linux-gnu/libdrm_intel.so.1.0.0
ae181000-ae182000 r--p 00020000 07:00 266235     /usr/lib/i386-linux-gnu/libdrm_intel.so.1.0.0
ae182000-ae183000 rw-p 00021000 07:00 266235     /usr/lib/i386-linux-gnu/libdrm_intel.so.1.0.0
ae183000-ae1a8000 r-xp 00000000 07:00 1571548    /lib/i386-linux-gnu/libexpat.so.1.6.0
ae1a8000-ae1aa000 r--p 00025000 07:00 1571548    /lib/i386-linux-gnu/libexpat.so.1.6.0
ae1aa000-ae1ab000 rw-p 00027000 07:00 1571548    /lib/i386-linux-gnu/libexpat.so.1.6.0
ae1ab000-ae4e8000 r-xp 00000000 07:00 271939     /usr/lib/i386-linux-gnu/libdricore9.3.0-devel.so.1.0.0
ae4e8000-ae4f2000 r--p 0033c000 07:00 271939     /usr/lib/i386-linux-gnu/libdricore9.3.0-devel.so.1.0.0
ae4f2000-ae4f9000 rw-p 00346000 07:00 271939     /usr/lib/i386-linux-gnu/libdricore9.3.0-devel.so.1.0.0
ae4f9000-ae50e000 rw-p 00000000 00:00 0 
ae50e000-ae602000 r-xp 00000000 07:00 266240     /usr/lib/i386-linux-gnu/dri/i965_dri.so
ae602000-ae604000 r--p 000f4000 07:00 266240     /usr/lib/i386-linux-gnu/dri/i965_dri.so
ae604000-ae605000 rw-p 000f6000 07:00 266240     /usr/lib/i386-linux-gnu/dri/i965_dri.so
ae605000-ae606000 rw-p 00000000 00:00 0 
ae606000-ae611000 r-xp 00000000 07:00 266542     /usr/lib/i386-linux-gnu/libdrm.so.2.4.0
ae611000-ae612000 r--p 0000a000 07:00 266542     /usr/lib/i386-linux-gnu/libdrm.so.2.4.0
ae612000-ae613000 rw-p 0000b000 07:00 266542     /usr/lib/i386-linux-gnu/libdrm.so.2.4.0
ae613000-ae616000 r-xp 00000000 07:00 266197     /usr/lib/i386-linux-gnu/libxcb-dri2.so.0.0.0
ae616000-ae617000 r--p 00003000 07:00 266197     /usr/lib/i386-linux-gnu/libxcb-dri2.so.0.0.0
ae617000-ae618000 rw-p 00004000 07:00 266197     /usr/lib/i386-linux-gnu/libxcb-dri2.so.0.0.0
ae618000-ae62e000 r-xp 00000000 07:00 266178     /usr/lib/i386-linux-gnu/libxcb-glx.so.0.0.0
ae62e000-ae62f000 r--p 00016000 07:00 266178     /usr/lib/i386-linux-gnu/libxcb-glx.so.0.0.0
ae62f000-ae630000 rw-p 00017000 07:00 266178     /usr/lib/i386-linux-gnu/libxcb-glx.so.0.0.0
ae630000-ae632000 r-xp 00000000 07:00 266189     /usr/lib/i386-linux-gnu/libXdamage.so.1.1.0
ae632000-ae633000 r--p 00001000 07:00 266189     /usr/lib/i386-linux-gnu/libXdamage.so.1.1.0
ae633000-ae634000 rw-p 00002000 07:00 266189     /usr/lib/i386-linux-gnu/libXdamage.so.1.1.0
ae634000-ae644000 r-xp 00000000 07:00 263669     /usr/lib/i386-linux-gnu/libglapi.so.0.0.0
ae644000-ae646000 r--p 0000f000 07:00 263669     /usr/lib/i386-linux-gnu/libglapi.so.0.0.0
ae646000-ae64b000 rwxp 00011000 07:00 263669     /usr/lib/i386-linux-gnu/libglapi.so.0.0.0
ae64b000-ae69d000 r-xp 00000000 07:00 263673     /usr/lib/i386-linux-gnu/mesa/libGL.so.1.2.0
ae69d000-ae69f000 r--p 00051000 07:00 263673     /usr/lib/i386-linux-gnu/mesa/libGL.so.1.2.0
ae69f000-ae6a4000 rwxp 00053000 07:00 263673     /usr/lib/i386-linux-gnu/mesa/libGL.so.1.2.0
ae6a4000-ae6a7000 ---p 00000000 00:00 0 
ae6a7000-ae6f5000 rw-p 00000000 00:00 0 
ae6f5000-ae6f8000 ---p 00000000 00:00 0 
ae6f8000-ae746000 rw-p 00000000 00:00 0          [stack:18999]
ae746000-ae747000 ---p 00000000 00:00 0 
ae747000-ae847000 rw-p 00000000 00:00 0          [stack:18998]
ae847000-b2848000 rw-s 00000000 00:13 269278     /run/shm/pulse-shm-57666108
b2848000-b2849000 ---p 00000000 00:00 0 
b2849000-b3049000 rw-p 00000000 00:00 0          [stack:18997]
b3049000-b305c000 r-xp 00000000 07:00 1582751    /lib/i386-linux-gnu/libresolv-2.17.so
b305c000-b305d000 r--p 00013000 07:00 1582751    /lib/i386-linux-gnu/libresolv-2.17.so
b305d000-b305e000 rw-p 00014000 07:00 1582751    /lib/i386-linux-gnu/libresolv-2.17.so
b305e000-b3060000 rw-p 00000000 00:00 0 
b3060000-b3066000 r-xp 00000000 07:00 266289     /usr/lib/i386-linux-gnu/libogg.so.0.8.0
b3066000-b3067000 r--p 00005000 07:00 266289     /usr/lib/i386-linux-gnu/libogg.so.0.8.0
b3067000-b3068000 rw-p 00006000 07:00 266289     /usr/lib/i386-linux-gnu/libogg.so.0.8.0
b3068000-b3091000 r-xp 00000000 07:00 266476     /usr/lib/i386-linux-gnu/libvorbis.so.0.4.5
b3091000-b3092000 ---p 00029000 07:00 266476     /usr/lib/i386-linux-gnu/libvorbis.so.0.4.5
b3092000-b3093000 r--p 00029000 07:00 266476     /usr/lib/i386-linux-gnu/libvorbis.so.0.4.5
b3093000-b3094000 rw-p 0002a000 07:00 266476     /usr/lib/i386-linux-gnu/libvorbis.so.0.4.5
b3094000-b31fa000 r-xp 00000000 07:00 266474     /usr/lib/i386-linux-gnu/libvorbisenc.so.2.0.8
b31fa000-b320b000 r--p 00165000 07:00 266474     /usr/lib/i386-linux-gnu/libvorbisenc.so.2.0.8
b320b000-b320c000 rw-p 00176000 07:00 266474     /usr/lib/i386-linux-gnu/libvorbisenc.so.2.0.8
b320c000-b325a000 r-xp 00000000 07:00 266300     /usr/lib/i386-linux-gnu/libFLAC.so.8.2.0
b325a000-b325b000 r--p 0004e000 07:00 266300     /usr/lib/i386-linux-gnu/libFLAC.so.8.2.0
b325b000-b325c000 rw-p 0004f000 07:00 266300     /usr/lib/i386-linux-gnu/libFLAC.so.8.2.0
b325c000-b32c9000 r-xp 00000000 07:00 266526     /usr/lib/i386-linux-gnu/libsndfile.so.1.0.25
b32c9000-b32cb000 r--p 0006c000 07:00 266526     /usr/lib/i386-linux-gnu/libsndfile.so.1.0.25
b32cb000-b32cc000 rw-p 0006e000 07:00 266526     /usr/lib/i386-linux-gnu/libsndfile.so.1.0.25
b32cc000-b32d0000 rw-p 00000000 00:00 0 
b32d0000-b32d8000 r-xp 00000000 07:00 1570816    /lib/i386-linux-gnu/libwrap.so.0.7.6
b32d8000-b32d9000 r--p 00007000 07:00 1570816    /lib/i386-linux-gnu/libwrap.so.0.7.6
b32d9000-b32da000 rw-p 00008000 07:00 1570816    /lib/i386-linux-gnu/libwrap.so.0.7.6
b32da000-b3322000 r-xp 00000000 07:00 1569912    /lib/i386-linux-gnu/libdbus-1.so.3.7.2
b3322000-b3323000 r--p 00047000 07:00 1569912    /lib/i386-linux-gnu/libdbus-1.so.3.7.2
b3323000-b3324000 rw-p 00048000 07:00 1569912    /lib/i386-linux-gnu/libdbus-1.so.3.7.2
b3324000-b338d000 r-xp 00000000 07:00 275838     /usr/lib/i386-linux-gnu/pulseaudio/libpulsecommon-3.0.so
b338d000-b338e000 r--p 00068000 07:00 275838     /usr/lib/i386-linux-gnu/pulseaudio/libpulsecommon-3.0.so
b338e000-b338f000 rw-p 00069000 07:00 275838     /usr/lib/i386-linux-gnu/pulseaudio/libpulsecommon-3.0.so
b338f000-b33db000 r-xp 00000000 07:00 275837     /usr/lib/i386-linux-gnu/libpulse.so.0.15.3
b33db000-b33dc000 ---p 0004c000 07:00 275837     /usr/lib/i386-linux-gnu/libpulse.so.0.15.3
b33dc000-b33dd000 r--p 0004c000 07:00 275837     /usr/lib/i386-linux-gnu/libpulse.so.0.15.3
b33dd000-b33de000 rw-p 0004d000 07:00 275837     /usr/lib/i386-linux-gnu/libpulse.so.0.15.3
b33de000-b342c000 r-xp 00000000 07:00 1308556    /tmp/libgdxmaik/13fdc6a4/libopenal.so
b342c000-b342e000 r--p 0004d000 07:00 1308556    /tmp/libgdxmaik/13fdc6a4/libopenal.so
b342e000-b342f000 rw-p 0004f000 07:00 1308556    /tmp/libgdxmaik/13fdc6a4/libopenal.so
b342f000-b3489000 r-xp 00000000 07:00 1308386    /tmp/libgdxmaik/13fdc6a4/liblwjgl.so
b3489000-b348a000 r--p 0005a000 07:00 1308386    /tmp/libgdxmaik/13fdc6a4/liblwjgl.so
b348a000-b348b000 rw-p 0005b000 07:00 1308386    /tmp/libgdxmaik/13fdc6a4/liblwjgl.so
b348b000-b348e000 ---p 00000000 00:00 0 
b348e000-b34dc000 rw-p 00000000 00:00 0          [stack:18995]
b34dc000-b34dd000 r--s 00000000 07:00 1458977    /var/cache/fontconfig/c05880de57d1f5e948fdfacc138775d9-le32d4.cache-4
b34dd000-b34e5000 r--s 00000000 07:00 1450059    /var/cache/fontconfig/945677eb7aeaf62f1d50efc3fb3ec7d8-le32d4.cache-4
b34e5000-b34e7000 r--s 00000000 07:00 1450027    /var/cache/fontconfig/99e8ed0e538f840c565b6ed5dad60d56-le32d4.cache-4
b34e7000-b3586000 r--s 00000000 07:00 1442541    /var/cache/fontconfig/f77165c3a5c0e6d840970e91000fef78-le32d4.cache-4
b3586000-b358c000 r--s 00000000 07:00 1458975    /var/cache/fontconfig/a6d8cf8e4ec09cdbc8633c31745a07dd-le32d4.cache-4
b358c000-b3590000 r--s 00000000 07:00 1458974    /var/cache/fontconfig/2cd17615ca594fa2959ae173292e504c-le32d4.cache-4
b3590000-b3591000 r--s 00000000 07:00 1458973    /var/cache/fontconfig/e7071f4a29fa870f4323321c154eba04-le32d4.cache-4
b3591000-b3596000 r--s 00000000 07:00 1458972    /var/cache/fontconfig/6eb3985aa4124903f6ff08ba781cd364-le32d4.cache-4
b3596000-b3597000 r--s 00000000 07:00 1458971    /var/cache/fontconfig/0d8c3b2ac0904cb8a57a757ad11a4a08-le32d4.cache-4
b3597000-b359c000 r--s 00000000 07:00 1458970    /var/cache/fontconfig/a755afe4a08bf5b97852ceb7400b47bc-le32d4.cache-4
b359c000-b35a5000 r--s 00000000 07:00 1458968    /var/cache/fontconfig/6d41288fd70b0be22e8c3a91e032eec0-le32d4.cache-4
b35a5000-b35b4000 r--s 00000000 07:00 1458967    /var/cache/fontconfig/04aabc0a78ac019cf9454389977116d2-le32d4.cache-4
b35b4000-b35b5000 r--s 00000000 07:00 1458966    /var/cache/fontconfig/1ac9eb803944fde146138c791f5cc56a-le32d4.cache-4
b35b5000-b35b8000 r--s 00000000 07:00 1458963    /var/cache/fontconfig/385c0604a188198f04d133e54aba7fe7-le32d4.cache-4
b35b8000-b35b9000 r--s 00000000 07:00 1458958    /var/cache/fontconfig/dc05db6664285cc2f12bf69c139ae4c3-le32d4.cache-4
b35b9000-b35bb000 r--s 00000000 07:00 1441025    /var/cache/fontconfig/c14bd16069dd32104a93661d0fc6b751-le32d4.cache-4
b35bb000-b35bf000 r--s 00000000 07:00 1458957    /var/cache/fontconfig/1c2c2997deddd45e0296fa5a60917b7d-le32d4.cache-4
b35bf000-b35c1000 r--s 00000000 07:00 1458956    /var/cache/fontconfig/767a8244fc0220cfb567a839d0392e0b-le32d4.cache-4
b35c1000-b35c2000 r--s 00000000 07:00 1458955    /var/cache/fontconfig/4794a0821666d79190d59a36cb4f44b5-le32d4.cache-4
b35c2000-b35c5000 r--s 00000000 07:00 1489282    /var/cache/fontconfig/bbd3eebb6912613e2596f2fd46535a95-le32d4.cache-4
b35c5000-b35c7000 r--s 00000000 07:00 1441019    /var/cache/fontconfig/662d20385cbbfe31958b837fd2c8d37e-le32d4.cache-4
b35c7000-b35ca000 r--s 00000000 07:00 1458954    /var/cache/fontconfig/8801497958630a81b71ace7c5f9b32a8-le32d4.cache-4
b35ca000-b35f9000 r--s 00000000 07:00 1458953    /var/cache/fontconfig/365b55f210c0a22e9a19e35191240f32-le32d4.cache-4
b35f9000-b35fe000 r--s 00000000 07:00 1458952    /var/cache/fontconfig/3047814df9a2f067bd2d96a2b9c36e5a-le32d4.cache-4
b35fe000-b35ff000 r--s 00000000 07:00 1458951    /var/cache/fontconfig/56cf4f4769d0f4abc89a4895d7bd3ae1-le32d4.cache-4
b35ff000-b3603000 r--s 00000000 07:00 1458944    /var/cache/fontconfig/b47c4e1ecd0709278f4910c18777a504-le32d4.cache-4
b360d000-b3615000 rw-s 00000000 00:04 269451     /drm mm object (deleted)
b3615000-b3619000 rw-s 00000000 00:04 269499     /drm mm object (deleted)
b3619000-b361a000 rw-s 1c7c2000 00:05 10766      /dev/dri/card0
b361a000-b361b000 rw-s 1c641000 00:05 10766      /dev/dri/card0
b361b000-b361f000 rw-s 00000000 00:04 269496     /drm mm object (deleted)
b361f000-b3621000 rw-s 00000000 00:04 269492     /drm mm object (deleted)
b3621000-b3622000 rw-s 00000000 00:04 269491     /drm mm object (deleted)
b3622000-b3623000 rw-s 1c606000 00:05 10766      /dev/dri/card0
b3623000-b3624000 rw-s 00000000 00:04 269432     /drm mm object (deleted)
b3624000-b362b000 r--s 00000000 07:00 297903     /usr/lib/i386-linux-gnu/gconv/gconv-modules.cache
b362b000-b362c000 r--s 00000000 07:00 1458977    /var/cache/fontconfig/c05880de57d1f5e948fdfacc138775d9-le32d4.cache-4
b362c000-b3634000 r--s 00000000 07:00 1450059    /var/cache/fontconfig/945677eb7aeaf62f1d50efc3fb3ec7d8-le32d4.cache-4
b3634000-b3636000 r--s 00000000 07:00 1450027    /var/cache/fontconfig/99e8ed0e538f840c565b6ed5dad60d56-le32d4.cache-4
b3636000-b36d5000 r--s 00000000 07:00 1442541    /var/cache/fontconfig/f77165c3a5c0e6d840970e91000fef78-le32d4.cache-4
b36d5000-b36db000 r--s 00000000 07:00 1458975    /var/cache/fontconfig/a6d8cf8e4ec09cdbc8633c31745a07dd-le32d4.cache-4
b36db000-b36df000 r--s 00000000 07:00 1458974    /var/cache/fontconfig/2cd17615ca594fa2959ae173292e504c-le32d4.cache-4
b36df000-b36e0000 r--s 00000000 07:00 1458973    /var/cache/fontconfig/e7071f4a29fa870f4323321c154eba04-le32d4.cache-4
b36e0000-b36e5000 r--s 00000000 07:00 1458972    /var/cache/fontconfig/6eb3985aa4124903f6ff08ba781cd364-le32d4.cache-4
b36e5000-b36e6000 r--s 00000000 07:00 1458971    /var/cache/fontconfig/0d8c3b2ac0904cb8a57a757ad11a4a08-le32d4.cache-4
b36e6000-b36eb000 r--s 00000000 07:00 1458970    /var/cache/fontconfig/a755afe4a08bf5b97852ceb7400b47bc-le32d4.cache-4
b36eb000-b36f4000 r--s 00000000 07:00 1458968    /var/cache/fontconfig/6d41288fd70b0be22e8c3a91e032eec0-le32d4.cache-4
b36f4000-b3703000 r--s 00000000 07:00 1458967    /var/cache/fontconfig/04aabc0a78ac019cf9454389977116d2-le32d4.cache-4
b3703000-b3704000 r--s 00000000 07:00 1458966    /var/cache/fontconfig/1ac9eb803944fde146138c791f5cc56a-le32d4.cache-4
b3704000-b3707000 r--s 00000000 07:00 1458963    /var/cache/fontconfig/385c0604a188198f04d133e54aba7fe7-le32d4.cache-4
b3707000-b3708000 r--s 00000000 07:00 1458958    /var/cache/fontconfig/dc05db6664285cc2f12bf69c139ae4c3-le32d4.cache-4
b3708000-b370a000 r--s 00000000 07:00 1441025    /var/cache/fontconfig/c14bd16069dd32104a93661d0fc6b751-le32d4.cache-4
b370a000-b370e000 r--s 00000000 07:00 1458957    /var/cache/fontconfig/1c2c2997deddd45e0296fa5a60917b7d-le32d4.cache-4
b370e000-b3710000 r--s 00000000 07:00 1458956    /var/cache/fontconfig/767a8244fc0220cfb567a839d0392e0b-le32d4.cache-4
b3710000-b3711000 r--s 00000000 07:00 1458955    /var/cache/fontconfig/4794a0821666d79190d59a36cb4f44b5-le32d4.cache-4
b3711000-b3714000 r--s 00000000 07:00 1489282    /var/cache/fontconfig/bbd3eebb6912613e2596f2fd46535a95-le32d4.cache-4
b3714000-b3717000 r--s 00000000 07:00 1458954    /var/cache/fontconfig/8801497958630a81b71ace7c5f9b32a8-le32d4.cache-4
b3717000-b3746000 r--s 00000000 07:00 1458953    /var/cache/fontconfig/365b55f210c0a22e9a19e35191240f32-le32d4.cache-4
b3746000-b374b000 r--s 00000000 07:00 1458952    /var/cache/fontconfig/3047814df9a2f067bd2d96a2b9c36e5a-le32d4.cache-4
b374b000-b374f000 r--s 00000000 07:00 1458944    /var/cache/fontconfig/b47c4e1ecd0709278f4910c18777a504-le32d4.cache-4
b374f000-b3756000 r--s 00000000 07:00 1458942    /var/cache/fontconfig/52f7bdb7ce746bfd7eaa1985bd9cfa93-le32d4.cache-4
b3756000-b375d000 r--s 00000000 07:00 1458942    /var/cache/fontconfig/52f7bdb7ce746bfd7eaa1985bd9cfa93-le32d4.cache-4
b375d000-b375e000 rwxp 00000000 00:00 0 
b375e000-b3763000 r-xp 00000000 07:00 266237     /usr/lib/i386-linux-gnu/libasyncns.so.0.3.1
b3763000-b3764000 r--p 00004000 07:00 266237     /usr/lib/i386-linux-gnu/libasyncns.so.0.3.1
b3764000-b3765000 rw-p 00005000 07:00 266237     /usr/lib/i386-linux-gnu/libasyncns.so.0.3.1
b3765000-b376a000 r-xp 00000000 07:00 265889     /usr/lib/i386-linux-gnu/libXfixes.so.3.1.0
b376a000-b376b000 r--p 00004000 07:00 265889     /usr/lib/i386-linux-gnu/libXfixes.so.3.1.0
b376b000-b376c000 rw-p 00005000 07:00 265889     /usr/lib/i386-linux-gnu/libXfixes.so.3.1.0
b376c000-b3775000 r-xp 00000000 07:00 266611     /usr/lib/i386-linux-gnu/libXcursor.so.1.0.2
b3775000-b3776000 r--p 00008000 07:00 266611     /usr/lib/i386-linux-gnu/libXcursor.so.1.0.2
b3776000-b3777000 rw-p 00009000 07:00 266611     /usr/lib/i386-linux-gnu/libXcursor.so.1.0.2
b3777000-b3778000 r-xp 00000000 07:00 267584     /usr/lib/i386-linux-gnu/libX11-xcb.so.1.0.0
b3778000-b3779000 r--p 00000000 07:00 267584     /usr/lib/i386-linux-gnu/libX11-xcb.so.1.0.0
b3779000-b377a000 rw-p 00001000 07:00 267584     /usr/lib/i386-linux-gnu/libX11-xcb.so.1.0.0
b377a000-b3782000 r-xp 00000000 07:00 1570294    /lib/i386-linux-gnu/libjson.so.0.1.0
b3782000-b3783000 r--p 00007000 07:00 1570294    /lib/i386-linux-gnu/libjson.so.0.1.0
b3783000-b3784000 rw-p 00008000 07:00 1570294    /lib/i386-linux-gnu/libjson.so.0.1.0
b3784000-b3788000 r-xp 00000000 07:00 269757     /usr/lib/i386-linux-gnu/libXxf86vm.so.1.0.0
b3788000-b3789000 r--p 00003000 07:00 269757     /usr/lib/i386-linux-gnu/libXxf86vm.so.1.0.0
b3789000-b378a000 rw-p 00004000 07:00 269757     /usr/lib/i386-linux-gnu/libXxf86vm.so.1.0.0
b378a000-b3793000 r-xp 00000000 07:00 265883     /usr/lib/i386-linux-gnu/libXrandr.so.2.2.0
b3793000-b3794000 r--p 00008000 07:00 265883     /usr/lib/i386-linux-gnu/libXrandr.so.2.2.0
b3794000-b3795000 rw-p 00009000 07:00 265883     /usr/lib/i386-linux-gnu/libXrandr.so.2.2.0
b3795000-b3796000 r-xp 00000000 07:00 296222     /usr/lib/jvm/java-6-openjdk-i386/jre/lib/i386/libjawt.so
b3796000-b3797000 r--p 00000000 07:00 296222     /usr/lib/jvm/java-6-openjdk-i386/jre/lib/i386/libjawt.so
b3797000-b3798000 rw-p 00001000 07:00 296222     /usr/lib/jvm/java-6-openjdk-i386/jre/lib/i386/libjawt.so
b3798000-b3799000 r--s 00000000 07:00 1458945    /var/cache/fontconfig/b9d506c9ac06c20b433354fa67a72993-le32d4.cache-4
b3799000-b37a9000 r--s 00000000 07:00 1450090    /var/cache/fontconfig/d52a8644073d54c13679302ca1180695-le32d4.cache-4
b37a9000-b37b0000 r--s 00000000 07:00 1458934    /var/cache/fontconfig/3f7329c5293ffd510edef78f73874cfd-le32d4.cache-4
b37b0000-b37b1000 r--s 00000000 07:00 1458932    /var/cache/fontconfig/0c9eb80ebd1c36541ebe2852d3bb0c49-le32d4.cache-4
b37b1000-b37b2000 r--s 00000000 07:00 1450084    /var/cache/fontconfig/62f91419b9ebdb6975e7e41ab6412357-le32d4.cache-4
b37b2000-b37b4000 r--s 00000000 07:00 1450153    /var/cache/fontconfig/e13b20fdb08344e0e664864cc2ede53d-le32d4.cache-4
b37b4000-b37b7000 r--s 00000000 07:00 1489262    /var/cache/fontconfig/7ef2298fde41cc6eeb7af42e48b7d293-le32d4.cache-4
b37b7000-b37b8000 r--s 00000000 07:00 1449994    /home/maik/.cache/fontconfig/578171f5f238b8a7bb858af08da2de57-le32d4.cache-4
b37b8000-b37b9000 r--s 00000000 07:00 1449993    /home/maik/.cache/fontconfig/bd43c005a6d085c55fa3c0b7700969bf-le32d4.cache-4
b37b9000-b37bc000 ---p 00000000 00:00 0 
b37bc000-b380a000 rw-p 00000000 00:00 0          [stack:18980]
b380a000-b38a0000 r-xp 00000000 07:00 265978     /usr/lib/i386-linux-gnu/libfreetype.so.6.10.0
b38a0000-b38a4000 r--p 00095000 07:00 265978     /usr/lib/i386-linux-gnu/libfreetype.so.6.10.0
b38a4000-b38a5000 rw-p 00099000 07:00 265978     /usr/lib/i386-linux-gnu/libfreetype.so.6.10.0
b38a5000-b38ec000 r-xp 00000000 07:00 300410     /usr/lib/jvm/java-6-openjdk-i386/jre/lib/i386/libfontmanager.so
b38ec000-b38ed000 r--p 00047000 07:00 300410     /usr/lib/jvm/java-6-openjdk-i386/jre/lib/i386/libfontmanager.so
b38ed000-b38ee000 rw-p 00048000 07:00 300410     /usr/lib/jvm/java-6-openjdk-i386/jre/lib/i386/libfontmanager.so
b38ee000-b38f3000 r-xp 00000000 07:00 285337     /usr/lib/i386-linux-gnu/libXdmcp.so.6.0.0
b38f3000-b38f4000 r--p 00004000 07:00 285337     /usr/lib/i386-linux-gnu/libXdmcp.so.6.0.0
b38f4000-b38f5000 rw-p 00005000 07:00 285337     /usr/lib/i386-linux-gnu/libXdmcp.so.6.0.0
b38f5000-b3915000 r-xp 00000000 07:00 265988     /usr/lib/i386-linux-gnu/libxcb.so.1.1.0
b3915000-b3916000 r--p 0001f000 07:00 265988     /usr/lib/i386-linux-gnu/libxcb.so.1.1.0
b3916000-b3917000 rw-p 00020000 07:00 265988     /usr/lib/i386-linux-gnu/libxcb.so.1.1.0
b3917000-b3925000 r-xp 00000000 07:00 265877     /usr/lib/i386-linux-gnu/libXi.so.6.1.0
b3925000-b3926000 r--p 0000d000 07:00 265877     /usr/lib/i386-linux-gnu/libXi.so.6.1.0
b3926000-b3927000 rw-p 0000e000 07:00 265877     /usr/lib/i386-linux-gnu/libXi.so.6.1.0
b3927000-b392f000 r-xp 00000000 07:00 265856     /usr/lib/i386-linux-gnu/libXrender.so.1.3.0
b392f000-b3930000 r--p 00008000 07:00 265856     /usr/lib/i386-linux-gnu/libXrender.so.1.3.0
b3930000-b3931000 rw-p 00009000 07:00 265856     /usr/lib/i386-linux-gnu/libXrender.so.1.3.0
b3931000-b3a64000 r-xp 00000000 07:00 262036     /usr/lib/i386-linux-gnu/libX11.so.6.3.0
b3a64000-b3a65000 r--p 00132000 07:00 262036     /usr/lib/i386-linux-gnu/libX11.so.6.3.0
b3a65000-b3a68000 rw-p 00133000 07:00 262036     /usr/lib/i386-linux-gnu/libX11.so.6.3.0
b3a68000-b3a78000 r-xp 00000000 07:00 262278     /usr/lib/i386-linux-gnu/libXext.so.6.4.0
b3a78000-b3a79000 r--p 0000f000 07:00 262278     /usr/lib/i386-linux-gnu/libXext.so.6.4.0
b3a79000-b3a7a000 rw-p 00010000 07:00 262278     /usr/lib/i386-linux-gnu/libXext.so.6.4.0
b3a7a000-b3ac6000 r-xp 00000000 07:00 267891     /usr/lib/jvm/java-6-openjdk-i386/jre/lib/i386/xawt/libmawt.so
b3ac6000-b3ac7000 r--p 0004b000 07:00 267891     /usr/lib/jvm/java-6-openjdk-i386/jre/lib/i386/xawt/libmawt.so
b3ac7000-b3ac9000 rw-p 0004c000 07:00 267891     /usr/lib/jvm/java-6-openjdk-i386/jre/lib/i386/xawt/libmawt.so
b3ac9000-b3aca000 rw-p 00000000 00:00 0 
b3aca000-b3b63000 r-xp 00000000 07:00 295916     /usr/lib/jvm/java-6-openjdk-i386/jre/lib/i386/libawt.so
b3b63000-b3b64000 r--p 00098000 07:00 295916     /usr/lib/jvm/java-6-openjdk-i386/jre/lib/i386/libawt.so
b3b64000-b3b6b000 rw-p 00099000 07:00 295916     /usr/lib/jvm/java-6-openjdk-i386/jre/lib/i386/libawt.so
b3b6b000-b3b8f000 rw-p 00000000 00:00 0 
b3b8f000-b3bfe000 r-xp 00000000 07:00 1308372    /tmp/libgdxmaik/2df45360/libgdx.so
b3bfe000-b3bff000 r--p 0006f000 07:00 1308372    /tmp/libgdxmaik/2df45360/libgdx.so
b3bff000-b3c00000 rw-p 00070000 07:00 1308372    /tmp/libgdxmaik/2df45360/libgdx.so
b3c00000-b3cd6000 rw-p 00000000 00:00 0 
b3cd6000-b3d00000 ---p 00000000 00:00 0 
b3d00000-b3d02000 r--s 00000000 07:00 1441019    /var/cache/fontconfig/662d20385cbbfe31958b837fd2c8d37e-le32d4.cache-4
b3d02000-b3d07000 r-xp 00000000 07:00 262782     /usr/lib/i386-linux-gnu/libXtst.so.6.1.0
b3d07000-b3d08000 r--p 00004000 07:00 262782     /usr/lib/i386-linux-gnu/libXtst.so.6.1.0
b3d08000-b3d09000 rw-p 00005000 07:00 262782     /usr/lib/i386-linux-gnu/libXtst.so.6.1.0
b3d09000-b3d0a000 r--s 00000000 07:00 1458951    /var/cache/fontconfig/56cf4f4769d0f4abc89a4895d7bd3ae1-le32d4.cache-4
b3d0a000-b3d0b000 r--s 00000000 07:00 1458945    /var/cache/fontconfig/b9d506c9ac06c20b433354fa67a72993-le32d4.cache-4
b3d0b000-b3d1b000 r--s 00000000 07:00 1450090    /var/cache/fontconfig/d52a8644073d54c13679302ca1180695-le32d4.cache-4
b3d1b000-b3d22000 r--s 00000000 07:00 1458934    /var/cache/fontconfig/3f7329c5293ffd510edef78f73874cfd-le32d4.cache-4
b3d22000-b3d23000 r--s 00000000 07:00 1458932    /var/cache/fontconfig/0c9eb80ebd1c36541ebe2852d3bb0c49-le32d4.cache-4
b3d23000-b3d24000 r--s 00000000 07:00 1450084    /var/cache/fontconfig/62f91419b9ebdb6975e7e41ab6412357-le32d4.cache-4
b3d24000-b3d26000 r--s 00000000 07:00 1450153    /var/cache/fontconfig/e13b20fdb08344e0e664864cc2ede53d-le32d4.cache-4
b3d26000-b3d29000 r--s 00000000 07:00 1489262    /var/cache/fontconfig/7ef2298fde41cc6eeb7af42e48b7d293-le32d4.cache-4
b3d29000-b3d2a000 r--s 00000000 07:00 1449994    /home/maik/.cache/fontconfig/578171f5f238b8a7bb858af08da2de57-le32d4.cache-4
b3d2a000-b3d2b000 ---p 00000000 00:00 0 
b3d2b000-b3dab000 rw-p 00000000 00:00 0          [stack:18965]
b3dab000-b3dae000 ---p 00000000 00:00 0 
b3dae000-b3dfc000 rw-p 00000000 00:00 0          [stack:18964]
b3dfc000-b3dff000 ---p 00000000 00:00 0 
b3dff000-b3e7d000 rw-p 00000000 00:00 0          [stack:18963]
b3e7d000-b3e80000 ---p 00000000 00:00 0 
b3e80000-b3ece000 rw-p 00000000 00:00 0          [stack:18962]
b3ece000-b4000000 r--p 0018a000 07:00 261666     /usr/lib/locale/locale-archive
b4000000-b4200000 r--p 00000000 07:00 261666     /usr/lib/locale/locale-archive
b4200000-b42fa000 rw-p 00000000 00:00 0 
b42fa000-b4300000 ---p 00000000 00:00 0 
b4300000-b4301000 r--s 00000000 07:00 1449993    /home/maik/.cache/fontconfig/bd43c005a6d085c55fa3c0b7700969bf-le32d4.cache-4
b4301000-b4303000 r-xp 00000000 07:00 266641     /usr/lib/i386-linux-gnu/libXau.so.6.0.0
b4303000-b4304000 r--p 00001000 07:00 266641     /usr/lib/i386-linux-gnu/libXau.so.6.0.0
b4304000-b4305000 rw-p 00002000 07:00 266641     /usr/lib/i386-linux-gnu/libXau.so.6.0.0
b4305000-b430c000 r--s 000fc000 07:00 268440     /usr/lib/jvm/java-6-openjdk-common/jre/lib/resources.jar
b430c000-b430d000 r--s 0018b000 07:00 1494876    /home/maik/shadow/shadow-platformer-desktop/libs/gdx-natives.jar
b430d000-b430e000 r--s 00288000 07:00 1493451    /home/maik/shadow/shadow-platformer-desktop/libs/gdx-freetype-natives.jar
b430e000-b430f000 r--s 00004000 07:00 1440666    /home/maik/shadow/shadow-platformer-desktop/libs/gdx-controllers-desktop.jar
b430f000-b4310000 r--s 00102000 07:00 1440691    /home/maik/shadow/shadow-platformer-desktop/libs/gdx-controllers-desktop-natives.jar
b4310000-b4322000 r--s 00126000 07:00 1494874    /home/maik/shadow/shadow-platformer-desktop/libs/gdx-backend-lwjgl.jar
b4322000-b4324000 r--s 0019e000 07:00 1494872    /home/maik/shadow/shadow-platformer-desktop/libs/gdx-backend-lwjgl-natives.jar
b4324000-b4325000 r--s 0012c000 07:00 1493449    /home/maik/shadow/shadow-platformer-desktop/libs/gdx-audio-natives.jar
b4325000-b432c000 r--s 00049000 07:00 1503607    /home/maik/shadow/shadow-platformer/libs/kryonet-2.18-all.jar
b432c000-b4341000 r--s 00142000 07:00 1439865    /home/maik/shadow/shadow-platformer/libs/gdx.jar
b4341000-b4343000 r--s 00005000 07:00 1493439    /home/maik/shadow/shadow-platformer/libs/gdx-audio.jar
b4343000-b4346000 r--s 00031000 07:00 268443     /usr/lib/jvm/java-6-openjdk-common/jre/lib/ext/sunjce_provider.jar
b4346000-b4348000 r--s 0000f000 07:00 268444     /usr/lib/jvm/java-6-openjdk-common/jre/lib/ext/pulse-java.jar
b4348000-b434b000 r--s 00077000 07:00 268442     /usr/lib/jvm/java-6-openjdk-common/jre/lib/ext/localedata.jar
b434b000-b434e000 ---p 00000000 00:00 0 
b434e000-b439c000 rw-p 00000000 00:00 0          [stack:18961]
b439c000-b439f000 ---p 00000000 00:00 0 
b439f000-b43ed000 rw-p 00000000 00:00 0          [stack:18960]
b43ed000-b43ee000 ---p 00000000 00:00 0 
b43ee000-b44a1000 rw-p 00000000 00:00 0          [stack:18959]
b44a1000-b4635000 r--s 03807000 07:00 275877     /usr/lib/jvm/java-6-openjdk-i386/jre/lib/rt.jar
b4635000-b463c000 rw-p 00000000 00:00 0 
b463c000-b4656000 rw-p 00000000 00:00 0 
b4656000-b465c000 rw-p 00000000 00:00 0 
b465c000-b4701000 rw-p 00000000 00:00 0 
b4701000-b4704000 rw-p 00000000 00:00 0 
b4704000-b4756000 rw-p 00000000 00:00 0 
b4756000-b475c000 rw-p 00000000 00:00 0 
b475c000-b4801000 rw-p 00000000 00:00 0 
b4801000-b4807000 rw-p 00000000 00:00 0 
b4807000-b4821000 rw-p 00000000 00:00 0 
b4821000-b4831000 rw-p 00000000 00:00 0 
b4831000-b48ad000 rw-p 00000000 00:00 0 
b48ad000-b4975000 rwxp 00000000 00:00 0 
b4975000-b68ad000 rw-p 00000000 00:00 0 
b68ad000-b68b8000 r-xp 00000000 07:00 1582739    /lib/i386-linux-gnu/libnss_files-2.17.so
b68b8000-b68b9000 r--p 0000a000 07:00 1582739    /lib/i386-linux-gnu/libnss_files-2.17.so
b68b9000-b68ba000 rw-p 0000b000 07:00 1582739    /lib/i386-linux-gnu/libnss_files-2.17.so
b68ba000-b68c4000 r-xp 00000000 07:00 1582745    /lib/i386-linux-gnu/libnss_nis-2.17.so
b68c4000-b68c5000 r--p 00009000 07:00 1582745    /lib/i386-linux-gnu/libnss_nis-2.17.so
b68c5000-b68c6000 rw-p 0000a000 07:00 1582745    /lib/i386-linux-gnu/libnss_nis-2.17.so
b68c6000-b68db000 r-xp 00000000 07:00 1582754    /lib/i386-linux-gnu/libnsl-2.17.so
b68db000-b68dc000 r--p 00014000 07:00 1582754    /lib/i386-linux-gnu/libnsl-2.17.so
b68dc000-b68dd000 rw-p 00015000 07:00 1582754    /lib/i386-linux-gnu/libnsl-2.17.so
b68dd000-b68df000 rw-p 00000000 00:00 0 
b68df000-b68e0000 r--s 00004000 07:00 1493450    /home/maik/shadow/shadow-platformer/libs/gdx-freetype.jar
b68e0000-b68e2000 r--s 00006000 07:00 532142     /usr/share/java/java-atk-wrapper.jar
b68e2000-b68e6000 r--s 00039000 07:00 268441     /usr/lib/jvm/java-6-openjdk-common/jre/lib/ext/sunpkcs11.jar
b68e6000-b68e8000 r--s 00001000 07:00 268468     /usr/lib/jvm/java-6-openjdk-common/jre/lib/ext/dnsns.jar
b68e8000-b68ef000 rw-p 00000000 00:00 0 
b68ef000-b68f6000 r-xp 00000000 07:00 295619     /usr/lib/jvm/java-6-openjdk-i386/jre/lib/i386/libzip.so
b68f6000-b68f7000 r--p 00006000 07:00 295619     /usr/lib/jvm/java-6-openjdk-i386/jre/lib/i386/libzip.so
b68f7000-b68f8000 rw-p 00007000 07:00 295619     /usr/lib/jvm/java-6-openjdk-i386/jre/lib/i386/libzip.so
b68f8000-b6900000 rw-s 00000000 07:00 1308586    /tmp/hsperfdata_maik/18953
b6900000-b69ff000 rw-p 00000000 00:00 0 
b69ff000-b6a00000 ---p 00000000 00:00 0 
b6a00000-b6a01000 r--s 00002000 07:00 1441334    /home/maik/shadow/shadow-platformer/libs/gdx-controllers.jar
b6a01000-b6a27000 r-xp 00000000 07:00 296232     /usr/lib/jvm/java-6-openjdk-i386/jre/lib/i386/libjava.so
b6a27000-b6a28000 r--p 00026000 07:00 296232     /usr/lib/jvm/java-6-openjdk-i386/jre/lib/i386/libjava.so
b6a28000-b6a2a000 rw-p 00027000 07:00 296232     /usr/lib/jvm/java-6-openjdk-i386/jre/lib/i386/libjava.so
b6a2a000-b6a31000 r-xp 00000000 07:00 1570878    /lib/i386-linux-gnu/librt-2.17.so
b6a31000-b6a32000 r--p 00006000 07:00 1570878    /lib/i386-linux-gnu/librt-2.17.so
b6a32000-b6a33000 rw-p 00007000 07:00 1570878    /lib/i386-linux-gnu/librt-2.17.so
b6a33000-b6a36000 ---p 00000000 00:00 0 
b6a36000-b6a84000 rw-p 00000000 00:00 0          [stack:18958]
b6a84000-b6a9f000 r-xp 00000000 07:00 1571574    /lib/i386-linux-gnu/libgcc_s.so.1
b6a9f000-b6aa0000 r--p 0001a000 07:00 1571574    /lib/i386-linux-gnu/libgcc_s.so.1
b6aa0000-b6aa1000 rw-p 0001b000 07:00 1571574    /lib/i386-linux-gnu/libgcc_s.so.1
b6aa1000-b6ae2000 r-xp 00000000 07:00 1582738    /lib/i386-linux-gnu/libm-2.17.so
b6ae2000-b6ae3000 r--p 00040000 07:00 1582738    /lib/i386-linux-gnu/libm-2.17.so
b6ae3000-b6ae4000 rw-p 00041000 07:00 1582738    /lib/i386-linux-gnu/libm-2.17.so
b6ae4000-b6bc0000 r-xp 00000000 07:00 298111     /usr/lib/i386-linux-gnu/libstdc++.so.6.0.17
b6bc0000-b6bc1000 ---p 000dc000 07:00 298111     /usr/lib/i386-linux-gnu/libstdc++.so.6.0.17
b6bc1000-b6bc5000 r--p 000dc000 07:00 298111     /usr/lib/i386-linux-gnu/libstdc++.so.6.0.17
b6bc5000-b6bc6000 rw-p 000e0000 07:00 298111     /usr/lib/i386-linux-gnu/libstdc++.so.6.0.17
b6bc6000-b6bcd000 rw-p 00000000 00:00 0 
b6bcd000-b70dc000 r-xp 00000000 07:00 296259     /usr/lib/jvm/java-6-openjdk-i386/jre/lib/i386/client/libjvm.so
b70dc000-b70f3000 r--p 0050e000 07:00 296259     /usr/lib/jvm/java-6-openjdk-i386/jre/lib/i386/client/libjvm.so
b70f3000-b7100000 rw-p 00525000 07:00 296259     /usr/lib/jvm/java-6-openjdk-i386/jre/lib/i386/client/libjvm.so
b7100000-b751a000 rw-p 00000000 00:00 0 
b751a000-b7531000 r-xp 00000000 07:00 1570758    /lib/i386-linux-gnu/libz.so.1.2.7
b7531000-b7532000 r--p 00016000 07:00 1570758    /lib/i386-linux-gnu/libz.so.1.2.7
b7532000-b7533000 rw-p 00017000 07:00 1570758    /lib/i386-linux-gnu/libz.so.1.2.7
b7533000-b76e0000 r-xp 00000000 07:00 1582740    /lib/i386-linux-gnu/libc-2.17.so
b76e0000-b76e2000 r--p 001ad000 07:00 1582740    /lib/i386-linux-gnu/libc-2.17.so
b76e2000-b76e3000 rw-p 001af000 07:00 1582740    /lib/i386-linux-gnu/libc-2.17.so
b76e3000-b76e6000 rw-p 00000000 00:00 0 
b76e6000-b76e9000 r-xp 00000000 07:00 1582749    /lib/i386-linux-gnu/libdl-2.17.so
b76e9000-b76ea000 r--p 00002000 07:00 1582749    /lib/i386-linux-gnu/libdl-2.17.so
b76ea000-b76eb000 rw-p 00003000 07:00 1582749    /lib/i386-linux-gnu/libdl-2.17.so
b76eb000-b76ef000 r-xp 00000000 07:00 296224     /usr/lib/jvm/java-6-openjdk-i386/jre/lib/i386/jli/libjli.so
b76ef000-b76f0000 r--p 00003000 07:00 296224     /usr/lib/jvm/java-6-openjdk-i386/jre/lib/i386/jli/libjli.so
b76f0000-b76f1000 rw-p 00004000 07:00 296224     /usr/lib/jvm/java-6-openjdk-i386/jre/lib/i386/jli/libjli.so
b76f1000-b7708000 r-xp 00000000 07:00 1582744    /lib/i386-linux-gnu/libpthread-2.17.so
b7708000-b7709000 r--p 00016000 07:00 1582744    /lib/i386-linux-gnu/libpthread-2.17.so
b7709000-b770a000 rw-p 00017000 07:00 1582744    /lib/i386-linux-gnu/libpthread-2.17.so
b770a000-b770d000 rw-p 00000000 00:00 0 
b770d000-b770e000 r--s 00001000 07:00 1494608    /home/maik/shadow/shadow-platformer/libs/bodyeditor-loader.jar
b770e000-b7714000 rw-p 00000000 00:00 0 
b7714000-b771b000 r-xp 00000000 07:00 1582737    /lib/i386-linux-gnu/libnss_compat-2.17.so
b771b000-b771c000 r--p 00006000 07:00 1582737    /lib/i386-linux-gnu/libnss_compat-2.17.so
b771c000-b771d000 rw-p 00007000 07:00 1582737    /lib/i386-linux-gnu/libnss_compat-2.17.so
b771d000-b771e000 rw-p 00000000 00:00 0 
b771e000-b771f000 ---p 00000000 00:00 0 
b771f000-b772c000 r-xp 00000000 07:00 296201     /usr/lib/jvm/java-6-openjdk-i386/jre/lib/i386/libverify.so
b772c000-b772d000 r--p 0000c000 07:00 296201     /usr/lib/jvm/java-6-openjdk-i386/jre/lib/i386/libverify.so
b772d000-b772e000 rw-p 0000d000 07:00 296201     /usr/lib/jvm/java-6-openjdk-i386/jre/lib/i386/libverify.so
b772e000-b7730000 rw-p 00000000 00:00 0 
b7730000-b7731000 r-xp 00000000 00:00 0          [vdso]
b7731000-b7751000 r-xp 00000000 07:00 1582753    /lib/i386-linux-gnu/ld-2.17.so
b7751000-b7752000 r--p 0001f000 07:00 1582753    /lib/i386-linux-gnu/ld-2.17.so
b7752000-b7753000 rw-p 00020000 07:00 1582753    /lib/i386-linux-gnu/ld-2.17.so
bf85e000-bf87f000 rw-p 00000000 00:00 0          [stack]

VM Arguments:
jvm_args: -XX:+HeapDumpOnOutOfMemoryError -verbose:gc -Dfile.encoding=UTF-8 
java_command: net.fourbytes.shadow.Main
Launcher Type: SUN_STANDARD

Environment Variables:
PATH=/usr/local/sbin:/usr/local/bin:/usr/sbin:/usr/bin:/sbin:/bin:/usr/games:/usr/local/games
USERNAME=maik
LD_LIBRARY_PATH=/usr/lib/jvm/java-6-openjdk-i386/jre/lib/i386/client:/usr/lib/jvm/java-6-openjdk-i386/jre/lib/i386:/usr/lib/jvm/java-6-openjdk-i386/jre/../lib/i386:/usr/lib/jvm/java-7-openjdk-i386/jre/lib/i386/client:/usr/lib/jvm/java-7-openjdk-i386/jre/lib/i386:
SHELL=/bin/bash
DISPLAY=:0

Signal Handlers:
SIGSEGV: [libjvm.so+0x3f03e0], sa_mask[0]=0x7ffbfeff, sa_flags=0x10000004
SIGBUS: [libjvm.so+0x3f03e0], sa_mask[0]=0x7ffbfeff, sa_flags=0x10000004
SIGFPE: [libjvm.so+0x30da80], sa_mask[0]=0x7ffbfeff, sa_flags=0x10000004
SIGPIPE: [libjvm.so+0x30da80], sa_mask[0]=0x7ffbfeff, sa_flags=0x10000004
SIGXFSZ: [libjvm.so+0x30da80], sa_mask[0]=0x7ffbfeff, sa_flags=0x10000004
SIGILL: [libjvm.so+0x30da80], sa_mask[0]=0x7ffbfeff, sa_flags=0x10000004
SIGUSR1: SIG_DFL, sa_mask[0]=0x00000000, sa_flags=0x00000000
SIGUSR2: [libjvm.so+0x30d920], sa_mask[0]=0x00000004, sa_flags=0x10000004
SIGHUP: [libjvm.so+0x3105b0], sa_mask[0]=0x7ffbfeff, sa_flags=0x10000004
SIGINT: [libjvm.so+0x3105b0], sa_mask[0]=0x7ffbfeff, sa_flags=0x10000004
SIGTERM: [libjvm.so+0x3105b0], sa_mask[0]=0x7ffbfeff, sa_flags=0x10000004
SIGQUIT: [libjvm.so+0x3105b0], sa_mask[0]=0x7ffbfeff, sa_flags=0x10000004


---------------  S Y S T E M  ---------------

OS:Ubuntu 13.04 (raring)
uname:Linux 3.11.0-994-generic #201309190405 SMP Thu Sep 19 08:15:11 UTC 2013 i686
libc:glibc 2.17 NPTL 2.17 
rlimit: STACK 8192k, CORE 0k, NPROC 15443, NOFILE 4096, AS infinity
load average:1.96 1.73 1.52

/proc/meminfo:
MemTotal:        1993448 kB
MemFree:          146144 kB
Buffers:          149168 kB
Cached:           297980 kB
SwapCached:        85364 kB
Active:           738484 kB
Inactive:         831656 kB
Active(anon):     612696 kB
Inactive(anon):   700752 kB
Active(file):     125788 kB
Inactive(file):   130904 kB
Unevictable:        2752 kB
Mlocked:             136 kB
HighTotal:       1112452 kB
HighFree:          28692 kB
LowTotal:         880996 kB
LowFree:          117452 kB
SwapTotal:       1258860 kB
SwapFree:         723248 kB
Dirty:               412 kB
Writeback:             0 kB
AnonPages:       1076768 kB
Mapped:           102404 kB
Shmem:            187772 kB
Slab:              45440 kB
SReclaimable:      26296 kB
SUnreclaim:        19144 kB
KernelStack:        4600 kB
PageTables:        13932 kB
NFS_Unstable:          0 kB
Bounce:                0 kB
WritebackTmp:          0 kB
CommitLimit:     2255584 kB
Committed_AS:    5164148 kB
VmallocTotal:     122880 kB
VmallocUsed:       16380 kB
VmallocChunk:     105932 kB
HardwareCorrupted:     0 kB
AnonHugePages:         0 kB
HugePages_Total:       0
HugePages_Free:        0
HugePages_Rsvd:        0
HugePages_Surp:        0
Hugepagesize:       2048 kB
DirectMap4k:       12280 kB
DirectMap2M:      901120 kB


CPU:total 1 (1 cores per cpu, 1 threads per core) family 6 model 23 stepping 10, cmov, cx8, fxsr, mmx, sse, sse2, sse3, ssse3

Memory: 4k page, physical 1993448k(146144k free), swap 1258860k(723248k free)

vm_info: OpenJDK Client VM (20.0-b12) for linux-x86 JRE (1.6.0_27-b27), built on Jul 17 2013 13:48:06 by "buildd" with gcc 4.7.3

time: Fri Sep 27 21:52:40 2013
elapsed time: 11 seconds

