#
# A fatal error has been detected by the Java Runtime Environment:
#
#  SIGSEGV (0xb) at pc=0x00000000, pid=2979, tid=2927807296
#
# JRE version: 6.0_27-b27
# Java VM: OpenJDK Client VM (20.0-b12 mixed mode, sharing linux-x86 )
# Derivative: IcedTea6 1.12.6
# Distribution: Ubuntu 13.04, package 6b27-1.12.6-1ubuntu0.13.04.2
# Problematic frame:
# C  0x00000000
#
# If you would like to submit a bug report, please include
# instructions how to reproduce the bug and visit:
#   https://bugs.launchpad.net/ubuntu/+source/openjdk-6/
#

---------------  T H R E A D  ---------------

Current thread is native thread

siginfo:si_signo=SIGSEGV: si_errno=0, si_code=1 (SEGV_MAPERR), si_addr=0x00000000

Registers:
EAX=0xb3414450, EBX=0xb3413ff4, ECX=0x00000000, EDX=0xb3caa040
ESP=0xae82c1ec, EBP=0x00012000, ESI=0x00000800, EDI=0xb3c93ee0
EIP=0x00000000, EFLAGS=0x00010246, CR2=0x00000000

Top of Stack: (sp=0xae82c1ec)
0xae82c1ec:   b33e1348 b3c93ee0 00000000 00002000
0xae82c1fc:   4002f511 b33c3000 b3c81eb0 0917c620
0xae82c20c:   b339cb5d 00000000 ae82c2b4 00002000
0xae82c21c:   b76cb6ce b76d27cf b3374000 b3c43ea8
0xae82c22c:   b3374000 bb800000 00004000 b3c43e08
0xae82c23c:   b3338802 b3c43e08 00004000 b33c3000
0xae82c24c:   b333740d b3c81ed4 b3c82470 00000000
0xae82c25c:   b3353c0f b3c82348 b3c43ea8 b3374000 

Instructions: (pc=0x00000000)
0xffffffe0:   

Register to memory mapping:

EAX=
[error occurred during error reporting (printing register info), id 0xb]

Stack: [0xae72c000,0xae82d000],  sp=0xae82c1ec,  free space=1024k

---------------  P R O C E S S  ---------------

VM state:at safepoint (shutting down)

VM Mutex/Monitor currently owned by a thread:  ([mutex/lock_event])
[0xb6903ad0] Threads_lock - owner thread: 0xb6932400

Heap
 def new generation   total 4928K, used 1912K [0x6ea40000, 0x6ef90000, 0x794e0000)
  eden space 4416K,  36% used [0x6ea40000, 0x6ebd3908, 0x6ee90000)
  from space 512K,  58% used [0x6ee90000, 0x6eeda7c0, 0x6ef10000)
  to   space 512K,   0% used [0x6ef10000, 0x6ef10000, 0x6ef90000)
 tenured generation   total 10944K, used 451K [0x794e0000, 0x79f90000, 0x8ea40000)
   the space 10944K,   4% used [0x794e0000, 0x79550c00, 0x79550c00, 0x79f90000)
 compacting perm gen  total 12288K, used 2793K [0x8ea40000, 0x8f640000, 0x92a40000)
   the space 12288K,  22% used [0x8ea40000, 0x8ecfa660, 0x8ecfa800, 0x8f640000)
    ro space 10240K,  73% used [0x92a40000, 0x931a5fa0, 0x931a6000, 0x93440000)
    rw space 12288K,  60% used [0x93440000, 0x93b8dbf8, 0x93b8dc00, 0x94040000)

Code Cache  [0xb4884000, 0xb4954000, 0xb6884000)
 total_blobs=494 nmethods=199 adapters=231 free_code_cache=32734016 largest_free_block=64

Dynamic libraries:
08048000-08051000 r-xp 00000000 07:00 270379     /usr/lib/jvm/java-6-openjdk-i386/jre/bin/java
08051000-08052000 r--p 00008000 07:00 270379     /usr/lib/jvm/java-6-openjdk-i386/jre/bin/java
08052000-08053000 rw-p 00009000 07:00 270379     /usr/lib/jvm/java-6-openjdk-i386/jre/bin/java
090dd000-091b3000 rw-p 00000000 00:00 0          [heap]
6ea40000-6ef90000 rw-p 00000000 00:00 0 
6ef90000-794e0000 rw-p 00000000 00:00 0 
794e0000-79f90000 rw-p 00000000 00:00 0 
79f90000-8ea40000 rw-p 00000000 00:00 0 
8ea40000-8f640000 rw-p 00000000 00:00 0 
8f640000-92a40000 rw-p 00000000 00:00 0 
92a40000-931a6000 r--s 00001000 07:00 280804     /usr/lib/jvm/java-6-openjdk-i386/jre/lib/i386/client/classes.jsa
931a6000-93440000 rw-p 00000000 00:00 0 
93440000-93b8e000 rw-p 00767000 07:00 280804     /usr/lib/jvm/java-6-openjdk-i386/jre/lib/i386/client/classes.jsa
93b8e000-94040000 rw-p 00000000 00:00 0 
94040000-9413d000 rw-p 00eb5000 07:00 280804     /usr/lib/jvm/java-6-openjdk-i386/jre/lib/i386/client/classes.jsa
9413d000-94440000 rw-p 00000000 00:00 0 
94440000-94448000 r-xs 00fb2000 07:00 280804     /usr/lib/jvm/java-6-openjdk-i386/jre/lib/i386/client/classes.jsa
94448000-94840000 rw-p 00000000 00:00 0 
ac07f000-ac1ff000 rw-s 30065000 00:05 10767      /dev/dri/card0
ac2af000-ac2b2000 ---p 00000000 00:00 0 
ac2b2000-ac300000 rw-p 00000000 00:00 0 
ac300000-ac500000 rw-s 2fe2c000 00:05 10767      /dev/dri/card0
ac500000-ac6c3000 rw-p 00000000 00:00 0 
ac6c3000-ac700000 ---p 00000000 00:00 0 
ac700000-ac900000 rw-p 00000000 00:00 0 
ac900000-aca00000 rw-p 00000000 00:00 0 
aca21000-aca24000 ---p 00000000 00:00 0 
aca24000-acd00000 rw-p 00000000 00:00 0          [stack:3013]
acd00000-acdff000 rw-p 00000000 00:00 0 
acdff000-ace00000 ---p 00000000 00:00 0 
ace00000-acf00000 rw-p 00000000 00:00 0 
acf00000-acff9000 rw-p 00000000 00:00 0 
acff9000-ad000000 ---p 00000000 00:00 0 
ad006000-adecb000 rw-p 00000000 00:00 0 
adecb000-adf22000 rw-p 00000000 00:00 0 
adf28000-adf60000 rw-s 3002c000 00:05 10767      /dev/dri/card0
adf60000-adf80000 r-xp 00000000 07:00 1308598    /tmp/libgdxmaik/1810227264/libgdx-controllers-desktop.so
adf80000-adf81000 r--p 00020000 07:00 1308598    /tmp/libgdxmaik/1810227264/libgdx-controllers-desktop.so
adf81000-adf82000 rw-p 00021000 07:00 1308598    /tmp/libgdxmaik/1810227264/libgdx-controllers-desktop.so
adf82000-adfb4000 r-xp 00000000 07:00 262120     /usr/lib/i386-linux-gnu/libtxc_dxtn_s2tc.so.0.0.0
adfb4000-adfb5000 r--p 00031000 07:00 262120     /usr/lib/i386-linux-gnu/libtxc_dxtn_s2tc.so.0.0.0
adfb5000-adfb6000 rw-p 00032000 07:00 262120     /usr/lib/i386-linux-gnu/libtxc_dxtn_s2tc.so.0.0.0
adfb6000-adfd7000 r-xp 00000000 07:00 266218     /usr/lib/i386-linux-gnu/libdrm_intel.so.1.0.0
adfd7000-adfd8000 r--p 00020000 07:00 266218     /usr/lib/i386-linux-gnu/libdrm_intel.so.1.0.0
adfd8000-adfd9000 rw-p 00021000 07:00 266218     /usr/lib/i386-linux-gnu/libdrm_intel.so.1.0.0
adfd9000-adffe000 r-xp 00000000 07:00 1571548    /lib/i386-linux-gnu/libexpat.so.1.6.0
adffe000-ae000000 r--p 00025000 07:00 1571548    /lib/i386-linux-gnu/libexpat.so.1.6.0
ae000000-ae001000 rw-p 00027000 07:00 1571548    /lib/i386-linux-gnu/libexpat.so.1.6.0
ae001000-ae3cd000 r-xp 00000000 07:00 263667     /usr/lib/i386-linux-gnu/libdricore9.3.0-devel.so.1.0.0
ae3cd000-ae3ce000 ---p 003cc000 07:00 263667     /usr/lib/i386-linux-gnu/libdricore9.3.0-devel.so.1.0.0
ae3ce000-ae3d7000 r--p 003cc000 07:00 263667     /usr/lib/i386-linux-gnu/libdricore9.3.0-devel.so.1.0.0
ae3d7000-ae3de000 rw-p 003d5000 07:00 263667     /usr/lib/i386-linux-gnu/libdricore9.3.0-devel.so.1.0.0
ae3de000-ae3f3000 rw-p 00000000 00:00 0 
ae3f3000-ae4dc000 r-xp 00000000 07:00 266266     /usr/lib/i386-linux-gnu/dri/i965_dri.so
ae4dc000-ae4de000 r--p 000e9000 07:00 266266     /usr/lib/i386-linux-gnu/dri/i965_dri.so
ae4de000-ae4df000 rw-p 000eb000 07:00 266266     /usr/lib/i386-linux-gnu/dri/i965_dri.so
ae4df000-ae4e0000 rw-p 00000000 00:00 0 
ae4e0000-ae4eb000 r-xp 00000000 07:00 266202     /usr/lib/i386-linux-gnu/libdrm.so.2.4.0
ae4eb000-ae4ec000 r--p 0000a000 07:00 266202     /usr/lib/i386-linux-gnu/libdrm.so.2.4.0
ae4ec000-ae4ed000 rw-p 0000b000 07:00 266202     /usr/lib/i386-linux-gnu/libdrm.so.2.4.0
ae4ed000-ae503000 r-xp 00000000 07:00 266178     /usr/lib/i386-linux-gnu/libxcb-glx.so.0.0.0
ae503000-ae504000 r--p 00016000 07:00 266178     /usr/lib/i386-linux-gnu/libxcb-glx.so.0.0.0
ae504000-ae505000 rw-p 00017000 07:00 266178     /usr/lib/i386-linux-gnu/libxcb-glx.so.0.0.0
ae505000-ae557000 r-xp 00000000 07:00 263675     /usr/lib/i386-linux-gnu/mesa/libGL.so.1.2.0
ae557000-ae559000 r--p 00051000 07:00 263675     /usr/lib/i386-linux-gnu/mesa/libGL.so.1.2.0
ae559000-ae55e000 rwxp 00053000 07:00 263675     /usr/lib/i386-linux-gnu/mesa/libGL.so.1.2.0
ae55e000-ae561000 ---p 00000000 00:00 0 
ae561000-ae5af000 rw-p 00000000 00:00 0          [stack:3010]
ae5af000-ae5b2000 ---p 00000000 00:00 0 
ae5b2000-ae600000 rw-p 00000000 00:00 0          [stack:2999]
ae600000-ae626000 rw-p 00000000 00:00 0 
ae626000-ae700000 ---p 00000000 00:00 0 
ae701000-ae70a000 r-xp 00000000 07:00 264471     /usr/lib/i386-linux-gnu/libpciaccess.so.0.11.1
ae70a000-ae70b000 r--p 00008000 07:00 264471     /usr/lib/i386-linux-gnu/libpciaccess.so.0.11.1
ae70b000-ae70c000 rw-p 00009000 07:00 264471     /usr/lib/i386-linux-gnu/libpciaccess.so.0.11.1
ae70c000-ae70f000 r-xp 00000000 07:00 266197     /usr/lib/i386-linux-gnu/libxcb-dri2.so.0.0.0
ae70f000-ae710000 r--p 00003000 07:00 266197     /usr/lib/i386-linux-gnu/libxcb-dri2.so.0.0.0
ae710000-ae711000 rw-p 00004000 07:00 266197     /usr/lib/i386-linux-gnu/libxcb-dri2.so.0.0.0
ae711000-ae713000 r-xp 00000000 07:00 266189     /usr/lib/i386-linux-gnu/libXdamage.so.1.1.0
ae713000-ae714000 r--p 00001000 07:00 266189     /usr/lib/i386-linux-gnu/libXdamage.so.1.1.0
ae714000-ae715000 rw-p 00002000 07:00 266189     /usr/lib/i386-linux-gnu/libXdamage.so.1.1.0
ae715000-ae725000 r-xp 00000000 07:00 263678     /usr/lib/i386-linux-gnu/libglapi.so.0.0.0
ae725000-ae727000 r--p 0000f000 07:00 263678     /usr/lib/i386-linux-gnu/libglapi.so.0.0.0
ae727000-ae72c000 rwxp 00011000 07:00 263678     /usr/lib/i386-linux-gnu/libglapi.so.0.0.0
ae72c000-ae72d000 ---p 00000000 00:00 0 
ae72d000-ae82d000 rw-p 00000000 00:00 0          [stack:2997]
ae82d000-b282e000 rw-s 00000000 00:13 1282517    /run/shm/pulse-shm-2854517315
b282e000-b282f000 ---p 00000000 00:00 0 
b282f000-b302f000 rw-p 00000000 00:00 0          [stack:2996]
b302f000-b3042000 r-xp 00000000 07:00 1582751    /lib/i386-linux-gnu/libresolv-2.17.so
b3042000-b3043000 r--p 00013000 07:00 1582751    /lib/i386-linux-gnu/libresolv-2.17.so
b3043000-b3044000 rw-p 00014000 07:00 1582751    /lib/i386-linux-gnu/libresolv-2.17.so
b3044000-b3046000 rw-p 00000000 00:00 0 
b3046000-b304c000 r-xp 00000000 07:00 266289     /usr/lib/i386-linux-gnu/libogg.so.0.8.0
b304c000-b304d000 r--p 00005000 07:00 266289     /usr/lib/i386-linux-gnu/libogg.so.0.8.0
b304d000-b304e000 rw-p 00006000 07:00 266289     /usr/lib/i386-linux-gnu/libogg.so.0.8.0
b304e000-b3077000 r-xp 00000000 07:00 266476     /usr/lib/i386-linux-gnu/libvorbis.so.0.4.5
b3077000-b3078000 ---p 00029000 07:00 266476     /usr/lib/i386-linux-gnu/libvorbis.so.0.4.5
b3078000-b3079000 r--p 00029000 07:00 266476     /usr/lib/i386-linux-gnu/libvorbis.so.0.4.5
b3079000-b307a000 rw-p 0002a000 07:00 266476     /usr/lib/i386-linux-gnu/libvorbis.so.0.4.5
b307a000-b31e0000 r-xp 00000000 07:00 266474     /usr/lib/i386-linux-gnu/libvorbisenc.so.2.0.8
b31e0000-b31f1000 r--p 00165000 07:00 266474     /usr/lib/i386-linux-gnu/libvorbisenc.so.2.0.8
b31f1000-b31f2000 rw-p 00176000 07:00 266474     /usr/lib/i386-linux-gnu/libvorbisenc.so.2.0.8
b31f2000-b3240000 r-xp 00000000 07:00 266300     /usr/lib/i386-linux-gnu/libFLAC.so.8.2.0
b3240000-b3241000 r--p 0004e000 07:00 266300     /usr/lib/i386-linux-gnu/libFLAC.so.8.2.0
b3241000-b3242000 rw-p 0004f000 07:00 266300     /usr/lib/i386-linux-gnu/libFLAC.so.8.2.0
b3242000-b32af000 r-xp 00000000 07:00 266526     /usr/lib/i386-linux-gnu/libsndfile.so.1.0.25
b32af000-b32b1000 r--p 0006c000 07:00 266526     /usr/lib/i386-linux-gnu/libsndfile.so.1.0.25
b32b1000-b32b2000 rw-p 0006e000 07:00 266526     /usr/lib/i386-linux-gnu/libsndfile.so.1.0.25
b32b2000-b32b6000 rw-p 00000000 00:00 0 
b32b6000-b32be000 r-xp 00000000 07:00 1570816    /lib/i386-linux-gnu/libwrap.so.0.7.6
b32be000-b32bf000 r--p 00007000 07:00 1570816    /lib/i386-linux-gnu/libwrap.so.0.7.6
b32bf000-b32c0000 rw-p 00008000 07:00 1570816    /lib/i386-linux-gnu/libwrap.so.0.7.6
b32c0000-b3308000 r-xp 00000000 07:00 1569912    /lib/i386-linux-gnu/libdbus-1.so.3.7.2
b3308000-b3309000 r--p 00047000 07:00 1569912    /lib/i386-linux-gnu/libdbus-1.so.3.7.2
b3309000-b330a000 rw-p 00048000 07:00 1569912    /lib/i386-linux-gnu/libdbus-1.so.3.7.2
b330a000-b3373000 r-xp 00000000 07:00 275838     /usr/lib/i386-linux-gnu/pulseaudio/libpulsecommon-3.0.so
b3373000-b3374000 r--p 00068000 07:00 275838     /usr/lib/i386-linux-gnu/pulseaudio/libpulsecommon-3.0.so
b3374000-b3375000 rw-p 00069000 07:00 275838     /usr/lib/i386-linux-gnu/pulseaudio/libpulsecommon-3.0.so
b3375000-b33c1000 r-xp 00000000 07:00 275837     /usr/lib/i386-linux-gnu/libpulse.so.0.15.3
b33c1000-b33c2000 ---p 0004c000 07:00 275837     /usr/lib/i386-linux-gnu/libpulse.so.0.15.3
b33c2000-b33c3000 r--p 0004c000 07:00 275837     /usr/lib/i386-linux-gnu/libpulse.so.0.15.3
b33c3000-b33c4000 rw-p 0004d000 07:00 275837     /usr/lib/i386-linux-gnu/libpulse.so.0.15.3
b33c4000-b3412000 r-xp 00000000 07:00 1308596    /tmp/libgdxmaik/335398564/libopenal.so
b3412000-b3414000 r--p 0004d000 07:00 1308596    /tmp/libgdxmaik/335398564/libopenal.so
b3414000-b3415000 rw-p 0004f000 07:00 1308596    /tmp/libgdxmaik/335398564/libopenal.so
b3415000-b346f000 r-xp 00000000 07:00 1308594    /tmp/libgdxmaik/335398564/liblwjgl.so
b346f000-b3470000 r--p 0005a000 07:00 1308594    /tmp/libgdxmaik/335398564/liblwjgl.so
b3470000-b3471000 rw-p 0005b000 07:00 1308594    /tmp/libgdxmaik/335398564/liblwjgl.so
b3471000-b3474000 ---p 00000000 00:00 0 
b3474000-b34c2000 rw-p 00000000 00:00 0          [stack:2994]
b34c2000-b34c3000 r--s 00000000 07:00 1458977    /var/cache/fontconfig/c05880de57d1f5e948fdfacc138775d9-le32d4.cache-4
b34c3000-b34cb000 r--s 00000000 07:00 1450059    /var/cache/fontconfig/945677eb7aeaf62f1d50efc3fb3ec7d8-le32d4.cache-4
b34cb000-b34cd000 r--s 00000000 07:00 1450027    /var/cache/fontconfig/99e8ed0e538f840c565b6ed5dad60d56-le32d4.cache-4
b34cd000-b356c000 r--s 00000000 07:00 1442541    /var/cache/fontconfig/f77165c3a5c0e6d840970e91000fef78-le32d4.cache-4
b356c000-b3572000 r--s 00000000 07:00 1458975    /var/cache/fontconfig/a6d8cf8e4ec09cdbc8633c31745a07dd-le32d4.cache-4
b3572000-b3576000 r--s 00000000 07:00 1458974    /var/cache/fontconfig/2cd17615ca594fa2959ae173292e504c-le32d4.cache-4
b3576000-b3577000 r--s 00000000 07:00 1458973    /var/cache/fontconfig/e7071f4a29fa870f4323321c154eba04-le32d4.cache-4
b3577000-b357c000 r--s 00000000 07:00 1458972    /var/cache/fontconfig/6eb3985aa4124903f6ff08ba781cd364-le32d4.cache-4
b357c000-b357d000 r--s 00000000 07:00 1458971    /var/cache/fontconfig/0d8c3b2ac0904cb8a57a757ad11a4a08-le32d4.cache-4
b357d000-b3582000 r--s 00000000 07:00 1458970    /var/cache/fontconfig/a755afe4a08bf5b97852ceb7400b47bc-le32d4.cache-4
b3582000-b358b000 r--s 00000000 07:00 1458968    /var/cache/fontconfig/6d41288fd70b0be22e8c3a91e032eec0-le32d4.cache-4
b358b000-b359a000 r--s 00000000 07:00 1458967    /var/cache/fontconfig/04aabc0a78ac019cf9454389977116d2-le32d4.cache-4
b359a000-b359b000 r--s 00000000 07:00 1458966    /var/cache/fontconfig/1ac9eb803944fde146138c791f5cc56a-le32d4.cache-4
b359b000-b359e000 r--s 00000000 07:00 1458963    /var/cache/fontconfig/385c0604a188198f04d133e54aba7fe7-le32d4.cache-4
b359e000-b359f000 r--s 00000000 07:00 1458958    /var/cache/fontconfig/dc05db6664285cc2f12bf69c139ae4c3-le32d4.cache-4
b359f000-b35a3000 r--s 00000000 07:00 1458957    /var/cache/fontconfig/1c2c2997deddd45e0296fa5a60917b7d-le32d4.cache-4
b35a3000-b35a5000 r--s 00000000 07:00 1458956    /var/cache/fontconfig/767a8244fc0220cfb567a839d0392e0b-le32d4.cache-4
b35a5000-b35a6000 r--s 00000000 07:00 1458955    /var/cache/fontconfig/4794a0821666d79190d59a36cb4f44b5-le32d4.cache-4
b35a6000-b35a9000 r--s 00000000 07:00 1458954    /var/cache/fontconfig/8801497958630a81b71ace7c5f9b32a8-le32d4.cache-4
b35a9000-b35d8000 r--s 00000000 07:00 1458953    /var/cache/fontconfig/365b55f210c0a22e9a19e35191240f32-le32d4.cache-4
b35d8000-b35dd000 r--s 00000000 07:00 1458952    /var/cache/fontconfig/3047814df9a2f067bd2d96a2b9c36e5a-le32d4.cache-4
b35dd000-b35de000 r--s 00000000 07:00 1458951    /var/cache/fontconfig/56cf4f4769d0f4abc89a4895d7bd3ae1-le32d4.cache-4
b35de000-b35e2000 r--s 00000000 07:00 1458944    /var/cache/fontconfig/b47c4e1ecd0709278f4910c18777a504-le32d4.cache-4
b35f1000-b35f2000 rw-s 301e6000 00:05 10767      /dev/dri/card0
b35f2000-b35f6000 rw-s 00000000 00:04 1282724    /drm mm object (deleted)
b35f6000-b35f7000 rw-s 301e5000 00:05 10767      /dev/dri/card0
b35f7000-b35f8000 rw-s 30064000 00:05 10767      /dev/dri/card0
b35f8000-b35fc000 rw-s 00000000 00:04 1282721    /drm mm object (deleted)
b3600000-b3601000 rw-s 00000000 00:04 1282714    /drm mm object (deleted)
b3601000-b3602000 rw-s 307ef000 00:05 10767      /dev/dri/card0
b3602000-b3603000 rw-s 00000000 00:04 1282666    /drm mm object (deleted)
b3603000-b360a000 r--s 00000000 07:00 297903     /usr/lib/i386-linux-gnu/gconv/gconv-modules.cache
b360a000-b360b000 r--s 00000000 07:00 1458977    /var/cache/fontconfig/c05880de57d1f5e948fdfacc138775d9-le32d4.cache-4
b360b000-b3613000 r--s 00000000 07:00 1450059    /var/cache/fontconfig/945677eb7aeaf62f1d50efc3fb3ec7d8-le32d4.cache-4
b3613000-b3615000 r--s 00000000 07:00 1450027    /var/cache/fontconfig/99e8ed0e538f840c565b6ed5dad60d56-le32d4.cache-4
b3615000-b36b4000 r--s 00000000 07:00 1442541    /var/cache/fontconfig/f77165c3a5c0e6d840970e91000fef78-le32d4.cache-4
b36b4000-b36ba000 r--s 00000000 07:00 1458975    /var/cache/fontconfig/a6d8cf8e4ec09cdbc8633c31745a07dd-le32d4.cache-4
b36ba000-b36be000 r--s 00000000 07:00 1458974    /var/cache/fontconfig/2cd17615ca594fa2959ae173292e504c-le32d4.cache-4
b36be000-b36bf000 r--s 00000000 07:00 1458973    /var/cache/fontconfig/e7071f4a29fa870f4323321c154eba04-le32d4.cache-4
b36bf000-b36c4000 r--s 00000000 07:00 1458972    /var/cache/fontconfig/6eb3985aa4124903f6ff08ba781cd364-le32d4.cache-4
b36c4000-b36c5000 r--s 00000000 07:00 1458971    /var/cache/fontconfig/0d8c3b2ac0904cb8a57a757ad11a4a08-le32d4.cache-4
b36c5000-b36ca000 r--s 00000000 07:00 1458970    /var/cache/fontconfig/a755afe4a08bf5b97852ceb7400b47bc-le32d4.cache-4
b36ca000-b36d3000 r--s 00000000 07:00 1458968    /var/cache/fontconfig/6d41288fd70b0be22e8c3a91e032eec0-le32d4.cache-4
b36d3000-b36e2000 r--s 00000000 07:00 1458967    /var/cache/fontconfig/04aabc0a78ac019cf9454389977116d2-le32d4.cache-4
b36e2000-b36e3000 r--s 00000000 07:00 1458966    /var/cache/fontconfig/1ac9eb803944fde146138c791f5cc56a-le32d4.cache-4
b36e3000-b36e6000 r--s 00000000 07:00 1458963    /var/cache/fontconfig/385c0604a188198f04d133e54aba7fe7-le32d4.cache-4
b36e6000-b36e7000 r--s 00000000 07:00 1458958    /var/cache/fontconfig/dc05db6664285cc2f12bf69c139ae4c3-le32d4.cache-4
b36e7000-b36eb000 r--s 00000000 07:00 1458957    /var/cache/fontconfig/1c2c2997deddd45e0296fa5a60917b7d-le32d4.cache-4
b36eb000-b36ed000 r--s 00000000 07:00 1458956    /var/cache/fontconfig/767a8244fc0220cfb567a839d0392e0b-le32d4.cache-4
b36ed000-b36ee000 r--s 00000000 07:00 1458955    /var/cache/fontconfig/4794a0821666d79190d59a36cb4f44b5-le32d4.cache-4
b36ee000-b36f1000 r--s 00000000 07:00 1458954    /var/cache/fontconfig/8801497958630a81b71ace7c5f9b32a8-le32d4.cache-4
b36f1000-b3720000 r--s 00000000 07:00 1458953    /var/cache/fontconfig/365b55f210c0a22e9a19e35191240f32-le32d4.cache-4
b3720000-b3725000 r--s 00000000 07:00 1458952    /var/cache/fontconfig/3047814df9a2f067bd2d96a2b9c36e5a-le32d4.cache-4
b3725000-b3726000 r--s 00000000 07:00 1458951    /var/cache/fontconfig/56cf4f4769d0f4abc89a4895d7bd3ae1-le32d4.cache-4
b3726000-b372a000 r--s 00000000 07:00 1458944    /var/cache/fontconfig/b47c4e1ecd0709278f4910c18777a504-le32d4.cache-4
b372a000-b3731000 r--s 00000000 07:00 1458942    /var/cache/fontconfig/52f7bdb7ce746bfd7eaa1985bd9cfa93-le32d4.cache-4
b3731000-b3738000 r--s 00000000 07:00 1458942    /var/cache/fontconfig/52f7bdb7ce746bfd7eaa1985bd9cfa93-le32d4.cache-4
b3738000-b3739000 rwxp 00000000 00:00 0 
b3739000-b373e000 r-xp 00000000 07:00 266237     /usr/lib/i386-linux-gnu/libasyncns.so.0.3.1
b373e000-b373f000 r--p 00004000 07:00 266237     /usr/lib/i386-linux-gnu/libasyncns.so.0.3.1
b373f000-b3740000 rw-p 00005000 07:00 266237     /usr/lib/i386-linux-gnu/libasyncns.so.0.3.1
b3740000-b3745000 r-xp 00000000 07:00 265889     /usr/lib/i386-linux-gnu/libXfixes.so.3.1.0
b3745000-b3746000 r--p 00004000 07:00 265889     /usr/lib/i386-linux-gnu/libXfixes.so.3.1.0
b3746000-b3747000 rw-p 00005000 07:00 265889     /usr/lib/i386-linux-gnu/libXfixes.so.3.1.0
b3747000-b3750000 r-xp 00000000 07:00 266611     /usr/lib/i386-linux-gnu/libXcursor.so.1.0.2
b3750000-b3751000 r--p 00008000 07:00 266611     /usr/lib/i386-linux-gnu/libXcursor.so.1.0.2
b3751000-b3752000 rw-p 00009000 07:00 266611     /usr/lib/i386-linux-gnu/libXcursor.so.1.0.2
b3752000-b3753000 r-xp 00000000 07:00 267584     /usr/lib/i386-linux-gnu/libX11-xcb.so.1.0.0
b3753000-b3754000 r--p 00000000 07:00 267584     /usr/lib/i386-linux-gnu/libX11-xcb.so.1.0.0
b3754000-b3755000 rw-p 00001000 07:00 267584     /usr/lib/i386-linux-gnu/libX11-xcb.so.1.0.0
b3755000-b375d000 r-xp 00000000 07:00 1570294    /lib/i386-linux-gnu/libjson.so.0.1.0
b375d000-b375e000 r--p 00007000 07:00 1570294    /lib/i386-linux-gnu/libjson.so.0.1.0
b375e000-b375f000 rw-p 00008000 07:00 1570294    /lib/i386-linux-gnu/libjson.so.0.1.0
b375f000-b3763000 r-xp 00000000 07:00 269757     /usr/lib/i386-linux-gnu/libXxf86vm.so.1.0.0
b3763000-b3764000 r--p 00003000 07:00 269757     /usr/lib/i386-linux-gnu/libXxf86vm.so.1.0.0
b3764000-b3765000 rw-p 00004000 07:00 269757     /usr/lib/i386-linux-gnu/libXxf86vm.so.1.0.0
b3765000-b376e000 r-xp 00000000 07:00 265883     /usr/lib/i386-linux-gnu/libXrandr.so.2.2.0
b376e000-b376f000 r--p 00008000 07:00 265883     /usr/lib/i386-linux-gnu/libXrandr.so.2.2.0
b376f000-b3770000 rw-p 00009000 07:00 265883     /usr/lib/i386-linux-gnu/libXrandr.so.2.2.0
b3770000-b3771000 r-xp 00000000 07:00 296222     /usr/lib/jvm/java-6-openjdk-i386/jre/lib/i386/libjawt.so
b3771000-b3772000 r--p 00000000 07:00 296222     /usr/lib/jvm/java-6-openjdk-i386/jre/lib/i386/libjawt.so
b3772000-b3773000 rw-p 00001000 07:00 296222     /usr/lib/jvm/java-6-openjdk-i386/jre/lib/i386/libjawt.so
b3773000-b3774000 r--s 00000000 07:00 1458945    /var/cache/fontconfig/b9d506c9ac06c20b433354fa67a72993-le32d4.cache-4
b3774000-b3784000 r--s 00000000 07:00 1450090    /var/cache/fontconfig/d52a8644073d54c13679302ca1180695-le32d4.cache-4
b3784000-b378b000 r--s 00000000 07:00 1458934    /var/cache/fontconfig/3f7329c5293ffd510edef78f73874cfd-le32d4.cache-4
b378b000-b378c000 r--s 00000000 07:00 1458932    /var/cache/fontconfig/0c9eb80ebd1c36541ebe2852d3bb0c49-le32d4.cache-4
b378c000-b378d000 r--s 00000000 07:00 1450084    /var/cache/fontconfig/62f91419b9ebdb6975e7e41ab6412357-le32d4.cache-4
b378d000-b378f000 r--s 00000000 07:00 1450153    /var/cache/fontconfig/e13b20fdb08344e0e664864cc2ede53d-le32d4.cache-4
b378f000-b3792000 r--s 00000000 07:00 1458929    /var/cache/fontconfig/7ef2298fde41cc6eeb7af42e48b7d293-le32d4.cache-4
b3792000-b3793000 r--s 00000000 07:00 1449994    /home/maik/.cache/fontconfig/578171f5f238b8a7bb858af08da2de57-le32d4.cache-4
b3793000-b3794000 r--s 00000000 07:00 1449993    /home/maik/.cache/fontconfig/bd43c005a6d085c55fa3c0b7700969bf-le32d4.cache-4
b3794000-b3797000 ---p 00000000 00:00 0 
b3797000-b37e5000 rw-p 00000000 00:00 0          [stack:2993]
b37e5000-b387b000 r-xp 00000000 07:00 265978     /usr/lib/i386-linux-gnu/libfreetype.so.6.10.0
b387b000-b387f000 r--p 00095000 07:00 265978     /usr/lib/i386-linux-gnu/libfreetype.so.6.10.0
b387f000-b3880000 rw-p 00099000 07:00 265978     /usr/lib/i386-linux-gnu/libfreetype.so.6.10.0
b3880000-b38c7000 r-xp 00000000 07:00 300410     /usr/lib/jvm/java-6-openjdk-i386/jre/lib/i386/libfontmanager.so
b38c7000-b38c8000 r--p 00047000 07:00 300410     /usr/lib/jvm/java-6-openjdk-i386/jre/lib/i386/libfontmanager.so
b38c8000-b38c9000 rw-p 00048000 07:00 300410     /usr/lib/jvm/java-6-openjdk-i386/jre/lib/i386/libfontmanager.so
b38c9000-b38ce000 r-xp 00000000 07:00 285337     /usr/lib/i386-linux-gnu/libXdmcp.so.6.0.0
b38ce000-b38cf000 r--p 00004000 07:00 285337     /usr/lib/i386-linux-gnu/libXdmcp.so.6.0.0
b38cf000-b38d0000 rw-p 00005000 07:00 285337     /usr/lib/i386-linux-gnu/libXdmcp.so.6.0.0
b38d0000-b38d2000 r-xp 00000000 07:00 266641     /usr/lib/i386-linux-gnu/libXau.so.6.0.0
b38d2000-b38d3000 r--p 00001000 07:00 266641     /usr/lib/i386-linux-gnu/libXau.so.6.0.0
b38d3000-b38d4000 rw-p 00002000 07:00 266641     /usr/lib/i386-linux-gnu/libXau.so.6.0.0
b38d4000-b38f4000 r-xp 00000000 07:00 265988     /usr/lib/i386-linux-gnu/libxcb.so.1.1.0
b38f4000-b38f5000 r--p 0001f000 07:00 265988     /usr/lib/i386-linux-gnu/libxcb.so.1.1.0
b38f5000-b38f6000 rw-p 00020000 07:00 265988     /usr/lib/i386-linux-gnu/libxcb.so.1.1.0
b38f6000-b3904000 r-xp 00000000 07:00 265877     /usr/lib/i386-linux-gnu/libXi.so.6.1.0
b3904000-b3905000 r--p 0000d000 07:00 265877     /usr/lib/i386-linux-gnu/libXi.so.6.1.0
b3905000-b3906000 rw-p 0000e000 07:00 265877     /usr/lib/i386-linux-gnu/libXi.so.6.1.0
b3906000-b390e000 r-xp 00000000 07:00 265856     /usr/lib/i386-linux-gnu/libXrender.so.1.3.0
b390e000-b390f000 r--p 00008000 07:00 265856     /usr/lib/i386-linux-gnu/libXrender.so.1.3.0
b390f000-b3910000 rw-p 00009000 07:00 265856     /usr/lib/i386-linux-gnu/libXrender.so.1.3.0
b3910000-b3a43000 r-xp 00000000 07:00 262036     /usr/lib/i386-linux-gnu/libX11.so.6.3.0
b3a43000-b3a44000 r--p 00132000 07:00 262036     /usr/lib/i386-linux-gnu/libX11.so.6.3.0
b3a44000-b3a47000 rw-p 00133000 07:00 262036     /usr/lib/i386-linux-gnu/libX11.so.6.3.0
b3a47000-b3a57000 r-xp 00000000 07:00 262278     /usr/lib/i386-linux-gnu/libXext.so.6.4.0
b3a57000-b3a58000 r--p 0000f000 07:00 262278     /usr/lib/i386-linux-gnu/libXext.so.6.4.0
b3a58000-b3a59000 rw-p 00010000 07:00 262278     /usr/lib/i386-linux-gnu/libXext.so.6.4.0
b3a59000-b3a5a000 r--s 00000000 07:00 1458945    /var/cache/fontconfig/b9d506c9ac06c20b433354fa67a72993-le32d4.cache-4
b3a5a000-b3a6a000 r--s 00000000 07:00 1450090    /var/cache/fontconfig/d52a8644073d54c13679302ca1180695-le32d4.cache-4
b3a6a000-b3a71000 r--s 00000000 07:00 1458934    /var/cache/fontconfig/3f7329c5293ffd510edef78f73874cfd-le32d4.cache-4
b3a71000-b3a72000 r--s 00000000 07:00 1458932    /var/cache/fontconfig/0c9eb80ebd1c36541ebe2852d3bb0c49-le32d4.cache-4
b3a72000-b3a73000 r--s 00000000 07:00 1450084    /var/cache/fontconfig/62f91419b9ebdb6975e7e41ab6412357-le32d4.cache-4
b3a73000-b3a75000 r--s 00000000 07:00 1450153    /var/cache/fontconfig/e13b20fdb08344e0e664864cc2ede53d-le32d4.cache-4
b3a75000-b3a78000 r--s 00000000 07:00 1458929    /var/cache/fontconfig/7ef2298fde41cc6eeb7af42e48b7d293-le32d4.cache-4
b3a78000-b3a79000 r--s 00000000 07:00 1449994    /home/maik/.cache/fontconfig/578171f5f238b8a7bb858af08da2de57-le32d4.cache-4
b3a79000-b3a7a000 r--s 00000000 07:00 1449993    /home/maik/.cache/fontconfig/bd43c005a6d085c55fa3c0b7700969bf-le32d4.cache-4
b3a7a000-b3ac6000 r-xp 00000000 07:00 267891     /usr/lib/jvm/java-6-openjdk-i386/jre/lib/i386/xawt/libmawt.so
b3ac6000-b3ac7000 r--p 0004b000 07:00 267891     /usr/lib/jvm/java-6-openjdk-i386/jre/lib/i386/xawt/libmawt.so
b3ac7000-b3ac9000 rw-p 0004c000 07:00 267891     /usr/lib/jvm/java-6-openjdk-i386/jre/lib/i386/xawt/libmawt.so
b3ac9000-b3aca000 rw-p 00000000 00:00 0 
b3aca000-b3b63000 r-xp 00000000 07:00 295916     /usr/lib/jvm/java-6-openjdk-i386/jre/lib/i386/libawt.so
b3b63000-b3b64000 r--p 00098000 07:00 295916     /usr/lib/jvm/java-6-openjdk-i386/jre/lib/i386/libawt.so
b3b64000-b3b6b000 rw-p 00099000 07:00 295916     /usr/lib/jvm/java-6-openjdk-i386/jre/lib/i386/libawt.so
b3b6b000-b3b8f000 rw-p 00000000 00:00 0 
b3b8f000-b3bfe000 r-xp 00000000 07:00 1308587    /tmp/libgdxmaik/770986848/libgdx.so
b3bfe000-b3bff000 r--p 0006f000 07:00 1308587    /tmp/libgdxmaik/770986848/libgdx.so
b3bff000-b3c00000 rw-p 00070000 07:00 1308587    /tmp/libgdxmaik/770986848/libgdx.so
b3c00000-b3cfb000 rw-p 00000000 00:00 0 
b3cfb000-b3d00000 ---p 00000000 00:00 0 
b3d00000-b3d05000 r-xp 00000000 07:00 262782     /usr/lib/i386-linux-gnu/libXtst.so.6.1.0
b3d05000-b3d06000 r--p 00004000 07:00 262782     /usr/lib/i386-linux-gnu/libXtst.so.6.1.0
b3d06000-b3d07000 rw-p 00005000 07:00 262782     /usr/lib/i386-linux-gnu/libXtst.so.6.1.0
b3d07000-b3d0e000 r--s 000fc000 07:00 268440     /usr/lib/jvm/java-6-openjdk-common/jre/lib/resources.jar
b3d0e000-b3d0f000 r--s 00102000 07:00 1440691    /home/maik/shadow/shadow-platformer-desktop/libs/gdx-controllers-desktop-natives.jar
b3d0f000-b3d10000 r--s 00004000 07:00 1440666    /home/maik/shadow/shadow-platformer-desktop/libs/gdx-controllers-desktop.jar
b3d10000-b3d11000 r--s 0018b000 07:00 1494876    /home/maik/shadow/shadow-platformer-desktop/libs/gdx-natives.jar
b3d11000-b3d23000 r--s 00126000 07:00 1494874    /home/maik/shadow/shadow-platformer-desktop/libs/gdx-backend-lwjgl.jar
b3d23000-b3d2a000 r--s 00049000 07:00 1503607    /home/maik/shadow/shadow-platformer/libs/kryonet-2.18-all.jar
b3d2a000-b3d2b000 ---p 00000000 00:00 0 
b3d2b000-b3dab000 rw-p 00000000 00:00 0 
b3dab000-b3dae000 ---p 00000000 00:00 0 
b3dae000-b3dfc000 rw-p 00000000 00:00 0          [stack:2990]
b3dfc000-b3dff000 ---p 00000000 00:00 0 
b3dff000-b3e7d000 rw-p 00000000 00:00 0          [stack:2989]
b3e7d000-b3e80000 ---p 00000000 00:00 0 
b3e80000-b3ece000 rw-p 00000000 00:00 0 
b3ece000-b4000000 r--p 0018a000 07:00 261666     /usr/lib/locale/locale-archive
b4000000-b4200000 r--p 00000000 07:00 261666     /usr/lib/locale/locale-archive
b4200000-b42f6000 rw-p 00000000 00:00 0 
b42f6000-b4300000 ---p 00000000 00:00 0 
b4300000-b4301000 r--s 001e7000 07:00 1494875    /home/maik/shadow/shadow-platformer-desktop/libs/gdx-freetype-natives.jar
b4301000-b4303000 r--s 0019e000 07:00 1494872    /home/maik/shadow/shadow-platformer-desktop/libs/gdx-backend-lwjgl-natives.jar
b4303000-b4304000 r--s 0012b000 07:00 1494871    /home/maik/shadow/shadow-platformer-desktop/libs/gdx-audio-natives.jar
b4304000-b4305000 r--s 00002000 07:00 1441334    /home/maik/shadow/shadow-platformer/libs/gdx-controllers.jar
b4305000-b4319000 r--s 00135000 07:00 1494614    /home/maik/shadow/shadow-platformer/libs/gdx.jar
b4319000-b431a000 r--s 00004000 07:00 1494612    /home/maik/shadow/shadow-platformer/libs/gdx-freetype.jar
b431a000-b431d000 r--s 00031000 07:00 268443     /usr/lib/jvm/java-6-openjdk-common/jre/lib/ext/sunjce_provider.jar
b431d000-b431f000 r--s 0000f000 07:00 268444     /usr/lib/jvm/java-6-openjdk-common/jre/lib/ext/pulse-java.jar
b431f000-b4322000 r--s 00077000 07:00 268442     /usr/lib/jvm/java-6-openjdk-common/jre/lib/ext/localedata.jar
b4322000-b4325000 ---p 00000000 00:00 0 
b4325000-b4373000 rw-p 00000000 00:00 0          [stack:2987]
b4373000-b4376000 ---p 00000000 00:00 0 
b4376000-b43c4000 rw-p 00000000 00:00 0          [stack:2986]
b43c4000-b43c5000 ---p 00000000 00:00 0 
b43c5000-b4478000 rw-p 00000000 00:00 0          [stack:2985]
b4478000-b460c000 r--s 03807000 07:00 275877     /usr/lib/jvm/java-6-openjdk-i386/jre/lib/rt.jar
b460c000-b4613000 rw-p 00000000 00:00 0 
b4613000-b462d000 rw-p 00000000 00:00 0 
b462d000-b4633000 rw-p 00000000 00:00 0 
b4633000-b46d8000 rw-p 00000000 00:00 0 
b46d8000-b46db000 rw-p 00000000 00:00 0 
b46db000-b472d000 rw-p 00000000 00:00 0 
b472d000-b4733000 rw-p 00000000 00:00 0 
b4733000-b47d8000 rw-p 00000000 00:00 0 
b47d8000-b47de000 rw-p 00000000 00:00 0 
b47de000-b47f8000 rw-p 00000000 00:00 0 
b47f8000-b4808000 rw-p 00000000 00:00 0 
b4808000-b4884000 rw-p 00000000 00:00 0 
b4884000-b4954000 rwxp 00000000 00:00 0 
b4954000-b6884000 rw-p 00000000 00:00 0 
b6884000-b688f000 r-xp 00000000 07:00 1582739    /lib/i386-linux-gnu/libnss_files-2.17.so
b688f000-b6890000 r--p 0000a000 07:00 1582739    /lib/i386-linux-gnu/libnss_files-2.17.so
b6890000-b6891000 rw-p 0000b000 07:00 1582739    /lib/i386-linux-gnu/libnss_files-2.17.so
b6891000-b689b000 r-xp 00000000 07:00 1582745    /lib/i386-linux-gnu/libnss_nis-2.17.so
b689b000-b689c000 r--p 00009000 07:00 1582745    /lib/i386-linux-gnu/libnss_nis-2.17.so
b689c000-b689d000 rw-p 0000a000 07:00 1582745    /lib/i386-linux-gnu/libnss_nis-2.17.so
b689d000-b68b2000 r-xp 00000000 07:00 1582754    /lib/i386-linux-gnu/libnsl-2.17.so
b68b2000-b68b3000 r--p 00014000 07:00 1582754    /lib/i386-linux-gnu/libnsl-2.17.so
b68b3000-b68b4000 rw-p 00015000 07:00 1582754    /lib/i386-linux-gnu/libnsl-2.17.so
b68b4000-b68b6000 rw-p 00000000 00:00 0 
b68b6000-b68b7000 r--s 00005000 07:00 1494610    /home/maik/shadow/shadow-platformer/libs/gdx-audio.jar
b68b7000-b68b9000 r--s 00006000 07:00 532142     /usr/share/java/java-atk-wrapper.jar
b68b9000-b68bd000 r--s 00039000 07:00 268441     /usr/lib/jvm/java-6-openjdk-common/jre/lib/ext/sunpkcs11.jar
b68bd000-b68bf000 r--s 00001000 07:00 268468     /usr/lib/jvm/java-6-openjdk-common/jre/lib/ext/dnsns.jar
b68bf000-b68c6000 rw-p 00000000 00:00 0 
b68c6000-b68cd000 r-xp 00000000 07:00 295619     /usr/lib/jvm/java-6-openjdk-i386/jre/lib/i386/libzip.so
b68cd000-b68ce000 r--p 00006000 07:00 295619     /usr/lib/jvm/java-6-openjdk-i386/jre/lib/i386/libzip.so
b68ce000-b68cf000 rw-p 00007000 07:00 295619     /usr/lib/jvm/java-6-openjdk-i386/jre/lib/i386/libzip.so
b68cf000-b68d7000 rw-s 00000000 07:00 1308585    /tmp/hsperfdata_maik/2979 (deleted)
b68d7000-b68fd000 r-xp 00000000 07:00 296232     /usr/lib/jvm/java-6-openjdk-i386/jre/lib/i386/libjava.so
b68fd000-b68fe000 r--p 00026000 07:00 296232     /usr/lib/jvm/java-6-openjdk-i386/jre/lib/i386/libjava.so
b68fe000-b6900000 rw-p 00027000 07:00 296232     /usr/lib/jvm/java-6-openjdk-i386/jre/lib/i386/libjava.so
b6900000-b69fc000 rw-p 00000000 00:00 0 
b69fc000-b6a00000 ---p 00000000 00:00 0 
b6a00000-b6a07000 r-xp 00000000 07:00 1570878    /lib/i386-linux-gnu/librt-2.17.so
b6a07000-b6a08000 r--p 00006000 07:00 1570878    /lib/i386-linux-gnu/librt-2.17.so
b6a08000-b6a09000 rw-p 00007000 07:00 1570878    /lib/i386-linux-gnu/librt-2.17.so
b6a09000-b6a0c000 ---p 00000000 00:00 0 
b6a0c000-b6a5a000 rw-p 00000000 00:00 0          [stack:2984]
b6a5a000-b6a75000 r-xp 00000000 07:00 1571574    /lib/i386-linux-gnu/libgcc_s.so.1
b6a75000-b6a76000 r--p 0001a000 07:00 1571574    /lib/i386-linux-gnu/libgcc_s.so.1
b6a76000-b6a77000 rw-p 0001b000 07:00 1571574    /lib/i386-linux-gnu/libgcc_s.so.1
b6a77000-b6ab8000 r-xp 00000000 07:00 1582738    /lib/i386-linux-gnu/libm-2.17.so
b6ab8000-b6ab9000 r--p 00040000 07:00 1582738    /lib/i386-linux-gnu/libm-2.17.so
b6ab9000-b6aba000 rw-p 00041000 07:00 1582738    /lib/i386-linux-gnu/libm-2.17.so
b6aba000-b6b96000 r-xp 00000000 07:00 298111     /usr/lib/i386-linux-gnu/libstdc++.so.6.0.17
b6b96000-b6b97000 ---p 000dc000 07:00 298111     /usr/lib/i386-linux-gnu/libstdc++.so.6.0.17
b6b97000-b6b9b000 r--p 000dc000 07:00 298111     /usr/lib/i386-linux-gnu/libstdc++.so.6.0.17
b6b9b000-b6b9c000 rw-p 000e0000 07:00 298111     /usr/lib/i386-linux-gnu/libstdc++.so.6.0.17
b6b9c000-b6ba3000 rw-p 00000000 00:00 0 
b6ba3000-b70b2000 r-xp 00000000 07:00 296259     /usr/lib/jvm/java-6-openjdk-i386/jre/lib/i386/client/libjvm.so
b70b2000-b70c9000 r--p 0050e000 07:00 296259     /usr/lib/jvm/java-6-openjdk-i386/jre/lib/i386/client/libjvm.so
b70c9000-b70d6000 rw-p 00525000 07:00 296259     /usr/lib/jvm/java-6-openjdk-i386/jre/lib/i386/client/libjvm.so
b70d6000-b74f0000 rw-p 00000000 00:00 0 
b74f0000-b7507000 r-xp 00000000 07:00 1570758    /lib/i386-linux-gnu/libz.so.1.2.7
b7507000-b7508000 r--p 00016000 07:00 1570758    /lib/i386-linux-gnu/libz.so.1.2.7
b7508000-b7509000 rw-p 00017000 07:00 1570758    /lib/i386-linux-gnu/libz.so.1.2.7
b7509000-b76b6000 r-xp 00000000 07:00 1582740    /lib/i386-linux-gnu/libc-2.17.so
b76b6000-b76b8000 r--p 001ad000 07:00 1582740    /lib/i386-linux-gnu/libc-2.17.so
b76b8000-b76b9000 rw-p 001af000 07:00 1582740    /lib/i386-linux-gnu/libc-2.17.so
b76b9000-b76bc000 rw-p 00000000 00:00 0 
b76bc000-b76bf000 r-xp 00000000 07:00 1582749    /lib/i386-linux-gnu/libdl-2.17.so
b76bf000-b76c0000 r--p 00002000 07:00 1582749    /lib/i386-linux-gnu/libdl-2.17.so
b76c0000-b76c1000 rw-p 00003000 07:00 1582749    /lib/i386-linux-gnu/libdl-2.17.so
b76c1000-b76c5000 r-xp 00000000 07:00 296224     /usr/lib/jvm/java-6-openjdk-i386/jre/lib/i386/jli/libjli.so
b76c5000-b76c6000 r--p 00003000 07:00 296224     /usr/lib/jvm/java-6-openjdk-i386/jre/lib/i386/jli/libjli.so
b76c6000-b76c7000 rw-p 00004000 07:00 296224     /usr/lib/jvm/java-6-openjdk-i386/jre/lib/i386/jli/libjli.so
b76c7000-b76de000 r-xp 00000000 07:00 1582744    /lib/i386-linux-gnu/libpthread-2.17.so
b76de000-b76df000 r--p 00016000 07:00 1582744    /lib/i386-linux-gnu/libpthread-2.17.so
b76df000-b76e0000 rw-p 00017000 07:00 1582744    /lib/i386-linux-gnu/libpthread-2.17.so
b76e0000-b76e3000 rw-p 00000000 00:00 0 
b76e3000-b76e4000 r--s 00001000 07:00 1494608    /home/maik/shadow/shadow-platformer/libs/bodyeditor-loader.jar
b76e4000-b76ea000 rw-p 00000000 00:00 0 
b76ea000-b76f1000 r-xp 00000000 07:00 1582737    /lib/i386-linux-gnu/libnss_compat-2.17.so
b76f1000-b76f2000 r--p 00006000 07:00 1582737    /lib/i386-linux-gnu/libnss_compat-2.17.so
b76f2000-b76f3000 rw-p 00007000 07:00 1582737    /lib/i386-linux-gnu/libnss_compat-2.17.so
b76f3000-b76f4000 rw-p 00000000 00:00 0 
b76f4000-b76f5000 ---p 00000000 00:00 0 
b76f5000-b7702000 r-xp 00000000 07:00 296201     /usr/lib/jvm/java-6-openjdk-i386/jre/lib/i386/libverify.so
b7702000-b7703000 r--p 0000c000 07:00 296201     /usr/lib/jvm/java-6-openjdk-i386/jre/lib/i386/libverify.so
b7703000-b7704000 rw-p 0000d000 07:00 296201     /usr/lib/jvm/java-6-openjdk-i386/jre/lib/i386/libverify.so
b7704000-b7706000 rw-p 00000000 00:00 0 
b7706000-b7707000 r-xp 00000000 00:00 0          [vdso]
b7707000-b7727000 r-xp 00000000 07:00 1582753    /lib/i386-linux-gnu/ld-2.17.so
b7727000-b7728000 r--p 0001f000 07:00 1582753    /lib/i386-linux-gnu/ld-2.17.so
b7728000-b7729000 rw-p 00020000 07:00 1582753    /lib/i386-linux-gnu/ld-2.17.so
bfd0d000-bfd2e000 rw-p 00000000 00:00 0          [stack]

VM Arguments:
jvm_args: -XX:+HeapDumpOnOutOfMemoryError -verbose:gc -Dfile.encoding=UTF-8 
java_command: net.fourbytes.shadow.Main
Launcher Type: SUN_STANDARD

Environment Variables:
PATH=/usr/local/sbin:/usr/local/bin:/usr/sbin:/usr/bin:/sbin:/bin:/usr/games:/usr/local/games
USERNAME=maik
LD_LIBRARY_PATH=/usr/lib/jvm/java-6-openjdk-i386/jre/lib/i386/client:/usr/lib/jvm/java-6-openjdk-i386/jre/lib/i386:/usr/lib/jvm/java-6-openjdk-i386/jre/../lib/i386:/usr/lib/jvm/java-7-openjdk-i386/jre/lib/i386/client:/usr/lib/jvm/java-7-openjdk-i386/jre/lib/i386:
SHELL=/bin/bash
DISPLAY=:0

Signal Handlers:
SIGSEGV: [libjvm.so+0x3f03e0], sa_mask[0]=0x7ffbfeff, sa_flags=0x10000004
SIGBUS: [libjvm.so+0x3f03e0], sa_mask[0]=0x7ffbfeff, sa_flags=0x10000004
SIGFPE: [libjvm.so+0x30da80], sa_mask[0]=0x7ffbfeff, sa_flags=0x10000004
SIGPIPE: [libjvm.so+0x30da80], sa_mask[0]=0x7ffbfeff, sa_flags=0x10000004
SIGXFSZ: [libjvm.so+0x30da80], sa_mask[0]=0x7ffbfeff, sa_flags=0x10000004
SIGILL: [libjvm.so+0x30da80], sa_mask[0]=0x7ffbfeff, sa_flags=0x10000004
SIGUSR1: SIG_DFL, sa_mask[0]=0x00000000, sa_flags=0x00000000
SIGUSR2: [libjvm.so+0x30d920], sa_mask[0]=0x00000004, sa_flags=0x10000004
SIGHUP: [libjvm.so+0x3105b0], sa_mask[0]=0x7ffbfeff, sa_flags=0x10000004
SIGINT: [libjvm.so+0x3105b0], sa_mask[0]=0x7ffbfeff, sa_flags=0x10000004
SIGTERM: [libjvm.so+0x3105b0], sa_mask[0]=0x7ffbfeff, sa_flags=0x10000004
SIGQUIT: [libjvm.so+0x3105b0], sa_mask[0]=0x7ffbfeff, sa_flags=0x10000004


---------------  S Y S T E M  ---------------

OS:Ubuntu 13.04 (raring)
uname:Linux 3.11.0-031100rc3-generic #201307290035 SMP Mon Jul 29 04:44:46 UTC 2013 i686
libc:glibc 2.17 NPTL 2.17 
rlimit: STACK 8192k, CORE 0k, NPROC 15444, NOFILE 4096, AS infinity
load average:2.18 1.56 1.36

/proc/meminfo:
MemTotal:        1993468 kB
MemFree:          134616 kB
Buffers:           96620 kB
Cached:           445788 kB
SwapCached:        67072 kB
Active:           726356 kB
Inactive:         900596 kB
Active(anon):     634280 kB
Inactive(anon):   817080 kB
Active(file):      92076 kB
Inactive(file):    83516 kB
Unevictable:        2716 kB
Mlocked:             100 kB
HighTotal:       1112452 kB
HighFree:          19516 kB
LowTotal:         881016 kB
LowFree:          115100 kB
SwapTotal:       1258872 kB
SwapFree:         842568 kB
Dirty:               604 kB
Writeback:             0 kB
AnonPages:       1054372 kB
Mapped:            76616 kB
Shmem:            364160 kB
Slab:              47776 kB
SReclaimable:      27368 kB
SUnreclaim:        20408 kB
KernelStack:        4128 kB
PageTables:        11096 kB
NFS_Unstable:          0 kB
Bounce:                0 kB
WritebackTmp:          0 kB
CommitLimit:     2255604 kB
Committed_AS:    4985024 kB
VmallocTotal:     122880 kB
VmallocUsed:       16340 kB
VmallocChunk:     106088 kB
HardwareCorrupted:     0 kB
AnonHugePages:         0 kB
HugePages_Total:       0
HugePages_Free:        0
HugePages_Rsvd:        0
HugePages_Surp:        0
Hugepagesize:       2048 kB
DirectMap4k:       12280 kB
DirectMap2M:      901120 kB


CPU:total 1 (1 cores per cpu, 1 threads per core) family 6 model 23 stepping 10, cmov, cx8, fxsr, mmx, sse, sse2, sse3, ssse3

Memory: 4k page, physical 1993468k(134616k free), swap 1258872k(842568k free)

vm_info: OpenJDK Client VM (20.0-b12) for linux-x86 JRE (1.6.0_27-b27), built on Jul 17 2013 13:48:06 by "buildd" with gcc 4.7.3

time: Fri Aug  9 22:28:50 2013
elapsed time: 5 seconds

