#
# A fatal error has been detected by the Java Runtime Environment:
#
#  SIGSEGV (0xb) at pc=0x00000000, pid=3927, tid=2928155456
#
# JRE version: 6.0_27-b27
# Java VM: OpenJDK Client VM (20.0-b12 mixed mode, sharing linux-x86 )
# Derivative: IcedTea6 1.12.6
# Distribution: Ubuntu 13.04, package 6b27-1.12.6-1ubuntu0.13.04.2
# Problematic frame:
# C  0x00000000
#
# If you would like to submit a bug report, please include
# instructions how to reproduce the bug and visit:
#   https://bugs.launchpad.net/ubuntu/+source/openjdk-6/
#

---------------  T H R E A D  ---------------

Current thread is native thread

siginfo:si_signo=SIGSEGV: si_errno=0, si_code=1 (SEGV_MAPERR), si_addr=0x00000000

Registers:
EAX=0xb3469450, EBX=0xb3468ff4, ECX=0x00000000, EDX=0xb3cb4eb0
ESP=0xae8811ec, EBP=0x00012000, ESI=0x00000400, EDI=0xb3c9fd50
EIP=0x00000000, EFLAGS=0x00010246, CR2=0x00000000

Top of Stack: (sp=0xae8811ec)
0xae8811ec:   b3436348 b3c9fd50 00000000 00001000
0xae8811fc:   400c27c2 b3418000 b3c8d1b0 0817c450
0xae88120c:   b33f1b5d 00000000 00000001 00000086
0xae88121c:   b77246ce b772b7cf b33c9000 b3c8cce8
0xae88122c:   b33c9000 bb800000 00002000 b3c87be0
0xae88123c:   b338d802 b3c87be0 00002000 b3418000
0xae88124c:   b338c40d b3c8d1d4 b3c88a48 00000000
0xae88125c:   b33a8c0f b3c86ef0 b3c8cce8 b33c9000 

Instructions: (pc=0x00000000)
0xffffffe0:   

Register to memory mapping:

EAX=
[error occurred during error reporting (printing register info), id 0xb]

Stack: [0xae781000,0xae882000],  sp=0xae8811ec,  free space=1024k

---------------  P R O C E S S  ---------------

VM state:at safepoint (shutting down)

VM Mutex/Monitor currently owned by a thread:  ([mutex/lock_event])
[0xb6903ad0] Threads_lock - owner thread: 0xb6932400

Heap
 def new generation   total 4992K, used 449K [0x6ea40000, 0x6efa0000, 0x794e0000)
  eden space 4480K,  10% used [0x6ea40000, 0x6eab0658, 0x6eea0000)
  from space 512K,   0% used [0x6eea0000, 0x6eea0000, 0x6ef20000)
  to   space 512K,   0% used [0x6ef20000, 0x6ef20000, 0x6efa0000)
 tenured generation   total 10944K, used 1479K [0x794e0000, 0x79f90000, 0x8ea40000)
   the space 10944K,  13% used [0x794e0000, 0x79651ca0, 0x79651e00, 0x79f90000)
 compacting perm gen  total 12288K, used 3089K [0x8ea40000, 0x8f640000, 0x92a40000)
   the space 12288K,  25% used [0x8ea40000, 0x8ed446a8, 0x8ed44800, 0x8f640000)
    ro space 10240K,  73% used [0x92a40000, 0x931a5fa0, 0x931a6000, 0x93440000)
    rw space 12288K,  60% used [0x93440000, 0x93b8dbf8, 0x93b8dc00, 0x94040000)

Code Cache  [0xb48da000, 0xb49b2000, 0xb68da000)
 total_blobs=517 nmethods=216 adapters=237 free_code_cache=32670144 largest_free_block=64

Dynamic libraries:
08048000-08051000 r-xp 00000000 07:00 270379     /usr/lib/jvm/java-6-openjdk-i386/jre/bin/java
08051000-08052000 r--p 00008000 07:00 270379     /usr/lib/jvm/java-6-openjdk-i386/jre/bin/java
08052000-08053000 rw-p 00009000 07:00 270379     /usr/lib/jvm/java-6-openjdk-i386/jre/bin/java
080ff000-0821a000 rw-p 00000000 00:00 0          [heap]
6ea40000-6efa0000 rw-p 00000000 00:00 0 
6efa0000-794e0000 rw-p 00000000 00:00 0 
794e0000-79f90000 rw-p 00000000 00:00 0 
79f90000-8ea40000 rw-p 00000000 00:00 0 
8ea40000-8f640000 rw-p 00000000 00:00 0 
8f640000-92a40000 rw-p 00000000 00:00 0 
92a40000-931a6000 r--s 00001000 07:00 280804     /usr/lib/jvm/java-6-openjdk-i386/jre/lib/i386/client/classes.jsa
931a6000-93440000 rw-p 00000000 00:00 0 
93440000-93b8e000 rw-p 00767000 07:00 280804     /usr/lib/jvm/java-6-openjdk-i386/jre/lib/i386/client/classes.jsa
93b8e000-94040000 rw-p 00000000 00:00 0 
94040000-9413d000 rw-p 00eb5000 07:00 280804     /usr/lib/jvm/java-6-openjdk-i386/jre/lib/i386/client/classes.jsa
9413d000-94440000 rw-p 00000000 00:00 0 
94440000-94448000 r-xs 00fb2000 07:00 280804     /usr/lib/jvm/java-6-openjdk-i386/jre/lib/i386/client/classes.jsa
94448000-94840000 rw-p 00000000 00:00 0 
a587a000-a59fa000 rw-s 19e76000 00:05 10486      /dev/dri/card0
a59fa000-a5b7a000 rw-s 19cf5000 00:05 10486      /dev/dri/card0
a5c7b000-a747b000 rw-s 184f5000 00:05 10486      /dev/dri/card0
a747b000-a847c000 rw-p 00000000 00:00 0 
a847c000-a8a7c000 rw-s 17ef5000 00:05 10486      /dev/dri/card0
a8a7c000-a8e7d000 rw-p 00000000 00:00 0 
a8e7d000-aa67d000 rw-s 166f5000 00:05 10486      /dev/dri/card0
aa67d000-ab67e000 rw-p 00000000 00:00 0 
ab67e000-abc7e000 rw-s 160f5000 00:05 10486      /dev/dri/card0
abc7e000-ac07f000 rw-p 00000000 00:00 0 
ac07f000-ac1ff000 rw-s 14511000 00:05 10486      /dev/dri/card0
ac20e000-ac211000 ---p 00000000 00:00 0 
ac211000-ac25f000 rw-p 00000000 00:00 0 
ac25f000-ac2fb000 r-xp 00000000 07:00 1308605    /tmp/libgdxmaik/1282459102/libgdx-freetype.so
ac2fb000-ac2ff000 r--p 0009b000 07:00 1308605    /tmp/libgdxmaik/1282459102/libgdx-freetype.so
ac2ff000-ac300000 rw-p 0009f000 07:00 1308605    /tmp/libgdxmaik/1282459102/libgdx-freetype.so
ac300000-ac500000 rw-s 14e80000 00:05 10486      /dev/dri/card0
ac500000-ac5fe000 rw-p 00000000 00:00 0 
ac5fe000-ac600000 ---p 00000000 00:00 0 
ac600000-ac69c000 rw-p 00000000 00:00 0 
ac69c000-ac700000 ---p 00000000 00:00 0 
ac700000-ac900000 rw-p 00000000 00:00 0 
ac900000-ac9fb000 rw-p 00000000 00:00 0 
ac9fb000-aca00000 ---p 00000000 00:00 0 
aca0f000-aca12000 ---p 00000000 00:00 0 
aca12000-aca60000 rw-p 00000000 00:00 0 
aca60000-aca67000 rw-s 1a0b0000 00:05 10486      /dev/dri/card0
aca67000-aca6a000 rw-s 1a0ad000 00:05 10486      /dev/dri/card0
aca6a000-aca6e000 rw-s 1a0a9000 00:05 10486      /dev/dri/card0
aca6e000-aca72000 rw-s 1a0a5000 00:05 10486      /dev/dri/card0
aca72000-acd00000 rw-p 00000000 00:00 0 
acd00000-acefe000 rw-p 00000000 00:00 0 
acefe000-acf00000 ---p 00000000 00:00 0 
acf00000-acff9000 rw-p 00000000 00:00 0 
acff9000-ad000000 ---p 00000000 00:00 0 
ad001000-ad005000 rw-s 1a0a1000 00:05 10486      /dev/dri/card0
ad005000-ad008000 rw-s 1a09e000 00:05 10486      /dev/dri/card0
ad008000-ad00b000 rw-s 1a09b000 00:05 10486      /dev/dri/card0
ad00b000-ad00f000 rw-s 1a097000 00:05 10486      /dev/dri/card0
ad00f000-ad012000 rw-s 1a054000 00:05 10486      /dev/dri/card0
ad012000-ad016000 rw-s 1a050000 00:05 10486      /dev/dri/card0
ad016000-ad019000 rw-s 1a04d000 00:05 10486      /dev/dri/card0
ad019000-ad01c000 rw-s 1a04a000 00:05 10486      /dev/dri/card0
ad01c000-ad01f000 rw-s 1a047000 00:05 10486      /dev/dri/card0
ad01f000-ad022000 rw-s 1a044000 00:05 10486      /dev/dri/card0
ad022000-ad029000 rw-s 1a03d000 00:05 10486      /dev/dri/card0
ad029000-adeee000 rw-p 00000000 00:00 0 
adeee000-adf45000 rw-p 00000000 00:00 0 
adf46000-adf47000 rw-s 1a0b8000 00:05 10486      /dev/dri/card0
adf47000-adf4a000 rw-s 1a03a000 00:05 10486      /dev/dri/card0
adf4a000-adf4e000 rw-s 1a036000 00:05 10486      /dev/dri/card0
adf4e000-adf51000 rw-s 1a033000 00:05 10486      /dev/dri/card0
adf51000-adf55000 rw-s 1a02f000 00:05 10486      /dev/dri/card0
adf55000-adf58000 rw-s 1a02c000 00:05 10486      /dev/dri/card0
adf58000-adf5b000 rw-s 1a029000 00:05 10486      /dev/dri/card0
adf5b000-adf5f000 rw-s 1a025000 00:05 10486      /dev/dri/card0
adf5f000-adf62000 rw-s 1a022000 00:05 10486      /dev/dri/card0
adf62000-adf65000 rw-s 1a01f000 00:05 10486      /dev/dri/card0
adf65000-adf68000 rw-s 1a01c000 00:05 10486      /dev/dri/card0
adf68000-adf6b000 rw-s 1a019000 00:05 10486      /dev/dri/card0
adf6b000-adf6e000 rw-s 1a016000 00:05 10486      /dev/dri/card0
adf6e000-adf74000 rw-s 1a00d000 00:05 10486      /dev/dri/card0
adf74000-adf7b000 rw-s 1a006000 00:05 10486      /dev/dri/card0
adf7b000-adfb3000 rw-s 15080000 00:05 10486      /dev/dri/card0
adfb3000-adfd3000 r-xp 00000000 07:00 1308604    /tmp/libgdxmaik/1810227264/libgdx-controllers-desktop.so
adfd3000-adfd4000 r--p 00020000 07:00 1308604    /tmp/libgdxmaik/1810227264/libgdx-controllers-desktop.so
adfd4000-adfd5000 rw-p 00021000 07:00 1308604    /tmp/libgdxmaik/1810227264/libgdx-controllers-desktop.so
adfd5000-ae007000 r-xp 00000000 07:00 262120     /usr/lib/i386-linux-gnu/libtxc_dxtn_s2tc.so.0.0.0
ae007000-ae008000 r--p 00031000 07:00 262120     /usr/lib/i386-linux-gnu/libtxc_dxtn_s2tc.so.0.0.0
ae008000-ae009000 rw-p 00032000 07:00 262120     /usr/lib/i386-linux-gnu/libtxc_dxtn_s2tc.so.0.0.0
ae009000-ae012000 r-xp 00000000 07:00 264471     /usr/lib/i386-linux-gnu/libpciaccess.so.0.11.1
ae012000-ae013000 r--p 00008000 07:00 264471     /usr/lib/i386-linux-gnu/libpciaccess.so.0.11.1
ae013000-ae014000 rw-p 00009000 07:00 264471     /usr/lib/i386-linux-gnu/libpciaccess.so.0.11.1
ae014000-ae035000 r-xp 00000000 07:00 266218     /usr/lib/i386-linux-gnu/libdrm_intel.so.1.0.0
ae035000-ae036000 r--p 00020000 07:00 266218     /usr/lib/i386-linux-gnu/libdrm_intel.so.1.0.0
ae036000-ae037000 rw-p 00021000 07:00 266218     /usr/lib/i386-linux-gnu/libdrm_intel.so.1.0.0
ae037000-ae05c000 r-xp 00000000 07:00 1571548    /lib/i386-linux-gnu/libexpat.so.1.6.0
ae05c000-ae05e000 r--p 00025000 07:00 1571548    /lib/i386-linux-gnu/libexpat.so.1.6.0
ae05e000-ae05f000 rw-p 00027000 07:00 1571548    /lib/i386-linux-gnu/libexpat.so.1.6.0
ae05f000-ae42b000 r-xp 00000000 07:00 263667     /usr/lib/i386-linux-gnu/libdricore9.3.0-devel.so.1.0.0
ae42b000-ae42c000 ---p 003cc000 07:00 263667     /usr/lib/i386-linux-gnu/libdricore9.3.0-devel.so.1.0.0
ae42c000-ae435000 r--p 003cc000 07:00 263667     /usr/lib/i386-linux-gnu/libdricore9.3.0-devel.so.1.0.0
ae435000-ae43c000 rw-p 003d5000 07:00 263667     /usr/lib/i386-linux-gnu/libdricore9.3.0-devel.so.1.0.0
ae43c000-ae451000 rw-p 00000000 00:00 0 
ae451000-ae53a000 r-xp 00000000 07:00 266266     /usr/lib/i386-linux-gnu/dri/i965_dri.so
ae53a000-ae53c000 r--p 000e9000 07:00 266266     /usr/lib/i386-linux-gnu/dri/i965_dri.so
ae53c000-ae53d000 rw-p 000eb000 07:00 266266     /usr/lib/i386-linux-gnu/dri/i965_dri.so
ae53d000-ae53e000 rw-p 00000000 00:00 0 
ae53e000-ae554000 r-xp 00000000 07:00 266178     /usr/lib/i386-linux-gnu/libxcb-glx.so.0.0.0
ae554000-ae555000 r--p 00016000 07:00 266178     /usr/lib/i386-linux-gnu/libxcb-glx.so.0.0.0
ae555000-ae556000 rw-p 00017000 07:00 266178     /usr/lib/i386-linux-gnu/libxcb-glx.so.0.0.0
ae556000-ae5a8000 r-xp 00000000 07:00 263675     /usr/lib/i386-linux-gnu/mesa/libGL.so.1.2.0
ae5a8000-ae5aa000 r--p 00051000 07:00 263675     /usr/lib/i386-linux-gnu/mesa/libGL.so.1.2.0
ae5aa000-ae5af000 rwxp 00053000 07:00 263675     /usr/lib/i386-linux-gnu/mesa/libGL.so.1.2.0
ae5af000-ae5b2000 ---p 00000000 00:00 0 
ae5b2000-ae600000 rw-p 00000000 00:00 0          [stack:3959]
ae600000-ae626000 rw-p 00000000 00:00 0 
ae626000-ae700000 ---p 00000000 00:00 0 
ae700000-ae703000 rw-s 1a013000 00:05 10486      /dev/dri/card0
ae703000-ae70e000 r-xp 00000000 07:00 266202     /usr/lib/i386-linux-gnu/libdrm.so.2.4.0
ae70e000-ae70f000 r--p 0000a000 07:00 266202     /usr/lib/i386-linux-gnu/libdrm.so.2.4.0
ae70f000-ae710000 rw-p 0000b000 07:00 266202     /usr/lib/i386-linux-gnu/libdrm.so.2.4.0
ae710000-ae713000 r-xp 00000000 07:00 266197     /usr/lib/i386-linux-gnu/libxcb-dri2.so.0.0.0
ae713000-ae714000 r--p 00003000 07:00 266197     /usr/lib/i386-linux-gnu/libxcb-dri2.so.0.0.0
ae714000-ae715000 rw-p 00004000 07:00 266197     /usr/lib/i386-linux-gnu/libxcb-dri2.so.0.0.0
ae715000-ae717000 r-xp 00000000 07:00 266189     /usr/lib/i386-linux-gnu/libXdamage.so.1.1.0
ae717000-ae718000 r--p 00001000 07:00 266189     /usr/lib/i386-linux-gnu/libXdamage.so.1.1.0
ae718000-ae719000 rw-p 00002000 07:00 266189     /usr/lib/i386-linux-gnu/libXdamage.so.1.1.0
ae719000-ae729000 r-xp 00000000 07:00 263678     /usr/lib/i386-linux-gnu/libglapi.so.0.0.0
ae729000-ae72b000 r--p 0000f000 07:00 263678     /usr/lib/i386-linux-gnu/libglapi.so.0.0.0
ae72b000-ae730000 rwxp 00011000 07:00 263678     /usr/lib/i386-linux-gnu/libglapi.so.0.0.0
ae730000-ae733000 ---p 00000000 00:00 0 
ae733000-ae781000 rw-p 00000000 00:00 0          [stack:3946]
ae781000-ae782000 ---p 00000000 00:00 0 
ae782000-ae882000 rw-p 00000000 00:00 0          [stack:3945]
ae882000-b2883000 rw-s 00000000 00:13 26964      /run/shm/pulse-shm-2550639321
b2883000-b2884000 ---p 00000000 00:00 0 
b2884000-b3084000 rw-p 00000000 00:00 0          [stack:3944]
b3084000-b3097000 r-xp 00000000 07:00 1582751    /lib/i386-linux-gnu/libresolv-2.17.so
b3097000-b3098000 r--p 00013000 07:00 1582751    /lib/i386-linux-gnu/libresolv-2.17.so
b3098000-b3099000 rw-p 00014000 07:00 1582751    /lib/i386-linux-gnu/libresolv-2.17.so
b3099000-b309b000 rw-p 00000000 00:00 0 
b309b000-b30a1000 r-xp 00000000 07:00 266289     /usr/lib/i386-linux-gnu/libogg.so.0.8.0
b30a1000-b30a2000 r--p 00005000 07:00 266289     /usr/lib/i386-linux-gnu/libogg.so.0.8.0
b30a2000-b30a3000 rw-p 00006000 07:00 266289     /usr/lib/i386-linux-gnu/libogg.so.0.8.0
b30a3000-b30cc000 r-xp 00000000 07:00 266476     /usr/lib/i386-linux-gnu/libvorbis.so.0.4.5
b30cc000-b30cd000 ---p 00029000 07:00 266476     /usr/lib/i386-linux-gnu/libvorbis.so.0.4.5
b30cd000-b30ce000 r--p 00029000 07:00 266476     /usr/lib/i386-linux-gnu/libvorbis.so.0.4.5
b30ce000-b30cf000 rw-p 0002a000 07:00 266476     /usr/lib/i386-linux-gnu/libvorbis.so.0.4.5
b30cf000-b3235000 r-xp 00000000 07:00 266474     /usr/lib/i386-linux-gnu/libvorbisenc.so.2.0.8
b3235000-b3246000 r--p 00165000 07:00 266474     /usr/lib/i386-linux-gnu/libvorbisenc.so.2.0.8
b3246000-b3247000 rw-p 00176000 07:00 266474     /usr/lib/i386-linux-gnu/libvorbisenc.so.2.0.8
b3247000-b3295000 r-xp 00000000 07:00 266300     /usr/lib/i386-linux-gnu/libFLAC.so.8.2.0
b3295000-b3296000 r--p 0004e000 07:00 266300     /usr/lib/i386-linux-gnu/libFLAC.so.8.2.0
b3296000-b3297000 rw-p 0004f000 07:00 266300     /usr/lib/i386-linux-gnu/libFLAC.so.8.2.0
b3297000-b3304000 r-xp 00000000 07:00 266526     /usr/lib/i386-linux-gnu/libsndfile.so.1.0.25
b3304000-b3306000 r--p 0006c000 07:00 266526     /usr/lib/i386-linux-gnu/libsndfile.so.1.0.25
b3306000-b3307000 rw-p 0006e000 07:00 266526     /usr/lib/i386-linux-gnu/libsndfile.so.1.0.25
b3307000-b330b000 rw-p 00000000 00:00 0 
b330b000-b3313000 r-xp 00000000 07:00 1570816    /lib/i386-linux-gnu/libwrap.so.0.7.6
b3313000-b3314000 r--p 00007000 07:00 1570816    /lib/i386-linux-gnu/libwrap.so.0.7.6
b3314000-b3315000 rw-p 00008000 07:00 1570816    /lib/i386-linux-gnu/libwrap.so.0.7.6
b3315000-b335d000 r-xp 00000000 07:00 1569912    /lib/i386-linux-gnu/libdbus-1.so.3.7.2
b335d000-b335e000 r--p 00047000 07:00 1569912    /lib/i386-linux-gnu/libdbus-1.so.3.7.2
b335e000-b335f000 rw-p 00048000 07:00 1569912    /lib/i386-linux-gnu/libdbus-1.so.3.7.2
b335f000-b33c8000 r-xp 00000000 07:00 275838     /usr/lib/i386-linux-gnu/pulseaudio/libpulsecommon-3.0.so
b33c8000-b33c9000 r--p 00068000 07:00 275838     /usr/lib/i386-linux-gnu/pulseaudio/libpulsecommon-3.0.so
b33c9000-b33ca000 rw-p 00069000 07:00 275838     /usr/lib/i386-linux-gnu/pulseaudio/libpulsecommon-3.0.so
b33ca000-b3416000 r-xp 00000000 07:00 275837     /usr/lib/i386-linux-gnu/libpulse.so.0.15.3
b3416000-b3417000 ---p 0004c000 07:00 275837     /usr/lib/i386-linux-gnu/libpulse.so.0.15.3
b3417000-b3418000 r--p 0004c000 07:00 275837     /usr/lib/i386-linux-gnu/libpulse.so.0.15.3
b3418000-b3419000 rw-p 0004d000 07:00 275837     /usr/lib/i386-linux-gnu/libpulse.so.0.15.3
b3419000-b3467000 r-xp 00000000 07:00 1308603    /tmp/libgdxmaik/335398564/libopenal.so
b3467000-b3469000 r--p 0004d000 07:00 1308603    /tmp/libgdxmaik/335398564/libopenal.so
b3469000-b346a000 rw-p 0004f000 07:00 1308603    /tmp/libgdxmaik/335398564/libopenal.so
b346a000-b34c4000 r-xp 00000000 07:00 1308601    /tmp/libgdxmaik/335398564/liblwjgl.so
b34c4000-b34c5000 r--p 0005a000 07:00 1308601    /tmp/libgdxmaik/335398564/liblwjgl.so
b34c5000-b34c6000 rw-p 0005b000 07:00 1308601    /tmp/libgdxmaik/335398564/liblwjgl.so
b34c6000-b34c9000 ---p 00000000 00:00 0 
b34c9000-b3517000 rw-p 00000000 00:00 0          [stack:3942]
b3517000-b3518000 r--s 00000000 07:00 1458977    /var/cache/fontconfig/c05880de57d1f5e948fdfacc138775d9-le32d4.cache-4
b3518000-b3520000 r--s 00000000 07:00 1450059    /var/cache/fontconfig/945677eb7aeaf62f1d50efc3fb3ec7d8-le32d4.cache-4
b3520000-b3522000 r--s 00000000 07:00 1450027    /var/cache/fontconfig/99e8ed0e538f840c565b6ed5dad60d56-le32d4.cache-4
b3522000-b35c1000 r--s 00000000 07:00 1442541    /var/cache/fontconfig/f77165c3a5c0e6d840970e91000fef78-le32d4.cache-4
b35c1000-b35c7000 r--s 00000000 07:00 1458975    /var/cache/fontconfig/a6d8cf8e4ec09cdbc8633c31745a07dd-le32d4.cache-4
b35c7000-b35cb000 r--s 00000000 07:00 1458974    /var/cache/fontconfig/2cd17615ca594fa2959ae173292e504c-le32d4.cache-4
b35cb000-b35cc000 r--s 00000000 07:00 1458973    /var/cache/fontconfig/e7071f4a29fa870f4323321c154eba04-le32d4.cache-4
b35cc000-b35d1000 r--s 00000000 07:00 1458972    /var/cache/fontconfig/6eb3985aa4124903f6ff08ba781cd364-le32d4.cache-4
b35d1000-b35d2000 r--s 00000000 07:00 1458971    /var/cache/fontconfig/0d8c3b2ac0904cb8a57a757ad11a4a08-le32d4.cache-4
b35d2000-b35d7000 r--s 00000000 07:00 1458970    /var/cache/fontconfig/a755afe4a08bf5b97852ceb7400b47bc-le32d4.cache-4
b35d7000-b35e0000 r--s 00000000 07:00 1458968    /var/cache/fontconfig/6d41288fd70b0be22e8c3a91e032eec0-le32d4.cache-4
b35e0000-b35ef000 r--s 00000000 07:00 1458967    /var/cache/fontconfig/04aabc0a78ac019cf9454389977116d2-le32d4.cache-4
b35ef000-b35f0000 r--s 00000000 07:00 1458966    /var/cache/fontconfig/1ac9eb803944fde146138c791f5cc56a-le32d4.cache-4
b35f0000-b35f3000 r--s 00000000 07:00 1458963    /var/cache/fontconfig/385c0604a188198f04d133e54aba7fe7-le32d4.cache-4
b35f3000-b35f4000 r--s 00000000 07:00 1458958    /var/cache/fontconfig/dc05db6664285cc2f12bf69c139ae4c3-le32d4.cache-4
b35f4000-b35f8000 r--s 00000000 07:00 1458957    /var/cache/fontconfig/1c2c2997deddd45e0296fa5a60917b7d-le32d4.cache-4
b35f8000-b35fa000 r--s 00000000 07:00 1458956    /var/cache/fontconfig/767a8244fc0220cfb567a839d0392e0b-le32d4.cache-4
b35fa000-b35fb000 r--s 00000000 07:00 1458955    /var/cache/fontconfig/4794a0821666d79190d59a36cb4f44b5-le32d4.cache-4
b35fb000-b35fd000 r--s 00000000 07:00 1486694    /home/maik/.cache/fontconfig/662d20385cbbfe31958b837fd2c8d37e-le32d4.cache-4
b35fd000-b3600000 r--s 00000000 07:00 1458954    /var/cache/fontconfig/8801497958630a81b71ace7c5f9b32a8-le32d4.cache-4
b3600000-b362f000 r--s 00000000 07:00 1458953    /var/cache/fontconfig/365b55f210c0a22e9a19e35191240f32-le32d4.cache-4
b362f000-b3634000 r--s 00000000 07:00 1458952    /var/cache/fontconfig/3047814df9a2f067bd2d96a2b9c36e5a-le32d4.cache-4
b3634000-b3635000 r--s 00000000 07:00 1458951    /var/cache/fontconfig/56cf4f4769d0f4abc89a4895d7bd3ae1-le32d4.cache-4
b3635000-b3639000 r--s 00000000 07:00 1458944    /var/cache/fontconfig/b47c4e1ecd0709278f4910c18777a504-le32d4.cache-4
b3639000-b363b000 rw-s 00000000 00:04 27312      /drm mm object (deleted)
b363b000-b3642000 rw-s 19ffe000 00:05 10486      /dev/dri/card0
b3642000-b3649000 rw-s 19ff6000 00:05 10486      /dev/dri/card0
b3649000-b364d000 rw-s 00000000 00:04 27265      /drm mm object (deleted)
b364d000-b364e000 rw-s 14691000 00:05 10486      /dev/dri/card0
b364e000-b364f000 rw-s 150b8000 00:05 10486      /dev/dri/card0
b364f000-b3653000 rw-s 00000000 00:04 27260      /drm mm object (deleted)
b3654000-b3655000 rw-s 1a0b7000 00:05 10486      /dev/dri/card0
b3655000-b3656000 rw-s 19ffd000 00:05 10486      /dev/dri/card0
b3656000-b3657000 rw-s 19e75000 00:05 10486      /dev/dri/card0
b3657000-b3658000 rw-s 00000000 00:04 27246      /drm mm object (deleted)
b3658000-b3659000 rw-s 14e7e000 00:05 10486      /dev/dri/card0
b3659000-b365a000 rw-s 00000000 00:04 27159      /drm mm object (deleted)
b365a000-b3661000 r--s 00000000 07:00 297903     /usr/lib/i386-linux-gnu/gconv/gconv-modules.cache
b3661000-b3662000 r--s 00000000 07:00 1458977    /var/cache/fontconfig/c05880de57d1f5e948fdfacc138775d9-le32d4.cache-4
b3662000-b366a000 r--s 00000000 07:00 1450059    /var/cache/fontconfig/945677eb7aeaf62f1d50efc3fb3ec7d8-le32d4.cache-4
b366a000-b366c000 r--s 00000000 07:00 1450027    /var/cache/fontconfig/99e8ed0e538f840c565b6ed5dad60d56-le32d4.cache-4
b366c000-b370b000 r--s 00000000 07:00 1442541    /var/cache/fontconfig/f77165c3a5c0e6d840970e91000fef78-le32d4.cache-4
b370b000-b3711000 r--s 00000000 07:00 1458975    /var/cache/fontconfig/a6d8cf8e4ec09cdbc8633c31745a07dd-le32d4.cache-4
b3711000-b3715000 r--s 00000000 07:00 1458974    /var/cache/fontconfig/2cd17615ca594fa2959ae173292e504c-le32d4.cache-4
b3715000-b3716000 r--s 00000000 07:00 1458973    /var/cache/fontconfig/e7071f4a29fa870f4323321c154eba04-le32d4.cache-4
b3716000-b371b000 r--s 00000000 07:00 1458972    /var/cache/fontconfig/6eb3985aa4124903f6ff08ba781cd364-le32d4.cache-4
b371b000-b371c000 r--s 00000000 07:00 1458971    /var/cache/fontconfig/0d8c3b2ac0904cb8a57a757ad11a4a08-le32d4.cache-4
b371c000-b3721000 r--s 00000000 07:00 1458970    /var/cache/fontconfig/a755afe4a08bf5b97852ceb7400b47bc-le32d4.cache-4
b3721000-b372a000 r--s 00000000 07:00 1458968    /var/cache/fontconfig/6d41288fd70b0be22e8c3a91e032eec0-le32d4.cache-4
b372a000-b3739000 r--s 00000000 07:00 1458967    /var/cache/fontconfig/04aabc0a78ac019cf9454389977116d2-le32d4.cache-4
b3739000-b373a000 r--s 00000000 07:00 1458966    /var/cache/fontconfig/1ac9eb803944fde146138c791f5cc56a-le32d4.cache-4
b373a000-b373d000 r--s 00000000 07:00 1458963    /var/cache/fontconfig/385c0604a188198f04d133e54aba7fe7-le32d4.cache-4
b373d000-b373e000 r--s 00000000 07:00 1458958    /var/cache/fontconfig/dc05db6664285cc2f12bf69c139ae4c3-le32d4.cache-4
b373e000-b3742000 r--s 00000000 07:00 1458957    /var/cache/fontconfig/1c2c2997deddd45e0296fa5a60917b7d-le32d4.cache-4
b3742000-b3744000 r--s 00000000 07:00 1458956    /var/cache/fontconfig/767a8244fc0220cfb567a839d0392e0b-le32d4.cache-4
b3744000-b3746000 r--s 00000000 07:00 1486694    /home/maik/.cache/fontconfig/662d20385cbbfe31958b837fd2c8d37e-le32d4.cache-4
b3746000-b3749000 r--s 00000000 07:00 1458954    /var/cache/fontconfig/8801497958630a81b71ace7c5f9b32a8-le32d4.cache-4
b3749000-b3778000 r--s 00000000 07:00 1458953    /var/cache/fontconfig/365b55f210c0a22e9a19e35191240f32-le32d4.cache-4
b3778000-b377d000 r--s 00000000 07:00 1458952    /var/cache/fontconfig/3047814df9a2f067bd2d96a2b9c36e5a-le32d4.cache-4
b377d000-b3781000 r--s 00000000 07:00 1458944    /var/cache/fontconfig/b47c4e1ecd0709278f4910c18777a504-le32d4.cache-4
b3781000-b3788000 r--s 00000000 07:00 1458942    /var/cache/fontconfig/52f7bdb7ce746bfd7eaa1985bd9cfa93-le32d4.cache-4
b3788000-b378f000 r--s 00000000 07:00 1458942    /var/cache/fontconfig/52f7bdb7ce746bfd7eaa1985bd9cfa93-le32d4.cache-4
b378f000-b3790000 rwxp 00000000 00:00 0 
b3790000-b3795000 r-xp 00000000 07:00 266237     /usr/lib/i386-linux-gnu/libasyncns.so.0.3.1
b3795000-b3796000 r--p 00004000 07:00 266237     /usr/lib/i386-linux-gnu/libasyncns.so.0.3.1
b3796000-b3797000 rw-p 00005000 07:00 266237     /usr/lib/i386-linux-gnu/libasyncns.so.0.3.1
b3797000-b379c000 r-xp 00000000 07:00 265889     /usr/lib/i386-linux-gnu/libXfixes.so.3.1.0
b379c000-b379d000 r--p 00004000 07:00 265889     /usr/lib/i386-linux-gnu/libXfixes.so.3.1.0
b379d000-b379e000 rw-p 00005000 07:00 265889     /usr/lib/i386-linux-gnu/libXfixes.so.3.1.0
b379e000-b37a7000 r-xp 00000000 07:00 266611     /usr/lib/i386-linux-gnu/libXcursor.so.1.0.2
b37a7000-b37a8000 r--p 00008000 07:00 266611     /usr/lib/i386-linux-gnu/libXcursor.so.1.0.2
b37a8000-b37a9000 rw-p 00009000 07:00 266611     /usr/lib/i386-linux-gnu/libXcursor.so.1.0.2
b37a9000-b37aa000 r-xp 00000000 07:00 267584     /usr/lib/i386-linux-gnu/libX11-xcb.so.1.0.0
b37aa000-b37ab000 r--p 00000000 07:00 267584     /usr/lib/i386-linux-gnu/libX11-xcb.so.1.0.0
b37ab000-b37ac000 rw-p 00001000 07:00 267584     /usr/lib/i386-linux-gnu/libX11-xcb.so.1.0.0
b37ac000-b37b4000 r-xp 00000000 07:00 1570294    /lib/i386-linux-gnu/libjson.so.0.1.0
b37b4000-b37b5000 r--p 00007000 07:00 1570294    /lib/i386-linux-gnu/libjson.so.0.1.0
b37b5000-b37b6000 rw-p 00008000 07:00 1570294    /lib/i386-linux-gnu/libjson.so.0.1.0
b37b6000-b37ba000 r-xp 00000000 07:00 269757     /usr/lib/i386-linux-gnu/libXxf86vm.so.1.0.0
b37ba000-b37bb000 r--p 00003000 07:00 269757     /usr/lib/i386-linux-gnu/libXxf86vm.so.1.0.0
b37bb000-b37bc000 rw-p 00004000 07:00 269757     /usr/lib/i386-linux-gnu/libXxf86vm.so.1.0.0
b37bc000-b37c5000 r-xp 00000000 07:00 265883     /usr/lib/i386-linux-gnu/libXrandr.so.2.2.0
b37c5000-b37c6000 r--p 00008000 07:00 265883     /usr/lib/i386-linux-gnu/libXrandr.so.2.2.0
b37c6000-b37c7000 rw-p 00009000 07:00 265883     /usr/lib/i386-linux-gnu/libXrandr.so.2.2.0
b37c7000-b37c8000 r-xp 00000000 07:00 296222     /usr/lib/jvm/java-6-openjdk-i386/jre/lib/i386/libjawt.so
b37c8000-b37c9000 r--p 00000000 07:00 296222     /usr/lib/jvm/java-6-openjdk-i386/jre/lib/i386/libjawt.so
b37c9000-b37ca000 rw-p 00001000 07:00 296222     /usr/lib/jvm/java-6-openjdk-i386/jre/lib/i386/libjawt.so
b37ca000-b37cb000 r--s 00000000 07:00 1458945    /var/cache/fontconfig/b9d506c9ac06c20b433354fa67a72993-le32d4.cache-4
b37cb000-b37db000 r--s 00000000 07:00 1450090    /var/cache/fontconfig/d52a8644073d54c13679302ca1180695-le32d4.cache-4
b37db000-b37e2000 r--s 00000000 07:00 1458934    /var/cache/fontconfig/3f7329c5293ffd510edef78f73874cfd-le32d4.cache-4
b37e2000-b37e3000 r--s 00000000 07:00 1458932    /var/cache/fontconfig/0c9eb80ebd1c36541ebe2852d3bb0c49-le32d4.cache-4
b37e3000-b37e4000 r--s 00000000 07:00 1450084    /var/cache/fontconfig/62f91419b9ebdb6975e7e41ab6412357-le32d4.cache-4
b37e4000-b37e6000 r--s 00000000 07:00 1450153    /var/cache/fontconfig/e13b20fdb08344e0e664864cc2ede53d-le32d4.cache-4
b37e6000-b37e9000 r--s 00000000 07:00 1486688    /home/maik/.cache/fontconfig/7ef2298fde41cc6eeb7af42e48b7d293-le32d4.cache-4
b37e9000-b37ea000 r--s 00000000 07:00 1449994    /home/maik/.cache/fontconfig/578171f5f238b8a7bb858af08da2de57-le32d4.cache-4
b37ea000-b37eb000 r--s 00000000 07:00 1449993    /home/maik/.cache/fontconfig/bd43c005a6d085c55fa3c0b7700969bf-le32d4.cache-4
b37eb000-b37ee000 ---p 00000000 00:00 0 
b37ee000-b383c000 rw-p 00000000 00:00 0          [stack:3941]
b383c000-b38d2000 r-xp 00000000 07:00 265978     /usr/lib/i386-linux-gnu/libfreetype.so.6.10.0
b38d2000-b38d6000 r--p 00095000 07:00 265978     /usr/lib/i386-linux-gnu/libfreetype.so.6.10.0
b38d6000-b38d7000 rw-p 00099000 07:00 265978     /usr/lib/i386-linux-gnu/libfreetype.so.6.10.0
b38d7000-b391e000 r-xp 00000000 07:00 300410     /usr/lib/jvm/java-6-openjdk-i386/jre/lib/i386/libfontmanager.so
b391e000-b391f000 r--p 00047000 07:00 300410     /usr/lib/jvm/java-6-openjdk-i386/jre/lib/i386/libfontmanager.so
b391f000-b3920000 rw-p 00048000 07:00 300410     /usr/lib/jvm/java-6-openjdk-i386/jre/lib/i386/libfontmanager.so
b3920000-b3925000 r-xp 00000000 07:00 285337     /usr/lib/i386-linux-gnu/libXdmcp.so.6.0.0
b3925000-b3926000 r--p 00004000 07:00 285337     /usr/lib/i386-linux-gnu/libXdmcp.so.6.0.0
b3926000-b3927000 rw-p 00005000 07:00 285337     /usr/lib/i386-linux-gnu/libXdmcp.so.6.0.0
b3927000-b3947000 r-xp 00000000 07:00 265988     /usr/lib/i386-linux-gnu/libxcb.so.1.1.0
b3947000-b3948000 r--p 0001f000 07:00 265988     /usr/lib/i386-linux-gnu/libxcb.so.1.1.0
b3948000-b3949000 rw-p 00020000 07:00 265988     /usr/lib/i386-linux-gnu/libxcb.so.1.1.0
b3949000-b3957000 r-xp 00000000 07:00 265877     /usr/lib/i386-linux-gnu/libXi.so.6.1.0
b3957000-b3958000 r--p 0000d000 07:00 265877     /usr/lib/i386-linux-gnu/libXi.so.6.1.0
b3958000-b3959000 rw-p 0000e000 07:00 265877     /usr/lib/i386-linux-gnu/libXi.so.6.1.0
b3959000-b395e000 r-xp 00000000 07:00 262782     /usr/lib/i386-linux-gnu/libXtst.so.6.1.0
b395e000-b395f000 r--p 00004000 07:00 262782     /usr/lib/i386-linux-gnu/libXtst.so.6.1.0
b395f000-b3960000 rw-p 00005000 07:00 262782     /usr/lib/i386-linux-gnu/libXtst.so.6.1.0
b3960000-b3a93000 r-xp 00000000 07:00 262036     /usr/lib/i386-linux-gnu/libX11.so.6.3.0
b3a93000-b3a94000 r--p 00132000 07:00 262036     /usr/lib/i386-linux-gnu/libX11.so.6.3.0
b3a94000-b3a97000 rw-p 00133000 07:00 262036     /usr/lib/i386-linux-gnu/libX11.so.6.3.0
b3a97000-b3aa7000 r-xp 00000000 07:00 262278     /usr/lib/i386-linux-gnu/libXext.so.6.4.0
b3aa7000-b3aa8000 r--p 0000f000 07:00 262278     /usr/lib/i386-linux-gnu/libXext.so.6.4.0
b3aa8000-b3aa9000 rw-p 00010000 07:00 262278     /usr/lib/i386-linux-gnu/libXext.so.6.4.0
b3aa9000-b3aaa000 r--s 00000000 07:00 1458955    /var/cache/fontconfig/4794a0821666d79190d59a36cb4f44b5-le32d4.cache-4
b3aaa000-b3aab000 r--s 00000000 07:00 1458951    /var/cache/fontconfig/56cf4f4769d0f4abc89a4895d7bd3ae1-le32d4.cache-4
b3aab000-b3aac000 r--s 00000000 07:00 1458945    /var/cache/fontconfig/b9d506c9ac06c20b433354fa67a72993-le32d4.cache-4
b3aac000-b3abc000 r--s 00000000 07:00 1450090    /var/cache/fontconfig/d52a8644073d54c13679302ca1180695-le32d4.cache-4
b3abc000-b3ac3000 r--s 00000000 07:00 1458934    /var/cache/fontconfig/3f7329c5293ffd510edef78f73874cfd-le32d4.cache-4
b3ac3000-b3ac4000 r--s 00000000 07:00 1458932    /var/cache/fontconfig/0c9eb80ebd1c36541ebe2852d3bb0c49-le32d4.cache-4
b3ac4000-b3ac5000 r--s 00000000 07:00 1450084    /var/cache/fontconfig/62f91419b9ebdb6975e7e41ab6412357-le32d4.cache-4
b3ac5000-b3ac7000 r--s 00000000 07:00 1450153    /var/cache/fontconfig/e13b20fdb08344e0e664864cc2ede53d-le32d4.cache-4
b3ac7000-b3aca000 r--s 00000000 07:00 1486688    /home/maik/.cache/fontconfig/7ef2298fde41cc6eeb7af42e48b7d293-le32d4.cache-4
b3aca000-b3b63000 r-xp 00000000 07:00 295916     /usr/lib/jvm/java-6-openjdk-i386/jre/lib/i386/libawt.so
b3b63000-b3b64000 r--p 00098000 07:00 295916     /usr/lib/jvm/java-6-openjdk-i386/jre/lib/i386/libawt.so
b3b64000-b3b6b000 rw-p 00099000 07:00 295916     /usr/lib/jvm/java-6-openjdk-i386/jre/lib/i386/libawt.so
b3b6b000-b3b8f000 rw-p 00000000 00:00 0 
b3b8f000-b3bfe000 r-xp 00000000 07:00 1308600    /tmp/libgdxmaik/770986848/libgdx.so
b3bfe000-b3bff000 r--p 0006f000 07:00 1308600    /tmp/libgdxmaik/770986848/libgdx.so
b3bff000-b3c00000 rw-p 00070000 07:00 1308600    /tmp/libgdxmaik/770986848/libgdx.so
b3c00000-b3cfc000 rw-p 00000000 00:00 0 
b3cfc000-b3d00000 ---p 00000000 00:00 0 
b3d00000-b3d01000 r--s 00000000 07:00 1449994    /home/maik/.cache/fontconfig/578171f5f238b8a7bb858af08da2de57-le32d4.cache-4
b3d01000-b3d02000 r--s 00000000 07:00 1449993    /home/maik/.cache/fontconfig/bd43c005a6d085c55fa3c0b7700969bf-le32d4.cache-4
b3d02000-b3d04000 r-xp 00000000 07:00 266641     /usr/lib/i386-linux-gnu/libXau.so.6.0.0
b3d04000-b3d05000 r--p 00001000 07:00 266641     /usr/lib/i386-linux-gnu/libXau.so.6.0.0
b3d05000-b3d06000 rw-p 00002000 07:00 266641     /usr/lib/i386-linux-gnu/libXau.so.6.0.0
b3d06000-b3d0e000 r-xp 00000000 07:00 265856     /usr/lib/i386-linux-gnu/libXrender.so.1.3.0
b3d0e000-b3d0f000 r--p 00008000 07:00 265856     /usr/lib/i386-linux-gnu/libXrender.so.1.3.0
b3d0f000-b3d10000 rw-p 00009000 07:00 265856     /usr/lib/i386-linux-gnu/libXrender.so.1.3.0
b3d10000-b3d5c000 r-xp 00000000 07:00 267891     /usr/lib/jvm/java-6-openjdk-i386/jre/lib/i386/xawt/libmawt.so
b3d5c000-b3d5d000 r--p 0004b000 07:00 267891     /usr/lib/jvm/java-6-openjdk-i386/jre/lib/i386/xawt/libmawt.so
b3d5d000-b3d5f000 rw-p 0004c000 07:00 267891     /usr/lib/jvm/java-6-openjdk-i386/jre/lib/i386/xawt/libmawt.so
b3d5f000-b3d60000 rw-p 00000000 00:00 0 
b3d60000-b3d67000 r--s 000fc000 07:00 268440     /usr/lib/jvm/java-6-openjdk-common/jre/lib/resources.jar
b3d67000-b3d68000 r--s 00102000 07:00 1440691    /home/maik/shadow/shadow-platformer-desktop/libs/gdx-controllers-desktop-natives.jar
b3d68000-b3d69000 r--s 00004000 07:00 1440666    /home/maik/shadow/shadow-platformer-desktop/libs/gdx-controllers-desktop.jar
b3d69000-b3d6a000 r--s 0018b000 07:00 1494876    /home/maik/shadow/shadow-platformer-desktop/libs/gdx-natives.jar
b3d6a000-b3d6b000 r--s 001e7000 07:00 1494875    /home/maik/shadow/shadow-platformer-desktop/libs/gdx-freetype-natives.jar
b3d6b000-b3d7d000 r--s 00126000 07:00 1494874    /home/maik/shadow/shadow-platformer-desktop/libs/gdx-backend-lwjgl.jar
b3d7d000-b3d7f000 r--s 0019e000 07:00 1494872    /home/maik/shadow/shadow-platformer-desktop/libs/gdx-backend-lwjgl-natives.jar
b3d7f000-b3d80000 r--s 0012b000 07:00 1494871    /home/maik/shadow/shadow-platformer-desktop/libs/gdx-audio-natives.jar
b3d80000-b3d87000 r--s 00049000 07:00 1503607    /home/maik/shadow/shadow-platformer/libs/kryonet-2.18-all.jar
b3d87000-b3d88000 r--s 00002000 07:00 1441334    /home/maik/shadow/shadow-platformer/libs/gdx-controllers.jar
b3d88000-b3d89000 ---p 00000000 00:00 0 
b3d89000-b3e09000 rw-p 00000000 00:00 0 
b3e09000-b3e0c000 ---p 00000000 00:00 0 
b3e0c000-b3e5a000 rw-p 00000000 00:00 0          [stack:3939]
b3e5a000-b3e5d000 ---p 00000000 00:00 0 
b3e5d000-b3edb000 rw-p 00000000 00:00 0          [stack:3938]
b3edb000-b3ede000 ---p 00000000 00:00 0 
b3ede000-b3f2c000 rw-p 00000000 00:00 0 
b3f2c000-b405e000 r--p 0018a000 07:00 261666     /usr/lib/locale/locale-archive
b405e000-b425e000 r--p 00000000 07:00 261666     /usr/lib/locale/locale-archive
b425e000-b4261000 ---p 00000000 00:00 0 
b4261000-b42af000 rw-p 00000000 00:00 0          [stack:3936]
b42af000-b42b2000 ---p 00000000 00:00 0 
b42b2000-b4300000 rw-p 00000000 00:00 0          [stack:3935]
b4300000-b43f6000 rw-p 00000000 00:00 0 
b43f6000-b4400000 ---p 00000000 00:00 0 
b4400000-b4414000 r--s 00135000 07:00 1494614    /home/maik/shadow/shadow-platformer/libs/gdx.jar
b4414000-b4415000 r--s 00004000 07:00 1494612    /home/maik/shadow/shadow-platformer/libs/gdx-freetype.jar
b4415000-b4418000 r--s 00031000 07:00 268443     /usr/lib/jvm/java-6-openjdk-common/jre/lib/ext/sunjce_provider.jar
b4418000-b441a000 r--s 0000f000 07:00 268444     /usr/lib/jvm/java-6-openjdk-common/jre/lib/ext/pulse-java.jar
b441a000-b441b000 ---p 00000000 00:00 0 
b441b000-b44ce000 rw-p 00000000 00:00 0          [stack:3934]
b44ce000-b4662000 r--s 03807000 07:00 275877     /usr/lib/jvm/java-6-openjdk-i386/jre/lib/rt.jar
b4662000-b4669000 rw-p 00000000 00:00 0 
b4669000-b4683000 rw-p 00000000 00:00 0 
b4683000-b4689000 rw-p 00000000 00:00 0 
b4689000-b472e000 rw-p 00000000 00:00 0 
b472e000-b4731000 rw-p 00000000 00:00 0 
b4731000-b4783000 rw-p 00000000 00:00 0 
b4783000-b4789000 rw-p 00000000 00:00 0 
b4789000-b482e000 rw-p 00000000 00:00 0 
b482e000-b4834000 rw-p 00000000 00:00 0 
b4834000-b484e000 rw-p 00000000 00:00 0 
b484e000-b485e000 rw-p 00000000 00:00 0 
b485e000-b48da000 rw-p 00000000 00:00 0 
b48da000-b49b2000 rwxp 00000000 00:00 0 
b49b2000-b68da000 rw-p 00000000 00:00 0 
b68da000-b68e5000 r-xp 00000000 07:00 1582739    /lib/i386-linux-gnu/libnss_files-2.17.so
b68e5000-b68e6000 r--p 0000a000 07:00 1582739    /lib/i386-linux-gnu/libnss_files-2.17.so
b68e6000-b68e7000 rw-p 0000b000 07:00 1582739    /lib/i386-linux-gnu/libnss_files-2.17.so
b68e7000-b68fc000 r-xp 00000000 07:00 1582754    /lib/i386-linux-gnu/libnsl-2.17.so
b68fc000-b68fd000 r--p 00014000 07:00 1582754    /lib/i386-linux-gnu/libnsl-2.17.so
b68fd000-b68fe000 rw-p 00015000 07:00 1582754    /lib/i386-linux-gnu/libnsl-2.17.so
b68fe000-b6900000 rw-p 00000000 00:00 0 
b6900000-b69fc000 rw-p 00000000 00:00 0 
b69fc000-b6a00000 ---p 00000000 00:00 0 
b6a00000-b6a03000 r--s 00077000 07:00 268442     /usr/lib/jvm/java-6-openjdk-common/jre/lib/ext/localedata.jar
b6a03000-b6a0d000 r-xp 00000000 07:00 1582745    /lib/i386-linux-gnu/libnss_nis-2.17.so
b6a0d000-b6a0e000 r--p 00009000 07:00 1582745    /lib/i386-linux-gnu/libnss_nis-2.17.so
b6a0e000-b6a0f000 rw-p 0000a000 07:00 1582745    /lib/i386-linux-gnu/libnss_nis-2.17.so
b6a0f000-b6a10000 r--s 00005000 07:00 1494610    /home/maik/shadow/shadow-platformer/libs/gdx-audio.jar
b6a10000-b6a12000 r--s 00006000 07:00 532142     /usr/share/java/java-atk-wrapper.jar
b6a12000-b6a16000 r--s 00039000 07:00 268441     /usr/lib/jvm/java-6-openjdk-common/jre/lib/ext/sunpkcs11.jar
b6a16000-b6a18000 r--s 00001000 07:00 268468     /usr/lib/jvm/java-6-openjdk-common/jre/lib/ext/dnsns.jar
b6a18000-b6a1f000 rw-p 00000000 00:00 0 
b6a1f000-b6a26000 r-xp 00000000 07:00 295619     /usr/lib/jvm/java-6-openjdk-i386/jre/lib/i386/libzip.so
b6a26000-b6a27000 r--p 00006000 07:00 295619     /usr/lib/jvm/java-6-openjdk-i386/jre/lib/i386/libzip.so
b6a27000-b6a28000 rw-p 00007000 07:00 295619     /usr/lib/jvm/java-6-openjdk-i386/jre/lib/i386/libzip.so
b6a28000-b6a30000 rw-s 00000000 07:00 1308598    /tmp/hsperfdata_maik/3927 (deleted)
b6a30000-b6a56000 r-xp 00000000 07:00 296232     /usr/lib/jvm/java-6-openjdk-i386/jre/lib/i386/libjava.so
b6a56000-b6a57000 r--p 00026000 07:00 296232     /usr/lib/jvm/java-6-openjdk-i386/jre/lib/i386/libjava.so
b6a57000-b6a59000 rw-p 00027000 07:00 296232     /usr/lib/jvm/java-6-openjdk-i386/jre/lib/i386/libjava.so
b6a59000-b6a60000 r-xp 00000000 07:00 1570878    /lib/i386-linux-gnu/librt-2.17.so
b6a60000-b6a61000 r--p 00006000 07:00 1570878    /lib/i386-linux-gnu/librt-2.17.so
b6a61000-b6a62000 rw-p 00007000 07:00 1570878    /lib/i386-linux-gnu/librt-2.17.so
b6a62000-b6a65000 ---p 00000000 00:00 0 
b6a65000-b6ab3000 rw-p 00000000 00:00 0          [stack:3933]
b6ab3000-b6ace000 r-xp 00000000 07:00 1571574    /lib/i386-linux-gnu/libgcc_s.so.1
b6ace000-b6acf000 r--p 0001a000 07:00 1571574    /lib/i386-linux-gnu/libgcc_s.so.1
b6acf000-b6ad0000 rw-p 0001b000 07:00 1571574    /lib/i386-linux-gnu/libgcc_s.so.1
b6ad0000-b6b11000 r-xp 00000000 07:00 1582738    /lib/i386-linux-gnu/libm-2.17.so
b6b11000-b6b12000 r--p 00040000 07:00 1582738    /lib/i386-linux-gnu/libm-2.17.so
b6b12000-b6b13000 rw-p 00041000 07:00 1582738    /lib/i386-linux-gnu/libm-2.17.so
b6b13000-b6bef000 r-xp 00000000 07:00 298111     /usr/lib/i386-linux-gnu/libstdc++.so.6.0.17
b6bef000-b6bf0000 ---p 000dc000 07:00 298111     /usr/lib/i386-linux-gnu/libstdc++.so.6.0.17
b6bf0000-b6bf4000 r--p 000dc000 07:00 298111     /usr/lib/i386-linux-gnu/libstdc++.so.6.0.17
b6bf4000-b6bf5000 rw-p 000e0000 07:00 298111     /usr/lib/i386-linux-gnu/libstdc++.so.6.0.17
b6bf5000-b6bfc000 rw-p 00000000 00:00 0 
b6bfc000-b710b000 r-xp 00000000 07:00 296259     /usr/lib/jvm/java-6-openjdk-i386/jre/lib/i386/client/libjvm.so
b710b000-b7122000 r--p 0050e000 07:00 296259     /usr/lib/jvm/java-6-openjdk-i386/jre/lib/i386/client/libjvm.so
b7122000-b712f000 rw-p 00525000 07:00 296259     /usr/lib/jvm/java-6-openjdk-i386/jre/lib/i386/client/libjvm.so
b712f000-b7549000 rw-p 00000000 00:00 0 
b7549000-b7560000 r-xp 00000000 07:00 1570758    /lib/i386-linux-gnu/libz.so.1.2.7
b7560000-b7561000 r--p 00016000 07:00 1570758    /lib/i386-linux-gnu/libz.so.1.2.7
b7561000-b7562000 rw-p 00017000 07:00 1570758    /lib/i386-linux-gnu/libz.so.1.2.7
b7562000-b770f000 r-xp 00000000 07:00 1582740    /lib/i386-linux-gnu/libc-2.17.so
b770f000-b7711000 r--p 001ad000 07:00 1582740    /lib/i386-linux-gnu/libc-2.17.so
b7711000-b7712000 rw-p 001af000 07:00 1582740    /lib/i386-linux-gnu/libc-2.17.so
b7712000-b7715000 rw-p 00000000 00:00 0 
b7715000-b7718000 r-xp 00000000 07:00 1582749    /lib/i386-linux-gnu/libdl-2.17.so
b7718000-b7719000 r--p 00002000 07:00 1582749    /lib/i386-linux-gnu/libdl-2.17.so
b7719000-b771a000 rw-p 00003000 07:00 1582749    /lib/i386-linux-gnu/libdl-2.17.so
b771a000-b771e000 r-xp 00000000 07:00 296224     /usr/lib/jvm/java-6-openjdk-i386/jre/lib/i386/jli/libjli.so
b771e000-b771f000 r--p 00003000 07:00 296224     /usr/lib/jvm/java-6-openjdk-i386/jre/lib/i386/jli/libjli.so
b771f000-b7720000 rw-p 00004000 07:00 296224     /usr/lib/jvm/java-6-openjdk-i386/jre/lib/i386/jli/libjli.so
b7720000-b7737000 r-xp 00000000 07:00 1582744    /lib/i386-linux-gnu/libpthread-2.17.so
b7737000-b7738000 r--p 00016000 07:00 1582744    /lib/i386-linux-gnu/libpthread-2.17.so
b7738000-b7739000 rw-p 00017000 07:00 1582744    /lib/i386-linux-gnu/libpthread-2.17.so
b7739000-b773c000 rw-p 00000000 00:00 0 
b773c000-b773d000 r--s 00001000 07:00 1494608    /home/maik/shadow/shadow-platformer/libs/bodyeditor-loader.jar
b773d000-b7743000 rw-p 00000000 00:00 0 
b7743000-b774a000 r-xp 00000000 07:00 1582737    /lib/i386-linux-gnu/libnss_compat-2.17.so
b774a000-b774b000 r--p 00006000 07:00 1582737    /lib/i386-linux-gnu/libnss_compat-2.17.so
b774b000-b774c000 rw-p 00007000 07:00 1582737    /lib/i386-linux-gnu/libnss_compat-2.17.so
b774c000-b774d000 rw-p 00000000 00:00 0 
b774d000-b774e000 ---p 00000000 00:00 0 
b774e000-b775b000 r-xp 00000000 07:00 296201     /usr/lib/jvm/java-6-openjdk-i386/jre/lib/i386/libverify.so
b775b000-b775c000 r--p 0000c000 07:00 296201     /usr/lib/jvm/java-6-openjdk-i386/jre/lib/i386/libverify.so
b775c000-b775d000 rw-p 0000d000 07:00 296201     /usr/lib/jvm/java-6-openjdk-i386/jre/lib/i386/libverify.so
b775d000-b775f000 rw-p 00000000 00:00 0 
b775f000-b7760000 r-xp 00000000 00:00 0          [vdso]
b7760000-b7780000 r-xp 00000000 07:00 1582753    /lib/i386-linux-gnu/ld-2.17.so
b7780000-b7781000 r--p 0001f000 07:00 1582753    /lib/i386-linux-gnu/ld-2.17.so
b7781000-b7782000 rw-p 00020000 07:00 1582753    /lib/i386-linux-gnu/ld-2.17.so
bfbe3000-bfc04000 rw-p 00000000 00:00 0          [stack]

VM Arguments:
jvm_args: -XX:+HeapDumpOnOutOfMemoryError -verbose:gc -Dfile.encoding=UTF-8 
java_command: net.fourbytes.shadow.Main
Launcher Type: SUN_STANDARD

Environment Variables:
PATH=/usr/local/sbin:/usr/local/bin:/usr/sbin:/usr/bin:/sbin:/bin:/usr/games:/usr/local/games
USERNAME=maik
LD_LIBRARY_PATH=/usr/lib/jvm/java-6-openjdk-i386/jre/lib/i386/client:/usr/lib/jvm/java-6-openjdk-i386/jre/lib/i386:/usr/lib/jvm/java-6-openjdk-i386/jre/../lib/i386:/usr/lib/jvm/java-7-openjdk-i386/jre/lib/i386/client:/usr/lib/jvm/java-7-openjdk-i386/jre/lib/i386:
SHELL=/bin/bash
DISPLAY=:0

Signal Handlers:
SIGSEGV: [libjvm.so+0x3f03e0], sa_mask[0]=0x7ffbfeff, sa_flags=0x10000004
SIGBUS: [libjvm.so+0x3f03e0], sa_mask[0]=0x7ffbfeff, sa_flags=0x10000004
SIGFPE: [libjvm.so+0x30da80], sa_mask[0]=0x7ffbfeff, sa_flags=0x10000004
SIGPIPE: [libjvm.so+0x30da80], sa_mask[0]=0x7ffbfeff, sa_flags=0x10000004
SIGXFSZ: [libjvm.so+0x30da80], sa_mask[0]=0x7ffbfeff, sa_flags=0x10000004
SIGILL: [libjvm.so+0x30da80], sa_mask[0]=0x7ffbfeff, sa_flags=0x10000004
SIGUSR1: SIG_DFL, sa_mask[0]=0x00000000, sa_flags=0x00000000
SIGUSR2: [libjvm.so+0x30d920], sa_mask[0]=0x00000004, sa_flags=0x10000004
SIGHUP: [libjvm.so+0x3105b0], sa_mask[0]=0x7ffbfeff, sa_flags=0x10000004
SIGINT: [libjvm.so+0x3105b0], sa_mask[0]=0x7ffbfeff, sa_flags=0x10000004
SIGTERM: [libjvm.so+0x3105b0], sa_mask[0]=0x7ffbfeff, sa_flags=0x10000004
SIGQUIT: [libjvm.so+0x3105b0], sa_mask[0]=0x7ffbfeff, sa_flags=0x10000004


---------------  S Y S T E M  ---------------

OS: