#
# A fatal error has been detected by the Java Runtime Environment:
#
#  SIGSEGV (0xb) at pc=0x00000000, pid=12659, tid=2928466752
#
# JRE version: 6.0_27-b27
# Java VM: OpenJDK Client VM (20.0-b12 mixed mode, sharing linux-x86 )
# Derivative: IcedTea6 1.12.6
# Distribution: Ubuntu 13.04, package 6b27-1.12.6-1ubuntu0.13.04.2
# Problematic frame:
# C  0x00000000
#
# If you would like to submit a bug report, please include
# instructions how to reproduce the bug and visit:
#   https://bugs.launchpad.net/ubuntu/+source/openjdk-6/
#

---------------  T H R E A D  ---------------

Current thread is native thread

siginfo:si_signo=SIGSEGV: si_errno=0, si_code=1 (SEGV_MAPERR), si_addr=0x00000000

Registers:
EAX=0xb34b5450, EBX=0xb34b4ff4, ECX=0x00000000, EDX=0xb3c9c880
ESP=0xae8cd1ec, EBP=0x00012000, ESI=0x00000400, EDI=0xb3c87720
EIP=0x00000000, EFLAGS=0x00010246, CR2=0x00000000

Top of Stack: (sp=0xae8cd1ec)
0xae8cd1ec:   b3482348 b3c87720 00000000 00001000
0xae8cd1fc:   4008a64c b3464000 b3c74c48 0982a4a8
0xae8cd20c:   b343db5d 00000000 ae8cd2b4 00002000
0xae8cd21c:   b777c6ce b77837cf b3415000 b3c707a0
0xae8cd22c:   b3415000 bb800000 00002000 b3c70bf0
0xae8cd23c:   b33d9802 b3c70bf0 00002000 b3464000
0xae8cd24c:   b33d840d b3c74c6c b3c708c8 00000000
0xae8cd25c:   b33f4c0f b3c707c0 b3c707a0 b3415000 

Instructions: (pc=0x00000000)
0xffffffe0:   

Register to memory mapping:

EAX=
[error occurred during error reporting (printing register info), id 0xb]

Stack: [0xae7cd000,0xae8ce000],  sp=0xae8cd1ec,  free space=1024k

---------------  P R O C E S S  ---------------

VM state:at safepoint (shutting down)

VM Mutex/Monitor currently owned by a thread:  ([mutex/lock_event])
[0xb6903ad0] Threads_lock - owner thread: 0xb6932400

Heap
 def new generation   total 4928K, used 2825K [0x6ea40000, 0x6ef90000, 0x794e0000)
  eden space 4416K,  53% used [0x6ea40000, 0x6ec8c0a0, 0x6ee90000)
  from space 512K,  92% used [0x6ef10000, 0x6ef86588, 0x6ef90000)
  to   space 512K,   0% used [0x6ee90000, 0x6ee90000, 0x6ef10000)
 tenured generation   total 10944K, used 0K [0x794e0000, 0x79f90000, 0x8ea40000)
   the space 10944K,   0% used [0x794e0000, 0x794e0000, 0x794e0200, 0x79f90000)
 compacting perm gen  total 12288K, used 1426K [0x8ea40000, 0x8f640000, 0x92a40000)
   the space 12288K,  11% used [0x8ea40000, 0x8eba4a58, 0x8eba4c00, 0x8f640000)
    ro space 10240K,  73% used [0x92a40000, 0x931a5fa0, 0x931a6000, 0x93440000)
    rw space 12288K,  60% used [0x93440000, 0x93b8dbf8, 0x93b8dc00, 0x94040000)

Code Cache  [0xb4900000, 0xb49a0000, 0xb6900000)
 total_blobs=304 nmethods=76 adapters=164 free_code_cache=32915136 largest_free_block=64

Dynamic libraries:
08048000-08051000 r-xp 00000000 07:00 270379     /usr/lib/jvm/java-6-openjdk-i386/jre/bin/java
08051000-08052000 r--p 00008000 07:00 270379     /usr/lib/jvm/java-6-openjdk-i386/jre/bin/java
08052000-08053000 rw-p 00009000 07:00 270379     /usr/lib/jvm/java-6-openjdk-i386/jre/bin/java
09817000-098e8000 rw-p 00000000 00:00 0          [heap]
6ea40000-6ef90000 rw-p 00000000 00:00 0 
6ef90000-794e0000 rw-p 00000000 00:00 0 
794e0000-79f90000 rw-p 00000000 00:00 0 
79f90000-8ea40000 rw-p 00000000 00:00 0 
8ea40000-8f640000 rw-p 00000000 00:00 0 
8f640000-92a40000 rw-p 00000000 00:00 0 
92a40000-931a6000 r--s 00001000 07:00 280804     /usr/lib/jvm/java-6-openjdk-i386/jre/lib/i386/client/classes.jsa
931a6000-93440000 rw-p 00000000 00:00 0 
93440000-93b8e000 rw-p 00767000 07:00 280804     /usr/lib/jvm/java-6-openjdk-i386/jre/lib/i386/client/classes.jsa
93b8e000-94040000 rw-p 00000000 00:00 0 
94040000-9413d000 rw-p 00eb5000 07:00 280804     /usr/lib/jvm/java-6-openjdk-i386/jre/lib/i386/client/classes.jsa
9413d000-94440000 rw-p 00000000 00:00 0 
94440000-94448000 r-xs 00fb2000 07:00 280804     /usr/lib/jvm/java-6-openjdk-i386/jre/lib/i386/client/classes.jsa
94448000-94840000 rw-p 00000000 00:00 0 
ae01f000-ae076000 rw-p 00000000 00:00 0 
ae076000-ae079000 ---p 00000000 00:00 0 
ae079000-ae0c7000 rw-p 00000000 00:00 0          [stack:12743]
ae0c7000-ae0ca000 ---p 00000000 00:00 0 
ae0ca000-ae118000 rw-p 00000000 00:00 0 
ae1dc000-ae1e5000 r-xp 00000000 07:00 264471     /usr/lib/i386-linux-gnu/libpciaccess.so.0.11.1
ae1e5000-ae1e6000 r--p 00008000 07:00 264471     /usr/lib/i386-linux-gnu/libpciaccess.so.0.11.1
ae1e6000-ae1e7000 rw-p 00009000 07:00 264471     /usr/lib/i386-linux-gnu/libpciaccess.so.0.11.1
ae1e7000-ae208000 r-xp 00000000 07:00 266235     /usr/lib/i386-linux-gnu/libdrm_intel.so.1.0.0
ae208000-ae209000 r--p 00020000 07:00 266235     /usr/lib/i386-linux-gnu/libdrm_intel.so.1.0.0
ae209000-ae20a000 rw-p 00021000 07:00 266235     /usr/lib/i386-linux-gnu/libdrm_intel.so.1.0.0
ae20a000-ae22f000 r-xp 00000000 07:00 1571548    /lib/i386-linux-gnu/libexpat.so.1.6.0
ae22f000-ae231000 r--p 00025000 07:00 1571548    /lib/i386-linux-gnu/libexpat.so.1.6.0
ae231000-ae232000 rw-p 00027000 07:00 1571548    /lib/i386-linux-gnu/libexpat.so.1.6.0
ae232000-ae56f000 r-xp 00000000 07:00 271939     /usr/lib/i386-linux-gnu/libdricore9.3.0-devel.so.1.0.0
ae56f000-ae579000 r--p 0033c000 07:00 271939     /usr/lib/i386-linux-gnu/libdricore9.3.0-devel.so.1.0.0
ae579000-ae580000 rw-p 00346000 07:00 271939     /usr/lib/i386-linux-gnu/libdricore9.3.0-devel.so.1.0.0
ae580000-ae595000 rw-p 00000000 00:00 0 
ae595000-ae689000 r-xp 00000000 07:00 266240     /usr/lib/i386-linux-gnu/dri/i965_dri.so
ae689000-ae68b000 r--p 000f4000 07:00 266240     /usr/lib/i386-linux-gnu/dri/i965_dri.so
ae68b000-ae68c000 rw-p 000f6000 07:00 266240     /usr/lib/i386-linux-gnu/dri/i965_dri.so
ae68c000-ae68d000 rw-p 00000000 00:00 0 
ae68d000-ae698000 r-xp 00000000 07:00 266542     /usr/lib/i386-linux-gnu/libdrm.so.2.4.0
ae698000-ae699000 r--p 0000a000 07:00 266542     /usr/lib/i386-linux-gnu/libdrm.so.2.4.0
ae699000-ae69a000 rw-p 0000b000 07:00 266542     /usr/lib/i386-linux-gnu/libdrm.so.2.4.0
ae69a000-ae69d000 r-xp 00000000 07:00 266197     /usr/lib/i386-linux-gnu/libxcb-dri2.so.0.0.0
ae69d000-ae69e000 r--p 00003000 07:00 266197     /usr/lib/i386-linux-gnu/libxcb-dri2.so.0.0.0
ae69e000-ae69f000 rw-p 00004000 07:00 266197     /usr/lib/i386-linux-gnu/libxcb-dri2.so.0.0.0
ae69f000-ae6b5000 r-xp 00000000 07:00 266178     /usr/lib/i386-linux-gnu/libxcb-glx.so.0.0.0
ae6b5000-ae6b6000 r--p 00016000 07:00 266178     /usr/lib/i386-linux-gnu/libxcb-glx.so.0.0.0
ae6b6000-ae6b7000 rw-p 00017000 07:00 266178     /usr/lib/i386-linux-gnu/libxcb-glx.so.0.0.0
ae6b7000-ae6b9000 r-xp 00000000 07:00 266189     /usr/lib/i386-linux-gnu/libXdamage.so.1.1.0
ae6b9000-ae6ba000 r--p 00001000 07:00 266189     /usr/lib/i386-linux-gnu/libXdamage.so.1.1.0
ae6ba000-ae6bb000 rw-p 00002000 07:00 266189     /usr/lib/i386-linux-gnu/libXdamage.so.1.1.0
ae6bb000-ae6cb000 r-xp 00000000 07:00 263669     /usr/lib/i386-linux-gnu/libglapi.so.0.0.0
ae6cb000-ae6cd000 r--p 0000f000 07:00 263669     /usr/lib/i386-linux-gnu/libglapi.so.0.0.0
ae6cd000-ae6d2000 rwxp 00011000 07:00 263669     /usr/lib/i386-linux-gnu/libglapi.so.0.0.0
ae6d2000-ae724000 r-xp 00000000 07:00 263673     /usr/lib/i386-linux-gnu/mesa/libGL.so.1.2.0
ae724000-ae726000 r--p 00051000 07:00 263673     /usr/lib/i386-linux-gnu/mesa/libGL.so.1.2.0
ae726000-ae72b000 rwxp 00053000 07:00 263673     /usr/lib/i386-linux-gnu/mesa/libGL.so.1.2.0
ae72b000-ae72e000 ---p 00000000 00:00 0 
ae72e000-ae77c000 rw-p 00000000 00:00 0          [stack:12740]
ae77c000-ae77f000 ---p 00000000 00:00 0 
ae77f000-ae7cd000 rw-p 00000000 00:00 0          [stack:12721]
ae7cd000-ae7ce000 ---p 00000000 00:00 0 
ae7ce000-ae8ce000 rw-p 00000000 00:00 0          [stack:12720]
ae8ce000-b28cf000 rw-s 00000000 00:13 139787     /run/shm/pulse-shm-2134560741
b28cf000-b28d0000 ---p 00000000 00:00 0 
b28d0000-b30d0000 rw-p 00000000 00:00 0          [stack:12719]
b30d0000-b30e3000 r-xp 00000000 07:00 1582751    /lib/i386-linux-gnu/libresolv-2.17.so
b30e3000-b30e4000 r--p 00013000 07:00 1582751    /lib/i386-linux-gnu/libresolv-2.17.so
b30e4000-b30e5000 rw-p 00014000 07:00 1582751    /lib/i386-linux-gnu/libresolv-2.17.so
b30e5000-b30e7000 rw-p 00000000 00:00 0 
b30e7000-b30ed000 r-xp 00000000 07:00 266289     /usr/lib/i386-linux-gnu/libogg.so.0.8.0
b30ed000-b30ee000 r--p 00005000 07:00 266289     /usr/lib/i386-linux-gnu/libogg.so.0.8.0
b30ee000-b30ef000 rw-p 00006000 07:00 266289     /usr/lib/i386-linux-gnu/libogg.so.0.8.0
b30ef000-b3118000 r-xp 00000000 07:00 266476     /usr/lib/i386-linux-gnu/libvorbis.so.0.4.5
b3118000-b3119000 ---p 00029000 07:00 266476     /usr/lib/i386-linux-gnu/libvorbis.so.0.4.5
b3119000-b311a000 r--p 00029000 07:00 266476     /usr/lib/i386-linux-gnu/libvorbis.so.0.4.5
b311a000-b311b000 rw-p 0002a000 07:00 266476     /usr/lib/i386-linux-gnu/libvorbis.so.0.4.5
b311b000-b3281000 r-xp 00000000 07:00 266474     /usr/lib/i386-linux-gnu/libvorbisenc.so.2.0.8
b3281000-b3292000 r--p 00165000 07:00 266474     /usr/lib/i386-linux-gnu/libvorbisenc.so.2.0.8
b3292000-b3293000 rw-p 00176000 07:00 266474     /usr/lib/i386-linux-gnu/libvorbisenc.so.2.0.8
b3293000-b32e1000 r-xp 00000000 07:00 266300     /usr/lib/i386-linux-gnu/libFLAC.so.8.2.0
b32e1000-b32e2000 r--p 0004e000 07:00 266300     /usr/lib/i386-linux-gnu/libFLAC.so.8.2.0
b32e2000-b32e3000 rw-p 0004f000 07:00 266300     /usr/lib/i386-linux-gnu/libFLAC.so.8.2.0
b32e3000-b3350000 r-xp 00000000 07:00 266526     /usr/lib/i386-linux-gnu/libsndfile.so.1.0.25
b3350000-b3352000 r--p 0006c000 07:00 266526     /usr/lib/i386-linux-gnu/libsndfile.so.1.0.25
b3352000-b3353000 rw-p 0006e000 07:00 266526     /usr/lib/i386-linux-gnu/libsndfile.so.1.0.25
b3353000-b3357000 rw-p 00000000 00:00 0 
b3357000-b335f000 r-xp 00000000 07:00 1570816    /lib/i386-linux-gnu/libwrap.so.0.7.6
b335f000-b3360000 r--p 00007000 07:00 1570816    /lib/i386-linux-gnu/libwrap.so.0.7.6
b3360000-b3361000 rw-p 00008000 07:00 1570816    /lib/i386-linux-gnu/libwrap.so.0.7.6
b3361000-b33a9000 r-xp 00000000 07:00 1569912    /lib/i386-linux-gnu/libdbus-1.so.3.7.2
b33a9000-b33aa000 r--p 00047000 07:00 1569912    /lib/i386-linux-gnu/libdbus-1.so.3.7.2
b33aa000-b33ab000 rw-p 00048000 07:00 1569912    /lib/i386-linux-gnu/libdbus-1.so.3.7.2
b33ab000-b3414000 r-xp 00000000 07:00 275838     /usr/lib/i386-linux-gnu/pulseaudio/libpulsecommon-3.0.so
b3414000-b3415000 r--p 00068000 07:00 275838     /usr/lib/i386-linux-gnu/pulseaudio/libpulsecommon-3.0.so
b3415000-b3416000 rw-p 00069000 07:00 275838     /usr/lib/i386-linux-gnu/pulseaudio/libpulsecommon-3.0.so
b3416000-b3462000 r-xp 00000000 07:00 275837     /usr/lib/i386-linux-gnu/libpulse.so.0.15.3
b3462000-b3463000 ---p 0004c000 07:00 275837     /usr/lib/i386-linux-gnu/libpulse.so.0.15.3
b3463000-b3464000 r--p 0004c000 07:00 275837     /usr/lib/i386-linux-gnu/libpulse.so.0.15.3
b3464000-b3465000 rw-p 0004d000 07:00 275837     /usr/lib/i386-linux-gnu/libpulse.so.0.15.3
b3465000-b34b3000 r-xp 00000000 07:00 1308577    /tmp/libgdxmaik/13fdc6a4/libopenal.so
b34b3000-b34b5000 r--p 0004d000 07:00 1308577    /tmp/libgdxmaik/13fdc6a4/libopenal.so
b34b5000-b34b6000 rw-p 0004f000 07:00 1308577    /tmp/libgdxmaik/13fdc6a4/libopenal.so
b34b6000-b3510000 r-xp 00000000 07:00 1308576    /tmp/libgdxmaik/13fdc6a4/liblwjgl.so
b3510000-b3511000 r--p 0005a000 07:00 1308576    /tmp/libgdxmaik/13fdc6a4/liblwjgl.so
b3511000-b3512000 rw-p 0005b000 07:00 1308576    /tmp/libgdxmaik/13fdc6a4/liblwjgl.so
b3512000-b3515000 ---p 00000000 00:00 0 
b3515000-b3563000 rw-p 00000000 00:00 0          [stack:12717]
b3563000-b3564000 r--s 00000000 07:00 1458977    /var/cache/fontconfig/c05880de57d1f5e948fdfacc138775d9-le32d4.cache-4
b3564000-b356c000 r--s 00000000 07:00 1450059    /var/cache/fontconfig/945677eb7aeaf62f1d50efc3fb3ec7d8-le32d4.cache-4
b356c000-b356e000 r--s 00000000 07:00 1450027    /var/cache/fontconfig/99e8ed0e538f840c565b6ed5dad60d56-le32d4.cache-4
b356e000-b360d000 r--s 00000000 07:00 1442541    /var/cache/fontconfig/f77165c3a5c0e6d840970e91000fef78-le32d4.cache-4
b360d000-b3613000 r--s 00000000 07:00 1458975    /var/cache/fontconfig/a6d8cf8e4ec09cdbc8633c31745a07dd-le32d4.cache-4
b3613000-b3617000 r--s 00000000 07:00 1458974    /var/cache/fontconfig/2cd17615ca594fa2959ae173292e504c-le32d4.cache-4
b3617000-b3618000 r--s 00000000 07:00 1458973    /var/cache/fontconfig/e7071f4a29fa870f4323321c154eba04-le32d4.cache-4
b3618000-b361d000 r--s 00000000 07:00 1458972    /var/cache/fontconfig/6eb3985aa4124903f6ff08ba781cd364-le32d4.cache-4
b361d000-b361e000 r--s 00000000 07:00 1458971    /var/cache/fontconfig/0d8c3b2ac0904cb8a57a757ad11a4a08-le32d4.cache-4
b361e000-b3623000 r--s 00000000 07:00 1458970    /var/cache/fontconfig/a755afe4a08bf5b97852ceb7400b47bc-le32d4.cache-4
b3623000-b362c000 r--s 00000000 07:00 1458968    /var/cache/fontconfig/6d41288fd70b0be22e8c3a91e032eec0-le32d4.cache-4
b362c000-b363b000 r--s 00000000 07:00 1458967    /var/cache/fontconfig/04aabc0a78ac019cf9454389977116d2-le32d4.cache-4
b363b000-b363c000 r--s 00000000 07:00 1458966    /var/cache/fontconfig/1ac9eb803944fde146138c791f5cc56a-le32d4.cache-4
b363c000-b363f000 r--s 00000000 07:00 1458963    /var/cache/fontconfig/385c0604a188198f04d133e54aba7fe7-le32d4.cache-4
b363f000-b3640000 r--s 00000000 07:00 1458958    /var/cache/fontconfig/dc05db6664285cc2f12bf69c139ae4c3-le32d4.cache-4
b3640000-b3642000 r--s 00000000 07:00 1441025    /var/cache/fontconfig/c14bd16069dd32104a93661d0fc6b751-le32d4.cache-4
b3642000-b3646000 r--s 00000000 07:00 1458957    /var/cache/fontconfig/1c2c2997deddd45e0296fa5a60917b7d-le32d4.cache-4
b3646000-b3648000 r--s 00000000 07:00 1458956    /var/cache/fontconfig/767a8244fc0220cfb567a839d0392e0b-le32d4.cache-4
b3648000-b3649000 r--s 00000000 07:00 1458955    /var/cache/fontconfig/4794a0821666d79190d59a36cb4f44b5-le32d4.cache-4
b3649000-b364c000 r--s 00000000 07:00 1489282    /var/cache/fontconfig/bbd3eebb6912613e2596f2fd46535a95-le32d4.cache-4
b364c000-b364e000 r--s 00000000 07:00 1441019    /var/cache/fontconfig/662d20385cbbfe31958b837fd2c8d37e-le32d4.cache-4
b364e000-b3651000 r--s 00000000 07:00 1458954    /var/cache/fontconfig/8801497958630a81b71ace7c5f9b32a8-le32d4.cache-4
b3651000-b3680000 r--s 00000000 07:00 1458953    /var/cache/fontconfig/365b55f210c0a22e9a19e35191240f32-le32d4.cache-4
b3680000-b3685000 r--s 00000000 07:00 1458952    /var/cache/fontconfig/3047814df9a2f067bd2d96a2b9c36e5a-le32d4.cache-4
b3685000-b3686000 r--s 00000000 07:00 1458951    /var/cache/fontconfig/56cf4f4769d0f4abc89a4895d7bd3ae1-le32d4.cache-4
b3686000-b368a000 r--s 00000000 07:00 1458944    /var/cache/fontconfig/b47c4e1ecd0709278f4910c18777a504-le32d4.cache-4
b36ab000-b36b2000 r--s 00000000 07:00 297903     /usr/lib/i386-linux-gnu/gconv/gconv-modules.cache
b36b2000-b36b3000 r--s 00000000 07:00 1458977    /var/cache/fontconfig/c05880de57d1f5e948fdfacc138775d9-le32d4.cache-4
b36b3000-b36bb000 r--s 00000000 07:00 1450059    /var/cache/fontconfig/945677eb7aeaf62f1d50efc3fb3ec7d8-le32d4.cache-4
b36bb000-b36bd000 r--s 00000000 07:00 1450027    /var/cache/fontconfig/99e8ed0e538f840c565b6ed5dad60d56-le32d4.cache-4
b36bd000-b375c000 r--s 00000000 07:00 1442541    /var/cache/fontconfig/f77165c3a5c0e6d840970e91000fef78-le32d4.cache-4
b375c000-b3762000 r--s 00000000 07:00 1458975    /var/cache/fontconfig/a6d8cf8e4ec09cdbc8633c31745a07dd-le32d4.cache-4
b3762000-b3766000 r--s 00000000 07:00 1458974    /var/cache/fontconfig/2cd17615ca594fa2959ae173292e504c-le32d4.cache-4
b3766000-b3767000 r--s 00000000 07:00 1458973    /var/cache/fontconfig/e7071f4a29fa870f4323321c154eba04-le32d4.cache-4
b3767000-b376c000 r--s 00000000 07:00 1458972    /var/cache/fontconfig/6eb3985aa4124903f6ff08ba781cd364-le32d4.cache-4
b376c000-b376d000 r--s 00000000 07:00 1458971    /var/cache/fontconfig/0d8c3b2ac0904cb8a57a757ad11a4a08-le32d4.cache-4
b376d000-b3772000 r--s 00000000 07:00 1458970    /var/cache/fontconfig/a755afe4a08bf5b97852ceb7400b47bc-le32d4.cache-4
b3772000-b377b000 r--s 00000000 07:00 1458968    /var/cache/fontconfig/6d41288fd70b0be22e8c3a91e032eec0-le32d4.cache-4
b377b000-b378a000 r--s 00000000 07:00 1458967    /var/cache/fontconfig/04aabc0a78ac019cf9454389977116d2-le32d4.cache-4
b378a000-b378b000 r--s 00000000 07:00 1458966    /var/cache/fontconfig/1ac9eb803944fde146138c791f5cc56a-le32d4.cache-4
b378b000-b378e000 r--s 00000000 07:00 1458963    /var/cache/fontconfig/385c0604a188198f04d133e54aba7fe7-le32d4.cache-4
b378e000-b378f000 r--s 00000000 07:00 1458958    /var/cache/fontconfig/dc05db6664285cc2f12bf69c139ae4c3-le32d4.cache-4
b378f000-b3791000 r--s 00000000 07:00 1441025    /var/cache/fontconfig/c14bd16069dd32104a93661d0fc6b751-le32d4.cache-4
b3791000-b3795000 r--s 00000000 07:00 1458957    /var/cache/fontconfig/1c2c2997deddd45e0296fa5a60917b7d-le32d4.cache-4
b3795000-b3797000 r--s 00000000 07:00 1458956    /var/cache/fontconfig/767a8244fc0220cfb567a839d0392e0b-le32d4.cache-4
b3797000-b3798000 r--s 00000000 07:00 1458955    /var/cache/fontconfig/4794a0821666d79190d59a36cb4f44b5-le32d4.cache-4
b3798000-b379b000 r--s 00000000 07:00 1489282    /var/cache/fontconfig/bbd3eebb6912613e2596f2fd46535a95-le32d4.cache-4
b379b000-b379d000 r--s 00000000 07:00 1441019    /var/cache/fontconfig/662d20385cbbfe31958b837fd2c8d37e-le32d4.cache-4
b379d000-b37a0000 r--s 00000000 07:00 1458954    /var/cache/fontconfig/8801497958630a81b71ace7c5f9b32a8-le32d4.cache-4
b37a0000-b37cf000 r--s 00000000 07:00 1458953    /var/cache/fontconfig/365b55f210c0a22e9a19e35191240f32-le32d4.cache-4
b37cf000-b37d4000 r--s 00000000 07:00 1458952    /var/cache/fontconfig/3047814df9a2f067bd2d96a2b9c36e5a-le32d4.cache-4
b37d4000-b37d5000 r--s 00000000 07:00 1458951    /var/cache/fontconfig/56cf4f4769d0f4abc89a4895d7bd3ae1-le32d4.cache-4
b37d5000-b37dc000 r--s 00000000 07:00 1458942    /var/cache/fontconfig/52f7bdb7ce746bfd7eaa1985bd9cfa93-le32d4.cache-4
b37dc000-b37e3000 r--s 00000000 07:00 1458942    /var/cache/fontconfig/52f7bdb7ce746bfd7eaa1985bd9cfa93-le32d4.cache-4
b37e4000-b37e9000 r-xp 00000000 07:00 266237     /usr/lib/i386-linux-gnu/libasyncns.so.0.3.1
b37e9000-b37ea000 r--p 00004000 07:00 266237     /usr/lib/i386-linux-gnu/libasyncns.so.0.3.1
b37ea000-b37eb000 rw-p 00005000 07:00 266237     /usr/lib/i386-linux-gnu/libasyncns.so.0.3.1
b37eb000-b37f0000 r-xp 00000000 07:00 265889     /usr/lib/i386-linux-gnu/libXfixes.so.3.1.0
b37f0000-b37f1000 r--p 00004000 07:00 265889     /usr/lib/i386-linux-gnu/libXfixes.so.3.1.0
b37f1000-b37f2000 rw-p 00005000 07:00 265889     /usr/lib/i386-linux-gnu/libXfixes.so.3.1.0
b37f2000-b37fb000 r-xp 00000000 07:00 266611     /usr/lib/i386-linux-gnu/libXcursor.so.1.0.2
b37fb000-b37fc000 r--p 00008000 07:00 266611     /usr/lib/i386-linux-gnu/libXcursor.so.1.0.2
b37fc000-b37fd000 rw-p 00009000 07:00 266611     /usr/lib/i386-linux-gnu/libXcursor.so.1.0.2
b37fd000-b37fe000 r-xp 00000000 07:00 267584     /usr/lib/i386-linux-gnu/libX11-xcb.so.1.0.0
b37fe000-b37ff000 r--p 00000000 07:00 267584     /usr/lib/i386-linux-gnu/libX11-xcb.so.1.0.0
b37ff000-b3800000 rw-p 00001000 07:00 267584     /usr/lib/i386-linux-gnu/libX11-xcb.so.1.0.0
b3800000-b3808000 r-xp 00000000 07:00 1570294    /lib/i386-linux-gnu/libjson.so.0.1.0
b3808000-b3809000 r--p 00007000 07:00 1570294    /lib/i386-linux-gnu/libjson.so.0.1.0
b3809000-b380a000 rw-p 00008000 07:00 1570294    /lib/i386-linux-gnu/libjson.so.0.1.0
b380a000-b380e000 r-xp 00000000 07:00 269757     /usr/lib/i386-linux-gnu/libXxf86vm.so.1.0.0
b380e000-b380f000 r--p 00003000 07:00 269757     /usr/lib/i386-linux-gnu/libXxf86vm.so.1.0.0
b380f000-b3810000 rw-p 00004000 07:00 269757     /usr/lib/i386-linux-gnu/libXxf86vm.so.1.0.0
b3810000-b3819000 r-xp 00000000 07:00 265883     /usr/lib/i386-linux-gnu/libXrandr.so.2.2.0
b3819000-b381a000 r--p 00008000 07:00 265883     /usr/lib/i386-linux-gnu/libXrandr.so.2.2.0
b381a000-b381b000 rw-p 00009000 07:00 265883     /usr/lib/i386-linux-gnu/libXrandr.so.2.2.0
b381b000-b381c000 r-xp 00000000 07:00 296222     /usr/lib/jvm/java-6-openjdk-i386/jre/lib/i386/libjawt.so
b381c000-b381d000 r--p 00000000 07:00 296222     /usr/lib/jvm/java-6-openjdk-i386/jre/lib/i386/libjawt.so
b381d000-b381e000 rw-p 00001000 07:00 296222     /usr/lib/jvm/java-6-openjdk-i386/jre/lib/i386/libjawt.so
b381e000-b381f000 r--s 00000000 07:00 1458945    /var/cache/fontconfig/b9d506c9ac06c20b433354fa67a72993-le32d4.cache-4
b381f000-b382f000 r--s 00000000 07:00 1450090    /var/cache/fontconfig/d52a8644073d54c13679302ca1180695-le32d4.cache-4
b382f000-b3836000 r--s 00000000 07:00 1458934    /var/cache/fontconfig/3f7329c5293ffd510edef78f73874cfd-le32d4.cache-4
b3836000-b3837000 r--s 00000000 07:00 1458932    /var/cache/fontconfig/0c9eb80ebd1c36541ebe2852d3bb0c49-le32d4.cache-4
b3837000-b3838000 r--s 00000000 07:00 1450084    /var/cache/fontconfig/62f91419b9ebdb6975e7e41ab6412357-le32d4.cache-4
b3838000-b383a000 r--s 00000000 07:00 1450153    /var/cache/fontconfig/e13b20fdb08344e0e664864cc2ede53d-le32d4.cache-4
b383a000-b383d000 r--s 00000000 07:00 1489262    /var/cache/fontconfig/7ef2298fde41cc6eeb7af42e48b7d293-le32d4.cache-4
b383d000-b383e000 r--s 00000000 07:00 1449994    /home/maik/.cache/fontconfig/578171f5f238b8a7bb858af08da2de57-le32d4.cache-4
b383e000-b383f000 r--s 00000000 07:00 1449993    /home/maik/.cache/fontconfig/bd43c005a6d085c55fa3c0b7700969bf-le32d4.cache-4
b383f000-b3842000 ---p 00000000 00:00 0 
b3842000-b3890000 rw-p 00000000 00:00 0          [stack:12701]
b3890000-b3926000 r-xp 00000000 07:00 265978     /usr/lib/i386-linux-gnu/libfreetype.so.6.10.0
b3926000-b392a000 r--p 00095000 07:00 265978     /usr/lib/i386-linux-gnu/libfreetype.so.6.10.0
b392a000-b392b000 rw-p 00099000 07:00 265978     /usr/lib/i386-linux-gnu/libfreetype.so.6.10.0
b392b000-b3972000 r-xp 00000000 07:00 300410     /usr/lib/jvm/java-6-openjdk-i386/jre/lib/i386/libfontmanager.so
b3972000-b3973000 r--p 00047000 07:00 300410     /usr/lib/jvm/java-6-openjdk-i386/jre/lib/i386/libfontmanager.so
b3973000-b3974000 rw-p 00048000 07:00 300410     /usr/lib/jvm/java-6-openjdk-i386/jre/lib/i386/libfontmanager.so
b3974000-b3979000 r-xp 00000000 07:00 285337     /usr/lib/i386-linux-gnu/libXdmcp.so.6.0.0
b3979000-b397a000 r--p 00004000 07:00 285337     /usr/lib/i386-linux-gnu/libXdmcp.so.6.0.0
b397a000-b397b000 rw-p 00005000 07:00 285337     /usr/lib/i386-linux-gnu/libXdmcp.so.6.0.0
b397b000-b399b000 r-xp 00000000 07:00 265988     /usr/lib/i386-linux-gnu/libxcb.so.1.1.0
b399b000-b399c000 r--p 0001f000 07:00 265988     /usr/lib/i386-linux-gnu/libxcb.so.1.1.0
b399c000-b399d000 rw-p 00020000 07:00 265988     /usr/lib/i386-linux-gnu/libxcb.so.1.1.0
b399d000-b39ab000 r-xp 00000000 07:00 265877     /usr/lib/i386-linux-gnu/libXi.so.6.1.0
b39ab000-b39ac000 r--p 0000d000 07:00 265877     /usr/lib/i386-linux-gnu/libXi.so.6.1.0
b39ac000-b39ad000 rw-p 0000e000 07:00 265877     /usr/lib/i386-linux-gnu/libXi.so.6.1.0
b39ad000-b39b2000 r-xp 00000000 07:00 262782     /usr/lib/i386-linux-gnu/libXtst.so.6.1.0
b39b2000-b39b3000 r--p 00004000 07:00 262782     /usr/lib/i386-linux-gnu/libXtst.so.6.1.0
b39b3000-b39b4000 rw-p 00005000 07:00 262782     /usr/lib/i386-linux-gnu/libXtst.so.6.1.0
b39b4000-b3ae7000 r-xp 00000000 07:00 262036     /usr/lib/i386-linux-gnu/libX11.so.6.3.0
b3ae7000-b3ae8000 r--p 00132000 07:00 262036     /usr/lib/i386-linux-gnu/libX11.so.6.3.0
b3ae8000-b3aeb000 rw-p 00133000 07:00 262036     /usr/lib/i386-linux-gnu/libX11.so.6.3.0
b3aeb000-b3b37000 r-xp 00000000 07:00 267891     /usr/lib/jvm/java-6-openjdk-i386/jre/lib/i386/xawt/libmawt.so
b3b37000-b3b38000 r--p 0004b000 07:00 267891     /usr/lib/jvm/java-6-openjdk-i386/jre/lib/i386/xawt/libmawt.so
b3b38000-b3b3a000 rw-p 0004c000 07:00 267891     /usr/lib/jvm/java-6-openjdk-i386/jre/lib/i386/xawt/libmawt.so
b3b3a000-b3b3b000 rw-p 00000000 00:00 0 
b3b3b000-b3bd4000 r-xp 00000000 07:00 295916     /usr/lib/jvm/java-6-openjdk-i386/jre/lib/i386/libawt.so
b3bd4000-b3bd5000 r--p 00098000 07:00 295916     /usr/lib/jvm/java-6-openjdk-i386/jre/lib/i386/libawt.so
b3bd5000-b3bdc000 rw-p 00099000 07:00 295916     /usr/lib/jvm/java-6-openjdk-i386/jre/lib/i386/libawt.so
b3bdc000-b3c00000 rw-p 00000000 00:00 0 
b3c00000-b3cd8000 rw-p 00000000 00:00 0 
b3cd8000-b3d00000 ---p 00000000 00:00 0 
b3d00000-b3d04000 r--s 00000000 07:00 1458944    /var/cache/fontconfig/b47c4e1ecd0709278f4910c18777a504-le32d4.cache-4
b3d04000-b3d0c000 r-xp 00000000 07:00 265856     /usr/lib/i386-linux-gnu/libXrender.so.1.3.0
b3d0c000-b3d0d000 r--p 00008000 07:00 265856     /usr/lib/i386-linux-gnu/libXrender.so.1.3.0
b3d0d000-b3d0e000 rw-p 00009000 07:00 265856     /usr/lib/i386-linux-gnu/libXrender.so.1.3.0
b3d0e000-b3d1e000 r-xp 00000000 07:00 262278     /usr/lib/i386-linux-gnu/libXext.so.6.4.0
b3d1e000-b3d1f000 r--p 0000f000 07:00 262278     /usr/lib/i386-linux-gnu/libXext.so.6.4.0
b3d1f000-b3d20000 rw-p 00010000 07:00 262278     /usr/lib/i386-linux-gnu/libXext.so.6.4.0
b3d20000-b3d21000 r--s 00000000 07:00 1458945    /var/cache/fontconfig/b9d506c9ac06c20b433354fa67a72993-le32d4.cache-4
b3d21000-b3d31000 r--s 00000000 07:00 1450090    /var/cache/fontconfig/d52a8644073d54c13679302ca1180695-le32d4.cache-4
b3d31000-b3d38000 r--s 00000000 07:00 1458934    /var/cache/fontconfig/3f7329c5293ffd510edef78f73874cfd-le32d4.cache-4
b3d38000-b3d39000 r--s 00000000 07:00 1458932    /var/cache/fontconfig/0c9eb80ebd1c36541ebe2852d3bb0c49-le32d4.cache-4
b3d39000-b3d3a000 r--s 00000000 07:00 1450084    /var/cache/fontconfig/62f91419b9ebdb6975e7e41ab6412357-le32d4.cache-4
b3d3a000-b3d3c000 r--s 00000000 07:00 1450153    /var/cache/fontconfig/e13b20fdb08344e0e664864cc2ede53d-le32d4.cache-4
b3d3c000-b3d3f000 r--s 00000000 07:00 1489262    /var/cache/fontconfig/7ef2298fde41cc6eeb7af42e48b7d293-le32d4.cache-4
b3d3f000-b3d40000 r--s 00000000 07:00 1449994    /home/maik/.cache/fontconfig/578171f5f238b8a7bb858af08da2de57-le32d4.cache-4
b3d40000-b3d41000 r--s 00000000 07:00 1449993    /home/maik/.cache/fontconfig/bd43c005a6d085c55fa3c0b7700969bf-le32d4.cache-4
b3d41000-b3db0000 r-xp 00000000 07:00 1308575    /tmp/libgdxmaik/2df45360/libgdx.so
b3db0000-b3db1000 r--p 0006f000 07:00 1308575    /tmp/libgdxmaik/2df45360/libgdx.so
b3db1000-b3db2000 rw-p 00070000 07:00 1308575    /tmp/libgdxmaik/2df45360/libgdx.so
b3db2000-b3dc4000 r--s 00126000 07:00 1494874    /home/maik/shadow/shadow-platformer-desktop/libs/gdx-backend-lwjgl.jar
b3dc4000-b3dd9000 r--s 00142000 07:00 1439865    /home/maik/shadow/shadow-platformer/libs/gdx.jar
b3dd9000-b3dda000 ---p 00000000 00:00 0 
b3dda000-b3e5a000 rw-p 00000000 00:00 0 
b3e5a000-b3e5d000 ---p 00000000 00:00 0 
b3e5d000-b3eab000 rw-p 00000000 00:00 0          [stack:12685]
b3eab000-b3eae000 ---p 00000000 00:00 0 
b3eae000-b3f2c000 rw-p 00000000 00:00 0          [stack:12684]
b3f2c000-b3f2f000 ---p 00000000 00:00 0 
b3f2f000-b3f7d000 rw-p 00000000 00:00 0 
b3f7d000-b40af000 r--p 0018a000 07:00 261666     /usr/lib/locale/locale-archive
b40af000-b42af000 r--p 00000000 07:00 261666     /usr/lib/locale/locale-archive
b42af000-b42b2000 ---p 00000000 00:00 0 
b42b2000-b4300000 rw-p 00000000 00:00 0          [stack:12682]
b4300000-b436f000 rw-p 00000000 00:00 0 
b436f000-b4400000 ---p 00000000 00:00 0 
b4400000-b4402000 r-xp 00000000 07:00 266641     /usr/lib/i386-linux-gnu/libXau.so.6.0.0
b4402000-b4403000 r--p 00001000 07:00 266641     /usr/lib/i386-linux-gnu/libXau.so.6.0.0
b4403000-b4404000 rw-p 00002000 07:00 266641     /usr/lib/i386-linux-gnu/libXau.so.6.0.0
b4404000-b440b000 r--s 000fc000 07:00 268440     /usr/lib/jvm/java-6-openjdk-common/jre/lib/resources.jar
b440b000-b440c000 r--s 0018b000 07:00 1494876    /home/maik/shadow/shadow-platformer-desktop/libs/gdx-natives.jar
b440c000-b440d000 r--s 00288000 07:00 1493451    /home/maik/shadow/shadow-platformer-desktop/libs/gdx-freetype-natives.jar
b440d000-b440e000 r--s 00004000 07:00 1440666    /home/maik/shadow/shadow-platformer-desktop/libs/gdx-controllers-desktop.jar
b440e000-b4410000 r--s 0019e000 07:00 1494872    /home/maik/shadow/shadow-platformer-desktop/libs/gdx-backend-lwjgl-natives.jar
b4410000-b4413000 ---p 00000000 00:00 0 
b4413000-b4461000 rw-p 00000000 00:00 0          [stack:12681]
b4461000-b4462000 ---p 00000000 00:00 0 
b4462000-b4515000 rw-p 00000000 00:00 0          [stack:12680]
b4515000-b46a9000 r--s 03807000 07:00 275877     /usr/lib/jvm/java-6-openjdk-i386/jre/lib/rt.jar
b46a9000-b46af000 rw-p 00000000 00:00 0 
b46af000-b4754000 rw-p 00000000 00:00 0 
b4754000-b4757000 rw-p 00000000 00:00 0 
b4757000-b47a9000 rw-p 00000000 00:00 0 
b47a9000-b47af000 rw-p 00000000 00:00 0 
b47af000-b4854000 rw-p 00000000 00:00 0 
b4854000-b485a000 rw-p 00000000 00:00 0 
b485a000-b4874000 rw-p 00000000 00:00 0 
b4874000-b4883000 rw-p 00000000 00:00 0 
b4883000-b4900000 rw-p 00000000 00:00 0 
b4900000-b49a0000 rwxp 00000000 00:00 0 
b49a0000-b69fa000 rw-p 00000000 00:00 0 
b69fa000-b6a00000 ---p 00000000 00:00 0 
b6a00000-b6a01000 r--s 00102000 07:00 1440691    /home/maik/shadow/shadow-platformer-desktop/libs/gdx-controllers-desktop-natives.jar
b6a01000-b6a02000 r--s 0012c000 07:00 1493449    /home/maik/shadow/shadow-platformer-desktop/libs/gdx-audio-natives.jar
b6a02000-b6a09000 r--s 00049000 07:00 1503607    /home/maik/shadow/shadow-platformer/libs/kryonet-2.18-all.jar
b6a09000-b6a0a000 r--s 00004000 07:00 1493450    /home/maik/shadow/shadow-platformer/libs/gdx-freetype.jar
b6a0a000-b6a0c000 r--s 00005000 07:00 1493439    /home/maik/shadow/shadow-platformer/libs/gdx-audio.jar
b6a0c000-b6a0f000 r--s 00031000 07:00 268443     /usr/lib/jvm/java-6-openjdk-common/jre/lib/ext/sunjce_provider.jar
b6a0f000-b6a11000 r--s 0000f000 07:00 268444     /usr/lib/jvm/java-6-openjdk-common/jre/lib/ext/pulse-java.jar
b6a11000-b6a14000 r--s 00077000 07:00 268442     /usr/lib/jvm/java-6-openjdk-common/jre/lib/ext/localedata.jar
b6a14000-b6a1b000 rw-p 00000000 00:00 0 
b6a1b000-b6a35000 rw-p 00000000 00:00 0 
b6a35000-b6a40000 r-xp 00000000 07:00 1582739    /lib/i386-linux-gnu/libnss_files-2.17.so
b6a40000-b6a41000 r--p 0000a000 07:00 1582739    /lib/i386-linux-gnu/libnss_files-2.17.so
b6a41000-b6a42000 rw-p 0000b000 07:00 1582739    /lib/i386-linux-gnu/libnss_files-2.17.so
b6a42000-b6a4c000 r-xp 00000000 07:00 1582745    /lib/i386-linux-gnu/libnss_nis-2.17.so
b6a4c000-b6a4d000 r--p 00009000 07:00 1582745    /lib/i386-linux-gnu/libnss_nis-2.17.so
b6a4d000-b6a4e000 rw-p 0000a000 07:00 1582745    /lib/i386-linux-gnu/libnss_nis-2.17.so
b6a4e000-b6a63000 r-xp 00000000 07:00 1582754    /lib/i386-linux-gnu/libnsl-2.17.so
b6a63000-b6a64000 r--p 00014000 07:00 1582754    /lib/i386-linux-gnu/libnsl-2.17.so
b6a64000-b6a65000 rw-p 00015000 07:00 1582754    /lib/i386-linux-gnu/libnsl-2.17.so
b6a65000-b6a67000 rw-p 00000000 00:00 0 
b6a67000-b6a68000 r--s 00002000 07:00 1441334    /home/maik/shadow/shadow-platformer/libs/gdx-controllers.jar
b6a68000-b6a6a000 r--s 00006000 07:00 532142     /usr/share/java/java-atk-wrapper.jar
b6a6a000-b6a6e000 r--s 00039000 07:00 268441     /usr/lib/jvm/java-6-openjdk-common/jre/lib/ext/sunpkcs11.jar
b6a6e000-b6a70000 r--s 00001000 07:00 268468     /usr/lib/jvm/java-6-openjdk-common/jre/lib/ext/dnsns.jar
b6a70000-b6a77000 rw-p 00000000 00:00 0 
b6a77000-b6a7e000 r-xp 00000000 07:00 295619     /usr/lib/jvm/java-6-openjdk-i386/jre/lib/i386/libzip.so
b6a7e000-b6a7f000 r--p 00006000 07:00 295619     /usr/lib/jvm/java-6-openjdk-i386/jre/lib/i386/libzip.so
b6a7f000-b6a80000 rw-p 00007000 07:00 295619     /usr/lib/jvm/java-6-openjdk-i386/jre/lib/i386/libzip.so
b6a80000-b6a88000 rw-s 00000000 07:00 1308354    /tmp/hsperfdata_maik/12659 (deleted)
b6a88000-b6aae000 r-xp 00000000 07:00 296232     /usr/lib/jvm/java-6-openjdk-i386/jre/lib/i386/libjava.so
b6aae000-b6aaf000 r--p 00026000 07:00 296232     /usr/lib/jvm/java-6-openjdk-i386/jre/lib/i386/libjava.so
b6aaf000-b6ab1000 rw-p 00027000 07:00 296232     /usr/lib/jvm/java-6-openjdk-i386/jre/lib/i386/libjava.so
b6ab1000-b6ab8000 r-xp 00000000 07:00 1570878    /lib/i386-linux-gnu/librt-2.17.so
b6ab8000-b6ab9000 r--p 00006000 07:00 1570878    /lib/i386-linux-gnu/librt-2.17.so
b6ab9000-b6aba000 rw-p 00007000 07:00 1570878    /lib/i386-linux-gnu/librt-2.17.so
b6aba000-b6abd000 ---p 00000000 00:00 0 
b6abd000-b6b0b000 rw-p 00000000 00:00 0          [stack:12665]
b6b0b000-b6b26000 r-xp 00000000 07:00 1571574    /lib/i386-linux-gnu/libgcc_s.so.1
b6b26000-b6b27000 r--p 0001a000 07:00 1571574    /lib/i386-linux-gnu/libgcc_s.so.1
b6b27000-b6b28000 rw-p 0001b000 07:00 1571574    /lib/i386-linux-gnu/libgcc_s.so.1
b6b28000-b6b69000 r-xp 00000000 07:00 1582738    /lib/i386-linux-gnu/libm-2.17.so
b6b69000-b6b6a000 r--p 00040000 07:00 1582738    /lib/i386-linux-gnu/libm-2.17.so
b6b6a000-b6b6b000 rw-p 00041000 07:00 1582738    /lib/i386-linux-gnu/libm-2.17.so
b6b6b000-b6c47000 r-xp 00000000 07:00 298111     /usr/lib/i386-linux-gnu/libstdc++.so.6.0.17
b6c47000-b6c48000 ---p 000dc000 07:00 298111     /usr/lib/i386-linux-gnu/libstdc++.so.6.0.17
b6c48000-b6c4c000 r--p 000dc000 07:00 298111     /usr/lib/i386-linux-gnu/libstdc++.so.6.0.17
b6c4c000-b6c4d000 rw-p 000e0000 07:00 298111     /usr/lib/i386-linux-gnu/libstdc++.so.6.0.17
b6c4d000-b6c54000 rw-p 00000000 00:00 0 
b6c54000-b7163000 r-xp 00000000 07:00 296259     /usr/lib/jvm/java-6-openjdk-i386/jre/lib/i386/client/libjvm.so
b7163000-b717a000 r--p 0050e000 07:00 296259     /usr/lib/jvm/java-6-openjdk-i386/jre/lib/i386/client/libjvm.so
b717a000-b7187000 rw-p 00525000 07:00 296259     /usr/lib/jvm/java-6-openjdk-i386/jre/lib/i386/client/libjvm.so
b7187000-b75a1000 rw-p 00000000 00:00 0 
b75a1000-b75b8000 r-xp 00000000 07:00 1570758    /lib/i386-linux-gnu/libz.so.1.2.7
b75b8000-b75b9000 r--p 00016000 07:00 1570758    /lib/i386-linux-gnu/libz.so.1.2.7
b75b9000-b75ba000 rw-p 00017000 07:00 1570758    /lib/i386-linux-gnu/libz.so.1.2.7
b75ba000-b7767000 r-xp 00000000 07:00 1582740    /lib/i386-linux-gnu/libc-2.17.so
b7767000-b7769000 r--p 001ad000 07:00 1582740    /lib/i386-linux-gnu/libc-2.17.so
b7769000-b776a000 rw-p 001af000 07:00 1582740    /lib/i386-linux-gnu/libc-2.17.so
b776a000-b776d000 rw-p 00000000 00:00 0 
b776d000-b7770000 r-xp 00000000 07:00 1582749    /lib/i386-linux-gnu/libdl-2.17.so
b7770000-b7771000 r--p 00002000 07:00 1582749    /lib/i386-linux-gnu/libdl-2.17.so
b7771000-b7772000 rw-p 00003000 07:00 1582749    /lib/i386-linux-gnu/libdl-2.17.so
b7772000-b7776000 r-xp 00000000 07:00 296224     /usr/lib/jvm/java-6-openjdk-i386/jre/lib/i386/jli/libjli.so
b7776000-b7777000 r--p 00003000 07:00 296224     /usr/lib/jvm/java-6-openjdk-i386/jre/lib/i386/jli/libjli.so
b7777000-b7778000 rw-p 00004000 07:00 296224     /usr/lib/jvm/java-6-openjdk-i386/jre/lib/i386/jli/libjli.so
b7778000-b778f000 r-xp 00000000 07:00 1582744    /lib/i386-linux-gnu/libpthread-2.17.so
b778f000-b7790000 r--p 00016000 07:00 1582744    /lib/i386-linux-gnu/libpthread-2.17.so
b7790000-b7791000 rw-p 00017000 07:00 1582744    /lib/i386-linux-gnu/libpthread-2.17.so
b7791000-b7794000 rw-p 00000000 00:00 0 
b7794000-b7795000 r--s 00001000 07:00 1494608    /home/maik/shadow/shadow-platformer/libs/bodyeditor-loader.jar
b7795000-b779b000 rw-p 00000000 00:00 0 
b779b000-b77a2000 r-xp 00000000 07:00 1582737    /lib/i386-linux-gnu/libnss_compat-2.17.so
b77a2000-b77a3000 r--p 00006000 07:00 1582737    /lib/i386-linux-gnu/libnss_compat-2.17.so
b77a3000-b77a4000 rw-p 00007000 07:00 1582737    /lib/i386-linux-gnu/libnss_compat-2.17.so
b77a4000-b77a5000 rw-p 00000000 00:00 0 
b77a5000-b77a6000 ---p 00000000 00:00 0 
b77a6000-b77b3000 r-xp 00000000 07:00 296201     /usr/lib/jvm/java-6-openjdk-i386/jre/lib/i386/libverify.so
b77b3000-b77b4000 r--p 0000c000 07:00 296201     /usr/lib/jvm/java-6-openjdk-i386/jre/lib/i386/libverify.so
b77b4000-b77b5000 rw-p 0000d000 07:00 296201     /usr/lib/jvm/java-6-openjdk-i386/jre/lib/i386/libverify.so
b77b5000-b77b7000 rw-p 00000000 00:00 0 
b77b7000-b77b8000 r-xp 00000000 00:00 0          [vdso]
b77b8000-b77d8000 r-xp 00000000 07:00 1582753    /lib/i386-linux-gnu/ld-2.17.so
b77d8000-b77d9000 r--p 0001f000 07:00 1582753    /lib/i386-linux-gnu/ld-2.17.so
b77d9000-b77da000 rw-p 00020000 07:00 1582753    /lib/i386-linux-gnu/ld-2.17.so
bffda000-bfffb000 rw-p 00000000 00:00 0          [stack]

VM Arguments:
jvm_args: -XX:+HeapDumpOnOutOfMemoryError -verbose:gc -Dfile.encoding=UTF-8 
java_command: net.fourbytes.shadow.Main
Launcher Type: SUN_STANDARD

Environment Variables:
PATH=/usr/local/sbin:/usr/local/bin:/usr/sbin:/usr/bin:/sbin:/bin:/usr/games:/usr/local/games
USERNAME=maik
LD_LIBRARY_PATH=/usr/lib/jvm/java-6-openjdk-i386/jre/lib/i386/client:/usr/lib/jvm/java-6-openjdk-i386/jre/lib/i386:/usr/lib/jvm/java-6-openjdk-i386/jre/../lib/i386:/usr/lib/jvm/java-7-openjdk-i386/jre/lib/i386/client:/usr/lib/jvm/java-7-openjdk-i386/jre/lib/i386:
SHELL=/bin/bash
DISPLAY=:0

Signal Handlers:
SIGSEGV: [libjvm.so+0x3f03e0], sa_mask[0]=0x7ffbfeff, sa_flags=0x10000004
SIGBUS: [libjvm.so+0x3f03e0], sa_mask[0]=0x7ffbfeff, sa_flags=0x10000004
SIGFPE: [libjvm.so+0x30da80], sa_mask[0]=0x7ffbfeff, sa_flags=0x10000004
SIGPIPE: [libjvm.so+0x30da80], sa_mask[0]=0x7ffbfeff, sa_flags=0x10000004
SIGXFSZ: [libjvm.so+0x30da80], sa_mask[0]=0x7ffbfeff, sa_flags=0x10000004
SIGILL: [libjvm.so+0x30da80], sa_mask[0]=0x7ffbfeff, sa_flags=0x10000004
SIGUSR1: SIG_DFL, sa_mask[0]=0x00000000, sa_flags=0x00000000
SIGUSR2: [libjvm.so+0x30d920], sa_mask[0]=0x00000004, sa_flags=0x10000004
SIGHUP: [libjvm.so+0x3105b0], sa_mask[0]=0x7ffbfeff, sa_flags=0x10000004
SIGINT: [libjvm.so+0x3105b0], sa_mask[0]=0x7ffbfeff, sa_flags=0x10000004
SIGTERM: [libjvm.so+0x3105b0], sa_mask[0]=0x7ffbfeff, sa_flags=0x10000004
SIGQUIT: [libjvm.so+0x3105b0], sa_mask[0]=0x7ffbfeff, sa_flags=0x10000004


---------------  S Y S T E M  ---------------

OS:Ubuntu 13.04 (raring)
uname:Linux 3.11.0-994-generic #201309190405 SMP Thu Sep 19 08:15:11 UTC 2013 i686
libc:glibc 2.17 NPTL 2.17 
rlimit: STACK 8192k, CORE 0k, NPROC 15443, NOFILE 4096, AS infinity
load average:1.44 1.58 1.61

/proc/meminfo:
MemTotal:        1993448 kB
MemFree:          126112 kB
Buffers:          236564 kB
Cached:           379356 kB
SwapCached:        35716 kB
Active:           784608 kB
Inactive:         885260 kB
Active(anon):     606724 kB
Inactive(anon):   673148 kB
Active(file):     177884 kB
Inactive(file):   212112 kB
Unevictable:        2744 kB
Mlocked:             128 kB
HighTotal:       1112452 kB
HighFree:          14432 kB
LowTotal:         880996 kB
LowFree:          111680 kB
SwapTotal:       1258860 kB
SwapFree:         943628 kB
Dirty:              2228 kB
Writeback:             0 kB
AnonPages:       1028916 kB
Mapped:           149524 kB
Shmem:            223208 kB
Slab:              46556 kB
SReclaimable:      27532 kB
SUnreclaim:        19024 kB
KernelStack:        4616 kB
PageTables:        11964 kB
NFS_Unstable:          0 kB
Bounce:                0 kB
WritebackTmp:          0 kB
CommitLimit:     2255584 kB
Committed_AS:    4800576 kB
VmallocTotal:     122880 kB
VmallocUsed:       16220 kB
VmallocChunk:     106108 kB
HardwareCorrupted:     0 kB
AnonHugePages:         0 kB
HugePages_Total:       0
HugePages_Free:        0
HugePages_Rsvd:        0
HugePages_Surp:        0
Hugepagesize:       2048 kB
DirectMap4k:       12280 kB
DirectMap2M:      901120 kB


CPU:total 1 (1 cores per cpu, 1 threads per core) family 6 model 23 stepping 10, cmov, cx8, fxsr, mmx, sse, sse2, sse3, ssse3

Memory: 4k page, physical 1993448k(126112k free), swap 1258860k(943628k free)

vm_info: OpenJDK Client VM (20.0-b12) for linux-x86 JRE (1.6.0_27-b27), built on Jul 17 2013 13:48:06 by "buildd" with gcc 4.7.3

time: Thu Sep 26 17:32:18 2013
elapsed time: 11 seconds

