#
# A fatal error has been detected by the Java Runtime Environment:
#
#  SIGSEGV (0xb) at pc=0x00000000, pid=2877, tid=2927844160
#
# JRE version: 6.0_27-b27
# Java VM: OpenJDK Client VM (20.0-b12 mixed mode, sharing linux-x86 )
# Derivative: IcedTea6 1.12.6
# Distribution: Ubuntu 13.04, package 6b27-1.12.6-1ubuntu0.13.04.2
# Problematic frame:
# C  0x00000000
#
# If you would like to submit a bug report, please include
# instructions how to reproduce the bug and visit:
#   https://bugs.launchpad.net/ubuntu/+source/openjdk-6/
#

---------------  T H R E A D  ---------------

Current thread is native thread

siginfo:si_signo=SIGSEGV: si_errno=0, si_code=1 (SEGV_MAPERR), si_addr=0x00000000

Registers:
EAX=0xb341d450, EBX=0xb341cff4, ECX=0x00000000, EDX=0xb3c9e020
ESP=0xae8351ec, EBP=0x00012000, ESI=0x00000800, EDI=0xb3c87ec0
EIP=0x00000000, EFLAGS=0x00010246, CR2=0x00000000

Top of Stack: (sp=0xae8351ec)
0xae8351ec:   b33ea348 b3c87ec0 00000000 00002000
0xae8351fc:   4000739a b33cc000 b3c75e60 0991b618
0xae83520c:   b33a5b5d 00000000 ae8352b4 00002000
0xae83521c:   b76d46ce b76db7cf b337d000 b3c762f8
0xae83522c:   b337d000 bb800000 00004000 b3c73a68
0xae83523c:   b3341802 b3c73a68 00004000 b33cc000
0xae83524c:   b334040d b3c75e84 b3c76420 00000000
0xae83525c:   b335cc0f b3c76318 b3c762f8 b337d000 

Instructions: (pc=0x00000000)
0xffffffe0:   

Register to memory mapping:

EAX=
[error occurred during error reporting (printing register info), id 0xb]

Stack: [0xae735000,0xae836000],  sp=0xae8351ec,  free space=1024k

---------------  P R O C E S S  ---------------

VM state:at safepoint (shutting down)

VM Mutex/Monitor currently owned by a thread:  ([mutex/lock_event])
[0xb6903ad0] Threads_lock - owner thread: 0xb6932400

Heap
 def new generation   total 4928K, used 3272K [0x6ea40000, 0x6ef90000, 0x794e0000)
  eden space 4416K,  67% used [0x6ea40000, 0x6ed27a78, 0x6ee90000)
  from space 512K,  58% used [0x6ee90000, 0x6eeda7c0, 0x6ef10000)
  to   space 512K,   0% used [0x6ef10000, 0x6ef10000, 0x6ef90000)
 tenured generation   total 10944K, used 451K [0x794e0000, 0x79f90000, 0x8ea40000)
   the space 10944K,   4% used [0x794e0000, 0x79550c00, 0x79550c00, 0x79f90000)
 compacting perm gen  total 12288K, used 2793K [0x8ea40000, 0x8f640000, 0x92a40000)
   the space 12288K,  22% used [0x8ea40000, 0x8ecfa670, 0x8ecfa800, 0x8f640000)
    ro space 10240K,  73% used [0x92a40000, 0x931a5fa0, 0x931a6000, 0x93440000)
    rw space 12288K,  60% used [0x93440000, 0x93b8dbf8, 0x93b8dc00, 0x94040000)

Code Cache  [0xb4884000, 0xb494c000, 0xb6884000)
 total_blobs=490 nmethods=195 adapters=231 free_code_cache=32738112 largest_free_block=64

Dynamic libraries:
08048000-08051000 r-xp 00000000 07:00 270379     /usr/lib/jvm/java-6-openjdk-i386/jre/bin/java
08051000-08052000 r--p 00008000 07:00 270379     /usr/lib/jvm/java-6-openjdk-i386/jre/bin/java
08052000-08053000 rw-p 00009000 07:00 270379     /usr/lib/jvm/java-6-openjdk-i386/jre/bin/java
09874000-09923000 rw-p 00000000 00:00 0          [heap]
6ea40000-6ef90000 rw-p 00000000 00:00 0 
6ef90000-794e0000 rw-p 00000000 00:00 0 
794e0000-79f90000 rw-p 00000000 00:00 0 
79f90000-8ea40000 rw-p 00000000 00:00 0 
8ea40000-8f640000 rw-p 00000000 00:00 0 
8f640000-92a40000 rw-p 00000000 00:00 0 
92a40000-931a6000 r--s 00001000 07:00 280804     /usr/lib/jvm/java-6-openjdk-i386/jre/lib/i386/client/classes.jsa
931a6000-93440000 rw-p 00000000 00:00 0 
93440000-93b8e000 rw-p 00767000 07:00 280804     /usr/lib/jvm/java-6-openjdk-i386/jre/lib/i386/client/classes.jsa
93b8e000-94040000 rw-p 00000000 00:00 0 
94040000-9413d000 rw-p 00eb5000 07:00 280804     /usr/lib/jvm/java-6-openjdk-i386/jre/lib/i386/client/classes.jsa
9413d000-94440000 rw-p 00000000 00:00 0 
94440000-94448000 r-xs 00fb2000 07:00 280804     /usr/lib/jvm/java-6-openjdk-i386/jre/lib/i386/client/classes.jsa
94448000-94840000 rw-p 00000000 00:00 0 
ac17f000-ac2ff000 rw-s 2fdc0000 00:05 10767      /dev/dri/card0
ac3af000-ac3b2000 ---p 00000000 00:00 0 
ac3b2000-ac400000 rw-p 00000000 00:00 0 
ac400000-ac600000 rw-s 1f20c000 00:05 10767      /dev/dri/card0
ac600000-ac7c0000 rw-p 00000000 00:00 0 
ac7c0000-ac800000 ---p 00000000 00:00 0 
ac800000-aca00000 rw-p 00000000 00:00 0 
aca00000-acb00000 rw-p 00000000 00:00 0 
acb21000-acb24000 ---p 00000000 00:00 0 
acb24000-ace00000 rw-p 00000000 00:00 0 
ace00000-aceff000 rw-p 00000000 00:00 0 
aceff000-acf00000 ---p 00000000 00:00 0 
acf00000-ad000000 rw-p 00000000 00:00 0 
ad000000-ad0f9000 rw-p 00000000 00:00 0 
ad0f9000-ad100000 ---p 00000000 00:00 0 
ad110000-adfd5000 rw-p 00000000 00:00 0 
adfd5000-ae02c000 rw-p 00000000 00:00 0 
ae032000-ae06a000 rw-s 1f40c000 00:05 10767      /dev/dri/card0
ae06a000-ae08a000 r-xp 00000000 07:00 1308598    /tmp/libgdxmaik/1810227264/libgdx-controllers-desktop.so
ae08a000-ae08b000 r--p 00020000 07:00 1308598    /tmp/libgdxmaik/1810227264/libgdx-controllers-desktop.so
ae08b000-ae08c000 rw-p 00021000 07:00 1308598    /tmp/libgdxmaik/1810227264/libgdx-controllers-desktop.so
ae08c000-ae0be000 r-xp 00000000 07:00 262120     /usr/lib/i386-linux-gnu/libtxc_dxtn_s2tc.so.0.0.0
ae0be000-ae0bf000 r--p 00031000 07:00 262120     /usr/lib/i386-linux-gnu/libtxc_dxtn_s2tc.so.0.0.0
ae0bf000-ae0c0000 rw-p 00032000 07:00 262120     /usr/lib/i386-linux-gnu/libtxc_dxtn_s2tc.so.0.0.0
ae0c0000-ae0c9000 r-xp 00000000 07:00 264471     /usr/lib/i386-linux-gnu/libpciaccess.so.0.11.1
ae0c9000-ae0ca000 r--p 00008000 07:00 264471     /usr/lib/i386-linux-gnu/libpciaccess.so.0.11.1
ae0ca000-ae0cb000 rw-p 00009000 07:00 264471     /usr/lib/i386-linux-gnu/libpciaccess.so.0.11.1
ae0cb000-ae0ec000 r-xp 00000000 07:00 266218     /usr/lib/i386-linux-gnu/libdrm_intel.so.1.0.0
ae0ec000-ae0ed000 r--p 00020000 07:00 266218     /usr/lib/i386-linux-gnu/libdrm_intel.so.1.0.0
ae0ed000-ae0ee000 rw-p 00021000 07:00 266218     /usr/lib/i386-linux-gnu/libdrm_intel.so.1.0.0
ae0ee000-ae113000 r-xp 00000000 07:00 1571548    /lib/i386-linux-gnu/libexpat.so.1.6.0
ae113000-ae115000 r--p 00025000 07:00 1571548    /lib/i386-linux-gnu/libexpat.so.1.6.0
ae115000-ae116000 rw-p 00027000 07:00 1571548    /lib/i386-linux-gnu/libexpat.so.1.6.0
ae116000-ae4e2000 r-xp 00000000 07:00 263667     /usr/lib/i386-linux-gnu/libdricore9.3.0-devel.so.1.0.0
ae4e2000-ae4e3000 ---p 003cc000 07:00 263667     /usr/lib/i386-linux-gnu/libdricore9.3.0-devel.so.1.0.0
ae4e3000-ae4ec000 r--p 003cc000 07:00 263667     /usr/lib/i386-linux-gnu/libdricore9.3.0-devel.so.1.0.0
ae4ec000-ae4f3000 rw-p 003d5000 07:00 263667     /usr/lib/i386-linux-gnu/libdricore9.3.0-devel.so.1.0.0
ae4f3000-ae508000 rw-p 00000000 00:00 0 
ae508000-ae5f1000 r-xp 00000000 07:00 266266     /usr/lib/i386-linux-gnu/dri/i965_dri.so
ae5f1000-ae5f3000 r--p 000e9000 07:00 266266     /usr/lib/i386-linux-gnu/dri/i965_dri.so
ae5f3000-ae5f4000 rw-p 000eb000 07:00 266266     /usr/lib/i386-linux-gnu/dri/i965_dri.so
ae5f4000-ae5f5000 rw-p 00000000 00:00 0 
ae5f5000-ae600000 r-xp 00000000 07:00 266202     /usr/lib/i386-linux-gnu/libdrm.so.2.4.0
ae600000-ae601000 r--p 0000a000 07:00 266202     /usr/lib/i386-linux-gnu/libdrm.so.2.4.0
ae601000-ae602000 rw-p 0000b000 07:00 266202     /usr/lib/i386-linux-gnu/libdrm.so.2.4.0
ae602000-ae605000 r-xp 00000000 07:00 266197     /usr/lib/i386-linux-gnu/libxcb-dri2.so.0.0.0
ae605000-ae606000 r--p 00003000 07:00 266197     /usr/lib/i386-linux-gnu/libxcb-dri2.so.0.0.0
ae606000-ae607000 rw-p 00004000 07:00 266197     /usr/lib/i386-linux-gnu/libxcb-dri2.so.0.0.0
ae607000-ae61d000 r-xp 00000000 07:00 266178     /usr/lib/i386-linux-gnu/libxcb-glx.so.0.0.0
ae61d000-ae61e000 r--p 00016000 07:00 266178     /usr/lib/i386-linux-gnu/libxcb-glx.so.0.0.0
ae61e000-ae61f000 rw-p 00017000 07:00 266178     /usr/lib/i386-linux-gnu/libxcb-glx.so.0.0.0
ae61f000-ae621000 r-xp 00000000 07:00 266189     /usr/lib/i386-linux-gnu/libXdamage.so.1.1.0
ae621000-ae622000 r--p 00001000 07:00 266189     /usr/lib/i386-linux-gnu/libXdamage.so.1.1.0
ae622000-ae623000 rw-p 00002000 07:00 266189     /usr/lib/i386-linux-gnu/libXdamage.so.1.1.0
ae623000-ae633000 r-xp 00000000 07:00 263678     /usr/lib/i386-linux-gnu/libglapi.so.0.0.0
ae633000-ae635000 r--p 0000f000 07:00 263678     /usr/lib/i386-linux-gnu/libglapi.so.0.0.0
ae635000-ae63a000 rwxp 00011000 07:00 263678     /usr/lib/i386-linux-gnu/libglapi.so.0.0.0
ae63a000-ae68c000 r-xp 00000000 07:00 263675     /usr/lib/i386-linux-gnu/mesa/libGL.so.1.2.0
ae68c000-ae68e000 r--p 00051000 07:00 263675     /usr/lib/i386-linux-gnu/mesa/libGL.so.1.2.0
ae68e000-ae693000 rwxp 00053000 07:00 263675     /usr/lib/i386-linux-gnu/mesa/libGL.so.1.2.0
ae693000-ae696000 ---p 00000000 00:00 0 
ae696000-ae6e4000 rw-p 00000000 00:00 0          [stack:2925]
ae6e4000-ae6e7000 ---p 00000000 00:00 0 
ae6e7000-ae735000 rw-p 00000000 00:00 0          [stack:2900]
ae735000-ae736000 ---p 00000000 00:00 0 
ae736000-ae836000 rw-p 00000000 00:00 0          [stack:2899]
ae836000-b2837000 rw-s 00000000 00:13 1277960    /run/shm/pulse-shm-1346272880
b2837000-b2838000 ---p 00000000 00:00 0 
b2838000-b3038000 rw-p 00000000 00:00 0          [stack:2898]
b3038000-b304b000 r-xp 00000000 07:00 1582751    /lib/i386-linux-gnu/libresolv-2.17.so
b304b000-b304c000 r--p 00013000 07:00 1582751    /lib/i386-linux-gnu/libresolv-2.17.so
b304c000-b304d000 rw-p 00014000 07:00 1582751    /lib/i386-linux-gnu/libresolv-2.17.so
b304d000-b304f000 rw-p 00000000 00:00 0 
b304f000-b3055000 r-xp 00000000 07:00 266289     /usr/lib/i386-linux-gnu/libogg.so.0.8.0
b3055000-b3056000 r--p 00005000 07:00 266289     /usr/lib/i386-linux-gnu/libogg.so.0.8.0
b3056000-b3057000 rw-p 00006000 07:00 266289     /usr/lib/i386-linux-gnu/libogg.so.0.8.0
b3057000-b3080000 r-xp 00000000 07:00 266476     /usr/lib/i386-linux-gnu/libvorbis.so.0.4.5
b3080000-b3081000 ---p 00029000 07:00 266476     /usr/lib/i386-linux-gnu/libvorbis.so.0.4.5
b3081000-b3082000 r--p 00029000 07:00 266476     /usr/lib/i386-linux-gnu/libvorbis.so.0.4.5
b3082000-b3083000 rw-p 0002a000 07:00 266476     /usr/lib/i386-linux-gnu/libvorbis.so.0.4.5
b3083000-b31e9000 r-xp 00000000 07:00 266474     /usr/lib/i386-linux-gnu/libvorbisenc.so.2.0.8
b31e9000-b31fa000 r--p 00165000 07:00 266474     /usr/lib/i386-linux-gnu/libvorbisenc.so.2.0.8
b31fa000-b31fb000 rw-p 00176000 07:00 266474     /usr/lib/i386-linux-gnu/libvorbisenc.so.2.0.8
b31fb000-b3249000 r-xp 00000000 07:00 266300     /usr/lib/i386-linux-gnu/libFLAC.so.8.2.0
b3249000-b324a000 r--p 0004e000 07:00 266300     /usr/lib/i386-linux-gnu/libFLAC.so.8.2.0
b324a000-b324b000 rw-p 0004f000 07:00 266300     /usr/lib/i386-linux-gnu/libFLAC.so.8.2.0
b324b000-b32b8000 r-xp 00000000 07:00 266526     /usr/lib/i386-linux-gnu/libsndfile.so.1.0.25
b32b8000-b32ba000 r--p 0006c000 07:00 266526     /usr/lib/i386-linux-gnu/libsndfile.so.1.0.25
b32ba000-b32bb000 rw-p 0006e000 07:00 266526     /usr/lib/i386-linux-gnu/libsndfile.so.1.0.25
b32bb000-b32bf000 rw-p 00000000 00:00 0 
b32bf000-b32c7000 r-xp 00000000 07:00 1570816    /lib/i386-linux-gnu/libwrap.so.0.7.6
b32c7000-b32c8000 r--p 00007000 07:00 1570816    /lib/i386-linux-gnu/libwrap.so.0.7.6
b32c8000-b32c9000 rw-p 00008000 07:00 1570816    /lib/i386-linux-gnu/libwrap.so.0.7.6
b32c9000-b3311000 r-xp 00000000 07:00 1569912    /lib/i386-linux-gnu/libdbus-1.so.3.7.2
b3311000-b3312000 r--p 00047000 07:00 1569912    /lib/i386-linux-gnu/libdbus-1.so.3.7.2
b3312000-b3313000 rw-p 00048000 07:00 1569912    /lib/i386-linux-gnu/libdbus-1.so.3.7.2
b3313000-b337c000 r-xp 00000000 07:00 275838     /usr/lib/i386-linux-gnu/pulseaudio/libpulsecommon-3.0.so
b337c000-b337d000 r--p 00068000 07:00 275838     /usr/lib/i386-linux-gnu/pulseaudio/libpulsecommon-3.0.so
b337d000-b337e000 rw-p 00069000 07:00 275838     /usr/lib/i386-linux-gnu/pulseaudio/libpulsecommon-3.0.so
b337e000-b33ca000 r-xp 00000000 07:00 275837     /usr/lib/i386-linux-gnu/libpulse.so.0.15.3
b33ca000-b33cb000 ---p 0004c000 07:00 275837     /usr/lib/i386-linux-gnu/libpulse.so.0.15.3
b33cb000-b33cc000 r--p 0004c000 07:00 275837     /usr/lib/i386-linux-gnu/libpulse.so.0.15.3
b33cc000-b33cd000 rw-p 0004d000 07:00 275837     /usr/lib/i386-linux-gnu/libpulse.so.0.15.3
b33cd000-b341b000 r-xp 00000000 07:00 1308596    /tmp/libgdxmaik/335398564/libopenal.so
b341b000-b341d000 r--p 0004d000 07:00 1308596    /tmp/libgdxmaik/335398564/libopenal.so
b341d000-b341e000 rw-p 0004f000 07:00 1308596    /tmp/libgdxmaik/335398564/libopenal.so
b341e000-b3478000 r-xp 00000000 07:00 1308594    /tmp/libgdxmaik/335398564/liblwjgl.so
b3478000-b3479000 r--p 0005a000 07:00 1308594    /tmp/libgdxmaik/335398564/liblwjgl.so
b3479000-b347a000 rw-p 0005b000 07:00 1308594    /tmp/libgdxmaik/335398564/liblwjgl.so
b347a000-b347d000 ---p 00000000 00:00 0 
b347d000-b34cb000 rw-p 00000000 00:00 0          [stack:2896]
b34cb000-b34cc000 r--s 00000000 07:00 1458977    /var/cache/fontconfig/c05880de57d1f5e948fdfacc138775d9-le32d4.cache-4
b34cc000-b34d4000 r--s 00000000 07:00 1450059    /var/cache/fontconfig/945677eb7aeaf62f1d50efc3fb3ec7d8-le32d4.cache-4
b34d4000-b34d6000 r--s 00000000 07:00 1450027    /var/cache/fontconfig/99e8ed0e538f840c565b6ed5dad60d56-le32d4.cache-4
b34d6000-b3575000 r--s 00000000 07:00 1442541    /var/cache/fontconfig/f77165c3a5c0e6d840970e91000fef78-le32d4.cache-4
b3575000-b357b000 r--s 00000000 07:00 1458975    /var/cache/fontconfig/a6d8cf8e4ec09cdbc8633c31745a07dd-le32d4.cache-4
b357b000-b357f000 r--s 00000000 07:00 1458974    /var/cache/fontconfig/2cd17615ca594fa2959ae173292e504c-le32d4.cache-4
b357f000-b3580000 r--s 00000000 07:00 1458973    /var/cache/fontconfig/e7071f4a29fa870f4323321c154eba04-le32d4.cache-4
b3580000-b3585000 r--s 00000000 07:00 1458972    /var/cache/fontconfig/6eb3985aa4124903f6ff08ba781cd364-le32d4.cache-4
b3585000-b3586000 r--s 00000000 07:00 1458971    /var/cache/fontconfig/0d8c3b2ac0904cb8a57a757ad11a4a08-le32d4.cache-4
b3586000-b358b000 r--s 00000000 07:00 1458970    /var/cache/fontconfig/a755afe4a08bf5b97852ceb7400b47bc-le32d4.cache-4
b358b000-b3594000 r--s 00000000 07:00 1458968    /var/cache/fontconfig/6d41288fd70b0be22e8c3a91e032eec0-le32d4.cache-4
b3594000-b35a3000 r--s 00000000 07:00 1458967    /var/cache/fontconfig/04aabc0a78ac019cf9454389977116d2-le32d4.cache-4
b35a3000-b35a4000 r--s 00000000 07:00 1458966    /var/cache/fontconfig/1ac9eb803944fde146138c791f5cc56a-le32d4.cache-4
b35a4000-b35a7000 r--s 00000000 07:00 1458963    /var/cache/fontconfig/385c0604a188198f04d133e54aba7fe7-le32d4.cache-4
b35a7000-b35a8000 r--s 00000000 07:00 1458958    /var/cache/fontconfig/dc05db6664285cc2f12bf69c139ae4c3-le32d4.cache-4
b35a8000-b35ac000 r--s 00000000 07:00 1458957    /var/cache/fontconfig/1c2c2997deddd45e0296fa5a60917b7d-le32d4.cache-4
b35ac000-b35ae000 r--s 00000000 07:00 1458956    /var/cache/fontconfig/767a8244fc0220cfb567a839d0392e0b-le32d4.cache-4
b35ae000-b35af000 r--s 00000000 07:00 1458955    /var/cache/fontconfig/4794a0821666d79190d59a36cb4f44b5-le32d4.cache-4
b35af000-b35b2000 r--s 00000000 07:00 1458954    /var/cache/fontconfig/8801497958630a81b71ace7c5f9b32a8-le32d4.cache-4
b35b2000-b35e1000 r--s 00000000 07:00 1458953    /var/cache/fontconfig/365b55f210c0a22e9a19e35191240f32-le32d4.cache-4
b35e1000-b35e6000 r--s 00000000 07:00 1458952    /var/cache/fontconfig/3047814df9a2f067bd2d96a2b9c36e5a-le32d4.cache-4
b35e6000-b35e7000 r--s 00000000 07:00 1458951    /var/cache/fontconfig/56cf4f4769d0f4abc89a4895d7bd3ae1-le32d4.cache-4
b35e7000-b35eb000 r--s 00000000 07:00 1458944    /var/cache/fontconfig/b47c4e1ecd0709278f4910c18777a504-le32d4.cache-4
b35fa000-b35fb000 rw-s 1f054000 00:05 10767      /dev/dri/card0
b35fb000-b35ff000 rw-s 00000000 00:04 1278235    /drm mm object (deleted)
b35ff000-b3600000 rw-s 2ff40000 00:05 10767      /dev/dri/card0
b3600000-b3601000 rw-s 1f444000 00:05 10767      /dev/dri/card0
b3601000-b3605000 rw-s 00000000 00:04 1278232    /drm mm object (deleted)
b3609000-b360a000 rw-s 00000000 00:04 1278226    /drm mm object (deleted)
b360a000-b360b000 rw-s 1f20a000 00:05 10767      /dev/dri/card0
b360b000-b360c000 rw-s 00000000 00:04 1278128    /drm mm object (deleted)
b360c000-b3613000 r--s 00000000 07:00 297903     /usr/lib/i386-linux-gnu/gconv/gconv-modules.cache
b3613000-b3614000 r--s 00000000 07:00 1458977    /var/cache/fontconfig/c05880de57d1f5e948fdfacc138775d9-le32d4.cache-4
b3614000-b361c000 r--s 00000000 07:00 1450059    /var/cache/fontconfig/945677eb7aeaf62f1d50efc3fb3ec7d8-le32d4.cache-4
b361c000-b361e000 r--s 00000000 07:00 1450027    /var/cache/fontconfig/99e8ed0e538f840c565b6ed5dad60d56-le32d4.cache-4
b361e000-b36bd000 r--s 00000000 07:00 1442541    /var/cache/fontconfig/f77165c3a5c0e6d840970e91000fef78-le32d4.cache-4
b36bd000-b36c3000 r--s 00000000 07:00 1458975    /var/cache/fontconfig/a6d8cf8e4ec09cdbc8633c31745a07dd-le32d4.cache-4
b36c3000-b36c7000 r--s 00000000 07:00 1458974    /var/cache/fontconfig/2cd17615ca594fa2959ae173292e504c-le32d4.cache-4
b36c7000-b36c8000 r--s 00000000 07:00 1458973    /var/cache/fontconfig/e7071f4a29fa870f4323321c154eba04-le32d4.cache-4
b36c8000-b36cd000 r--s 00000000 07:00 1458972    /var/cache/fontconfig/6eb3985aa4124903f6ff08ba781cd364-le32d4.cache-4
b36cd000-b36ce000 r--s 00000000 07:00 1458971    /var/cache/fontconfig/0d8c3b2ac0904cb8a57a757ad11a4a08-le32d4.cache-4
b36ce000-b36d3000 r--s 00000000 07:00 1458970    /var/cache/fontconfig/a755afe4a08bf5b97852ceb7400b47bc-le32d4.cache-4
b36d3000-b36dc000 r--s 00000000 07:00 1458968    /var/cache/fontconfig/6d41288fd70b0be22e8c3a91e032eec0-le32d4.cache-4
b36dc000-b36eb000 r--s 00000000 07:00 1458967    /var/cache/fontconfig/04aabc0a78ac019cf9454389977116d2-le32d4.cache-4
b36eb000-b36ec000 r--s 00000000 07:00 1458966    /var/cache/fontconfig/1ac9eb803944fde146138c791f5cc56a-le32d4.cache-4
b36ec000-b36ef000 r--s 00000000 07:00 1458963    /var/cache/fontconfig/385c0604a188198f04d133e54aba7fe7-le32d4.cache-4
b36ef000-b36f0000 r--s 00000000 07:00 1458958    /var/cache/fontconfig/dc05db6664285cc2f12bf69c139ae4c3-le32d4.cache-4
b36f0000-b36f4000 r--s 00000000 07:00 1458957    /var/cache/fontconfig/1c2c2997deddd45e0296fa5a60917b7d-le32d4.cache-4
b36f4000-b36f6000 r--s 00000000 07:00 1458956    /var/cache/fontconfig/767a8244fc0220cfb567a839d0392e0b-le32d4.cache-4
b36f6000-b36f9000 r--s 00000000 07:00 1458954    /var/cache/fontconfig/8801497958630a81b71ace7c5f9b32a8-le32d4.cache-4
b36f9000-b3728000 r--s 00000000 07:00 1458953    /var/cache/fontconfig/365b55f210c0a22e9a19e35191240f32-le32d4.cache-4
b3728000-b372d000 r--s 00000000 07:00 1458952    /var/cache/fontconfig/3047814df9a2f067bd2d96a2b9c36e5a-le32d4.cache-4
b372d000-b3731000 r--s 00000000 07:00 1458944    /var/cache/fontconfig/b47c4e1ecd0709278f4910c18777a504-le32d4.cache-4
b3731000-b3738000 r--s 00000000 07:00 1458942    /var/cache/fontconfig/52f7bdb7ce746bfd7eaa1985bd9cfa93-le32d4.cache-4
b3738000-b373f000 r--s 00000000 07:00 1458942    /var/cache/fontconfig/52f7bdb7ce746bfd7eaa1985bd9cfa93-le32d4.cache-4
b373f000-b3740000 rwxp 00000000 00:00 0 
b3740000-b3745000 r-xp 00000000 07:00 266237     /usr/lib/i386-linux-gnu/libasyncns.so.0.3.1
b3745000-b3746000 r--p 00004000 07:00 266237     /usr/lib/i386-linux-gnu/libasyncns.so.0.3.1
b3746000-b3747000 rw-p 00005000 07:00 266237     /usr/lib/i386-linux-gnu/libasyncns.so.0.3.1
b3747000-b374c000 r-xp 00000000 07:00 265889     /usr/lib/i386-linux-gnu/libXfixes.so.3.1.0
b374c000-b374d000 r--p 00004000 07:00 265889     /usr/lib/i386-linux-gnu/libXfixes.so.3.1.0
b374d000-b374e000 rw-p 00005000 07:00 265889     /usr/lib/i386-linux-gnu/libXfixes.so.3.1.0
b374e000-b3757000 r-xp 00000000 07:00 266611     /usr/lib/i386-linux-gnu/libXcursor.so.1.0.2
b3757000-b3758000 r--p 00008000 07:00 266611     /usr/lib/i386-linux-gnu/libXcursor.so.1.0.2
b3758000-b3759000 rw-p 00009000 07:00 266611     /usr/lib/i386-linux-gnu/libXcursor.so.1.0.2
b3759000-b375a000 r-xp 00000000 07:00 267584     /usr/lib/i386-linux-gnu/libX11-xcb.so.1.0.0
b375a000-b375b000 r--p 00000000 07:00 267584     /usr/lib/i386-linux-gnu/libX11-xcb.so.1.0.0
b375b000-b375c000 rw-p 00001000 07:00 267584     /usr/lib/i386-linux-gnu/libX11-xcb.so.1.0.0
b375c000-b3764000 r-xp 00000000 07:00 1570294    /lib/i386-linux-gnu/libjson.so.0.1.0
b3764000-b3765000 r--p 00007000 07:00 1570294    /lib/i386-linux-gnu/libjson.so.0.1.0
b3765000-b3766000 rw-p 00008000 07:00 1570294    /lib/i386-linux-gnu/libjson.so.0.1.0
b3766000-b376a000 r-xp 00000000 07:00 269757     /usr/lib/i386-linux-gnu/libXxf86vm.so.1.0.0
b376a000-b376b000 r--p 00003000 07:00 269757     /usr/lib/i386-linux-gnu/libXxf86vm.so.1.0.0
b376b000-b376c000 rw-p 00004000 07:00 269757     /usr/lib/i386-linux-gnu/libXxf86vm.so.1.0.0
b376c000-b3775000 r-xp 00000000 07:00 265883     /usr/lib/i386-linux-gnu/libXrandr.so.2.2.0
b3775000-b3776000 r--p 00008000 07:00 265883     /usr/lib/i386-linux-gnu/libXrandr.so.2.2.0
b3776000-b3777000 rw-p 00009000 07:00 265883     /usr/lib/i386-linux-gnu/libXrandr.so.2.2.0
b3777000-b3778000 r-xp 00000000 07:00 296222     /usr/lib/jvm/java-6-openjdk-i386/jre/lib/i386/libjawt.so
b3778000-b3779000 r--p 00000000 07:00 296222     /usr/lib/jvm/java-6-openjdk-i386/jre/lib/i386/libjawt.so
b3779000-b377a000 rw-p 00001000 07:00 296222     /usr/lib/jvm/java-6-openjdk-i386/jre/lib/i386/libjawt.so
b377a000-b377b000 r--s 00000000 07:00 1458945    /var/cache/fontconfig/b9d506c9ac06c20b433354fa67a72993-le32d4.cache-4
b377b000-b378b000 r--s 00000000 07:00 1450090    /var/cache/fontconfig/d52a8644073d54c13679302ca1180695-le32d4.cache-4
b378b000-b3792000 r--s 00000000 07:00 1458934    /var/cache/fontconfig/3f7329c5293ffd510edef78f73874cfd-le32d4.cache-4
b3792000-b3793000 r--s 00000000 07:00 1458932    /var/cache/fontconfig/0c9eb80ebd1c36541ebe2852d3bb0c49-le32d4.cache-4
b3793000-b3794000 r--s 00000000 07:00 1450084    /var/cache/fontconfig/62f91419b9ebdb6975e7e41ab6412357-le32d4.cache-4
b3794000-b3796000 r--s 00000000 07:00 1450153    /var/cache/fontconfig/e13b20fdb08344e0e664864cc2ede53d-le32d4.cache-4
b3796000-b3799000 r--s 00000000 07:00 1458929    /var/cache/fontconfig/7ef2298fde41cc6eeb7af42e48b7d293-le32d4.cache-4
b3799000-b379a000 r--s 00000000 07:00 1449994    /home/maik/.cache/fontconfig/578171f5f238b8a7bb858af08da2de57-le32d4.cache-4
b379a000-b379b000 r--s 00000000 07:00 1449993    /home/maik/.cache/fontconfig/bd43c005a6d085c55fa3c0b7700969bf-le32d4.cache-4
b379b000-b379e000 ---p 00000000 00:00 0 
b379e000-b37ec000 rw-p 00000000 00:00 0          [stack:2893]
b37ec000-b3882000 r-xp 00000000 07:00 265978     /usr/lib/i386-linux-gnu/libfreetype.so.6.10.0
b3882000-b3886000 r--p 00095000 07:00 265978     /usr/lib/i386-linux-gnu/libfreetype.so.6.10.0
b3886000-b3887000 rw-p 00099000 07:00 265978     /usr/lib/i386-linux-gnu/libfreetype.so.6.10.0
b3887000-b38ce000 r-xp 00000000 07:00 300410     /usr/lib/jvm/java-6-openjdk-i386/jre/lib/i386/libfontmanager.so
b38ce000-b38cf000 r--p 00047000 07:00 300410     /usr/lib/jvm/java-6-openjdk-i386/jre/lib/i386/libfontmanager.so
b38cf000-b38d0000 rw-p 00048000 07:00 300410     /usr/lib/jvm/java-6-openjdk-i386/jre/lib/i386/libfontmanager.so
b38d0000-b38d5000 r-xp 00000000 07:00 285337     /usr/lib/i386-linux-gnu/libXdmcp.so.6.0.0
b38d5000-b38d6000 r--p 00004000 07:00 285337     /usr/lib/i386-linux-gnu/libXdmcp.so.6.0.0
b38d6000-b38d7000 rw-p 00005000 07:00 285337     /usr/lib/i386-linux-gnu/libXdmcp.so.6.0.0
b38d7000-b38f7000 r-xp 00000000 07:00 265988     /usr/lib/i386-linux-gnu/libxcb.so.1.1.0
b38f7000-b38f8000 r--p 0001f000 07:00 265988     /usr/lib/i386-linux-gnu/libxcb.so.1.1.0
b38f8000-b38f9000 rw-p 00020000 07:00 265988     /usr/lib/i386-linux-gnu/libxcb.so.1.1.0
b38f9000-b3907000 r-xp 00000000 07:00 265877     /usr/lib/i386-linux-gnu/libXi.so.6.1.0
b3907000-b3908000 r--p 0000d000 07:00 265877     /usr/lib/i386-linux-gnu/libXi.so.6.1.0
b3908000-b3909000 rw-p 0000e000 07:00 265877     /usr/lib/i386-linux-gnu/libXi.so.6.1.0
b3909000-b390e000 r-xp 00000000 07:00 262782     /usr/lib/i386-linux-gnu/libXtst.so.6.1.0
b390e000-b390f000 r--p 00004000 07:00 262782     /usr/lib/i386-linux-gnu/libXtst.so.6.1.0
b390f000-b3910000 rw-p 00005000 07:00 262782     /usr/lib/i386-linux-gnu/libXtst.so.6.1.0
b3910000-b3a43000 r-xp 00000000 07:00 262036     /usr/lib/i386-linux-gnu/libX11.so.6.3.0
b3a43000-b3a44000 r--p 00132000 07:00 262036     /usr/lib/i386-linux-gnu/libX11.so.6.3.0
b3a44000-b3a47000 rw-p 00133000 07:00 262036     /usr/lib/i386-linux-gnu/libX11.so.6.3.0
b3a47000-b3a57000 r-xp 00000000 07:00 262278     /usr/lib/i386-linux-gnu/libXext.so.6.4.0
b3a57000-b3a58000 r--p 0000f000 07:00 262278     /usr/lib/i386-linux-gnu/libXext.so.6.4.0
b3a58000-b3a59000 rw-p 00010000 07:00 262278     /usr/lib/i386-linux-gnu/libXext.so.6.4.0
b3a59000-b3a5a000 r--s 00000000 07:00 1458955    /var/cache/fontconfig/4794a0821666d79190d59a36cb4f44b5-le32d4.cache-4
b3a5a000-b3a5b000 r--s 00000000 07:00 1458951    /var/cache/fontconfig/56cf4f4769d0f4abc89a4895d7bd3ae1-le32d4.cache-4
b3a5b000-b3a5c000 r--s 00000000 07:00 1458945    /var/cache/fontconfig/b9d506c9ac06c20b433354fa67a72993-le32d4.cache-4
b3a5c000-b3a6c000 r--s 00000000 07:00 1450090    /var/cache/fontconfig/d52a8644073d54c13679302ca1180695-le32d4.cache-4
b3a6c000-b3a73000 r--s 00000000 07:00 1458934    /var/cache/fontconfig/3f7329c5293ffd510edef78f73874cfd-le32d4.cache-4
b3a73000-b3a74000 r--s 00000000 07:00 1458932    /var/cache/fontconfig/0c9eb80ebd1c36541ebe2852d3bb0c49-le32d4.cache-4
b3a74000-b3a75000 r--s 00000000 07:00 1450084    /var/cache/fontconfig/62f91419b9ebdb6975e7e41ab6412357-le32d4.cache-4
b3a75000-b3a77000 r--s 00000000 07:00 1450153    /var/cache/fontconfig/e13b20fdb08344e0e664864cc2ede53d-le32d4.cache-4
b3a77000-b3a7a000 r--s 00000000 07:00 1458929    /var/cache/fontconfig/7ef2298fde41cc6eeb7af42e48b7d293-le32d4.cache-4
b3a7a000-b3ac6000 r-xp 00000000 07:00 267891     /usr/lib/jvm/java-6-openjdk-i386/jre/lib/i386/xawt/libmawt.so
b3ac6000-b3ac7000 r--p 0004b000 07:00 267891     /usr/lib/jvm/java-6-openjdk-i386/jre/lib/i386/xawt/libmawt.so
b3ac7000-b3ac9000 rw-p 0004c000 07:00 267891     /usr/lib/jvm/java-6-openjdk-i386/jre/lib/i386/xawt/libmawt.so
b3ac9000-b3aca000 rw-p 00000000 00:00 0 
b3aca000-b3b63000 r-xp 00000000 07:00 295916     /usr/lib/jvm/java-6-openjdk-i386/jre/lib/i386/libawt.so
b3b63000-b3b64000 r--p 00098000 07:00 295916     /usr/lib/jvm/java-6-openjdk-i386/jre/lib/i386/libawt.so
b3b64000-b3b6b000 rw-p 00099000 07:00 295916     /usr/lib/jvm/java-6-openjdk-i386/jre/lib/i386/libawt.so
b3b6b000-b3b8f000 rw-p 00000000 00:00 0 
b3b8f000-b3bfe000 r-xp 00000000 07:00 1308587    /tmp/libgdxmaik/770986848/libgdx.so
b3bfe000-b3bff000 r--p 0006f000 07:00 1308587    /tmp/libgdxmaik/770986848/libgdx.so
b3bff000-b3c00000 rw-p 00070000 07:00 1308587    /tmp/libgdxmaik/770986848/libgdx.so
b3c00000-b3cff000 rw-p 00000000 00:00 0 
b3cff000-b3d00000 ---p 00000000 00:00 0 
b3d00000-b3d01000 r--s 00000000 07:00 1449994    /home/maik/.cache/fontconfig/578171f5f238b8a7bb858af08da2de57-le32d4.cache-4
b3d01000-b3d02000 r--s 00000000 07:00 1449993    /home/maik/.cache/fontconfig/bd43c005a6d085c55fa3c0b7700969bf-le32d4.cache-4
b3d02000-b3d04000 r-xp 00000000 07:00 266641     /usr/lib/i386-linux-gnu/libXau.so.6.0.0
b3d04000-b3d05000 r--p 00001000 07:00 266641     /usr/lib/i386-linux-gnu/libXau.so.6.0.0
b3d05000-b3d06000 rw-p 00002000 07:00 266641     /usr/lib/i386-linux-gnu/libXau.so.6.0.0
b3d06000-b3d0e000 r-xp 00000000 07:00 265856     /usr/lib/i386-linux-gnu/libXrender.so.1.3.0
b3d0e000-b3d0f000 r--p 00008000 07:00 265856     /usr/lib/i386-linux-gnu/libXrender.so.1.3.0
b3d0f000-b3d10000 rw-p 00009000 07:00 265856     /usr/lib/i386-linux-gnu/libXrender.so.1.3.0
b3d10000-b3d17000 r--s 000fc000 07:00 268440     /usr/lib/jvm/java-6-openjdk-common/jre/lib/resources.jar
b3d17000-b3d18000 r--s 00102000 07:00 1440691    /home/maik/shadow/shadow-platformer-desktop/libs/gdx-controllers-desktop-natives.jar
b3d18000-b3d2a000 r--s 00126000 07:00 1494874    /home/maik/shadow/shadow-platformer-desktop/libs/gdx-backend-lwjgl.jar
b3d2a000-b3d2b000 ---p 00000000 00:00 0 
b3d2b000-b3dab000 rw-p 00000000 00:00 0 
b3dab000-b3dae000 ---p 00000000 00:00 0 
b3dae000-b3dfc000 rw-p 00000000 00:00 0          [stack:2890]
b3dfc000-b3dff000 ---p 00000000 00:00 0 
b3dff000-b3e7d000 rw-p 00000000 00:00 0          [stack:2889]
b3e7d000-b3e80000 ---p 00000000 00:00 0 
b3e80000-b3ece000 rw-p 00000000 00:00 0 
b3ece000-b4000000 r--p 0018a000 07:00 261666     /usr/lib/locale/locale-archive
b4000000-b4200000 r--p 00000000 07:00 261666     /usr/lib/locale/locale-archive
b4200000-b42f6000 rw-p 00000000 00:00 0 
b42f6000-b4300000 ---p 00000000 00:00 0 
b4300000-b4301000 r--s 00004000 07:00 1440666    /home/maik/shadow/shadow-platformer-desktop/libs/gdx-controllers-desktop.jar
b4301000-b4302000 r--s 0018b000 07:00 1494876    /home/maik/shadow/shadow-platformer-desktop/libs/gdx-natives.jar
b4302000-b4303000 r--s 001e7000 07:00 1494875    /home/maik/shadow/shadow-platformer-desktop/libs/gdx-freetype-natives.jar
b4303000-b4305000 r--s 0019e000 07:00 1494872    /home/maik/shadow/shadow-platformer-desktop/libs/gdx-backend-lwjgl-natives.jar
b4305000-b4306000 r--s 0012b000 07:00 1494871    /home/maik/shadow/shadow-platformer-desktop/libs/gdx-audio-natives.jar
b4306000-b430d000 r--s 00049000 07:00 1503607    /home/maik/shadow/shadow-platformer/libs/kryonet-2.18-all.jar
b430d000-b430e000 r--s 00002000 07:00 1441334    /home/maik/shadow/shadow-platformer/libs/gdx-controllers.jar
b430e000-b4322000 r--s 00135000 07:00 1494614    /home/maik/shadow/shadow-platformer/libs/gdx.jar
b4322000-b4325000 ---p 00000000 00:00 0 
b4325000-b4373000 rw-p 00000000 00:00 0          [stack:2887]
b4373000-b4376000 ---p 00000000 00:00 0 
b4376000-b43c4000 rw-p 00000000 00:00 0          [stack:2886]
b43c4000-b43c5000 ---p 00000000 00:00 0 
b43c5000-b4478000 rw-p 00000000 00:00 0          [stack:2885]
b4478000-b460c000 r--s 03807000 07:00 275877     /usr/lib/jvm/java-6-openjdk-i386/jre/lib/rt.jar
b460c000-b4613000 rw-p 00000000 00:00 0 
b4613000-b462d000 rw-p 00000000 00:00 0 
b462d000-b4633000 rw-p 00000000 00:00 0 
b4633000-b46d8000 rw-p 00000000 00:00 0 
b46d8000-b46db000 rw-p 00000000 00:00 0 
b46db000-b472d000 rw-p 00000000 00:00 0 
b472d000-b4733000 rw-p 00000000 00:00 0 
b4733000-b47d8000 rw-p 00000000 00:00 0 
b47d8000-b47de000 rw-p 00000000 00:00 0 
b47de000-b47f8000 rw-p 00000000 00:00 0 
b47f8000-b4808000 rw-p 00000000 00:00 0 
b4808000-b4884000 rw-p 00000000 00:00 0 
b4884000-b494c000 rwxp 00000000 00:00 0 
b494c000-b6884000 rw-p 00000000 00:00 0 
b6884000-b688f000 r-xp 00000000 07:00 1582739    /lib/i386-linux-gnu/libnss_files-2.17.so
b688f000-b6890000 r--p 0000a000 07:00 1582739    /lib/i386-linux-gnu/libnss_files-2.17.so
b6890000-b6891000 rw-p 0000b000 07:00 1582739    /lib/i386-linux-gnu/libnss_files-2.17.so
b6891000-b689b000 r-xp 00000000 07:00 1582745    /lib/i386-linux-gnu/libnss_nis-2.17.so
b689b000-b689c000 r--p 00009000 07:00 1582745    /lib/i386-linux-gnu/libnss_nis-2.17.so
b689c000-b689d000 rw-p 0000a000 07:00 1582745    /lib/i386-linux-gnu/libnss_nis-2.17.so
b689d000-b68b2000 r-xp 00000000 07:00 1582754    /lib/i386-linux-gnu/libnsl-2.17.so
b68b2000-b68b3000 r--p 00014000 07:00 1582754    /lib/i386-linux-gnu/libnsl-2.17.so
b68b3000-b68b4000 rw-p 00015000 07:00 1582754    /lib/i386-linux-gnu/libnsl-2.17.so
b68b4000-b68b6000 rw-p 00000000 00:00 0 
b68b6000-b68b7000 r--s 00004000 07:00 1494612    /home/maik/shadow/shadow-platformer/libs/gdx-freetype.jar
b68b7000-b68ba000 r--s 00031000 07:00 268443     /usr/lib/jvm/java-6-openjdk-common/jre/lib/ext/sunjce_provider.jar
b68ba000-b68bc000 r--s 0000f000 07:00 268444     /usr/lib/jvm/java-6-openjdk-common/jre/lib/ext/pulse-java.jar
b68bc000-b68bf000 r--s 00077000 07:00 268442     /usr/lib/jvm/java-6-openjdk-common/jre/lib/ext/localedata.jar
b68bf000-b68c1000 r--s 00006000 07:00 532142     /usr/share/java/java-atk-wrapper.jar
b68c1000-b68c5000 r--s 00039000 07:00 268441     /usr/lib/jvm/java-6-openjdk-common/jre/lib/ext/sunpkcs11.jar
b68c5000-b68c7000 r--s 00001000 07:00 268468     /usr/lib/jvm/java-6-openjdk-common/jre/lib/ext/dnsns.jar
b68c7000-b68ce000 rw-p 00000000 00:00 0 
b68ce000-b68d5000 r-xp 00000000 07:00 295619     /usr/lib/jvm/java-6-openjdk-i386/jre/lib/i386/libzip.so
b68d5000-b68d6000 r--p 00006000 07:00 295619     /usr/lib/jvm/java-6-openjdk-i386/jre/lib/i386/libzip.so
b68d6000-b68d7000 rw-p 00007000 07:00 295619     /usr/lib/jvm/java-6-openjdk-i386/jre/lib/i386/libzip.so
b68d7000-b68fd000 r-xp 00000000 07:00 296232     /usr/lib/jvm/java-6-openjdk-i386/jre/lib/i386/libjava.so
b68fd000-b68fe000 r--p 00026000 07:00 296232     /usr/lib/jvm/java-6-openjdk-i386/jre/lib/i386/libjava.so
b68fe000-b6900000 rw-p 00027000 07:00 296232     /usr/lib/jvm/java-6-openjdk-i386/jre/lib/i386/libjava.so
b6900000-b6a00000 rw-p 00000000 00:00 0 
b6a00000-b6a01000 r--s 00005000 07:00 1494610    /home/maik/shadow/shadow-platformer/libs/gdx-audio.jar
b6a01000-b6a09000 rw-s 00000000 07:00 1308585    /tmp/hsperfdata_maik/2877 (deleted)
b6a09000-b6a10000 r-xp 00000000 07:00 1570878    /lib/i386-linux-gnu/librt-2.17.so
b6a10000-b6a11000 r--p 00006000 07:00 1570878    /lib/i386-linux-gnu/librt-2.17.so
b6a11000-b6a12000 rw-p 00007000 07:00 1570878    /lib/i386-linux-gnu/librt-2.17.so
b6a12000-b6a15000 ---p 00000000 00:00 0 
b6a15000-b6a63000 rw-p 00000000 00:00 0          [stack:2883]
b6a63000-b6a7e000 r-xp 00000000 07:00 1571574    /lib/i386-linux-gnu/libgcc_s.so.1
b6a7e000-b6a7f000 r--p 0001a000 07:00 1571574    /lib/i386-linux-gnu/libgcc_s.so.1
b6a7f000-b6a80000 rw-p 0001b000 07:00 1571574    /lib/i386-linux-gnu/libgcc_s.so.1
b6a80000-b6ac1000 r-xp 00000000 07:00 1582738    /lib/i386-linux-gnu/libm-2.17.so
b6ac1000-b6ac2000 r--p 00040000 07:00 1582738    /lib/i386-linux-gnu/libm-2.17.so
b6ac2000-b6ac3000 rw-p 00041000 07:00 1582738    /lib/i386-linux-gnu/libm-2.17.so
b6ac3000-b6b9f000 r-xp 00000000 07:00 298111     /usr/lib/i386-linux-gnu/libstdc++.so.6.0.17
b6b9f000-b6ba0000 ---p 000dc000 07:00 298111     /usr/lib/i386-linux-gnu/libstdc++.so.6.0.17
b6ba0000-b6ba4000 r--p 000dc000 07:00 298111     /usr/lib/i386-linux-gnu/libstdc++.so.6.0.17
b6ba4000-b6ba5000 rw-p 000e0000 07:00 298111     /usr/lib/i386-linux-gnu/libstdc++.so.6.0.17
b6ba5000-b6bac000 rw-p 00000000 00:00 0 
b6bac000-b70bb000 r-xp 00000000 07:00 296259     /usr/lib/jvm/java-6-openjdk-i386/jre/lib/i386/client/libjvm.so
b70bb000-b70d2000 r--p 0050e000 07:00 296259     /usr/lib/jvm/java-6-openjdk-i386/jre/lib/i386/client/libjvm.so
b70d2000-b70df000 rw-p 00525000 07:00 296259     /usr/lib/jvm/java-6-openjdk-i386/jre/lib/i386/client/libjvm.so
b70df000-b74f9000 rw-p 00000000 00:00 0 
b74f9000-b7510000 r-xp 00000000 07:00 1570758    /lib/i386-linux-gnu/libz.so.1.2.7
b7510000-b7511000 r--p 00016000 07:00 1570758    /lib/i386-linux-gnu/libz.so.1.2.7
b7511000-b7512000 rw-p 00017000 07:00 1570758    /lib/i386-linux-gnu/libz.so.1.2.7
b7512000-b76bf000 r-xp 00000000 07:00 1582740    /lib/i386-linux-gnu/libc-2.17.so
b76bf000-b76c1000 r--p 001ad000 07:00 1582740    /lib/i386-linux-gnu/libc-2.17.so
b76c1000-b76c2000 rw-p 001af000 07:00 1582740    /lib/i386-linux-gnu/libc-2.17.so
b76c2000-b76c5000 rw-p 00000000 00:00 0 
b76c5000-b76c8000 r-xp 00000000 07:00 1582749    /lib/i386-linux-gnu/libdl-2.17.so
b76c8000-b76c9000 r--p 00002000 07:00 1582749    /lib/i386-linux-gnu/libdl-2.17.so
b76c9000-b76ca000 rw-p 00003000 07:00 1582749    /lib/i386-linux-gnu/libdl-2.17.so
b76ca000-b76ce000 r-xp 00000000 07:00 296224     /usr/lib/jvm/java-6-openjdk-i386/jre/lib/i386/jli/libjli.so
b76ce000-b76cf000 r--p 00003000 07:00 296224     /usr/lib/jvm/java-6-openjdk-i386/jre/lib/i386/jli/libjli.so
b76cf000-b76d0000 rw-p 00004000 07:00 296224     /usr/lib/jvm/java-6-openjdk-i386/jre/lib/i386/jli/libjli.so
b76d0000-b76e7000 r-xp 00000000 07:00 1582744    /lib/i386-linux-gnu/libpthread-2.17.so
b76e7000-b76e8000 r--p 00016000 07:00 1582744    /lib/i386-linux-gnu/libpthread-2.17.so
b76e8000-b76e9000 rw-p 00017000 07:00 1582744    /lib/i386-linux-gnu/libpthread-2.17.so
b76e9000-b76ec000 rw-p 00000000 00:00 0 
b76ec000-b76ed000 r--s 00001000 07:00 1494608    /home/maik/shadow/shadow-platformer/libs/bodyeditor-loader.jar
b76ed000-b76f3000 rw-p 00000000 00:00 0 
b76f3000-b76fa000 r-xp 00000000 07:00 1582737    /lib/i386-linux-gnu/libnss_compat-2.17.so
b76fa000-b76fb000 r--p 00006000 07:00 1582737    /lib/i386-linux-gnu/libnss_compat-2.17.so
b76fb000-b76fc000 rw-p 00007000 07:00 1582737    /lib/i386-linux-gnu/libnss_compat-2.17.so
b76fc000-b76fd000 rw-p 00000000 00:00 0 
b76fd000-b76fe000 ---p 00000000 00:00 0 
b76fe000-b770b000 r-xp 00000000 07:00 296201     /usr/lib/jvm/java-6-openjdk-i386/jre/lib/i386/libverify.so
b770b000-b770c000 r--p 0000c000 07:00 296201     /usr/lib/jvm/java-6-openjdk-i386/jre/lib/i386/libverify.so
b770c000-b770d000 rw-p 0000d000 07:00 296201     /usr/lib/jvm/java-6-openjdk-i386/jre/lib/i386/libverify.so
b770d000-b770f000 rw-p 00000000 00:00 0 
b770f000-b7710000 r-xp 00000000 00:00 0          [vdso]
b7710000-b7730000 r-xp 00000000 07:00 1582753    /lib/i386-linux-gnu/ld-2.17.so
b7730000-b7731000 r--p 0001f000 07:00 1582753    /lib/i386-linux-gnu/ld-2.17.so
b7731000-b7732000 rw-p 00020000 07:00 1582753    /lib/i386-linux-gnu/ld-2.17.so
bfedb000-bfefc000 rw-p 00000000 00:00 0          [stack]

VM Arguments:
jvm_args: -XX:+HeapDumpOnOutOfMemoryError -verbose:gc -Dfile.encoding=UTF-8 
java_command: net.fourbytes.shadow.Main
Launcher Type: SUN_STANDARD

Environment Variables:
PATH=/usr/local/sbin:/usr/local/bin:/usr/sbin:/usr/bin:/sbin:/bin:/usr/games:/usr/local/games
USERNAME=maik
LD_LIBRARY_PATH=/usr/lib/jvm/java-6-openjdk-i386/jre/lib/i386/client:/usr/lib/jvm/java-6-openjdk-i386/jre/lib/i386:/usr/lib/jvm/java-6-openjdk-i386/jre/../lib/i386:/usr/lib/jvm/java-7-openjdk-i386/jre/lib/i386/client:/usr/lib/jvm/java-7-openjdk-i386/jre/lib/i386:
SHELL=/bin/bash
DISPLAY=:0

Signal Handlers:
SIGSEGV: [libjvm.so+0x3f03e0], sa_mask[0]=0x7ffbfeff, sa_flags=0x10000004
SIGBUS: [libjvm.so+0x3f03e0], sa_mask[0]=0x7ffbfeff, sa_flags=0x10000004
SIGFPE: [libjvm.so+0x30da80], sa_mask[0]=0x7ffbfeff, sa_flags=0x10000004
SIGPIPE: [libjvm.so+0x30da80], sa_mask[0]=0x7ffbfeff, sa_flags=0x10000004
SIGXFSZ: [libjvm.so+0x30da80], sa_mask[0]=0x7ffbfeff, sa_flags=0x10000004
SIGILL: [libjvm.so+0x30da80], sa_mask[0]=0x7ffbfeff, sa_flags=0x10000004
SIGUSR1: SIG_DFL, sa_mask[0]=0x00000000, sa_flags=0x00000000
SIGUSR2: [libjvm.so+0x30d920], sa_mask[0]=0x00000004, sa_flags=0x10000004
SIGHUP: [libjvm.so+0x3105b0], sa_mask[0]=0x7ffbfeff, sa_flags=0x10000004
SIGINT: [libjvm.so+0x3105b0], sa_mask[0]=0x7ffbfeff, sa_flags=0x10000004
SIGTERM: [libjvm.so+0x3105b0], sa_mask[0]=0x7ffbfeff, sa_flags=0x10000004
SIGQUIT: [libjvm.so+0x3105b0], sa_mask[0]=0x7ffbfeff, sa_flags=0x10000004


---------------  S Y S T E M  ---------------

OS: