#
# A fatal error has been detected by the Java Runtime Environment:
#
#  SIGSEGV (0xb) at pc=0x00000000, pid=16135, tid=2927856448
#
# JRE version: 6.0_27-b27
# Java VM: OpenJDK Client VM (20.0-b12 mixed mode, sharing linux-x86 )
# Derivative: IcedTea6 1.12.6
# Distribution: Ubuntu 13.04, package 6b27-1.12.6-1ubuntu0.13.04.2
# Problematic frame:
# C  0x00000000
#
# If you would like to submit a bug report, please include
# instructions how to reproduce the bug and visit:
#   https://bugs.launchpad.net/ubuntu/+source/openjdk-6/
#

---------------  T H R E A D  ---------------

Current thread is native thread

siginfo:si_signo=SIGSEGV: si_errno=0, si_code=1 (SEGV_MAPERR), si_addr=0x00000000

Registers:
EAX=0xb3420450, EBX=0xb341fff4, ECX=0x00000000, EDX=0xb3cac8b0
ESP=0xae8381ec, EBP=0x00012000, ESI=0x00000400, EDI=0xb3c97750
EIP=0x00000000, EFLAGS=0x00010246, CR2=0x00000000

Top of Stack: (sp=0xae8381ec)
0xae8381ec:   b33ed348 b3c97750 00000000 00001000
0xae8381fc:   40075624 b33cf000 b3c84c58 0903a0c0
0xae83820c:   b33a8b5d 00000000 ae8382b4 00002000
0xae83821c:   b76e76ce b76ee7cf b3380000 b3c807a0
0xae83822c:   b3380000 bb800000 00002000 b3c80bf0
0xae83823c:   b3344802 b3c80bf0 00002000 b33cf000
0xae83824c:   b334340d b3c84c7c b3c808c8 00000000
0xae83825c:   b335fc0f b3c807c0 b3c807a0 b3380000 

Instructions: (pc=0x00000000)
0xffffffe0:   

Register to memory mapping:

EAX=
[error occurred during error reporting (printing register info), id 0xb]

Stack: [0xae738000,0xae839000],  sp=0xae8381ec,  free space=1024k

---------------  P R O C E S S  ---------------

VM state:at safepoint (shutting down)

VM Mutex/Monitor currently owned by a thread:  ([mutex/lock_event])
[0xb6903ad0] Threads_lock - owner thread: 0xb6932400

Heap
 def new generation   total 4992K, used 532K [0x6ea40000, 0x6efa0000, 0x794e0000)
  eden space 4480K,   6% used [0x6ea40000, 0x6ea85be8, 0x6eea0000)
  from space 512K,  49% used [0x6eea0000, 0x6eedf710, 0x6ef20000)
  to   space 512K,   0% used [0x6ef20000, 0x6ef20000, 0x6efa0000)
 tenured generation   total 10944K, used 3561K [0x794e0000, 0x79f90000, 0x8ea40000)
   the space 10944K,  32% used [0x794e0000, 0x7985a670, 0x7985a800, 0x79f90000)
 compacting perm gen  total 12288K, used 4118K [0x8ea40000, 0x8f640000, 0x92a40000)
   the space 12288K,  33% used [0x8ea40000, 0x8ee45b38, 0x8ee45c00, 0x8f640000)
    ro space 10240K,  73% used [0x92a40000, 0x931a5fa0, 0x931a6000, 0x93440000)
    rw space 12288K,  60% used [0x93440000, 0x93b8dbf8, 0x93b8dc00, 0x94040000)

Code Cache  [0xb489d000, 0xb4a4d000, 0xb689d000)
 total_blobs=1021 nmethods=715 adapters=242 free_code_cache=31791552 largest_free_block=384

Dynamic libraries:
08048000-08051000 r-xp 00000000 07:00 270379     /usr/lib/jvm/java-6-openjdk-i386/jre/bin/java
08051000-08052000 r--p 00008000 07:00 270379     /usr/lib/jvm/java-6-openjdk-i386/jre/bin/java
08052000-08053000 rw-p 00009000 07:00 270379     /usr/lib/jvm/java-6-openjdk-i386/jre/bin/java
08fa2000-090e5000 rw-p 00000000 00:00 0          [heap]
6ea40000-6efa0000 rw-p 00000000 00:00 0 
6efa0000-794e0000 rw-p 00000000 00:00 0 
794e0000-79f90000 rw-p 00000000 00:00 0 
79f90000-8ea40000 rw-p 00000000 00:00 0 
8ea40000-8f640000 rw-p 00000000 00:00 0 
8f640000-92a40000 rw-p 00000000 00:00 0 
92a40000-931a6000 r--s 00001000 07:00 280804     /usr/lib/jvm/java-6-openjdk-i386/jre/lib/i386/client/classes.jsa
931a6000-93440000 rw-p 00000000 00:00 0 
93440000-93b8e000 rw-p 00767000 07:00 280804     /usr/lib/jvm/java-6-openjdk-i386/jre/lib/i386/client/classes.jsa
93b8e000-94040000 rw-p 00000000 00:00 0 
94040000-9413d000 rw-p 00eb5000 07:00 280804     /usr/lib/jvm/java-6-openjdk-i386/jre/lib/i386/client/classes.jsa
9413d000-94440000 rw-p 00000000 00:00 0 
94440000-94448000 r-xs 00fb2000 07:00 280804     /usr/lib/jvm/java-6-openjdk-i386/jre/lib/i386/client/classes.jsa
94448000-94840000 rw-p 00000000 00:00 0 
a5c7b000-a5dfb000 rw-s 1ce3f000 00:05 10613      /dev/dri/card0
a5dfb000-a5f7b000 rw-s 1b379000 00:05 10613      /dev/dri/card0
a5f7b000-a777b000 rw-s 20761000 00:05 10613      /dev/dri/card0
a777b000-a877c000 rw-p 00000000 00:00 0 
a877c000-a8d7c000 rw-s 20161000 00:05 10613      /dev/dri/card0
a8d7c000-a917d000 rw-p 00000000 00:00 0 
a917d000-aa97d000 rw-s 1e961000 00:05 10613      /dev/dri/card0
aa97d000-ab97e000 rw-p 00000000 00:00 0 
ab97e000-abf7e000 rw-s 1db05000 00:05 10613      /dev/dri/card0
abf7e000-ac37f000 rw-p 00000000 00:00 0 
ac37f000-ac4ff000 rw-s 1d984000 00:05 10613      /dev/dri/card0
ac55e000-ac561000 ---p 00000000 00:00 0 
ac561000-ac5af000 rw-p 00000000 00:00 0 
ac5af000-ac5b2000 ---p 00000000 00:00 0 
ac5b2000-ac600000 rw-p 00000000 00:00 0          [stack:16525]
ac600000-ac6d0000 rw-p 00000000 00:00 0 
ac6d0000-ac700000 ---p 00000000 00:00 0 
ac702000-ac705000 ---p 00000000 00:00 0 
ac705000-ac753000 rw-p 00000000 00:00 0          [stack:16522]
ac753000-ac75f000 rw-s 1d02e000 00:05 10613      /dev/dri/card0
ac75f000-ac7fb000 r-xp 00000000 07:00 1308579    /tmp/libgdxmaik/e0dd0593/libgdx-freetype.so
ac7fb000-ac7ff000 r--p 0009b000 07:00 1308579    /tmp/libgdxmaik/e0dd0593/libgdx-freetype.so
ac7ff000-ac800000 rw-p 0009f000 07:00 1308579    /tmp/libgdxmaik/e0dd0593/libgdx-freetype.so
ac800000-aca00000 rw-p 00000000 00:00 0 
aca00000-acb00000 rw-p 00000000 00:00 0 
acb05000-acb08000 rw-s 1d028000 00:05 10613      /dev/dri/card0
acb14000-acb17000 rw-s 1d019000 00:05 10613      /dev/dri/card0
acb17000-acb1a000 rw-s 1d016000 00:05 10613      /dev/dri/card0
acb21000-acb24000 ---p 00000000 00:00 0 
acb24000-ace00000 rw-p 00000000 00:00 0          [stack:16204]
ace00000-acffe000 rw-p 00000000 00:00 0 
acffe000-ad000000 ---p 00000000 00:00 0 
ad000000-ad0fb000 rw-p 00000000 00:00 0 
ad0fb000-ad100000 ---p 00000000 00:00 0 
ad101000-ad104000 rw-s 1d013000 00:05 10613      /dev/dri/card0
ad104000-ad108000 rw-s 1d008000 00:05 10613      /dev/dri/card0
ad10e000-ad112000 rw-s 1cffe000 00:05 10613      /dev/dri/card0
ad119000-ad11c000 rw-s 1cff4000 00:05 10613      /dev/dri/card0
ad11c000-ad11f000 rw-s 1cff1000 00:05 10613      /dev/dri/card0
ad121000-ad125000 rw-s 1d049000 00:05 10613      /dev/dri/card0
ad125000-ad12d000 r-xp 00000000 07:00 295658     /usr/lib/jvm/java-6-openjdk-i386/jre/lib/i386/libnio.so
ad12d000-ad12e000 r--p 00007000 07:00 295658     /usr/lib/jvm/java-6-openjdk-i386/jre/lib/i386/libnio.so
ad12e000-ad12f000 rw-p 00008000 07:00 295658     /usr/lib/jvm/java-6-openjdk-i386/jre/lib/i386/libnio.so
ad12f000-ad167000 rw-s 1d94b000 00:05 10613      /dev/dri/card0
ad167000-ae02c000 rw-p 00000000 00:00 0 
ae02c000-ae083000 rw-p 00000000 00:00 0 
ae084000-ae099000 r-xp 00000000 07:00 296220     /usr/lib/jvm/java-6-openjdk-i386/jre/lib/i386/libnet.so
ae099000-ae09a000 r--p 00014000 07:00 296220     /usr/lib/jvm/java-6-openjdk-i386/jre/lib/i386/libnet.so
ae09a000-ae09b000 rw-p 00015000 07:00 296220     /usr/lib/jvm/java-6-openjdk-i386/jre/lib/i386/libnet.so
ae09b000-ae0a2000 rw-s 1cfdb000 00:05 10613      /dev/dri/card0
ae0a2000-ae0a8000 rw-s 1cfd5000 00:05 10613      /dev/dri/card0
ae0a8000-ae0af000 rw-s 1cfce000 00:05 10613      /dev/dri/card0
ae0af000-ae0b6000 rw-s 1cfc7000 00:05 10613      /dev/dri/card0
ae0b6000-ae0d6000 r-xp 00000000 07:00 1308578    /tmp/libgdxmaik/6be5e040/libgdx-controllers-desktop.so
ae0d6000-ae0d7000 r--p 00020000 07:00 1308578    /tmp/libgdxmaik/6be5e040/libgdx-controllers-desktop.so
ae0d7000-ae0d8000 rw-p 00021000 07:00 1308578    /tmp/libgdxmaik/6be5e040/libgdx-controllers-desktop.so
ae0d8000-ae10a000 r-xp 00000000 07:00 262120     /usr/lib/i386-linux-gnu/libtxc_dxtn_s2tc.so.0.0.0
ae10a000-ae10b000 r--p 00031000 07:00 262120     /usr/lib/i386-linux-gnu/libtxc_dxtn_s2tc.so.0.0.0
ae10b000-ae10c000 rw-p 00032000 07:00 262120     /usr/lib/i386-linux-gnu/libtxc_dxtn_s2tc.so.0.0.0
ae10c000-ae147000 rw-p 00000000 00:00 0 
ae147000-ae150000 r-xp 00000000 07:00 264471     /usr/lib/i386-linux-gnu/libpciaccess.so.0.11.1
ae150000-ae151000 r--p 00008000 07:00 264471     /usr/lib/i386-linux-gnu/libpciaccess.so.0.11.1
ae151000-ae152000 rw-p 00009000 07:00 264471     /usr/lib/i386-linux-gnu/libpciaccess.so.0.11.1
ae152000-ae173000 r-xp 00000000 07:00 266235     /usr/lib/i386-linux-gnu/libdrm_intel.so.1.0.0
ae173000-ae174000 r--p 00020000 07:00 266235     /usr/lib/i386-linux-gnu/libdrm_intel.so.1.0.0
ae174000-ae175000 rw-p 00021000 07:00 266235     /usr/lib/i386-linux-gnu/libdrm_intel.so.1.0.0
ae175000-ae19a000 r-xp 00000000 07:00 1571548    /lib/i386-linux-gnu/libexpat.so.1.6.0
ae19a000-ae19c000 r--p 00025000 07:00 1571548    /lib/i386-linux-gnu/libexpat.so.1.6.0
ae19c000-ae19d000 rw-p 00027000 07:00 1571548    /lib/i386-linux-gnu/libexpat.so.1.6.0
ae19d000-ae4da000 r-xp 00000000 07:00 271939     /usr/lib/i386-linux-gnu/libdricore9.3.0-devel.so.1.0.0
ae4da000-ae4e4000 r--p 0033c000 07:00 271939     /usr/lib/i386-linux-gnu/libdricore9.3.0-devel.so.1.0.0
ae4e4000-ae4eb000 rw-p 00346000 07:00 271939     /usr/lib/i386-linux-gnu/libdricore9.3.0-devel.so.1.0.0
ae4eb000-ae500000 rw-p 00000000 00:00 0 
ae500000-ae5f4000 r-xp 00000000 07:00 266240     /usr/lib/i386-linux-gnu/dri/i965_dri.so
ae5f4000-ae5f6000 r--p 000f4000 07:00 266240     /usr/lib/i386-linux-gnu/dri/i965_dri.so
ae5f6000-ae5f7000 rw-p 000f6000 07:00 266240     /usr/lib/i386-linux-gnu/dri/i965_dri.so
ae5f7000-ae5f8000 rw-p 00000000 00:00 0 
ae5f8000-ae603000 r-xp 00000000 07:00 266542     /usr/lib/i386-linux-gnu/libdrm.so.2.4.0
ae603000-ae604000 r--p 0000a000 07:00 266542     /usr/lib/i386-linux-gnu/libdrm.so.2.4.0
ae604000-ae605000 rw-p 0000b000 07:00 266542     /usr/lib/i386-linux-gnu/libdrm.so.2.4.0
ae605000-ae608000 r-xp 00000000 07:00 266197     /usr/lib/i386-linux-gnu/libxcb-dri2.so.0.0.0
ae608000-ae609000 r--p 00003000 07:00 266197     /usr/lib/i386-linux-gnu/libxcb-dri2.so.0.0.0
ae609000-ae60a000 rw-p 00004000 07:00 266197     /usr/lib/i386-linux-gnu/libxcb-dri2.so.0.0.0
ae60a000-ae620000 r-xp 00000000 07:00 266178     /usr/lib/i386-linux-gnu/libxcb-glx.so.0.0.0
ae620000-ae621000 r--p 00016000 07:00 266178     /usr/lib/i386-linux-gnu/libxcb-glx.so.0.0.0
ae621000-ae622000 rw-p 00017000 07:00 266178     /usr/lib/i386-linux-gnu/libxcb-glx.so.0.0.0
ae622000-ae624000 r-xp 00000000 07:00 266189     /usr/lib/i386-linux-gnu/libXdamage.so.1.1.0
ae624000-ae625000 r--p 00001000 07:00 266189     /usr/lib/i386-linux-gnu/libXdamage.so.1.1.0
ae625000-ae626000 rw-p 00002000 07:00 266189     /usr/lib/i386-linux-gnu/libXdamage.so.1.1.0
ae626000-ae636000 r-xp 00000000 07:00 263669     /usr/lib/i386-linux-gnu/libglapi.so.0.0.0
ae636000-ae638000 r--p 0000f000 07:00 263669     /usr/lib/i386-linux-gnu/libglapi.so.0.0.0
ae638000-ae63d000 rwxp 00011000 07:00 263669     /usr/lib/i386-linux-gnu/libglapi.so.0.0.0
ae63d000-ae68f000 r-xp 00000000 07:00 263673     /usr/lib/i386-linux-gnu/mesa/libGL.so.1.2.0
ae68f000-ae691000 r--p 00051000 07:00 263673     /usr/lib/i386-linux-gnu/mesa/libGL.so.1.2.0
ae691000-ae696000 rwxp 00053000 07:00 263673     /usr/lib/i386-linux-gnu/mesa/libGL.so.1.2.0
ae696000-ae699000 ---p 00000000 00:00 0 
ae699000-ae6e7000 rw-p 00000000 00:00 0          [stack:16203]
ae6e7000-ae6ea000 ---p 00000000 00:00 0 
ae6ea000-ae738000 rw-p 00000000 00:00 0          [stack:16182]
ae738000-ae739000 ---p 00000000 00:00 0 
ae739000-ae839000 rw-p 00000000 00:00 0          [stack:16181]
ae839000-b283a000 rw-s 00000000 00:13 150547     /run/shm/pulse-shm-113387993
b283a000-b283b000 ---p 00000000 00:00 0 
b283b000-b303b000 rw-p 00000000 00:00 0          [stack:16180]
b303b000-b304e000 r-xp 00000000 07:00 1582751    /lib/i386-linux-gnu/libresolv-2.17.so
b304e000-b304f000 r--p 00013000 07:00 1582751    /lib/i386-linux-gnu/libresolv-2.17.so
b304f000-b3050000 rw-p 00014000 07:00 1582751    /lib/i386-linux-gnu/libresolv-2.17.so
b3050000-b3052000 rw-p 00000000 00:00 0 
b3052000-b3058000 r-xp 00000000 07:00 266289     /usr/lib/i386-linux-gnu/libogg.so.0.8.0
b3058000-b3059000 r--p 00005000 07:00 266289     /usr/lib/i386-linux-gnu/libogg.so.0.8.0
b3059000-b305a000 rw-p 00006000 07:00 266289     /usr/lib/i386-linux-gnu/libogg.so.0.8.0
b305a000-b3083000 r-xp 00000000 07:00 266476     /usr/lib/i386-linux-gnu/libvorbis.so.0.4.5
b3083000-b3084000 ---p 00029000 07:00 266476     /usr/lib/i386-linux-gnu/libvorbis.so.0.4.5
b3084000-b3085000 r--p 00029000 07:00 266476     /usr/lib/i386-linux-gnu/libvorbis.so.0.4.5
b3085000-b3086000 rw-p 0002a000 07:00 266476     /usr/lib/i386-linux-gnu/libvorbis.so.0.4.5
b3086000-b31ec000 r-xp 00000000 07:00 266474     /usr/lib/i386-linux-gnu/libvorbisenc.so.2.0.8
b31ec000-b31fd000 r--p 00165000 07:00 266474     /usr/lib/i386-linux-gnu/libvorbisenc.so.2.0.8
b31fd000-b31fe000 rw-p 00176000 07:00 266474     /usr/lib/i386-linux-gnu/libvorbisenc.so.2.0.8
b31fe000-b324c000 r-xp 00000000 07:00 266300     /usr/lib/i386-linux-gnu/libFLAC.so.8.2.0
b324c000-b324d000 r--p 0004e000 07:00 266300     /usr/lib/i386-linux-gnu/libFLAC.so.8.2.0
b324d000-b324e000 rw-p 0004f000 07:00 266300     /usr/lib/i386-linux-gnu/libFLAC.so.8.2.0
b324e000-b32bb000 r-xp 00000000 07:00 266526     /usr/lib/i386-linux-gnu/libsndfile.so.1.0.25
b32bb000-b32bd000 r--p 0006c000 07:00 266526     /usr/lib/i386-linux-gnu/libsndfile.so.1.0.25
b32bd000-b32be000 rw-p 0006e000 07:00 266526     /usr/lib/i386-linux-gnu/libsndfile.so.1.0.25
b32be000-b32c2000 rw-p 00000000 00:00 0 
b32c2000-b32ca000 r-xp 00000000 07:00 1570816    /lib/i386-linux-gnu/libwrap.so.0.7.6
b32ca000-b32cb000 r--p 00007000 07:00 1570816    /lib/i386-linux-gnu/libwrap.so.0.7.6
b32cb000-b32cc000 rw-p 00008000 07:00 1570816    /lib/i386-linux-gnu/libwrap.so.0.7.6
b32cc000-b3314000 r-xp 00000000 07:00 1569912    /lib/i386-linux-gnu/libdbus-1.so.3.7.2
b3314000-b3315000 r--p 00047000 07:00 1569912    /lib/i386-linux-gnu/libdbus-1.so.3.7.2
b3315000-b3316000 rw-p 00048000 07:00 1569912    /lib/i386-linux-gnu/libdbus-1.so.3.7.2
b3316000-b337f000 r-xp 00000000 07:00 275838     /usr/lib/i386-linux-gnu/pulseaudio/libpulsecommon-3.0.so
b337f000-b3380000 r--p 00068000 07:00 275838     /usr/lib/i386-linux-gnu/pulseaudio/libpulsecommon-3.0.so
b3380000-b3381000 rw-p 00069000 07:00 275838     /usr/lib/i386-linux-gnu/pulseaudio/libpulsecommon-3.0.so
b3381000-b33cd000 r-xp 00000000 07:00 275837     /usr/lib/i386-linux-gnu/libpulse.so.0.15.3
b33cd000-b33ce000 ---p 0004c000 07:00 275837     /usr/lib/i386-linux-gnu/libpulse.so.0.15.3
b33ce000-b33cf000 r--p 0004c000 07:00 275837     /usr/lib/i386-linux-gnu/libpulse.so.0.15.3
b33cf000-b33d0000 rw-p 0004d000 07:00 275837     /usr/lib/i386-linux-gnu/libpulse.so.0.15.3
b33d0000-b341e000 r-xp 00000000 07:00 1308577    /tmp/libgdxmaik/13fdc6a4/libopenal.so
b341e000-b3420000 r--p 0004d000 07:00 1308577    /tmp/libgdxmaik/13fdc6a4/libopenal.so
b3420000-b3421000 rw-p 0004f000 07:00 1308577    /tmp/libgdxmaik/13fdc6a4/libopenal.so
b3421000-b347b000 r-xp 00000000 07:00 1308576    /tmp/libgdxmaik/13fdc6a4/liblwjgl.so
b347b000-b347c000 r--p 0005a000 07:00 1308576    /tmp/libgdxmaik/13fdc6a4/liblwjgl.so
b347c000-b347d000 rw-p 0005b000 07:00 1308576    /tmp/libgdxmaik/13fdc6a4/liblwjgl.so
b347d000-b3480000 ---p 00000000 00:00 0 
b3480000-b34ce000 rw-p 00000000 00:00 0          [stack:16178]
b34ce000-b34cf000 r--s 00000000 07:00 1458977    /var/cache/fontconfig/c05880de57d1f5e948fdfacc138775d9-le32d4.cache-4
b34cf000-b34d7000 r--s 00000000 07:00 1450059    /var/cache/fontconfig/945677eb7aeaf62f1d50efc3fb3ec7d8-le32d4.cache-4
b34d7000-b34d9000 r--s 00000000 07:00 1450027    /var/cache/fontconfig/99e8ed0e538f840c565b6ed5dad60d56-le32d4.cache-4
b34d9000-b3578000 r--s 00000000 07:00 1442541    /var/cache/fontconfig/f77165c3a5c0e6d840970e91000fef78-le32d4.cache-4
b3578000-b357e000 r--s 00000000 07:00 1458975    /var/cache/fontconfig/a6d8cf8e4ec09cdbc8633c31745a07dd-le32d4.cache-4
b357e000-b3582000 r--s 00000000 07:00 1458974    /var/cache/fontconfig/2cd17615ca594fa2959ae173292e504c-le32d4.cache-4
b3582000-b3583000 r--s 00000000 07:00 1458973    /var/cache/fontconfig/e7071f4a29fa870f4323321c154eba04-le32d4.cache-4
b3583000-b3588000 r--s 00000000 07:00 1458972    /var/cache/fontconfig/6eb3985aa4124903f6ff08ba781cd364-le32d4.cache-4
b3588000-b3589000 r--s 00000000 07:00 1458971    /var/cache/fontconfig/0d8c3b2ac0904cb8a57a757ad11a4a08-le32d4.cache-4
b3589000-b358e000 r--s 00000000 07:00 1458970    /var/cache/fontconfig/a755afe4a08bf5b97852ceb7400b47bc-le32d4.cache-4
b358e000-b3597000 r--s 00000000 07:00 1458968    /var/cache/fontconfig/6d41288fd70b0be22e8c3a91e032eec0-le32d4.cache-4
b3597000-b35a6000 r--s 00000000 07:00 1458967    /var/cache/fontconfig/04aabc0a78ac019cf9454389977116d2-le32d4.cache-4
b35a6000-b35a7000 r--s 00000000 07:00 1458966    /var/cache/fontconfig/1ac9eb803944fde146138c791f5cc56a-le32d4.cache-4
b35a7000-b35aa000 r--s 00000000 07:00 1458963    /var/cache/fontconfig/385c0604a188198f04d133e54aba7fe7-le32d4.cache-4
b35aa000-b35ab000 r--s 00000000 07:00 1458958    /var/cache/fontconfig/dc05db6664285cc2f12bf69c139ae4c3-le32d4.cache-4
b35ab000-b35ad000 r--s 00000000 07:00 1441025    /var/cache/fontconfig/c14bd16069dd32104a93661d0fc6b751-le32d4.cache-4
b35ad000-b35b1000 r--s 00000000 07:00 1458957    /var/cache/fontconfig/1c2c2997deddd45e0296fa5a60917b7d-le32d4.cache-4
b35b1000-b35b3000 r--s 00000000 07:00 1458956    /var/cache/fontconfig/767a8244fc0220cfb567a839d0392e0b-le32d4.cache-4
b35b3000-b35b4000 r--s 00000000 07:00 1458955    /var/cache/fontconfig/4794a0821666d79190d59a36cb4f44b5-le32d4.cache-4
b35b4000-b35b7000 r--s 00000000 07:00 1489282    /var/cache/fontconfig/bbd3eebb6912613e2596f2fd46535a95-le32d4.cache-4
b35b7000-b35b9000 r--s 00000000 07:00 1441019    /var/cache/fontconfig/662d20385cbbfe31958b837fd2c8d37e-le32d4.cache-4
b35b9000-b35bc000 r--s 00000000 07:00 1458954    /var/cache/fontconfig/8801497958630a81b71ace7c5f9b32a8-le32d4.cache-4
b35bc000-b35eb000 r--s 00000000 07:00 1458953    /var/cache/fontconfig/365b55f210c0a22e9a19e35191240f32-le32d4.cache-4
b35eb000-b35f0000 r--s 00000000 07:00 1458952    /var/cache/fontconfig/3047814df9a2f067bd2d96a2b9c36e5a-le32d4.cache-4
b35f0000-b35f1000 r--s 00000000 07:00 1458951    /var/cache/fontconfig/56cf4f4769d0f4abc89a4895d7bd3ae1-le32d4.cache-4
b35f1000-b35f5000 r--s 00000000 07:00 1458944    /var/cache/fontconfig/b47c4e1ecd0709278f4910c18777a504-le32d4.cache-4
b35f6000-b35f7000 rw-s 1cfc6000 00:05 10613      /dev/dri/card0
b35f7000-b35fe000 rw-s 1cfbf000 00:05 10613      /dev/dri/card0
b35fe000-b3606000 rw-s 00000000 00:04 150740     /drm mm object (deleted)
b3606000-b3607000 rw-s 1d80b000 00:05 10613      /dev/dri/card0
b3607000-b3608000 rw-s 1d03a000 00:05 10613      /dev/dri/card0
b3608000-b360b000 rw-s 1cfe8000 00:05 10613      /dev/dri/card0
b360d000-b360e000 rw-s 00000000 00:04 150766     /drm mm object (deleted)
b360f000-b3610000 rw-s 1d760000 00:05 10613      /dev/dri/card0
b3610000-b3611000 rw-s 1d0d3000 00:05 10613      /dev/dri/card0
b3611000-b3613000 rw-s 00000000 00:04 150770     /drm mm object (deleted)
b3613000-b3614000 rw-s 00000000 00:04 150736     /drm mm object (deleted)
b3614000-b3615000 rw-s 1d048000 00:05 10613      /dev/dri/card0
b3616000-b361d000 r--s 00000000 07:00 297903     /usr/lib/i386-linux-gnu/gconv/gconv-modules.cache
b361d000-b361e000 r--s 00000000 07:00 1458977    /var/cache/fontconfig/c05880de57d1f5e948fdfacc138775d9-le32d4.cache-4
b361e000-b3626000 r--s 00000000 07:00 1450059    /var/cache/fontconfig/945677eb7aeaf62f1d50efc3fb3ec7d8-le32d4.cache-4
b3626000-b3628000 r--s 00000000 07:00 1450027    /var/cache/fontconfig/99e8ed0e538f840c565b6ed5dad60d56-le32d4.cache-4
b3628000-b36c7000 r--s 00000000 07:00 1442541    /var/cache/fontconfig/f77165c3a5c0e6d840970e91000fef78-le32d4.cache-4
b36c7000-b36cd000 r--s 00000000 07:00 1458975    /var/cache/fontconfig/a6d8cf8e4ec09cdbc8633c31745a07dd-le32d4.cache-4
b36cd000-b36d1000 r--s 00000000 07:00 1458974    /var/cache/fontconfig/2cd17615ca594fa2959ae173292e504c-le32d4.cache-4
b36d1000-b36d2000 r--s 00000000 07:00 1458973    /var/cache/fontconfig/e7071f4a29fa870f4323321c154eba04-le32d4.cache-4
b36d2000-b36d7000 r--s 00000000 07:00 1458972    /var/cache/fontconfig/6eb3985aa4124903f6ff08ba781cd364-le32d4.cache-4
b36d7000-b36d8000 r--s 00000000 07:00 1458971    /var/cache/fontconfig/0d8c3b2ac0904cb8a57a757ad11a4a08-le32d4.cache-4
b36d8000-b36dd000 r--s 00000000 07:00 1458970    /var/cache/fontconfig/a755afe4a08bf5b97852ceb7400b47bc-le32d4.cache-4
b36dd000-b36e6000 r--s 00000000 07:00 1458968    /var/cache/fontconfig/6d41288fd70b0be22e8c3a91e032eec0-le32d4.cache-4
b36e6000-b36f5000 r--s 00000000 07:00 1458967    /var/cache/fontconfig/04aabc0a78ac019cf9454389977116d2-le32d4.cache-4
b36f5000-b36f6000 r--s 00000000 07:00 1458966    /var/cache/fontconfig/1ac9eb803944fde146138c791f5cc56a-le32d4.cache-4
b36f6000-b36f9000 r--s 00000000 07:00 1458963    /var/cache/fontconfig/385c0604a188198f04d133e54aba7fe7-le32d4.cache-4
b36f9000-b36fa000 r--s 00000000 07:00 1458958    /var/cache/fontconfig/dc05db6664285cc2f12bf69c139ae4c3-le32d4.cache-4
b36fa000-b36fc000 r--s 00000000 07:00 1441025    /var/cache/fontconfig/c14bd16069dd32104a93661d0fc6b751-le32d4.cache-4
b36fc000-b3700000 r--s 00000000 07:00 1458957    /var/cache/fontconfig/1c2c2997deddd45e0296fa5a60917b7d-le32d4.cache-4
b3700000-b3702000 r--s 00000000 07:00 1458956    /var/cache/fontconfig/767a8244fc0220cfb567a839d0392e0b-le32d4.cache-4
b3702000-b3703000 r--s 00000000 07:00 1458955    /var/cache/fontconfig/4794a0821666d79190d59a36cb4f44b5-le32d4.cache-4
b3703000-b3706000 r--s 00000000 07:00 1489282    /var/cache/fontconfig/bbd3eebb6912613e2596f2fd46535a95-le32d4.cache-4
b3706000-b3708000 r--s 00000000 07:00 1441019    /var/cache/fontconfig/662d20385cbbfe31958b837fd2c8d37e-le32d4.cache-4
b3708000-b370b000 r--s 00000000 07:00 1458954    /var/cache/fontconfig/8801497958630a81b71ace7c5f9b32a8-le32d4.cache-4
b370b000-b373a000 r--s 00000000 07:00 1458953    /var/cache/fontconfig/365b55f210c0a22e9a19e35191240f32-le32d4.cache-4
b373a000-b373f000 r--s 00000000 07:00 1458952    /var/cache/fontconfig/3047814df9a2f067bd2d96a2b9c36e5a-le32d4.cache-4
b373f000-b3740000 r--s 00000000 07:00 1458951    /var/cache/fontconfig/56cf4f4769d0f4abc89a4895d7bd3ae1-le32d4.cache-4
b3740000-b3744000 r--s 00000000 07:00 1458944    /var/cache/fontconfig/b47c4e1ecd0709278f4910c18777a504-le32d4.cache-4
b3744000-b374b000 r--s 00000000 07:00 1458942    /var/cache/fontconfig/52f7bdb7ce746bfd7eaa1985bd9cfa93-le32d4.cache-4
b374b000-b3752000 r--s 00000000 07:00 1458942    /var/cache/fontconfig/52f7bdb7ce746bfd7eaa1985bd9cfa93-le32d4.cache-4
b3752000-b3753000 rwxp 00000000 00:00 0 
b3753000-b3758000 r-xp 00000000 07:00 266237     /usr/lib/i386-linux-gnu/libasyncns.so.0.3.1
b3758000-b3759000 r--p 00004000 07:00 266237     /usr/lib/i386-linux-gnu/libasyncns.so.0.3.1
b3759000-b375a000 rw-p 00005000 07:00 266237     /usr/lib/i386-linux-gnu/libasyncns.so.0.3.1
b375a000-b375f000 r-xp 00000000 07:00 265889     /usr/lib/i386-linux-gnu/libXfixes.so.3.1.0
b375f000-b3760000 r--p 00004000 07:00 265889     /usr/lib/i386-linux-gnu/libXfixes.so.3.1.0
b3760000-b3761000 rw-p 00005000 07:00 265889     /usr/lib/i386-linux-gnu/libXfixes.so.3.1.0
b3761000-b376a000 r-xp 00000000 07:00 266611     /usr/lib/i386-linux-gnu/libXcursor.so.1.0.2
b376a000-b376b000 r--p 00008000 07:00 266611     /usr/lib/i386-linux-gnu/libXcursor.so.1.0.2
b376b000-b376c000 rw-p 00009000 07:00 266611     /usr/lib/i386-linux-gnu/libXcursor.so.1.0.2
b376c000-b376d000 r-xp 00000000 07:00 267584     /usr/lib/i386-linux-gnu/libX11-xcb.so.1.0.0
b376d000-b376e000 r--p 00000000 07:00 267584     /usr/lib/i386-linux-gnu/libX11-xcb.so.1.0.0
b376e000-b376f000 rw-p 00001000 07:00 267584     /usr/lib/i386-linux-gnu/libX11-xcb.so.1.0.0
b376f000-b3777000 r-xp 00000000 07:00 1570294    /lib/i386-linux-gnu/libjson.so.0.1.0
b3777000-b3778000 r--p 00007000 07:00 1570294    /lib/i386-linux-gnu/libjson.so.0.1.0
b3778000-b3779000 rw-p 00008000 07:00 1570294    /lib/i386-linux-gnu/libjson.so.0.1.0
b3779000-b377d000 r-xp 00000000 07:00 269757     /usr/lib/i386-linux-gnu/libXxf86vm.so.1.0.0
b377d000-b377e000 r--p 00003000 07:00 269757     /usr/lib/i386-linux-gnu/libXxf86vm.so.1.0.0
b377e000-b377f000 rw-p 00004000 07:00 269757     /usr/lib/i386-linux-gnu/libXxf86vm.so.1.0.0
b377f000-b3788000 r-xp 00000000 07:00 265883     /usr/lib/i386-linux-gnu/libXrandr.so.2.2.0
b3788000-b3789000 r--p 00008000 07:00 265883     /usr/lib/i386-linux-gnu/libXrandr.so.2.2.0
b3789000-b378a000 rw-p 00009000 07:00 265883     /usr/lib/i386-linux-gnu/libXrandr.so.2.2.0
b378a000-b378b000 r-xp 00000000 07:00 296222     /usr/lib/jvm/java-6-openjdk-i386/jre/lib/i386/libjawt.so
b378b000-b378c000 r--p 00000000 07:00 296222     /usr/lib/jvm/java-6-openjdk-i386/jre/lib/i386/libjawt.so
b378c000-b378d000 rw-p 00001000 07:00 296222     /usr/lib/jvm/java-6-openjdk-i386/jre/lib/i386/libjawt.so
b378d000-b378e000 r--s 00000000 07:00 1458945    /var/cache/fontconfig/b9d506c9ac06c20b433354fa67a72993-le32d4.cache-4
b378e000-b379e000 r--s 00000000 07:00 1450090    /var/cache/fontconfig/d52a8644073d54c13679302ca1180695-le32d4.cache-4
b379e000-b37a5000 r--s 00000000 07:00 1458934    /var/cache/fontconfig/3f7329c5293ffd510edef78f73874cfd-le32d4.cache-4
b37a5000-b37a6000 r--s 00000000 07:00 1458932    /var/cache/fontconfig/0c9eb80ebd1c36541ebe2852d3bb0c49-le32d4.cache-4
b37a6000-b37a7000 r--s 00000000 07:00 1450084    /var/cache/fontconfig/62f91419b9ebdb6975e7e41ab6412357-le32d4.cache-4
b37a7000-b37a9000 r--s 00000000 07:00 1450153    /var/cache/fontconfig/e13b20fdb08344e0e664864cc2ede53d-le32d4.cache-4
b37a9000-b37ac000 r--s 00000000 07:00 1489262    /var/cache/fontconfig/7ef2298fde41cc6eeb7af42e48b7d293-le32d4.cache-4
b37ac000-b37ad000 r--s 00000000 07:00 1449994    /home/maik/.cache/fontconfig/578171f5f238b8a7bb858af08da2de57-le32d4.cache-4
b37ad000-b37ae000 r--s 00000000 07:00 1449993    /home/maik/.cache/fontconfig/bd43c005a6d085c55fa3c0b7700969bf-le32d4.cache-4
b37ae000-b37b1000 ---p 00000000 00:00 0 
b37b1000-b37ff000 rw-p 00000000 00:00 0          [stack:16163]
b37ff000-b3895000 r-xp 00000000 07:00 265978     /usr/lib/i386-linux-gnu/libfreetype.so.6.10.0
b3895000-b3899000 r--p 00095000 07:00 265978     /usr/lib/i386-linux-gnu/libfreetype.so.6.10.0
b3899000-b389a000 rw-p 00099000 07:00 265978     /usr/lib/i386-linux-gnu/libfreetype.so.6.10.0
b389a000-b38e1000 r-xp 00000000 07:00 300410     /usr/lib/jvm/java-6-openjdk-i386/jre/lib/i386/libfontmanager.so
b38e1000-b38e2000 r--p 00047000 07:00 300410     /usr/lib/jvm/java-6-openjdk-i386/jre/lib/i386/libfontmanager.so
b38e2000-b38e3000 rw-p 00048000 07:00 300410     /usr/lib/jvm/java-6-openjdk-i386/jre/lib/i386/libfontmanager.so
b38e3000-b38e8000 r-xp 00000000 07:00 285337     /usr/lib/i386-linux-gnu/libXdmcp.so.6.0.0
b38e8000-b38e9000 r--p 00004000 07:00 285337     /usr/lib/i386-linux-gnu/libXdmcp.so.6.0.0
b38e9000-b38ea000 rw-p 00005000 07:00 285337     /usr/lib/i386-linux-gnu/libXdmcp.so.6.0.0
b38ea000-b38ec000 r-xp 00000000 07:00 266641     /usr/lib/i386-linux-gnu/libXau.so.6.0.0
b38ec000-b38ed000 r--p 00001000 07:00 266641     /usr/lib/i386-linux-gnu/libXau.so.6.0.0
b38ed000-b38ee000 rw-p 00002000 07:00 266641     /usr/lib/i386-linux-gnu/libXau.so.6.0.0
b38ee000-b390e000 r-xp 00000000 07:00 265988     /usr/lib/i386-linux-gnu/libxcb.so.1.1.0
b390e000-b390f000 r--p 0001f000 07:00 265988     /usr/lib/i386-linux-gnu/libxcb.so.1.1.0
b390f000-b3910000 rw-p 00020000 07:00 265988     /usr/lib/i386-linux-gnu/libxcb.so.1.1.0
b3910000-b391e000 r-xp 00000000 07:00 265877     /usr/lib/i386-linux-gnu/libXi.so.6.1.0
b391e000-b391f000 r--p 0000d000 07:00 265877     /usr/lib/i386-linux-gnu/libXi.so.6.1.0
b391f000-b3920000 rw-p 0000e000 07:00 265877     /usr/lib/i386-linux-gnu/libXi.so.6.1.0
b3920000-b3925000 r-xp 00000000 07:00 262782     /usr/lib/i386-linux-gnu/libXtst.so.6.1.0
b3925000-b3926000 r--p 00004000 07:00 262782     /usr/lib/i386-linux-gnu/libXtst.so.6.1.0
b3926000-b3927000 rw-p 00005000 07:00 262782     /usr/lib/i386-linux-gnu/libXtst.so.6.1.0
b3927000-b392f000 r-xp 00000000 07:00 265856     /usr/lib/i386-linux-gnu/libXrender.so.1.3.0
b392f000-b3930000 r--p 00008000 07:00 265856     /usr/lib/i386-linux-gnu/libXrender.so.1.3.0
b3930000-b3931000 rw-p 00009000 07:00 265856     /usr/lib/i386-linux-gnu/libXrender.so.1.3.0
b3931000-b3a64000 r-xp 00000000 07:00 262036     /usr/lib/i386-linux-gnu/libX11.so.6.3.0
b3a64000-b3a65000 r--p 00132000 07:00 262036     /usr/lib/i386-linux-gnu/libX11.so.6.3.0
b3a65000-b3a68000 rw-p 00133000 07:00 262036     /usr/lib/i386-linux-gnu/libX11.so.6.3.0
b3a68000-b3a78000 r-xp 00000000 07:00 262278     /usr/lib/i386-linux-gnu/libXext.so.6.4.0
b3a78000-b3a79000 r--p 0000f000 07:00 262278     /usr/lib/i386-linux-gnu/libXext.so.6.4.0
b3a79000-b3a7a000 rw-p 00010000 07:00 262278     /usr/lib/i386-linux-gnu/libXext.so.6.4.0
b3a7a000-b3ac6000 r-xp 00000000 07:00 267891     /usr/lib/jvm/java-6-openjdk-i386/jre/lib/i386/xawt/libmawt.so
b3ac6000-b3ac7000 r--p 0004b000 07:00 267891     /usr/lib/jvm/java-6-openjdk-i386/jre/lib/i386/xawt/libmawt.so
b3ac7000-b3ac9000 rw-p 0004c000 07:00 267891     /usr/lib/jvm/java-6-openjdk-i386/jre/lib/i386/xawt/libmawt.so
b3ac9000-b3aca000 rw-p 00000000 00:00 0 
b3aca000-b3b63000 r-xp 00000000 07:00 295916     /usr/lib/jvm/java-6-openjdk-i386/jre/lib/i386/libawt.so
b3b63000-b3b64000 r--p 00098000 07:00 295916     /usr/lib/jvm/java-6-openjdk-i386/jre/lib/i386/libawt.so
b3b64000-b3b6b000 rw-p 00099000 07:00 295916     /usr/lib/jvm/java-6-openjdk-i386/jre/lib/i386/libawt.so
b3b6b000-b3b8f000 rw-p 00000000 00:00 0 
b3b8f000-b3bfe000 r-xp 00000000 07:00 1308575    /tmp/libgdxmaik/2df45360/libgdx.so
b3bfe000-b3bff000 r--p 0006f000 07:00 1308575    /tmp/libgdxmaik/2df45360/libgdx.so
b3bff000-b3c00000 rw-p 00070000 07:00 1308575    /tmp/libgdxmaik/2df45360/libgdx.so
b3c00000-b3ce8000 rw-p 00000000 00:00 0 
b3ce8000-b3d00000 ---p 00000000 00:00 0 
b3d00000-b3d01000 r--s 00000000 07:00 1458945    /var/cache/fontconfig/b9d506c9ac06c20b433354fa67a72993-le32d4.cache-4
b3d01000-b3d11000 r--s 00000000 07:00 1450090    /var/cache/fontconfig/d52a8644073d54c13679302ca1180695-le32d4.cache-4
b3d11000-b3d18000 r--s 00000000 07:00 1458934    /var/cache/fontconfig/3f7329c5293ffd510edef78f73874cfd-le32d4.cache-4
b3d18000-b3d19000 r--s 00000000 07:00 1458932    /var/cache/fontconfig/0c9eb80ebd1c36541ebe2852d3bb0c49-le32d4.cache-4
b3d19000-b3d1a000 r--s 00000000 07:00 1450084    /var/cache/fontconfig/62f91419b9ebdb6975e7e41ab6412357-le32d4.cache-4
b3d1a000-b3d1c000 r--s 00000000 07:00 1450153    /var/cache/fontconfig/e13b20fdb08344e0e664864cc2ede53d-le32d4.cache-4
b3d1c000-b3d1f000 r--s 00000000 07:00 1489262    /var/cache/fontconfig/7ef2298fde41cc6eeb7af42e48b7d293-le32d4.cache-4
b3d1f000-b3d20000 r--s 00000000 07:00 1449994    /home/maik/.cache/fontconfig/578171f5f238b8a7bb858af08da2de57-le32d4.cache-4
b3d20000-b3d21000 r--s 00000000 07:00 1449993    /home/maik/.cache/fontconfig/bd43c005a6d085c55fa3c0b7700969bf-le32d4.cache-4
b3d21000-b3d28000 r--s 000fc000 07:00 268440     /usr/lib/jvm/java-6-openjdk-common/jre/lib/resources.jar
b3d28000-b3d29000 r--s 0018b000 07:00 1494876    /home/maik/shadow/shadow-platformer-desktop/libs/gdx-natives.jar
b3d29000-b3d2a000 r--s 00288000 07:00 1493451    /home/maik/shadow/shadow-platformer-desktop/libs/gdx-freetype-natives.jar
b3d2a000-b3d2b000 ---p 00000000 00:00 0 
b3d2b000-b3dab000 rw-p 00000000 00:00 0 
b3dab000-b3dae000 ---p 00000000 00:00 0 
b3dae000-b3dfc000 rw-p 00000000 00:00 0          [stack:16161]
b3dfc000-b3dff000 ---p 00000000 00:00 0 
b3dff000-b3e7d000 rw-p 00000000 00:00 0          [stack:16160]
b3e7d000-b3e80000 ---p 00000000 00:00 0 
b3e80000-b3ece000 rw-p 00000000 00:00 0          [stack:16159]
b3ece000-b4000000 r--p 0018a000 07:00 261666     /usr/lib/locale/locale-archive
b4000000-b4200000 r--p 00000000 07:00 261666     /usr/lib/locale/locale-archive
b4200000-b42fb000 rw-p 00000000 00:00 0 
b42fb000-b4300000 ---p 00000000 00:00 0 
b4300000-b4301000 r--s 00004000 07:00 1440666    /home/maik/shadow/shadow-platformer-desktop/libs/gdx-controllers-desktop.jar
b4301000-b4302000 r--s 00102000 07:00 1440691    /home/maik/shadow/shadow-platformer-desktop/libs/gdx-controllers-desktop-natives.jar
b4302000-b4314000 r--s 00126000 07:00 1494874    /home/maik/shadow/shadow-platformer-desktop/libs/gdx-backend-lwjgl.jar
b4314000-b4316000 r--s 0019e000 07:00 1494872    /home/maik/shadow/shadow-platformer-desktop/libs/gdx-backend-lwjgl-natives.jar
b4316000-b4317000 r--s 0012c000 07:00 1493449    /home/maik/shadow/shadow-platformer-desktop/libs/gdx-audio-natives.jar
b4317000-b431e000 r--s 00049000 07:00 1503607    /home/maik/shadow/shadow-platformer/libs/kryonet-2.18-all.jar
b431e000-b4333000 r--s 00142000 07:00 1439865    /home/maik/shadow/shadow-platformer/libs/gdx.jar
b4333000-b4334000 r--s 00004000 07:00 1493450    /home/maik/shadow/shadow-platformer/libs/gdx-freetype.jar
b4334000-b4336000 r--s 00005000 07:00 1493439    /home/maik/shadow/shadow-platformer/libs/gdx-audio.jar
b4336000-b4339000 r--s 00031000 07:00 268443     /usr/lib/jvm/java-6-openjdk-common/jre/lib/ext/sunjce_provider.jar
b4339000-b433b000 r--s 0000f000 07:00 268444     /usr/lib/jvm/java-6-openjdk-common/jre/lib/ext/pulse-java.jar
b433b000-b433e000 ---p 00000000 00:00 0 
b433e000-b438c000 rw-p 00000000 00:00 0          [stack:16158]
b438c000-b438f000 ---p 00000000 00:00 0 
b438f000-b43dd000 rw-p 00000000 00:00 0          [stack:16157]
b43dd000-b43de000 ---p 00000000 00:00 0 
b43de000-b4491000 rw-p 00000000 00:00 0          [stack:16156]
b4491000-b4625000 r--s 03807000 07:00 275877     /usr/lib/jvm/java-6-openjdk-i386/jre/lib/rt.jar
b4625000-b462c000 rw-p 00000000 00:00 0 
b462c000-b4646000 rw-p 00000000 00:00 0 
b4646000-b464c000 rw-p 00000000 00:00 0 
b464c000-b46f1000 rw-p 00000000 00:00 0 
b46f1000-b46f4000 rw-p 00000000 00:00 0 
b46f4000-b4746000 rw-p 00000000 00:00 0 
b4746000-b474c000 rw-p 00000000 00:00 0 
b474c000-b47f1000 rw-p 00000000 00:00 0 
b47f1000-b47f7000 rw-p 00000000 00:00 0 
b47f7000-b4811000 rw-p 00000000 00:00 0 
b4811000-b4824000 rw-p 00000000 00:00 0 
b4824000-b489d000 rw-p 00000000 00:00 0 
b489d000-b4a4d000 rwxp 00000000 00:00 0 
b4a4d000-b689d000 rw-p 00000000 00:00 0 
b689d000-b68a8000 r-xp 00000000 07:00 1582739    /lib/i386-linux-gnu/libnss_files-2.17.so
b68a8000-b68a9000 r--p 0000a000 07:00 1582739    /lib/i386-linux-gnu/libnss_files-2.17.so
b68a9000-b68aa000 rw-p 0000b000 07:00 1582739    /lib/i386-linux-gnu/libnss_files-2.17.so
b68aa000-b68b4000 r-xp 00000000 07:00 1582745    /lib/i386-linux-gnu/libnss_nis-2.17.so
b68b4000-b68b5000 r--p 00009000 07:00 1582745    /lib/i386-linux-gnu/libnss_nis-2.17.so
b68b5000-b68b6000 rw-p 0000a000 07:00 1582745    /lib/i386-linux-gnu/libnss_nis-2.17.so
b68b6000-b68b9000 r--s 00077000 07:00 268442     /usr/lib/jvm/java-6-openjdk-common/jre/lib/ext/localedata.jar
b68b9000-b68bb000 r--s 00006000 07:00 532142     /usr/share/java/java-atk-wrapper.jar
b68bb000-b68bf000 r--s 00039000 07:00 268441     /usr/lib/jvm/java-6-openjdk-common/jre/lib/ext/sunpkcs11.jar
b68bf000-b68c6000 rw-p 00000000 00:00 0 
b68c6000-b68cd000 r-xp 00000000 07:00 295619     /usr/lib/jvm/java-6-openjdk-i386/jre/lib/i386/libzip.so
b68cd000-b68ce000 r--p 00006000 07:00 295619     /usr/lib/jvm/java-6-openjdk-i386/jre/lib/i386/libzip.so
b68ce000-b68cf000 rw-p 00007000 07:00 295619     /usr/lib/jvm/java-6-openjdk-i386/jre/lib/i386/libzip.so
b68cf000-b68d7000 rw-s 00000000 07:00 1308354    /tmp/hsperfdata_maik/16135 (deleted)
b68d7000-b68fd000 r-xp 00000000 07:00 296232     /usr/lib/jvm/java-6-openjdk-i386/jre/lib/i386/libjava.so
b68fd000-b68fe000 r--p 00026000 07:00 296232     /usr/lib/jvm/java-6-openjdk-i386/jre/lib/i386/libjava.so
b68fe000-b6900000 rw-p 00027000 07:00 296232     /usr/lib/jvm/java-6-openjdk-i386/jre/lib/i386/libjava.so
b6900000-b69fa000 rw-p 00000000 00:00 0 
b69fa000-b6a00000 ---p 00000000 00:00 0 
b6a00000-b6a01000 r--s 00002000 07:00 1441334    /home/maik/shadow/shadow-platformer/libs/gdx-controllers.jar
b6a01000-b6a03000 r--s 00001000 07:00 268468     /usr/lib/jvm/java-6-openjdk-common/jre/lib/ext/dnsns.jar
b6a03000-b6a18000 r-xp 00000000 07:00 1582754    /lib/i386-linux-gnu/libnsl-2.17.so
b6a18000-b6a19000 r--p 00014000 07:00 1582754    /lib/i386-linux-gnu/libnsl-2.17.so
b6a19000-b6a1a000 rw-p 00015000 07:00 1582754    /lib/i386-linux-gnu/libnsl-2.17.so
b6a1a000-b6a1c000 rw-p 00000000 00:00 0 
b6a1c000-b6a23000 r-xp 00000000 07:00 1570878    /lib/i386-linux-gnu/librt-2.17.so
b6a23000-b6a24000 r--p 00006000 07:00 1570878    /lib/i386-linux-gnu/librt-2.17.so
b6a24000-b6a25000 rw-p 00007000 07:00 1570878    /lib/i386-linux-gnu/librt-2.17.so
b6a25000-b6a28000 ---p 00000000 00:00 0 
b6a28000-b6a76000 rw-p 00000000 00:00 0          [stack:16141]
b6a76000-b6a91000 r-xp 00000000 07:00 1571574    /lib/i386-linux-gnu/libgcc_s.so.1
b6a91000-b6a92000 r--p 0001a000 07:00 1571574    /lib/i386-linux-gnu/libgcc_s.so.1
b6a92000-b6a93000 rw-p 0001b000 07:00 1571574    /lib/i386-linux-gnu/libgcc_s.so.1
b6a93000-b6ad4000 r-xp 00000000 07:00 1582738    /lib/i386-linux-gnu/libm-2.17.so
b6ad4000-b6ad5000 r--p 00040000 07:00 1582738    /lib/i386-linux-gnu/libm-2.17.so
b6ad5000-b6ad6000 rw-p 00041000 07:00 1582738    /lib/i386-linux-gnu/libm-2.17.so
b6ad6000-b6bb2000 r-xp 00000000 07:00 298111     /usr/lib/i386-linux-gnu/libstdc++.so.6.0.17
b6bb2000-b6bb3000 ---p 000dc000 07:00 298111     /usr/lib/i386-linux-gnu/libstdc++.so.6.0.17
b6bb3000-b6bb7000 r--p 000dc000 07:00 298111     /usr/lib/i386-linux-gnu/libstdc++.so.6.0.17
b6bb7000-b6bb8000 rw-p 000e0000 07:00 298111     /usr/lib/i386-linux-gnu/libstdc++.so.6.0.17
b6bb8000-b6bbf000 rw-p 00000000 00:00 0 
b6bbf000-b70ce000 r-xp 00000000 07:00 296259     /usr/lib/jvm/java-6-openjdk-i386/jre/lib/i386/client/libjvm.so
b70ce000-b70e5000 r--p 0050e000 07:00 296259     /usr/lib/jvm/java-6-openjdk-i386/jre/lib/i386/client/libjvm.so
b70e5000-b70f2000 rw-p 00525000 07:00 296259     /usr/lib/jvm/java-6-openjdk-i386/jre/lib/i386/client/libjvm.so
b70f2000-b750c000 rw-p 00000000 00:00 0 
b750c000-b7523000 r-xp 00000000 07:00 1570758    /lib/i386-linux-gnu/libz.so.1.2.7
b7523000-b7524000 r--p 00016000 07:00 1570758    /lib/i386-linux-gnu/libz.so.1.2.7
b7524000-b7525000 rw-p 00017000 07:00 1570758    /lib/i386-linux-gnu/libz.so.1.2.7
b7525000-b76d2000 r-xp 00000000 07:00 1582740    /lib/i386-linux-gnu/libc-2.17.so
b76d2000-b76d4000 r--p 001ad000 07:00 1582740    /lib/i386-linux-gnu/libc-2.17.so
b76d4000-b76d5000 rw-p 001af000 07:00 1582740    /lib/i386-linux-gnu/libc-2.17.so
b76d5000-b76d8000 rw-p 00000000 00:00 0 
b76d8000-b76db000 r-xp 00000000 07:00 1582749    /lib/i386-linux-gnu/libdl-2.17.so
b76db000-b76dc000 r--p 00002000 07:00 1582749    /lib/i386-linux-gnu/libdl-2.17.so
b76dc000-b76dd000 rw-p 00003000 07:00 1582749    /lib/i386-linux-gnu/libdl-2.17.so
b76dd000-b76e1000 r-xp 00000000 07:00 296224     /usr/lib/jvm/java-6-openjdk-i386/jre/lib/i386/jli/libjli.so
b76e1000-b76e2000 r--p 00003000 07:00 296224     /usr/lib/jvm/java-6-openjdk-i386/jre/lib/i386/jli/libjli.so
b76e2000-b76e3000 rw-p 00004000 07:00 296224     /usr/lib/jvm/java-6-openjdk-i386/jre/lib/i386/jli/libjli.so
b76e3000-b76fa000 r-xp 00000000 07:00 1582744    /lib/i386-linux-gnu/libpthread-2.17.so
b76fa000-b76fb000 r--p 00016000 07:00 1582744    /lib/i386-linux-gnu/libpthread-2.17.so
b76fb000-b76fc000 rw-p 00017000 07:00 1582744    /lib/i386-linux-gnu/libpthread-2.17.so
b76fc000-b76ff000 rw-p 00000000 00:00 0 
b76ff000-b7700000 r--s 00001000 07:00 1494608    /home/maik/shadow/shadow-platformer/libs/bodyeditor-loader.jar
b7700000-b7706000 rw-p 00000000 00:00 0 
b7706000-b770d000 r-xp 00000000 07:00 1582737    /lib/i386-linux-gnu/libnss_compat-2.17.so
b770d000-b770e000 r--p 00006000 07:00 1582737    /lib/i386-linux-gnu/libnss_compat-2.17.so
b770e000-b770f000 rw-p 00007000 07:00 1582737    /lib/i386-linux-gnu/libnss_compat-2.17.so
b770f000-b7710000 rw-p 00000000 00:00 0 
b7710000-b7711000 ---p 00000000 00:00 0 
b7711000-b771e000 r-xp 00000000 07:00 296201     /usr/lib/jvm/java-6-openjdk-i386/jre/lib/i386/libverify.so
b771e000-b771f000 r--p 0000c000 07:00 296201     /usr/lib/jvm/java-6-openjdk-i386/jre/lib/i386/libverify.so
b771f000-b7720000 rw-p 0000d000 07:00 296201     /usr/lib/jvm/java-6-openjdk-i386/jre/lib/i386/libverify.so
b7720000-b7722000 rw-p 00000000 00:00 0 
b7722000-b7723000 r-xp 00000000 00:00 0          [vdso]
b7723000-b7743000 r-xp 00000000 07:00 1582753    /lib/i386-linux-gnu/ld-2.17.so
b7743000-b7744000 r--p 0001f000 07:00 1582753    /lib/i386-linux-gnu/ld-2.17.so
b7744000-b7745000 rw-p 00020000 07:00 1582753    /lib/i386-linux-gnu/ld-2.17.so
bfb8e000-bfbaf000 rw-p 00000000 00:00 0          [stack]

VM Arguments:
jvm_args: -XX:+HeapDumpOnOutOfMemoryError -verbose:gc -Dfile.encoding=UTF-8 
java_command: net.fourbytes.shadow.Main
Launcher Type: SUN_STANDARD

Environment Variables:
PATH=/usr/local/sbin:/usr/local/bin:/usr/sbin:/usr/bin:/sbin:/bin:/usr/games:/usr/local/games
USERNAME=maik
LD_LIBRARY_PATH=/usr/lib/jvm/java-6-openjdk-i386/jre/lib/i386/client:/usr/lib/jvm/java-6-openjdk-i386/jre/lib/i386:/usr/lib/jvm/java-6-openjdk-i386/jre/../lib/i386:/usr/lib/jvm/java-7-openjdk-i386/jre/lib/i386/client:/usr/lib/jvm/java-7-openjdk-i386/jre/lib/i386:
SHELL=/bin/bash
DISPLAY=:0

Signal Handlers:
SIGSEGV: [libjvm.so+0x3f03e0], sa_mask[0]=0x7ffbfeff, sa_flags=0x10000004
SIGBUS: [libjvm.so+0x3f03e0], sa_mask[0]=0x7ffbfeff, sa_flags=0x10000004
SIGFPE: [libjvm.so+0x30da80], sa_mask[0]=0x7ffbfeff, sa_flags=0x10000004
SIGPIPE: [libjvm.so+0x30da80], sa_mask[0]=0x7ffbfeff, sa_flags=0x10000004
SIGXFSZ: [libjvm.so+0x30da80], sa_mask[0]=0x7ffbfeff, sa_flags=0x10000004
SIGILL: [libjvm.so+0x30da80], sa_mask[0]=0x7ffbfeff, sa_flags=0x10000004
SIGUSR1: SIG_DFL, sa_mask[0]=0x00000000, sa_flags=0x00000000
SIGUSR2: [libjvm.so+0x30d920], sa_mask[0]=0x00000004, sa_flags=0x10000004
SIGHUP: [libjvm.so+0x3105b0], sa_mask[0]=0x7ffbfeff, sa_flags=0x10000004
SIGINT: [libjvm.so+0x3105b0], sa_mask[0]=0x7ffbfeff, sa_flags=0x10000004
SIGTERM: [libjvm.so+0x3105b0], sa_mask[0]=0x7ffbfeff, sa_flags=0x10000004
SIGQUIT: [libjvm.so+0x3105b0], sa_mask[0]=0x7ffbfeff, sa_flags=0x10000004


---------------  S Y S T E M  ---------------

OS:Ubuntu 13.04 (raring)
uname:Linux 3.11.0-994-generic #201309190405 SMP Thu Sep 19 08:15:11 UTC 2013 i686
libc:glibc 2.17 NPTL 2.17 
rlimit: STACK 8192k, CORE 0k, NPROC 15443, NOFILE 4096, AS infinity
load average:1.76 1.96 1.84

/proc/meminfo:
MemTotal:        1993448 kB
MemFree:          148528 kB
Buffers:          167164 kB
Cached:           390292 kB
SwapCached:        35176 kB
Active:           788012 kB
Inactive:         833260 kB
Active(anon):     657168 kB
Inactive(anon):   694892 kB
Active(file):     130844 kB
Inactive(file):   138368 kB
Unevictable:        2744 kB
Mlocked:             128 kB
HighTotal:       1112452 kB
HighFree:          21624 kB
LowTotal:         880996 kB
LowFree:          126904 kB
SwapTotal:       1258860 kB
SwapFree:         863056 kB
Dirty:               420 kB
Writeback:             0 kB
AnonPages:       1044604 kB
Mapped:           129956 kB
Shmem:            285516 kB
Slab:              45820 kB
SReclaimable:      27016 kB
SUnreclaim:        18804 kB
KernelStack:        4624 kB
PageTables:        12232 kB
NFS_Unstable:          0 kB
Bounce:                0 kB
WritebackTmp:          0 kB
CommitLimit:     2255584 kB
Committed_AS:    4945248 kB
VmallocTotal:     122880 kB
VmallocUsed:       16220 kB
VmallocChunk:     106108 kB
HardwareCorrupted:     0 kB
AnonHugePages:         0 kB
HugePages_Total:       0
HugePages_Free:        0
HugePages_Rsvd:        0
HugePages_Surp:        0
Hugepagesize:       2048 kB
DirectMap4k:       12280 kB
DirectMap2M:      901120 kB


CPU:total 1 (1 cores per cpu, 1 threads per core) family 6 model 23 stepping 10, cmov, cx8, fxsr, mmx, sse, sse2, sse3, ssse3

Memory: 4k page, physical 1993448k(148528k free), swap 1258860k(863056k free)

vm_info: OpenJDK Client VM (20.0-b12) for linux-x86 JRE (1.6.0_27-b27), built on Jul 17 2013 13:48:06 by "buildd" with gcc 4.7.3

