#
# A fatal error has been detected by the Java Runtime Environment:
#
#  SIGSEGV (0xb) at pc=0x00000000, pid=10660, tid=2928544576
#
# JRE version: 6.0_27-b27
# Java VM: OpenJDK Client VM (20.0-b12 mixed mode, sharing linux-x86 )
# Derivative: IcedTea6 1.12.6
# Distribution: Ubuntu 13.04, package 6b27-1.12.6-1ubuntu0.13.04.2
# Problematic frame:
# C  0x00000000
#
# If you would like to submit a bug report, please include
# instructions how to reproduce the bug and visit:
#   https://bugs.launchpad.net/ubuntu/+source/openjdk-6/
#

---------------  T H R E A D  ---------------

Current thread is native thread

siginfo:si_signo=SIGSEGV: si_errno=0, si_code=1 (SEGV_MAPERR), si_addr=0x00000000

Registers:
EAX=0xb34c8450, EBX=0xb34c7ff4, ECX=0x00000000, EDX=0xb3c9e5f0
ESP=0xae8e01ec, EBP=0x00012000, ESI=0x00000800, EDI=0xb3c88490
EIP=0x00000000, EFLAGS=0x00010246, CR2=0x00000000

Top of Stack: (sp=0xae8e01ec)
0xae8e01ec:   b3495348 b3c88490 00000000 00002000
0xae8e01fc:   400158fb b3477000 b3c76cf0 09b965c8
0xae8e020c:   b3450b5d 00000000 00000001 00000086
0xae8e021c:   b77788ce b777f7cf b3428000 b3c76858
0xae8e022c:   b3428000 bb800000 00006000 b3c3bd50
0xae8e023c:   b33ec802 b3c3bd50 00006000 b3477000
0xae8e024c:   b33eb40d b3c76d14 b3c76920 00000000
0xae8e025c:   b3407c0f b3c74768 b3c76858 b3428000 

Instructions: (pc=0x00000000)
0xffffffe0:   

Register to memory mapping:

EAX=
[error occurred during error reporting (printing register info), id 0xb]

Stack: [0xae7e0000,0xae8e1000],  sp=0xae8e01ec,  free space=1024k

---------------  P R O C E S S  ---------------

VM state:at safepoint (shutting down)

VM Mutex/Monitor currently owned by a thread:  ([mutex/lock_event])
[0xb6903a10] Threads_lock - owner thread: 0xb6932400

Heap
