#
# A fatal error has been detected by the Java Runtime Environment:
#
#  SIGSEGV (0xb) at pc=0x00000000, pid=6937, tid=2927766336
#
# JRE version: 6.0_27-b27
# Java VM: OpenJDK Client VM (20.0-b12 mixed mode, sharing linux-x86 )
# Derivative: IcedTea6 1.12.6
# Distribution: Ubuntu 13.04, package 6b27-1.12.6-1ubuntu0.13.04.2
# Problematic frame:
# C  0x00000000
#
# If you would like to submit a bug report, please include
# instructions how to reproduce the bug and visit:
#   https://bugs.launchpad.net/ubuntu/+source/openjdk-6/
#

---------------  T H R E A D  ---------------

Current thread is native thread

siginfo:si_signo=SIGSEGV: si_errno=0, si_code=1 (SEGV_MAPERR), si_addr=0x00000000

Registers:
EAX=0xb340a450, EBX=0xb3409ff4, ECX=0x00000000, EDX=0xb3b95350
ESP=0xae8221ec, EBP=0x00012000, ESI=0x00000400, EDI=0xb3b801f0
EIP=0x00000000, EFLAGS=0x00010246, CR2=0x00000000

Top of Stack: (sp=0xae8221ec)
0xae8221ec:   b33d7348 b3b801f0 00000000 00001000
0xae8221fc:   400da747 b33b9000 b3b6ee48 09601e40
0xae82220c:   b3392b5d 00000000 ae8222b4 00002000
0xae82221c:   b76c96ce b76d07cf b336a000 b3b67148
0xae82222c:   b336a000 bb800000 00002000 b3b668e0
0xae82223c:   b332e802 b3b668e0 00002000 b33b9000
0xae82224c:   b332d40d b3b6ee6c b3b6ea50 00000000
0xae82225c:   b3349c0f b3b6e928 b3b67148 b336a000 

Instructions: (pc=0x00000000)
0xffffffe0:   

Register to memory mapping:

EAX=
[error occurred during error reporting (printing register info), id 0xb]

Stack: [0xae722000,0xae823000],  sp=0xae8221ec,  free space=1024k

---------------  P R O C E S S  ---------------

VM state:at safepoint (shutting down)

VM Mutex/Monitor currently owned by a thread:  ([mutex/lock_event])
[0xb6903ad0] Threads_lock - owner thread: 0xb6932400

Heap
 def new generation   total 4928K, used 1608K [0x6ea40000, 0x6ef90000, 0x794e0000)
  eden space 4416K,  24% used [0x6ea40000, 0x6eb52300, 0x6ee90000)
  from space 512K, 100% used [0x6ee90000, 0x6ef10000, 0x6ef10000)
  to   space 512K,   0% used [0x6ef10000, 0x6ef10000, 0x6ef90000)
 tenured generation   total 10944K, used 994K [0x794e0000, 0x79f90000, 0x8ea40000)
   the space 10944K,   9% used [0x794e0000, 0x795d8840, 0x795d8a00, 0x79f90000)
 compacting perm gen  total 12288K, used 3036K [0x8ea40000, 0x8f640000, 0x92a40000)
   the space 12288K,  24% used [0x8ea40000, 0x8ed37150, 0x8ed37200, 0x8f640000)
    ro space 10240K,  73% used [0x92a40000, 0x931a5fa0, 0x931a6000, 0x93440000)
    rw space 12288K,  60% used [0x93440000, 0x93b8dbf8, 0x93b8dc00, 0x94040000)

Code Cache  [0xb487b000, 0xb4953000, 0xb687b000)
 total_blobs=513 nmethods=212 adapters=237 free_code_cache=32689600 largest_free_block=64

Dynamic libraries:
08048000-08051000 r-xp 00000000 07:00 270379     /usr/lib/jvm/java-6-openjdk-i386/jre/bin/java
08051000-08052000 r--p 00008000 07:00 270379     /usr/lib/jvm/java-6-openjdk-i386/jre/bin/java
08052000-08053000 rw-p 00009000 07:00 270379     /usr/lib/jvm/java-6-openjdk-i386/jre/bin/java
09560000-09655000 rw-p 00000000 00:00 0          [heap]
6ea40000-6ef90000 rw-p 00000000 00:00 0 
6ef90000-794e0000 rw-p 00000000 00:00 0 
794e0000-79f90000 rw-p 00000000 00:00 0 
79f90000-8ea40000 rw-p 00000000 00:00 0 
8ea40000-8f640000 rw-p 00000000 00:00 0 
8f640000-92a40000 rw-p 00000000 00:00 0 
92a40000-931a6000 r--s 00001000 07:00 280804     /usr/lib/jvm/java-6-openjdk-i386/jre/lib/i386/client/classes.jsa
931a6000-93440000 rw-p 00000000 00:00 0 
93440000-93b8e000 rw-p 00767000 07:00 280804     /usr/lib/jvm/java-6-openjdk-i386/jre/lib/i386/client/classes.jsa
93b8e000-94040000 rw-p 00000000 00:00 0 
94040000-9413d000 rw-p 00eb5000 07:00 280804     /usr/lib/jvm/java-6-openjdk-i386/jre/lib/i386/client/classes.jsa
9413d000-94440000 rw-p 00000000 00:00 0 
94440000-94448000 r-xs 00fb2000 07:00 280804     /usr/lib/jvm/java-6-openjdk-i386/jre/lib/i386/client/classes.jsa
94448000-94840000 rw-p 00000000 00:00 0 
a597b000-a5afb000 rw-s 1623b000 00:05 10494      /dev/dri/card0
a5afb000-a5c7b000 rw-s 1e78c000 00:05 10494      /dev/dri/card0
a5c7b000-a747b000 rw-s 1cf8c000 00:05 10494      /dev/dri/card0
a747b000-a847c000 rw-p 00000000 00:00 0 
a847c000-a8a7c000 rw-s 1c98c000 00:05 10494      /dev/dri/card0
a8a7c000-a8e7d000 rw-p 00000000 00:00 0 
a8e7d000-aa67d000 rw-s 1b18c000 00:05 10494      /dev/dri/card0
aa67d000-ab67e000 rw-p 00000000 00:00 0 
ab67e000-abc7e000 rw-s 18136000 00:05 10494      /dev/dri/card0
abc7e000-ac07f000 rw-p 00000000 00:00 0 
ac07f000-ac1ff000 rw-s 16bce000 00:05 10494      /dev/dri/card0
ac25e000-ac261000 ---p 00000000 00:00 0 
ac261000-ac2af000 rw-p 00000000 00:00 0          [stack:6967]
ac2af000-ac2b2000 ---p 00000000 00:00 0 
ac2b2000-ac300000 rw-p 00000000 00:00 0          [stack:6966]
ac300000-ac500000 rw-s 16e9d000 00:05 10494      /dev/dri/card0
ac500000-ac6cb000 rw-p 00000000 00:00 0 
ac6cb000-ac700000 ---p 00000000 00:00 0 
ac700000-ac900000 rw-p 00000000 00:00 0 
ac900000-aca00000 rw-p 00000000 00:00 0 
aca13000-aca16000 ---p 00000000 00:00 0 
aca16000-aca64000 rw-p 00000000 00:00 0 
aca64000-aca6b000 rw-s 16435000 00:05 10494      /dev/dri/card0
aca6b000-aca6e000 rw-s 16432000 00:05 10494      /dev/dri/card0
aca6e000-aca72000 rw-s 1642e000 00:05 10494      /dev/dri/card0
aca72000-acd00000 rw-p 00000000 00:00 0 
acd00000-acdff000 rw-p 00000000 00:00 0 
acdff000-ace00000 ---p 00000000 00:00 0 
ace00000-acf00000 rw-p 00000000 00:00 0 
acf00000-acff9000 rw-p 00000000 00:00 0 
acff9000-ad000000 ---p 00000000 00:00 0 
ad002000-ad006000 rw-s 1642a000 00:05 10494      /dev/dri/card0
ad006000-ad00a000 rw-s 16426000 00:05 10494      /dev/dri/card0
ad00a000-ad00d000 rw-s 16423000 00:05 10494      /dev/dri/card0
ad00d000-ad010000 rw-s 16420000 00:05 10494      /dev/dri/card0
ad010000-ad014000 rw-s 1641c000 00:05 10494      /dev/dri/card0
ad014000-ad017000 rw-s 16419000 00:05 10494      /dev/dri/card0
ad017000-ad01b000 rw-s 16415000 00:05 10494      /dev/dri/card0
ad01b000-ad01e000 rw-s 16412000 00:05 10494      /dev/dri/card0
ad01e000-ad021000 rw-s 1640f000 00:05 10494      /dev/dri/card0
ad021000-ad024000 rw-s 1640c000 00:05 10494      /dev/dri/card0
ad024000-ad027000 rw-s 16409000 00:05 10494      /dev/dri/card0
ad027000-ad02e000 rw-s 16402000 00:05 10494      /dev/dri/card0
ad02e000-ad031000 rw-s 163ff000 00:05 10494      /dev/dri/card0
ad031000-ad035000 rw-s 163fb000 00:05 10494      /dev/dri/card0
ad035000-ad038000 rw-s 163f8000 00:05 10494      /dev/dri/card0
ad038000-ad03c000 rw-s 163f4000 00:05 10494      /dev/dri/card0
ad03c000-ad03f000 rw-s 163f1000 00:05 10494      /dev/dri/card0
ad03f000-ad042000 rw-s 163ee000 00:05 10494      /dev/dri/card0
ad042000-ad046000 rw-s 163ea000 00:05 10494      /dev/dri/card0
ad046000-ad049000 rw-s 163e7000 00:05 10494      /dev/dri/card0
ad049000-ad04c000 rw-s 163e4000 00:05 10494      /dev/dri/card0
ad04c000-ad04f000 rw-s 163e1000 00:05 10494      /dev/dri/card0
ad04f000-ad052000 rw-s 163de000 00:05 10494      /dev/dri/card0
ad052000-ad055000 rw-s 163db000 00:05 10494      /dev/dri/card0
ad055000-ad05c000 rw-s 163cb000 00:05 10494      /dev/dri/card0
ad05c000-ad0f8000 r-xp 00000000 07:00 1308611    /tmp/libgdxmaik/1282459102/libgdx-freetype.so
ad0f8000-ad0fc000 r--p 0009b000 07:00 1308611    /tmp/libgdxmaik/1282459102/libgdx-freetype.so
ad0fc000-ad0fd000 rw-p 0009f000 07:00 1308611    /tmp/libgdxmaik/1282459102/libgdx-freetype.so
ad0fd000-adfc2000 rw-p 00000000 00:00 0 
adfc2000-ae019000 rw-p 00000000 00:00 0 
ae019000-ae01f000 rw-s 163d2000 00:05 10494      /dev/dri/card0
ae01f000-ae057000 rw-s 1709d000 00:05 10494      /dev/dri/card0
ae057000-ae077000 r-xp 00000000 07:00 1308610    /tmp/libgdxmaik/1810227264/libgdx-controllers-desktop.so
ae077000-ae078000 r--p 00020000 07:00 1308610    /tmp/libgdxmaik/1810227264/libgdx-controllers-desktop.so
ae078000-ae079000 rw-p 00021000 07:00 1308610    /tmp/libgdxmaik/1810227264/libgdx-controllers-desktop.so
ae079000-ae0ab000 r-xp 00000000 07:00 262120     /usr/lib/i386-linux-gnu/libtxc_dxtn_s2tc.so.0.0.0
ae0ab000-ae0ac000 r--p 00031000 07:00 262120     /usr/lib/i386-linux-gnu/libtxc_dxtn_s2tc.so.0.0.0
ae0ac000-ae0ad000 rw-p 00032000 07:00 262120     /usr/lib/i386-linux-gnu/libtxc_dxtn_s2tc.so.0.0.0
ae0ad000-ae0b6000 r-xp 00000000 07:00 264471     /usr/lib/i386-linux-gnu/libpciaccess.so.0.11.1
ae0b6000-ae0b7000 r--p 00008000 07:00 264471     /usr/lib/i386-linux-gnu/libpciaccess.so.0.11.1
ae0b7000-ae0b8000 rw-p 00009000 07:00 264471     /usr/lib/i386-linux-gnu/libpciaccess.so.0.11.1
ae0b8000-ae0d9000 r-xp 00000000 07:00 266218     /usr/lib/i386-linux-gnu/libdrm_intel.so.1.0.0
ae0d9000-ae0da000 r--p 00020000 07:00 266218     /usr/lib/i386-linux-gnu/libdrm_intel.so.1.0.0
ae0da000-ae0db000 rw-p 00021000 07:00 266218     /usr/lib/i386-linux-gnu/libdrm_intel.so.1.0.0
ae0db000-ae100000 r-xp 00000000 07:00 1571548    /lib/i386-linux-gnu/libexpat.so.1.6.0
ae100000-ae102000 r--p 00025000 07:00 1571548    /lib/i386-linux-gnu/libexpat.so.1.6.0
ae102000-ae103000 rw-p 00027000 07:00 1571548    /lib/i386-linux-gnu/libexpat.so.1.6.0
ae103000-ae4cf000 r-xp 00000000 07:00 263667     /usr/lib/i386-linux-gnu/libdricore9.3.0-devel.so.1.0.0
ae4cf000-ae4d0000 ---p 003cc000 07:00 263667     /usr/lib/i386-linux-gnu/libdricore9.3.0-devel.so.1.0.0
ae4d0000-ae4d9000 r--p 003cc000 07:00 263667     /usr/lib/i386-linux-gnu/libdricore9.3.0-devel.so.1.0.0
ae4d9000-ae4e0000 rw-p 003d5000 07:00 263667     /usr/lib/i386-linux-gnu/libdricore9.3.0-devel.so.1.0.0
ae4e0000-ae4f5000 rw-p 00000000 00:00 0 
ae4f5000-ae5de000 r-xp 00000000 07:00 266266     /usr/lib/i386-linux-gnu/dri/i965_dri.so
ae5de000-ae5e0000 r--p 000e9000 07:00 266266     /usr/lib/i386-linux-gnu/dri/i965_dri.so
ae5e0000-ae5e1000 rw-p 000eb000 07:00 266266     /usr/lib/i386-linux-gnu/dri/i965_dri.so
ae5e1000-ae5e2000 rw-p 00000000 00:00 0 
ae5e2000-ae5ed000 r-xp 00000000 07:00 266202     /usr/lib/i386-linux-gnu/libdrm.so.2.4.0
ae5ed000-ae5ee000 r--p 0000a000 07:00 266202     /usr/lib/i386-linux-gnu/libdrm.so.2.4.0
ae5ee000-ae5ef000 rw-p 0000b000 07:00 266202     /usr/lib/i386-linux-gnu/libdrm.so.2.4.0
ae5ef000-ae5f2000 r-xp 00000000 07:00 266197     /usr/lib/i386-linux-gnu/libxcb-dri2.so.0.0.0
ae5f2000-ae5f3000 r--p 00003000 07:00 266197     /usr/lib/i386-linux-gnu/libxcb-dri2.so.0.0.0
ae5f3000-ae5f4000 rw-p 00004000 07:00 266197     /usr/lib/i386-linux-gnu/libxcb-dri2.so.0.0.0
ae5f4000-ae60a000 r-xp 00000000 07:00 266178     /usr/lib/i386-linux-gnu/libxcb-glx.so.0.0.0
ae60a000-ae60b000 r--p 00016000 07:00 266178     /usr/lib/i386-linux-gnu/libxcb-glx.so.0.0.0
ae60b000-ae60c000 rw-p 00017000 07:00 266178     /usr/lib/i386-linux-gnu/libxcb-glx.so.0.0.0
ae60c000-ae60e000 r-xp 00000000 07:00 266189     /usr/lib/i386-linux-gnu/libXdamage.so.1.1.0
ae60e000-ae60f000 r--p 00001000 07:00 266189     /usr/lib/i386-linux-gnu/libXdamage.so.1.1.0
ae60f000-ae610000 rw-p 00002000 07:00 266189     /usr/lib/i386-linux-gnu/libXdamage.so.1.1.0
ae610000-ae620000 r-xp 00000000 07:00 263678     /usr/lib/i386-linux-gnu/libglapi.so.0.0.0
ae620000-ae622000 r--p 0000f000 07:00 263678     /usr/lib/i386-linux-gnu/libglapi.so.0.0.0
ae622000-ae627000 rwxp 00011000 07:00 263678     /usr/lib/i386-linux-gnu/libglapi.so.0.0.0
ae627000-ae679000 r-xp 00000000 07:00 263675     /usr/lib/i386-linux-gnu/mesa/libGL.so.1.2.0
ae679000-ae67b000 r--p 00051000 07:00 263675     /usr/lib/i386-linux-gnu/mesa/libGL.so.1.2.0
ae67b000-ae680000 rwxp 00053000 07:00 263675     /usr/lib/i386-linux-gnu/mesa/libGL.so.1.2.0
ae680000-ae683000 ---p 00000000 00:00 0 
ae683000-ae6d1000 rw-p 00000000 00:00 0          [stack:6961]
ae6d1000-ae6d4000 ---p 00000000 00:00 0 
ae6d4000-ae722000 rw-p 00000000 00:00 0          [stack:6955]
ae722000-ae723000 ---p 00000000 00:00 0 
ae723000-ae823000 rw-p 00000000 00:00 0          [stack:6954]
ae823000-b2824000 rw-s 00000000 00:13 137921     /run/shm/pulse-shm-4278261935
b2824000-b2825000 ---p 00000000 00:00 0 
b2825000-b3025000 rw-p 00000000 00:00 0          [stack:6953]
b3025000-b3038000 r-xp 00000000 07:00 1582751    /lib/i386-linux-gnu/libresolv-2.17.so
b3038000-b3039000 r--p 00013000 07:00 1582751    /lib/i386-linux-gnu/libresolv-2.17.so
b3039000-b303a000 rw-p 00014000 07:00 1582751    /lib/i386-linux-gnu/libresolv-2.17.so
b303a000-b303c000 rw-p 00000000 00:00 0 
b303c000-b3042000 r-xp 00000000 07:00 266289     /usr/lib/i386-linux-gnu/libogg.so.0.8.0
b3042000-b3043000 r--p 00005000 07:00 266289     /usr/lib/i386-linux-gnu/libogg.so.0.8.0
b3043000-b3044000 rw-p 00006000 07:00 266289     /usr/lib/i386-linux-gnu/libogg.so.0.8.0
b3044000-b306d000 r-xp 00000000 07:00 266476     /usr/lib/i386-linux-gnu/libvorbis.so.0.4.5
b306d000-b306e000 ---p 00029000 07:00 266476     /usr/lib/i386-linux-gnu/libvorbis.so.0.4.5
b306e000-b306f000 r--p 00029000 07:00 266476     /usr/lib/i386-linux-gnu/libvorbis.so.0.4.5
b306f000-b3070000 rw-p 0002a000 07:00 266476     /usr/lib/i386-linux-gnu/libvorbis.so.0.4.5
b3070000-b31d6000 r-xp 00000000 07:00 266474     /usr/lib/i386-linux-gnu/libvorbisenc.so.2.0.8
b31d6000-b31e7000 r--p 00165000 07:00 266474     /usr/lib/i386-linux-gnu/libvorbisenc.so.2.0.8
b31e7000-b31e8000 rw-p 00176000 07:00 266474     /usr/lib/i386-linux-gnu/libvorbisenc.so.2.0.8
b31e8000-b3236000 r-xp 00000000 07:00 266300     /usr/lib/i386-linux-gnu/libFLAC.so.8.2.0
b3236000-b3237000 r--p 0004e000 07:00 266300     /usr/lib/i386-linux-gnu/libFLAC.so.8.2.0
b3237000-b3238000 rw-p 0004f000 07:00 266300     /usr/lib/i386-linux-gnu/libFLAC.so.8.2.0
b3238000-b32a5000 r-xp 00000000 07:00 266526     /usr/lib/i386-linux-gnu/libsndfile.so.1.0.25
b32a5000-b32a7000 r--p 0006c000 07:00 266526     /usr/lib/i386-linux-gnu/libsndfile.so.1.0.25
b32a7000-b32a8000 rw-p 0006e000 07:00 266526     /usr/lib/i386-linux-gnu/libsndfile.so.1.0.25
b32a8000-b32ac000 rw-p 00000000 00:00 0 
b32ac000-b32b4000 r-xp 00000000 07:00 1570816    /lib/i386-linux-gnu/libwrap.so.0.7.6
b32b4000-b32b5000 r--p 00007000 07:00 1570816    /lib/i386-linux-gnu/libwrap.so.0.7.6
b32b5000-b32b6000 rw-p 00008000 07:00 1570816    /lib/i386-linux-gnu/libwrap.so.0.7.6
b32b6000-b32fe000 r-xp 00000000 07:00 1569912    /lib/i386-linux-gnu/libdbus-1.so.3.7.2
b32fe000-b32ff000 r--p 00047000 07:00 1569912    /lib/i386-linux-gnu/libdbus-1.so.3.7.2
b32ff000-b3300000 rw-p 00048000 07:00 1569912    /lib/i386-linux-gnu/libdbus-1.so.3.7.2
b3300000-b3369000 r-xp 00000000 07:00 275838     /usr/lib/i386-linux-gnu/pulseaudio/libpulsecommon-3.0.so
b3369000-b336a000 r--p 00068000 07:00 275838     /usr/lib/i386-linux-gnu/pulseaudio/libpulsecommon-3.0.so
b336a000-b336b000 rw-p 00069000 07:00 275838     /usr/lib/i386-linux-gnu/pulseaudio/libpulsecommon-3.0.so
b336b000-b33b7000 r-xp 00000000 07:00 275837     /usr/lib/i386-linux-gnu/libpulse.so.0.15.3
b33b7000-b33b8000 ---p 0004c000 07:00 275837     /usr/lib/i386-linux-gnu/libpulse.so.0.15.3
b33b8000-b33b9000 r--p 0004c000 07:00 275837     /usr/lib/i386-linux-gnu/libpulse.so.0.15.3
b33b9000-b33ba000 rw-p 0004d000 07:00 275837     /usr/lib/i386-linux-gnu/libpulse.so.0.15.3
b33ba000-b3408000 r-xp 00000000 07:00 1308609    /tmp/libgdxmaik/335398564/libopenal.so
b3408000-b340a000 r--p 0004d000 07:00 1308609    /tmp/libgdxmaik/335398564/libopenal.so
b340a000-b340b000 rw-p 0004f000 07:00 1308609    /tmp/libgdxmaik/335398564/libopenal.so
b340b000-b3465000 r-xp 00000000 07:00 1308608    /tmp/libgdxmaik/335398564/liblwjgl.so
b3465000-b3466000 r--p 0005a000 07:00 1308608    /tmp/libgdxmaik/335398564/liblwjgl.so
b3466000-b3467000 rw-p 0005b000 07:00 1308608    /tmp/libgdxmaik/335398564/liblwjgl.so
b3467000-b346a000 ---p 00000000 00:00 0 
b346a000-b34b8000 rw-p 00000000 00:00 0          [stack:6951]
b34b8000-b34b9000 r--s 00000000 07:00 1458977    /var/cache/fontconfig/c05880de57d1f5e948fdfacc138775d9-le32d4.cache-4
b34b9000-b34c1000 r--s 00000000 07:00 1450059    /var/cache/fontconfig/945677eb7aeaf62f1d50efc3fb3ec7d8-le32d4.cache-4
b34c1000-b34c3000 r--s 00000000 07:00 1450027    /var/cache/fontconfig/99e8ed0e538f840c565b6ed5dad60d56-le32d4.cache-4
b34c3000-b3562000 r--s 00000000 07:00 1442541    /var/cache/fontconfig/f77165c3a5c0e6d840970e91000fef78-le32d4.cache-4
b3562000-b3568000 r--s 00000000 07:00 1458975    /var/cache/fontconfig/a6d8cf8e4ec09cdbc8633c31745a07dd-le32d4.cache-4
b3568000-b356c000 r--s 00000000 07:00 1458974    /var/cache/fontconfig/2cd17615ca594fa2959ae173292e504c-le32d4.cache-4
b356c000-b356d000 r--s 00000000 07:00 1458973    /var/cache/fontconfig/e7071f4a29fa870f4323321c154eba04-le32d4.cache-4
b356d000-b3572000 r--s 00000000 07:00 1458972    /var/cache/fontconfig/6eb3985aa4124903f6ff08ba781cd364-le32d4.cache-4
b3572000-b3573000 r--s 00000000 07:00 1458971    /var/cache/fontconfig/0d8c3b2ac0904cb8a57a757ad11a4a08-le32d4.cache-4
b3573000-b3578000 r--s 00000000 07:00 1458970    /var/cache/fontconfig/a755afe4a08bf5b97852ceb7400b47bc-le32d4.cache-4
b3578000-b3581000 r--s 00000000 07:00 1458968    /var/cache/fontconfig/6d41288fd70b0be22e8c3a91e032eec0-le32d4.cache-4
b3581000-b3590000 r--s 00000000 07:00 1458967    /var/cache/fontconfig/04aabc0a78ac019cf9454389977116d2-le32d4.cache-4
b3590000-b3591000 r--s 00000000 07:00 1458966    /var/cache/fontconfig/1ac9eb803944fde146138c791f5cc56a-le32d4.cache-4
b3591000-b3594000 r--s 00000000 07:00 1458963    /var/cache/fontconfig/385c0604a188198f04d133e54aba7fe7-le32d4.cache-4
b3594000-b3595000 r--s 00000000 07:00 1458958    /var/cache/fontconfig/dc05db6664285cc2f12bf69c139ae4c3-le32d4.cache-4
b3595000-b3597000 r--s 00000000 07:00 1483099    /home/maik/.cache/fontconfig/c14bd16069dd32104a93661d0fc6b751-le32d4.cache-4
b3597000-b359b000 r--s 00000000 07:00 1458957    /var/cache/fontconfig/1c2c2997deddd45e0296fa5a60917b7d-le32d4.cache-4
b359b000-b359d000 r--s 00000000 07:00 1458956    /var/cache/fontconfig/767a8244fc0220cfb567a839d0392e0b-le32d4.cache-4
b359d000-b359e000 r--s 00000000 07:00 1458955    /var/cache/fontconfig/4794a0821666d79190d59a36cb4f44b5-le32d4.cache-4
b359e000-b35a0000 r--s 00000000 07:00 1486694    /home/maik/.cache/fontconfig/662d20385cbbfe31958b837fd2c8d37e-le32d4.cache-4
b35a0000-b35a3000 r--s 00000000 07:00 1458954    /var/cache/fontconfig/8801497958630a81b71ace7c5f9b32a8-le32d4.cache-4
b35a3000-b35d2000 r--s 00000000 07:00 1458953    /var/cache/fontconfig/365b55f210c0a22e9a19e35191240f32-le32d4.cache-4
b35d2000-b35d7000 r--s 00000000 07:00 1458952    /var/cache/fontconfig/3047814df9a2f067bd2d96a2b9c36e5a-le32d4.cache-4
b35d7000-b35d8000 r--s 00000000 07:00 1458951    /var/cache/fontconfig/56cf4f4769d0f4abc89a4895d7bd3ae1-le32d4.cache-4
b35d8000-b35dc000 r--s 00000000 07:00 1458944    /var/cache/fontconfig/b47c4e1ecd0709278f4910c18777a504-le32d4.cache-4
b35de000-b35e5000 rw-s 163c4000 00:05 10494      /dev/dri/card0
b35e5000-b35ec000 rw-s 163bc000 00:05 10494      /dev/dri/card0
b35ec000-b35f0000 rw-s 00000000 00:04 138096     /drm mm object (deleted)
b35f1000-b35f2000 rw-s 170d5000 00:05 10494      /dev/dri/card0
b35f2000-b35f5000 rw-s 163d8000 00:05 10494      /dev/dri/card0
b35f5000-b35f7000 rw-s 00000000 00:04 138161     /drm mm object (deleted)
b35f7000-b35f8000 rw-s 163c3000 00:05 10494      /dev/dri/card0
b35f8000-b35f9000 rw-s 163bb000 00:05 10494      /dev/dri/card0
b35f9000-b35fa000 rw-s 1623a000 00:05 10494      /dev/dri/card0
b35fa000-b35fb000 rw-s 00000000 00:04 138087     /drm mm object (deleted)
b35fb000-b35fc000 rw-s 16e94000 00:05 10494      /dev/dri/card0
b35fc000-b35fd000 rw-s 00000000 00:04 138036     /drm mm object (deleted)
b35fd000-b3604000 r--s 00000000 07:00 297903     /usr/lib/i386-linux-gnu/gconv/gconv-modules.cache
b3604000-b3605000 r--s 00000000 07:00 1458977    /var/cache/fontconfig/c05880de57d1f5e948fdfacc138775d9-le32d4.cache-4
b3605000-b360d000 r--s 00000000 07:00 1450059    /var/cache/fontconfig/945677eb7aeaf62f1d50efc3fb3ec7d8-le32d4.cache-4
b360d000-b360f000 r--s 00000000 07:00 1450027    /var/cache/fontconfig/99e8ed0e538f840c565b6ed5dad60d56-le32d4.cache-4
b360f000-b36ae000 r--s 00000000 07:00 1442541    /var/cache/fontconfig/f77165c3a5c0e6d840970e91000fef78-le32d4.cache-4
b36ae000-b36b4000 r--s 00000000 07:00 1458975    /var/cache/fontconfig/a6d8cf8e4ec09cdbc8633c31745a07dd-le32d4.cache-4
b36b4000-b36b8000 r--s 00000000 07:00 1458974    /var/cache/fontconfig/2cd17615ca594fa2959ae173292e504c-le32d4.cache-4
b36b8000-b36b9000 r--s 00000000 07:00 1458973    /var/cache/fontconfig/e7071f4a29fa870f4323321c154eba04-le32d4.cache-4
b36b9000-b36be000 r--s 00000000 07:00 1458972    /var/cache/fontconfig/6eb3985aa4124903f6ff08ba781cd364-le32d4.cache-4
b36be000-b36bf000 r--s 00000000 07:00 1458971    /var/cache/fontconfig/0d8c3b2ac0904cb8a57a757ad11a4a08-le32d4.cache-4
b36bf000-b36c4000 r--s 00000000 07:00 1458970    /var/cache/fontconfig/a755afe4a08bf5b97852ceb7400b47bc-le32d4.cache-4
b36c4000-b36cd000 r--s 00000000 07:00 1458968    /var/cache/fontconfig/6d41288fd70b0be22e8c3a91e032eec0-le32d4.cache-4
b36cd000-b36dc000 r--s 00000000 07:00 1458967    /var/cache/fontconfig/04aabc0a78ac019cf9454389977116d2-le32d4.cache-4
b36dc000-b36dd000 r--s 00000000 07:00 1458966    /var/cache/fontconfig/1ac9eb803944fde146138c791f5cc56a-le32d4.cache-4
b36dd000-b36e0000 r--s 00000000 07:00 1458963    /var/cache/fontconfig/385c0604a188198f04d133e54aba7fe7-le32d4.cache-4
b36e0000-b36e1000 r--s 00000000 07:00 1458958    /var/cache/fontconfig/dc05db6664285cc2f12bf69c139ae4c3-le32d4.cache-4
b36e1000-b36e3000 r--s 00000000 07:00 1483099    /home/maik/.cache/fontconfig/c14bd16069dd32104a93661d0fc6b751-le32d4.cache-4
b36e3000-b36e7000 r--s 00000000 07:00 1458957    /var/cache/fontconfig/1c2c2997deddd45e0296fa5a60917b7d-le32d4.cache-4
b36e7000-b36e9000 r--s 00000000 07:00 1458956    /var/cache/fontconfig/767a8244fc0220cfb567a839d0392e0b-le32d4.cache-4
b36e9000-b36ea000 r--s 00000000 07:00 1458955    /var/cache/fontconfig/4794a0821666d79190d59a36cb4f44b5-le32d4.cache-4
b36ea000-b36ec000 r--s 00000000 07:00 1486694    /home/maik/.cache/fontconfig/662d20385cbbfe31958b837fd2c8d37e-le32d4.cache-4
b36ec000-b36ef000 r--s 00000000 07:00 1458954    /var/cache/fontconfig/8801497958630a81b71ace7c5f9b32a8-le32d4.cache-4
b36ef000-b371e000 r--s 00000000 07:00 1458953    /var/cache/fontconfig/365b55f210c0a22e9a19e35191240f32-le32d4.cache-4
b371e000-b3723000 r--s 00000000 07:00 1458952    /var/cache/fontconfig/3047814df9a2f067bd2d96a2b9c36e5a-le32d4.cache-4
b3723000-b3724000 r--s 00000000 07:00 1458951    /var/cache/fontconfig/56cf4f4769d0f4abc89a4895d7bd3ae1-le32d4.cache-4
b3724000-b3728000 r--s 00000000 07:00 1458944    /var/cache/fontconfig/b47c4e1ecd0709278f4910c18777a504-le32d4.cache-4
b3728000-b372f000 r--s 00000000 07:00 1458942    /var/cache/fontconfig/52f7bdb7ce746bfd7eaa1985bd9cfa93-le32d4.cache-4
b372f000-b3736000 r--s 00000000 07:00 1458942    /var/cache/fontconfig/52f7bdb7ce746bfd7eaa1985bd9cfa93-le32d4.cache-4
b3736000-b3737000 rwxp 00000000 00:00 0 
b3737000-b373c000 r-xp 00000000 07:00 266237     /usr/lib/i386-linux-gnu/libasyncns.so.0.3.1
b373c000-b373d000 r--p 00004000 07:00 266237     /usr/lib/i386-linux-gnu/libasyncns.so.0.3.1
b373d000-b373e000 rw-p 00005000 07:00 266237     /usr/lib/i386-linux-gnu/libasyncns.so.0.3.1
b373e000-b3743000 r-xp 00000000 07:00 265889     /usr/lib/i386-linux-gnu/libXfixes.so.3.1.0
b3743000-b3744000 r--p 00004000 07:00 265889     /usr/lib/i386-linux-gnu/libXfixes.so.3.1.0
b3744000-b3745000 rw-p 00005000 07:00 265889     /usr/lib/i386-linux-gnu/libXfixes.so.3.1.0
b3745000-b374e000 r-xp 00000000 07:00 266611     /usr/lib/i386-linux-gnu/libXcursor.so.1.0.2
b374e000-b374f000 r--p 00008000 07:00 266611     /usr/lib/i386-linux-gnu/libXcursor.so.1.0.2
b374f000-b3750000 rw-p 00009000 07:00 266611     /usr/lib/i386-linux-gnu/libXcursor.so.1.0.2
b3750000-b3751000 r-xp 00000000 07:00 267584     /usr/lib/i386-linux-gnu/libX11-xcb.so.1.0.0
b3751000-b3752000 r--p 00000000 07:00 267584     /usr/lib/i386-linux-gnu/libX11-xcb.so.1.0.0
b3752000-b3753000 rw-p 00001000 07:00 267584     /usr/lib/i386-linux-gnu/libX11-xcb.so.1.0.0
b3753000-b375b000 r-xp 00000000 07:00 1570294    /lib/i386-linux-gnu/libjson.so.0.1.0
b375b000-b375c000 r--p 00007000 07:00 1570294    /lib/i386-linux-gnu/libjson.so.0.1.0
b375c000-b375d000 rw-p 00008000 07:00 1570294    /lib/i386-linux-gnu/libjson.so.0.1.0
b375d000-b3761000 r-xp 00000000 07:00 269757     /usr/lib/i386-linux-gnu/libXxf86vm.so.1.0.0
b3761000-b3762000 r--p 00003000 07:00 269757     /usr/lib/i386-linux-gnu/libXxf86vm.so.1.0.0
b3762000-b3763000 rw-p 00004000 07:00 269757     /usr/lib/i386-linux-gnu/libXxf86vm.so.1.0.0
b3763000-b376c000 r-xp 00000000 07:00 265883     /usr/lib/i386-linux-gnu/libXrandr.so.2.2.0
b376c000-b376d000 r--p 00008000 07:00 265883     /usr/lib/i386-linux-gnu/libXrandr.so.2.2.0
b376d000-b376e000 rw-p 00009000 07:00 265883     /usr/lib/i386-linux-gnu/libXrandr.so.2.2.0
b376e000-b376f000 r-xp 00000000 07:00 296222     /usr/lib/jvm/java-6-openjdk-i386/jre/lib/i386/libjawt.so
b376f000-b3770000 r--p 00000000 07:00 296222     /usr/lib/jvm/java-6-openjdk-i386/jre/lib/i386/libjawt.so
b3770000-b3771000 rw-p 00001000 07:00 296222     /usr/lib/jvm/java-6-openjdk-i386/jre/lib/i386/libjawt.so
b3771000-b3772000 r--s 00000000 07:00 1458945    /var/cache/fontconfig/b9d506c9ac06c20b433354fa67a72993-le32d4.cache-4
b3772000-b3782000 r--s 00000000 07:00 1450090    /var/cache/fontconfig/d52a8644073d54c13679302ca1180695-le32d4.cache-4
b3782000-b3789000 r--s 00000000 07:00 1458934    /var/cache/fontconfig/3f7329c5293ffd510edef78f73874cfd-le32d4.cache-4
b3789000-b378a000 r--s 00000000 07:00 1458932    /var/cache/fontconfig/0c9eb80ebd1c36541ebe2852d3bb0c49-le32d4.cache-4
b378a000-b378b000 r--s 00000000 07:00 1450084    /var/cache/fontconfig/62f91419b9ebdb6975e7e41ab6412357-le32d4.cache-4
b378b000-b378d000 r--s 00000000 07:00 1450153    /var/cache/fontconfig/e13b20fdb08344e0e664864cc2ede53d-le32d4.cache-4
b378d000-b3790000 r--s 00000000 07:00 1483097    /home/maik/.cache/fontconfig/7ef2298fde41cc6eeb7af42e48b7d293-le32d4.cache-4
b3790000-b3791000 r--s 00000000 07:00 1449994    /home/maik/.cache/fontconfig/578171f5f238b8a7bb858af08da2de57-le32d4.cache-4
b3791000-b3792000 r--s 00000000 07:00 1449993    /home/maik/.cache/fontconfig/bd43c005a6d085c55fa3c0b7700969bf-le32d4.cache-4
b3792000-b3795000 ---p 00000000 00:00 0 
b3795000-b37e3000 rw-p 00000000 00:00 0          [stack:6950]
b37e3000-b3879000 r-xp 00000000 07:00 265978     /usr/lib/i386-linux-gnu/libfreetype.so.6.10.0
b3879000-b387d000 r--p 00095000 07:00 265978     /usr/lib/i386-linux-gnu/libfreetype.so.6.10.0
b387d000-b387e000 rw-p 00099000 07:00 265978     /usr/lib/i386-linux-gnu/libfreetype.so.6.10.0
b387e000-b38c5000 r-xp 00000000 07:00 300410     /usr/lib/jvm/java-6-openjdk-i386/jre/lib/i386/libfontmanager.so
b38c5000-b38c6000 r--p 00047000 07:00 300410     /usr/lib/jvm/java-6-openjdk-i386/jre/lib/i386/libfontmanager.so
b38c6000-b38c7000 rw-p 00048000 07:00 300410     /usr/lib/jvm/java-6-openjdk-i386/jre/lib/i386/libfontmanager.so
b38c7000-b38cc000 r-xp 00000000 07:00 285337     /usr/lib/i386-linux-gnu/libXdmcp.so.6.0.0
b38cc000-b38cd000 r--p 00004000 07:00 285337     /usr/lib/i386-linux-gnu/libXdmcp.so.6.0.0
b38cd000-b38ce000 rw-p 00005000 07:00 285337     /usr/lib/i386-linux-gnu/libXdmcp.so.6.0.0
b38ce000-b38d0000 r-xp 00000000 07:00 266641     /usr/lib/i386-linux-gnu/libXau.so.6.0.0
b38d0000-b38d1000 r--p 00001000 07:00 266641     /usr/lib/i386-linux-gnu/libXau.so.6.0.0
b38d1000-b38d2000 rw-p 00002000 07:00 266641     /usr/lib/i386-linux-gnu/libXau.so.6.0.0
b38d2000-b38f2000 r-xp 00000000 07:00 265988     /usr/lib/i386-linux-gnu/libxcb.so.1.1.0
b38f2000-b38f3000 r--p 0001f000 07:00 265988     /usr/lib/i386-linux-gnu/libxcb.so.1.1.0
b38f3000-b38f4000 rw-p 00020000 07:00 265988     /usr/lib/i386-linux-gnu/libxcb.so.1.1.0
b38f4000-b3902000 r-xp 00000000 07:00 265877     /usr/lib/i386-linux-gnu/libXi.so.6.1.0
b3902000-b3903000 r--p 0000d000 07:00 265877     /usr/lib/i386-linux-gnu/libXi.so.6.1.0
b3903000-b3904000 rw-p 0000e000 07:00 265877     /usr/lib/i386-linux-gnu/libXi.so.6.1.0
b3904000-b3a37000 r-xp 00000000 07:00 262036     /usr/lib/i386-linux-gnu/libX11.so.6.3.0
b3a37000-b3a38000 r--p 00132000 07:00 262036     /usr/lib/i386-linux-gnu/libX11.so.6.3.0
b3a38000-b3a3b000 rw-p 00133000 07:00 262036     