#
# A fatal error has been detected by the Java Runtime Environment:
#
#  SIGSEGV (0xb) at pc=0x00000000, pid=20610, tid=2927819584
#
# JRE version: 6.0_27-b27
# Java VM: OpenJDK Client VM (20.0-b12 mixed mode, sharing linux-x86 )
# Derivative: IcedTea6 1.12.5
# Distribution: Ubuntu 13.04, package 6b27-1.12.5-1ubuntu1
# Problematic frame:
# C  0x00000000
#
# If you would like to submit a bug report, please include
# instructions how to reproduce the bug and visit:
#   https://bugs.launchpad.net/ubuntu/+source/openjdk-6/
#

---------------  T H R E A D  ---------------

Current thread is native thread

siginfo:si_signo=SIGSEGV: si_errno=0, si_code=1 (SEGV_MAPERR), si_addr=0x00000000

Registers:
EAX=0xb3417450, EBX=0xb3416ff4, ECX=0x00000000, EDX=0xb3c9b830
ESP=0xae82f1ec, EBP=0x00012000, ESI=0x00000800, EDI=0xb3c856d0
EIP=0x00000000, EFLAGS=0x00010246, CR2=0x00000000

Top of Stack: (sp=0xae82f1ec)
0xae82f1ec:   b33e4348 b3c856d0 00000000 00002000
0xae82f1fc:   4003830e b33c6000 b3c73f30 091215d0
0xae82f20c:   b339fb5d 00000000 ae82f2b4 00004000
0xae82f21c:   b76c66ce b76cd7cf b3377000 b3c73a98
0xae82f22c:   b3377000 bb800000 0000ffd8 b3c3e9b0
0xae82f23c:   b333b802 b3c3e9b0 0000ffd8 b33c6000
0xae82f24c:   b333a40d b3c73f54 b3c73b60 00000000
0xae82f25c:   b3356c0f b3c719a8 b3c73a98 b3377000 

Instructions: (pc=0x00000000)
0xffffffe0:   

Register to memory mapping:

EAX=
[error occurred during error reporting (printing register info), id 0xb]

Stack: [0xae72f000,0xae830000],  sp=0xae82f1ec,  free space=1024k

---------------  P R O C E S S  ---------------

VM state:at safepoint (shutting down)

VM Mutex/Monitor currently owned by a thread:  ([mutex/lock_event])
[0xb6903a10] Threads_lock - owner thread: 0xb6932400
[0xb6903e20] Heap_lock - owner thread: 0xb6983800

Heap
 def new generation   total 4992K, used 0K [0x6e9e0000, 0x6ef40000, 0x79480000)
  eden space 4480K,   0% used [0x6e9e0000, 0x6e9e0030, 0x6ee40000)
  from space 512K,   0% used [0x6eec0000, 0x6eec0058, 0x6ef40000)
  to   space 512K,   0% used [0x6ee40000, 0x6ee40000, 0x6eec0000)
 tenured generation   total 10944K, used 1612K [0x79480000, 0x79f30000, 0x8e9e0000)
   the space 10944K,  14% used [0x79480000, 0x796132a8, 0x79613400, 0x79f30000)
 compacting perm gen  total 12288K, used 3103K [0x8e9e0000, 0x8f5e0000, 0x929e0000)
   the space 12288K,  25% used [0x8e9e0000, 0x8ece7ef0, 0x8ece8000, 0x8f5e0000)
    ro space 10240K,  73% used [0x929e0000, 0x93144688, 0x93144800, 0x933e0000)
    rw space 12288K,  60% used [0x933e0000, 0x93b2c5d8, 0x93b2c600, 0x93fe0000)

Code Cache  [0xb487b000, 0xb49e3000, 0xb687b000)
 total_blobs=849 nmethods=548 adapters=237 free_code_cache=32090176 largest_free_block=64

Dynamic libraries:
08048000-08051000 r-xp 00000000 07:00 268807     /usr/lib/jvm/java-6-openjdk-i386/jre/bin/java
08051000-08052000 r--p 00008000 07:00 268807     /usr/lib/jvm/java-6-openjdk-i386/jre/bin/java
08052000-08053000 rw-p 00009000 07:00 268807     /usr/lib/jvm/java-6-openjdk-i386/jre/bin/java
09106000-09235000 rw-p 00000000 00:00 0          [heap]
6e9e0000-6ef40000 rw-p 00000000 00:00 0 
6ef40000-79480000 rw-p 00000000 00:00 0 
79480000-79f30000 rw-p 00000000 00:00 0 
79f30000-8e9e0000 rw-p 00000000 00:00 0 
8e9e0000-8f5e0000 rw-p 00000000 00:00 0 
8f5e0000-929e0000 rw-p 00000000 00:00 0 
929e0000-93145000 r--s 00001000 07:00 371957     /usr/lib/jvm/java-6-openjdk-i386/jre/lib/i386/client/classes.jsa
93145000-933e0000 rw-p 00000000 00:00 0 
933e0000-93b2d000 rw-p 00766000 07:00 371957     /usr/lib/jvm/java-6-openjdk-i386/jre/lib/i386/client/classes.jsa
93b2d000-93fe0000 rw-p 00000000 00:00 0 
93fe0000-940dc000 rw-p 00eb3000 07:00 371957     /usr/lib/jvm/java-6-openjdk-i386/jre/lib/i386/client/classes.jsa
940dc000-943e0000 rw-p 00000000 00:00 0 
943e0000-943e8000 r-xs 00faf000 07:00 371957     /usr/lib/jvm/java-6-openjdk-i386/jre/lib/i386/client/classes.jsa
943e8000-947e0000 rw-p 00000000 00:00 0 
a597b000-a5afb000 rw-s 28f16000 00:05 10369      /dev/dri/card0
a5afb000-a5c7b000 rw-s 28d96000 00:05 10369      /dev/dri/card0
a5c7b000-a747b000 rw-s 27595000 00:05 10369      /dev/dri/card0
a747b000-a847c000 rw-p 00000000 00:00 0 
a847c000-a8a7c000 rw-s 26f95000 00:05 10369      /dev/dri/card0
a8a7c000-a8e7d000 rw-p 00000000 00:00 0 
a8e7d000-aa67d000 rw-s 25795000 00:05 10369      /dev/dri/card0
aa67d000-ab67e000 rw-p 00000000 00:00 0 
ab67e000-abc7e000 rw-s 25195000 00:05 10369      /dev/dri/card0
abc7e000-ac07f000 rw-p 00000000 00:00 0 
ac07f000-ac1ff000 rw-s 247be000 00:05 10369      /dev/dri/card0
ac25e000-ac261000 ---p 00000000 00:00 0 
ac261000-ac2af000 rw-p 00000000 00:00 0 
ac2af000-ac2b2000 ---p 00000000 00:00 0 
ac2b2000-ac300000 rw-p 00000000 00:00 0 
ac300000-ac500000 rw-s 24586000 00:05 10369      /dev/dri/card0
ac500000-ac6a3000 rw-p 00000000 00:00 0 
ac6a3000-ac700000 ---p 00000000 00:00 0 
ac700000-ac8f5000 rw-p 00000000 00:00 0 
ac8f5000-ac900000 ---p 00000000 00:00 0 
ac900000-ac9fb000 rw-p 00000000 00:00 0 
ac9fb000-aca00000 ---p 00000000 00:00 0 
aca0c000-aca0f000 ---p 00000000 00:00 0 
aca0f000-aca5d000 rw-p 00000000 00:00 0          [stack:20761]
aca5d000-aca5e000 rw-s 29139000 00:05 10369      /dev/dri/card0
aca5e000-aca5f000 rw-s 29138000 00:05 10369      /dev/dri/card0
aca5f000-aca60000 rw-s 29137000 00:05 10369      /dev/dri/card0
aca60000-aca67000 rw-s 2912f000 00:05 10369      /dev/dri/card0
aca67000-aca6a000 rw-s 2912c000 00:05 10369      /dev/dri/card0
aca6a000-aca6e000 rw-s 29128000 00:05 10369      /dev/dri/card0
aca6e000-aca72000 rw-s 29124000 00:05 10369      /dev/dri/card0
aca72000-acd00000 rw-p 00000000 00:00 0 
acd00000-acdff000 rw-p 00000000 00:00 0 
acdff000-ace00000 ---p 00000000 00:00 0 
ace00000-acefe000 rw-p 00000000 00:00 0 
acefe000-acf00000 ---p 00000000 00:00 0 
acf00000-acff9000 rw-p 00000000 00:00 0 
acff9000-ad000000 ---p 00000000 00:00 0 
ad000000-ad004000 rw-s 29120000 00:05 10369      /dev/dri/card0
ad004000-ad007000 rw-s 2911d000 00:05 10369      /dev/dri/card0
ad007000-ad00a000 rw-s 2911a000 00:05 10369      /dev/dri/card0
ad00a000-ad00e000 rw-s 29116000 00:05 10369      /dev/dri/card0
ad00e000-ad011000 rw-s 29113000 00:05 10369      /dev/dri/card0
ad011000-ad015000 rw-s 2910f000 00:05 10369      /dev/dri/card0
ad015000-ad018000 rw-s 2910c000 00:05 10369      /dev/dri/card0
ad018000-ad01b000 rw-s 29109000 00:05 10369      /dev/dri/card0
ad01b000-ad01e000 rw-s 29106000 00:05 10369      /dev/dri/card0
ad01e000-ad021000 rw-s 29103000 00:05 10369      /dev/dri/card0
ad021000-ad024000 rw-s 29100000 00:05 10369      /dev/dri/card0
ad024000-ad027000 rw-s 290fd000 00:05 10369      /dev/dri/card0
ad027000-ad02a000 rw-s 290fa000 00:05 10369      /dev/dri/card0
ad02a000-ad02d000 rw-s 290f7000 00:05 10369      /dev/dri/card0
ad02d000-ad030000 rw-s 290f4000 00:05 10369      /dev/dri/card0
ad030000-ad033000 rw-s 290f1000 00:05 10369      /dev/dri/card0
ad033000-ad03a000 rw-s 290ea000 00:05 10369      /dev/dri/card0
ad03a000-ad03d000 rw-s 290e7000 00:05 10369      /dev/dri/card0
ad03d000-ad041000 rw-s 290e3000 00:05 10369      /dev/dri/card0
ad041000-ad044000 rw-s 290e0000 00:05 10369      /dev/dri/card0
ad044000-ad0e0000 r-xp 00000000 07:00 1308591    /tmp/libgdxmaik/1282459102/libgdx-freetype.so
ad0e0000-ad0e4000 r--p 0009b000 07:00 1308591    /tmp/libgdxmaik/1282459102/libgdx-freetype.so
ad0e4000-ad0e5000 rw-p 0009f000 07:00 1308591    /tmp/libgdxmaik/1282459102/libgdx-freetype.so
ad0e5000-adfaa000 rw-p 00000000 00:00 0 
adfaa000-ae001000 rw-p 00000000 00:00 0 
ae001000-ae002000 rw-s 29136000 00:05 10369      /dev/dri/card0
ae002000-ae005000 rw-s 290dd000 00:05 10369      /dev/dri/card0
ae005000-ae009000 rw-s 290d9000 00:05 10369      /dev/dri/card0
ae009000-ae00c000 rw-s 290d6000 00:05 10369      /dev/dri/card0
ae00c000-ae00f000 rw-s 290d3000 00:05 10369      /dev/dri/card0
ae00f000-ae013000 rw-s 290cf000 00:05 10369      /dev/dri/card0
ae013000-ae016000 rw-s 290cc000 00:05 10369      /dev/dri/card0
ae016000-ae019000 rw-s 290c9000 00:05 10369      /dev/dri/card0
ae019000-ae01c000 rw-s 290c6000 00:05 10369      /dev/dri/card0
ae01c000-ae01f000 rw-s 290c3000 00:05 10369      /dev/dri/card0
ae01f000-ae022000 rw-s 290c0000 00:05 10369      /dev/dri/card0
ae022000-ae025000 rw-s 290bd000 00:05 10369      /dev/dri/card0
ae025000-ae031000 rw-s 290b1000 00:05 10369      /dev/dri/card0
ae031000-ae037000 rw-s 290ab000 00:05 10369      /dev/dri/card0
ae037000-ae06f000 rw-s 24786000 00:05 10369      /dev/dri/card0
ae06f000-ae08f000 r-xp 00000000 07:00 1308594    /tmp/libgdxmaik/1810227264/libgdx-controllers-desktop.so
ae08f000-ae090000 r--p 00020000 07:00 1308594    /tmp/libgdxmaik/1810227264/libgdx-controllers-desktop.so
ae090000-ae091000 rw-p 00021000 07:00 1308594    /tmp/libgdxmaik/1810227264/libgdx-controllers-desktop.so
ae091000-ae0c3000 r-xp 00000000 07:00 262120     /usr/lib/i386-linux-gnu/libtxc_dxtn_s2tc.so.0.0.0
ae0c3000-ae0c4000 r--p 00031000 07:00 262120     /usr/lib/i386-linux-gnu/libtxc_dxtn_s2tc.so.0.0.0
ae0c4000-ae0c5000 rw-p 00032000 07:00 262120     /usr/lib/i386-linux-gnu/libtxc_dxtn_s2tc.so.0.0.0
ae0c5000-ae0ce000 r-xp 00000000 07:00 264471     /usr/lib/i386-linux-gnu/libpciaccess.so.0.11.1
ae0ce000-ae0cf000 r--p 00008000 07:00 264471     /usr/lib/i386-linux-gnu/libpciaccess.so.0.11.1
ae0cf000-ae0d0000 rw-p 00009000 07:00 264471     /usr/lib/i386-linux-gnu/libpciaccess.so.0.11.1
ae0d0000-ae0f1000 r-xp 00000000 07:00 266393     /usr/lib/i386-linux-gnu/libdrm_intel.so.1.0.0
ae0f1000-ae0f2000 r--p 00020000 07:00 266393     /usr/lib/i386-linux-gnu/libdrm_intel.so.1.0.0
ae0f2000-ae0f3000 rw-p 00021000 07:00 266393     /usr/lib/i386-linux-gnu/libdrm_intel.so.1.0.0
ae0f3000-ae118000 r-xp 00000000 07:00 1571548    /lib/i386-linux-gnu/libexpat.so.1.6.0
ae118000-ae11a000 r--p 00025000 07:00 1571548    /lib/i386-linux-gnu/libexpat.so.1.6.0
ae11a000-ae11b000 rw-p 00027000 07:00 1571548    /lib/i386-linux-gnu/libexpat.so.1.6.0
ae11b000-ae4de000 r-xp 00000000 07:00 263674     /usr/lib/i386-linux-gnu/libdricore9.2.0-devel.so.1.0.0
ae4de000-ae4df000 ---p 003c3000 07:00 263674     /usr/lib/i386-linux-gnu/libdricore9.2.0-devel.so.1.0.0
ae4df000-ae4e8000 r--p 003c3000 07:00 263674     /usr/lib/i386-linux-gnu/libdricore9.2.0-devel.so.1.0.0
ae4e8000-ae4ee000 rw-p 003cc000 07:00 263674     /usr/lib/i386-linux-gnu/libdricore9.2.0-devel.so.1.0.0
ae4ee000-ae503000 rw-p 00000000 00:00 0 
ae503000-ae5ec000 r-xp 00000000 07:00 266403     /usr/lib/i386-linux-gnu/dri/i965_dri.so
ae5ec000-ae5ee000 r--p 000e9000 07:00 266403     /usr/lib/i386-linux-gnu/dri/i965_dri.so
ae5ee000-ae5ef000 rw-p 000eb000 07:00 266403     /usr/lib/i386-linux-gnu/dri/i965_dri.so
ae5ef000-ae5f0000 rw-p 00000000 00:00 0 
ae5f0000-ae5fb000 r-xp 00000000 07:00 266318     /usr/lib/i386-linux-gnu/libdrm.so.2.4.0
ae5fb000-ae5fc000 r--p 0000a000 07:00 266318     /usr/lib/i386-linux-gnu/libdrm.so.2.4.0
ae5fc000-ae5fd000 rw-p 0000b000 07:00 266318     /usr/lib/i386-linux-gnu/libdrm.so.2.4.0
ae5fd000-ae600000 r-xp 00000000 07:00 266197     /usr/lib/i386-linux-gnu/libxcb-dri2.so.0.0.0
ae600000-ae601000 r--p 00003000 07:00 266197     /usr/lib/i386-linux-gnu/libxcb-dri2.so.0.0.0
ae601000-ae602000 rw-p 00004000 07:00 266197     /usr/lib/i386-linux-gnu/libxcb-dri2.so.0.0.0
ae602000-ae618000 r-xp 00000000 07:00 266178     /usr/lib/i386-linux-gnu/libxcb-glx.so.0.0.0
ae618000-ae619000 r--p 00016000 07:00 266178     /usr/lib/i386-linux-gnu/libxcb-glx.so.0.0.0
ae619000-ae61a000 rw-p 00017000 07:00 266178     /usr/lib/i386-linux-gnu/libxcb-glx.so.0.0.0
ae61a000-ae61c000 r-xp 00000000 07:00 266189     /usr/lib/i386-linux-gnu/libXdamage.so.1.1.0
ae61c000-ae61d000 r--p 00001000 07:00 266189     /usr/lib/i386-linux-gnu/libXdamage.so.1.1.0
ae61d000-ae61e000 rw-p 00002000 07:00 266189     /usr/lib/i386-linux-gnu/libXdamage.so.1.1.0
ae61e000-ae62d000 r-xp 00000000 07:00 266066     /usr/lib/i386-linux-gnu/libglapi.so.0.0.0
ae62d000-ae62f000 r--p 0000f000 07:00 266066     /usr/lib/i386-linux-gnu/libglapi.so.0.0.0
ae62f000-ae634000 rwxp 00011000 07:00 266066     /usr/lib/i386-linux-gnu/libglapi.so.0.0.0
ae634000-ae686000 r-xp 00000000 07:00 263411     /usr/lib/i386-linux-gnu/mesa/libGL.so.1.2.0
ae686000-ae688000 r--p 00051000 07:00 263411     /usr/lib/i386-linux-gnu/mesa/libGL.so.1.2.0
ae688000-ae68d000 rwxp 00053000 07:00 263411     /usr/lib/i386-linux-gnu/mesa/libGL.so.1.2.0
ae68d000-ae690000 ---p 00000000 00:00 0 
ae690000-ae6de000 rw-p 00000000 00:00 0          [stack:20760]
ae6de000-ae6e1000 ---p 00000000 00:00 0 
ae6e1000-ae72f000 rw-p 00000000 00:00 0          [stack:20643]
ae72f000-ae730000 ---p 00000000 00:00 0 
ae730000-ae830000 rw-p 00000000 00:00 0          [stack:20639]
ae830000-b2831000 rw-s 00000000 00:13 576279     /run/shm/pulse-shm-3205521389
b2831000-b2832000 ---p 00000000 00:00 0 
b2832000-b3032000 rw-p 00000000 00:00 0          [stack:20637]
b3032000-b3045000 r-xp 00000000 07:00 1582751    /lib/i386-linux-gnu/libresolv-2.17.so
b3045000-b3046000 r--p 00013000 07:00 1582751    /lib/i386-linux-gnu/libresolv-2.17.so
b3046000-b3047000 rw-p 00014000 07:00 1582751    /lib/i386-linux-gnu/libresolv-2.17.so
b3047000-b3049000 rw-p 00000000 00:00 0 
b3049000-b304f000 r-xp 00000000 07:00 266289     /usr/lib/i386-linux-gnu/libogg.so.0.8.0
b304f000-b3050000 r--p 00005000 07:00 266289     /usr/lib/i386-linux-gnu/libogg.so.0.8.0
b3050000-b3051000 rw-p 00006000 07:00 266289     /usr/lib/i386-linux-gnu/libogg.so.0.8.0
b3051000-b307a000 r-xp 00000000 07:00 266476     /usr/lib/i386-linux-gnu/libvorbis.so.0.4.5
b307a000-b307b000 ---p 00029000 07:00 266476     /usr/lib/i386-linux-gnu/libvorbis.so.0.4.5
b307b000-b307c000 r--p 00029000 07:00 266476     /usr/lib/i386-linux-gnu/libvorbis.so.0.4.5
b307c000-b307d000 rw-p 0002a000 07:00 266476     /usr/lib/i386-linux-gnu/libvorbis.so.0.4.5
b307d000-b31e3000 r-xp 00000000 07:00 266474     /usr/lib/i386-linux-gnu/libvorbisenc.so.2.0.8
b31e3000-b31f4000 r--p 00165000 07:00 266474     /usr/lib/i386-linux-gnu/libvorbisenc.so.2.0.8
b31f4000-b31f5000 rw-p 00176000 07:00 266474     /usr/lib/i386-linux-gnu/libvorbisenc.so.2.0.8
b31f5000-b3243000 r-xp 00000000 07:00 266300     /usr/lib/i386-linux-gnu/libFLAC.so.8.2.0
b3243000-b3244000 r--p 0004e000 07:00 266300     /usr/lib/i386-linux-gnu/libFLAC.so.8.2.0
b3244000-b3245000 rw-p 0004f000 07:00 266300     /usr/lib/i386-linux-gnu/libFLAC.so.8.2.0
b3245000-b32b2000 r-xp 00000000 07:00 266526     /usr/lib/i386-linux-gnu/libsndfile.so.1.0.25
b32b2000-b32b4000 r--p 0006c000 07:00 266526     /usr/lib/i386-linux-gnu/libsndfile.so.1.0.25
b32b4000-b32b5000 rw-p 0006e000 07:00 266526     /usr/lib/i386-linux-gnu/libsndfile.so.1.0.25
b32b5000-b32b9000 rw-p 00000000 00:00 0 
b32b9000-b32c1000 r-xp 00000000 07:00 1570816    /lib/i386-linux-gnu/libwrap.so.0.7.6
b32c1000-b32c2000 r--p 00007000 07:00 1570816    /lib/i386-linux-gnu/libwrap.so.0.7.6
b32c2000-b32c3000 rw-p 00008000 07:00 1570816    /lib/i386-linux-gnu/libwrap.so.0.7.6
b32c3000-b330b000 r-xp 00000000 07:00 1569912    /lib/i386-linux-gnu/libdbus-1.so.3.7.2
b330b000-b330c000 r--p 00047000 07:00 1569912    /lib/i386-linux-gnu/libdbus-1.so.3.7.2
b330c000-b330d000 rw-p 00048000 07:00 1569912    /lib/i386-linux-gnu/libdbus-1.so.3.7.2
b330d000-b3376000 r-xp 00000000 07:00 275838     /usr/lib/i386-linux-gnu/pulseaudio/libpulsecommon-3.0.so
b3376000-b3377000 r--p 00068000 07:00 275838     /usr/lib/i386-linux-gnu/pulseaudio/libpulsecommon-3.0.so
b3377000-b3378000 rw-p 00069000 07:00 275838     /usr/lib/i386-linux-gnu/pulseaudio/libpulsecommon-3.0.so
b3378000-b33c4000 r-xp 00000000 07:00 275837     /usr/lib/i386-linux-gnu/libpulse.so.0.15.3
b33c4000-b33c5000 ---p 0004c000 07:00 275837     /usr/lib/i386-linux-gnu/libpulse.so.0.15.3
b33c5000-b33c6000 r--p 0004c000 07:00 275837     /usr/lib/i386-linux-gnu/libpulse.so.0.15.3
b33c6000-b33c7000 rw-p 0004d000 07:00 275837     /usr/lib/i386-linux-gnu/libpulse.so.0.15.3
b33c7000-b3415000 r-xp 00000000 07:00 1308590    /tmp/libgdxmaik/335398564/libopenal.so
b3415000-b3417000 r--p 0004d000 07:00 1308590    /tmp/libgdxmaik/335398564/libopenal.so
b3417000-b3418000 rw-p 0004f000 07:00 1308590    /tmp/libgdxmaik/335398564/libopenal.so
b3418000-b3472000 r-xp 00000000 07:00 1308589    /tmp/libgdxmaik/335398564/liblwjgl.so
b3472000-b3473000 r--p 0005a000 07:00 1308589    /tmp/libgdxmaik/335398564/liblwjgl.so
b3473000-b3474000 rw-p 0005b000 07:00 1308589    /tmp/libgdxmaik/335398564/liblwjgl.so
b3474000-b3477000 ---p 00000000 00:00 0 
b3477000-b34c5000 rw-p 00000000 00:00 0          [stack:20634]
b34c5000-b34c6000 r--s 00000000 07:00 1458977    /var/cache/fontconfig/c05880de57d1f5e948fdfacc138775d9-le32d4.cache-4
b34c6000-b34ce000 r--s 00000000 07:00 1450059    /var/cache/fontconfig/945677eb7aeaf62f1d50efc3fb3ec7d8-le32d4.cache-4
b34ce000-b34d0000 r--s 00000000 07:00 1450027    /var/cache/fontconfig/99e8ed0e538f840c565b6ed5dad60d56-le32d4.cache-4
b34d0000-b356f000 r--s 00000000 07:00 1442541    /var/cache/fontconfig/f77165c3a5c0e6d840970e91000fef78-le32d4.cache-4
b356f000-b3575000 r--s 00000000 07:00 1458975    /var/cache/fontconfig/a6d8cf8e4ec09cdbc8633c31745a07dd-le32d4.cache-4
b3575000-b3579000 r--s 00000000 07:00 1458974    /var/cache/fontconfig/2cd17615ca594fa2959ae173292e504c-le32d4.cache-4
b3579000-b357a000 r--s 00000000 07:00 1458973    /var/cache/fontconfig/e7071f4a29fa870f4323321c154eba04-le32d4.cache-4
b357a000-b357f000 r--s 00000000 07:00 1458972    /var/cache/fontconfig/6eb3985aa4124903f6ff08ba781cd364-le32d4.cache-4
b357f000-b3580000 r--s 00000000 07:00 1458971    /var/cache/fontconfig/0d8c3b2ac0904cb8a57a757ad11a4a08-le32d4.cache-4
b3580000-b3585000 r--s 00000000 07:00 1458970    /var/cache/fontconfig/a755afe4a08bf5b97852ceb7400b47bc-le32d4.cache-4
b3585000-b358e000 r--s 00000000 07:00 1458968    /var/cache/fontconfig/6d41288fd70b0be22e8c3a91e032eec0-le32d4.cache-4
b358e000-b359d000 r--s 00000000 07:00 1458967    /var/cache/fontconfig/04aabc0a78ac019cf9454389977116d2-le32d4.cache-4
b359d000-b359e000 r--s 00000000 07:00 1458966    /var/cache/fontconfig/1ac9eb803944fde146138c791f5cc56a-le32d4.cache-4
b359e000-b35a1000 r--s 00000000 07:00 1458963    /var/cache/fontconfig/385c0604a188198f04d133e54aba7fe7-le32d4.cache-4
b35a1000-b35a2000 r--s 00000000 07:00 1458958    /var/cache/fontconfig/dc05db6664285cc2f12bf69c139ae4c3-le32d4.cache-4
b35a2000-b35a6000 r--s 00000000 07:00 1458957    /var/cache/fontconfig/1c2c2997deddd45e0296fa5a60917b7d-le32d4.cache-4
b35a6000-b35a8000 r--s 00000000 07:00 1458956    /var/cache/fontconfig/767a8244fc0220cfb567a839d0392e0b-le32d4.cache-4
b35a8000-b35a9000 r--s 00000000 07:00 1458955    /var/cache/fontconfig/4794a0821666d79190d59a36cb4f44b5-le32d4.cache-4
b35a9000-b35ac000 r--s 00000000 07:00 1458954    /var/cache/fontconfig/8801497958630a81b71ace7c5f9b32a8-le32d4.cache-4
b35ac000-b35db000 r--s 00000000 07:00 1458953    /var/cache/fontconfig/365b55f210c0a22e9a19e35191240f32-le32d4.cache-4
b35db000-b35e0000 r--s 00000000 07:00 1458952    /var/cache/fontconfig/3047814df9a2f067bd2d96a2b9c36e5a-le32d4.cache-4
b35e0000-b35e1000 r--s 00000000 07:00 1458951    /var/cache/fontconfig/56cf4f4769d0f4abc89a4895d7bd3ae1-le32d4.cache-4
b35e1000-b35e5000 r--s 00000000 07:00 1458944    /var/cache/fontconfig/b47c4e1ecd0709278f4910c18777a504-le32d4.cache-4
b35e5000-b35ec000 rw-s 290a4000 00:05 10369      /dev/dri/card0
b35ec000-b35f3000 rw-s 2909d000 00:05 10369      /dev/dri/card0
b35f3000-b35fa000 rw-s 29096000 00:05 10369      /dev/dri/card0
b35fa000-b35fb000 rw-s 28d95000 00:05 10369      /dev/dri/card0
b35fb000-b35ff000 rw-s 00000000 00:04 577292     /drm mm object (deleted)
b35ff000-b3600000 rw-s 2917b000 00:05 10369      /dev/dri/card0
b3600000-b3601000 rw-s 2917a000 00:05 10369      /dev/dri/card0
b3601000-b3603000 rw-s 00000000 00:04 577279     /drm mm object (deleted)
b3603000-b3604000 rw-s 00000000 00:04 577238     /drm mm object (deleted)
b3604000-b3605000 rw-s 2504d000 00:05 10369      /dev/dri/card0
b3605000-b3606000 rw-s 00000000 00:04 576959     /drm mm object (deleted)
b3606000-b360d000 r--s 00000000 07:00 297903     /usr/lib/i386-linux-gnu/gconv/gconv-modules.cache
b360d000-b360e000 r--s 00000000 07:00 1458977    /var/cache/fontconfig/c05880de57d1f5e948fdfacc138775d9-le32d4.cache-4
b360e000-b3616000 r--s 00000000 07:00 1450059    /var/cache/fontconfig/945677eb7aeaf62f1d50efc3fb3ec7d8-le32d4.cache-4
b3616000-b3618000 r--s 00000000 07:00 1450027    /var/cache/fontconfig/99e8ed0e538f840c565b6ed5dad60d56-le32d4.cache-4
b3618000-b36b7000 r--s 00000000 07:00 1442541    /var/cache/fontconfig/f77165c3a5c0e6d840970e91000fef78-le32d4.cache-4
b36b7000-b36bd000 r--s 00000000 07:00 1458975    /var/cache/fontconfig/a6d8cf8e4ec09cdbc8633c31745a07dd-le32d4.cache-4
b36bd000-b36c1000 r--s 00000000 07:00 1458974    /var/cache/fontconfig/2cd17615ca594fa2959ae173292e504c-le32d4.cache-4
b36c1000-b36c2000 r--s 00000000 07:00 1458973    /var/cache/fontconfig/e7071f4a29fa870f4323321c154eba04-le32d4.cache-4
b36c2000-b36c7000 r--s 00000000 07:00 1458972    /var/cache/fontconfig/6eb3985aa4124903f6ff08ba781cd364-le32d4.cache-4
b36c7000-b36c8000 r--s 00000000 07:00 1458971    /var/cache/fontconfig/0d8c3b2ac0904cb8a57a757ad11a4a08-le32d4.cache-4
b36c8000-b36cd000 r--s 00000000 07:00 1458970    /var/cache/fontconfig/a755afe4a08bf5b97852ceb7400b47bc-le32d4.cache-4
b36cd000-b36d6000 r--s 00000000 07:00 1458968    /var/cache/fontconfig/6d41288fd70b0be22e8c3a91e032eec0-le32d4.cache-4
b36d6000-b36e5000 r--s 00000000 07:00 1458967    /var/cache/fontconfig/04aabc0a78ac019cf9454389977116d2-le32d4.cache-4
b36e5000-b36e6000 r--s 00000000 07:00 1458966    /var/cache/fontconfig/1ac9eb803944fde146138c791f5cc56a-le32d4.cache-4
b36e6000-b36e9000 r--s 00000000 07:00 1458963    /var/cache/fontconfig/385c0604a188198f04d133e54aba7fe7-le32d4.cache-4
b36e9000-b36ea000 r--s 00000000 07:00 1458958    /var/cache/fontconfig/dc05db6664285cc2f12bf69c139ae4c3-le32d4.cache-4
b36ea000-b36ee000 r--s 00000000 07:00 1458957    /var/cache/fontconfig/1c2c2997deddd45e0296fa5a60917b7d-le32d4.cache-4
b36ee000-b36f0000 r--s 00000000 07:00 1458956    /var/cache/fontconfig/767a8244fc0220cfb567a839d0392e0b-le32d4.cache-4
b36f0000-b36f1000 r--s 00000000 07:00 1458955    /var/cache/fontconfig/4794a0821666d79190d59a36cb4f44b5-le32d4.cache-4
b36f1000-b36f4000 r--s 00000000 07:00 1458954    /var/cache/fontconfig/8801497958630a81b71ace7c5f9b32a8-le32d4.cache-4
b36f4000-b3723000 r--s 00000000 07:00 1458953    /var/cache/fontconfig/365b55f210c0a22e9a19e35191240f32-le32d4.cache-4
b3723000-b3728000 r--s 00000000 07:00 1458952    /var/cache/fontconfig/3047814df9a2f067bd2d96a2b9c36e5a-le32d4.cache-4
b3728000-b3729000 r--s 00000000 07:00 1458951    /var/cache/fontconfig/56cf4f4769d0f4abc89a4895d7bd3ae1-le32d4.cache-4
b3729000-b372d000 r--s 00000000 07:00 1458944    /var/cache/fontconfig/b47c4e1ecd0709278f4910c18777a504-le32d4.cache-4
b372d000-b3734000 r--s 00000000 07:00 1458942    /var/cache/fontconfig/52f7bdb7ce746bfd7eaa1985bd9cfa93-le32d4.cache-4
b3734000-b373b000 r--s 00000000 07:00 1458942    /var/cache/fontconfig/52f7bdb7ce746bfd7eaa1985bd9cfa93-le32d4.cache-4
b373b000-b373c000 rwxp 00000000 00:00 0 
b373c000-b3741000 r-xp 00000000 07:00 266237     /usr/lib/i386-linux-gnu/libasyncns.so.0.3.1
b3741000-b3742000 r--p 00004000 07:00 266237     /usr/lib/i386-linux-gnu/libasyncns.so.0.3.1
b3742000-b3743000 rw-p 00005000 07:00 266237     /usr/lib/i386-linux-gnu/libasyncns.so.0.3.1
b3743000-b3748000 r-xp 00000000 07:00 265889     /usr/lib/i386-linux-gnu/libXfixes.so.3.1.0
b3748000-b3749000 r--p 00004000 07:00 265889     /usr/lib/i386-linux-gnu/libXfixes.so.3.1.0
b3749000-b374a000 rw-p 00005000 07:00 265889     /usr/lib/i386-linux-gnu/libXfixes.so.3.1.0
b374a000-b3753000 r-xp 00000000 07:00 266611     /usr/lib/i386-linux-gnu/libXcursor.so.1.0.2
b3753000-b3754000 r--p 00008000 07:00 266611     /usr/lib/i386-linux-gnu/libXcursor.so.1.0.2
b3754000-b3755000 rw-p 00009000 07:00 266611     /usr/lib/i386-linux-gnu/libXcursor.so.1.0.2
b3755000-b3756000 r-xp 00000000 07:00 267584     /usr/lib/i386-linux-gnu/libX11-xcb.so.1.0.0
b3756000-b3757000 r--p 00000000 07:00 267584     /usr/lib/i386-linux-gnu/libX11-xcb.so.1.0.0
b3757000-b3758000 rw-p 00001000 07:00 267584     /usr/lib/i386-linux-gnu/libX11-xcb.so.1.0.0
b3758000-b3760000 r-xp 00000000 07:00 1570294    /lib/i386-linux-gnu/libjson.so.0.1.0
b3760000-b3761000 r--p 00007000 07:00 1570294    /lib/i386-linux-gnu/libjson.so.0.1.0
b3761000-b3762000 rw-p 00008000 07:00 1570294    /lib/i386-linux-gnu/libjson.so.0.1.0
b3762000-b3766000 r-xp 00000000 07:00 269757     /usr/lib/i386-linux-gnu/libXxf86vm.so.1.0.0
b3766000-b3767000 r--p 00003000 07:00 269757     /usr/lib/i386-linux-gnu/libXxf86vm.so.1.0.0
b3767000-b3768000 rw-p 00004000 07:00 269757     /usr/lib/i386-linux-gnu/libXxf86vm.so.1.0.0
b3768000-b3771000 r-xp 00000000 07:00 265883     /usr/lib/i386-linux-gnu/libXrandr.so.2.2.0
b3771000-b3772000 r--p 00008000 07:00 265883     /usr/lib/i386-linux-gnu/libXrandr.so.2.2.0
b3772000-b3773000 rw-p 00009000 07:00 265883     /usr/lib/i386-linux-gnu/libXrandr.so.2.2.0
b3773000-b3774000 r-xp 00000000 07:00 281321     /usr/lib/jvm/java-6-openjdk-i386/jre/lib/i386/libjawt.so
b3774000-b3775000 r--p 00000000 07:00 281321     /usr/lib/jvm/java-6-openjdk-i386/jre/lib/i386/libjawt.so
b3775000-b3776000 rw-p 00001000 07:00 281321     /usr/lib/jvm/java-6-openjdk-i386/jre/lib/i386/libjawt.so
b3776000-b3777000 r--s 00000000 07:00 1458945    /var/cache/fontconfig/b9d506c9ac06c20b433354fa67a72993-le32d4.cache-4
b3777000-b3787000 r--s 00000000 07:00 1450090    /var/cache/fontconfig/d52a8644073d54c13679302ca1180695-le32d4.cache-4
b3787000-b378e000 r--s 00000000 07:00 1458934    /var/cache/fontconfig/3f7329c5293ffd510edef78f73874cfd-le32d4.cache-4
b378e000-b378f000 r--s 00000000 07:00 1458932    /var/cache/fontconfig/0c9eb80ebd1c36541ebe2852d3bb0c49-le32d4.cache-4
b378f000-b3790000 r--s 00000000 07:00 1450084    /var/cache/fontconfig/62f91419b9ebdb6975e7e41ab6412357-le32d4.cache-4
b3790000-b3792000 r--s 00000000 07:00 1450153    /var/cache/fontconfig/e13b20fdb08344e0e664864cc2ede53d-le32d4.cache-4
b3792000-b3795000 r--s 00000000 07:00 1458929    /var/cache/fontconfig/7ef2298fde41cc6eeb7af42e48b7d293-le32d4.cache-4
b3795000-b3796000 r--s 00000000 07:00 1449994    /home/maik/.cache/fontconfig/578171f5f238b8a7bb858af08da2de57-le32d4.cache-4
b3796000-b3797000 r--s 00000000 07:00 1449993    /home/maik/.cache/fontconfig/bd43c005a6d085c55fa3c0b7700969bf-le32d4.cache-4
b3797000-b379a000 ---p 00000000 00:00 0 
b379a000-b37e8000 rw-p 00000000 00:00 0          [stack:20629]
b37e8000-b387e000 r-xp 00000000 07:00 265978     /usr/lib/i386-linux-gnu/libfreetype.so.6.10.0
b387e000-b3882000 r--p 00095000 07:00 265978     /usr/lib/i386-linux-gnu/libfreetype.so.6.10.0
b3882000-b3883000 rw-p 00099000 07:00 265978     /usr/lib/i386-linux-gnu/libfreetype.so.6.10.0
b3883000-b38ca000 r-xp 00000000 07:00 275965     /usr/lib/jvm/java-6-openjdk-i386/jre/lib/i386/libfontmanager.so
b38ca000-b38cb000 ---p 00047000 07:00 275965     /usr/lib/jvm/java-6-openjdk-i386/jre/lib/i386/libfontmanager.so
b38cb000-b38cc000 r--p 00047000 07:00 275965     /usr/lib/jvm/java-6-openjdk-i386/jre/lib/i386/libfontmanager.so
b38cc000-b38cd000 rw-p 00048000 07:00 275965     /usr/lib/jvm/java-6-openjdk-i386/jre/lib/i386/libfontmanager.so
b38cd000-b38d2000 r-xp 00000000 07:00 285337     /usr/lib/i386-linux-gnu/libXdmcp.so.6.0.0
b38d2000-b38d3000 r--p 00004000 07:00 285337     /usr/lib/i386-linux-gnu/libXdmcp.so.6.0.0
b38d3000-b38d4000 rw-p 00005000 07:00 285337     /usr/lib/i386-linux-gnu/libXdmcp.so.6.0.0
b38d4000-b38d6000 r-xp 00000000 07:00 266641     /usr/lib/i386-linux-gnu/libXau.so.6.0.0
b38d6000-b38d7000 r--p 00001000 07:00 266641     /usr/lib/i386-linux-gnu/libXau.so.6.0.0
b38d7000-b38d8000 rw-p 00002000 07:00 266641     /usr/lib/i386-linux-gnu/libXau.so.6.0.0
b38d8000-b38f8000 r-xp 00000000 07:00 265988     /usr/lib/i386-linux-gnu/libxcb.so.1.1.0
b38f8000-b38f9000 r--p 0001f000 07:00 265988     /usr/lib/i386-linux-gnu/libxcb.so.1.1.0
b38f9000-b38fa000 rw-p 00020000 07:00 265988     /usr/lib/i386-linux-gnu/libxcb.so.1.1.0
b38fa000-b3908000 r-xp 00000000 07:00 265877     /usr/lib/i386-linux-gnu/libXi.so.6.1.0
b3908000-b3909000 r--p 0000d000 07:00 265877     /usr/lib/i386-linux-gnu/libXi.so.6.1.0
b3909000-b390a000 rw-p 0000e000 07:00 265877     /usr/lib/i386-linux-gnu/libXi.so.6.1.0
b390a000-b390f000 r-xp 00000000 07:00 262782     /usr/lib/i386-linux-gnu/libXtst.so.6.1.0
b390f000-b3910000 r--p 00004000 07:00 262782     /usr/lib/i386-linux-gnu/libXtst.so.6.1.0
b3910000-b3911000 rw-p 00005000 07:00 262782     /usr/lib/i386-linux-gnu/libXtst.so.6.1.0
b3911000-b3a44000 r-xp 00000000 07:00 262036     /usr/lib/i386-linux-gnu/libX11.so.6.3.0
b3a44000-b3a45000 r--p 00132000 07:00 262036     /usr/lib/i386-linux-gnu/libX11.so.6.3.0
b3a45000-b3a48000 rw-p 00133000 07:00 262036     /usr/lib/i386-linux-gnu/libX11.so.6.3.0
b3a48000-b3a58000 r-xp 00000000 07:00 262278     /usr/lib/i386-linux-gnu/libXext.so.6.4.0
b3a58000-b3a59000 r--p 0000f000 07:00 262278     /usr/lib/i386-linux-gnu/libXext.so.6.4.0
b3a59000-b3a5a000 rw-p 00010000 07:00 262278     /usr/lib/i386-linux-gnu/libXext.so.6.4.0
b3a5a000-b3a5b000 r--s 00000000 07:00 1458945    /var/cache/fontconfig/b9d506c9ac06c20b433354fa67a72993-le32d4.cache-4
b3a5b000-b3a6b000 r--s 00000000 07:00 1450090    /var/cache/fontconfig/d52a8644073d54c13679302ca1180695-le32d4.cache-4
b3a6b000-b3a72000 r--s 00000000 07:00 1458934    /var/cache/fontconfig/3f7329c5293ffd510edef78f73874cfd-le32d4.cache-4
b3a72000-b3a73000 r--s 00000000 07:00 1458932    /var/cache/fontconfig/0c9eb80ebd1c36541ebe2852d3bb0c49-le32d4.cache-4
b3a73000-b3a74000 r--s 00000000 07:00 1450084    /var/cache/fontconfig/62f91419b9ebdb6975e7e41ab6412357-le32d4.cache-4
b3a74000-b3a76000 r--s 00000000 07:00 1450153    /var/cache/fontconfig/e13b20fdb08344e0e664864cc2ede53d-le32d4.cache-4
b3a76000-b3a79000 r--s 00000000 07:00 1458929    /var/cache/fontconfig/7ef2298fde41cc6eeb7af42e48b7d293-le32d4.cache-4
b3a79000-b3a7a000 r--s 00000000 07:00 1449994    /home/maik/.cache/fontconfig/578171f5f238b8a7bb858af08da2de57-le32d4.cache-4
b3a7a000-b3a7b000 r--s 00000000 07:00 1449993    /home/maik/.cache/fontconfig/bd43c005a6d085c55fa3c0b7700969bf-le32d4.cache-4
b3a7b000-b3ac7000 r-xp 00000000 07:00 270499     /usr/lib/jvm/java-6-openjdk-i386/jre/lib/i386/xawt/libmawt.so
b3ac7000-b3ac8000 r--p 0004b000 07:00 270499     /usr/lib/jvm/java-6-openjdk-i386/jre/lib/i386/xawt/libmawt.so
b3ac8000-b3aca000 rw-p 0004c000 07:00 270499     /usr/lib/jvm/java-6-openjdk-i386/jre/lib/i386/xawt/libmawt.so
b3aca000-b3acb000 rw-p 00000000 00:00 0 
b3acb000-b3b63000 r-xp 00000000 07:00 280293     /usr/lib/jvm/java-6-openjdk-i386/jre/lib/i386/libawt.so
b3b63000-b3b64000 r--p 00097000 07:00 280293     /usr/lib/jvm/java-6-openjdk-i386/jre/lib/i386/libawt.so
b3b64000-b3b6b000 rw-p 00098000 07:00 280293     /usr/lib/jvm/java-6-openjdk-i386/jre/lib/i386/libawt.so
b3b6b000-b3b8f000 rw-p 00000000 00:00 0 
b3b8f000-b3bfe000 r-xp 00000000 07:00 1308588    /tmp/libgdxmaik/770986848/libgdx.so
b3bfe000-b3bff000 r--p 0006f000 07:00 1308588    /tmp/libgdxmaik/770986848/libgdx.so
b3bff000-b3c00000 rw-p 00070000 07:00 1308588    /tmp/libgdxmaik/770986848/libgdx.so
b3c00000-b3cf5000 rw-p 00000000 00:00 0 
b3cf5000-b3d00000 ---p 00000000 00:00 0 
b3d00000-b3d08000 r-xp 00000000 07:00 265856     /usr/lib/i386-linux-gnu/libXrender.so.1.3.0
b3d08000-b3d09000 r--p 00008000 07:00 265856     /usr/lib/i386-linux-gnu/libXrender.so.1.3.0
b3d09000-b3d0a000 rw-p 00009000 07:00 265856     /usr/lib/i386-linux-gnu/libXrender.so.1.3.0
b3d0a000-b3d10000 r--s 000fc000 07:00 275861     /usr/lib/jvm/java-6-openjdk-common/jre/lib/resources.jar
b3d10000-b3d11000 r--s 00102000 07:00 1440691    /home/maik/shadow/shadow-platformer-desktop/libs/gdx-controllers-desktop-natives.jar
b3d11000-b3d12000 r--s 00004000 07:00 1440666    /home/maik/shadow/shadow-platformer-desktop/libs/gdx-controllers-desktop.jar
b3d12000-b3d13000 r--s 0018b000 07:00 1494876    /home/maik/shadow/shadow-platformer-desktop/libs/gdx-natives.jar
b3d13000-b3d14000 r--s 001e7000 07:00 1494875    /home/maik/shadow/shadow-platformer-desktop/libs/gdx-freetype-natives.jar
b3d14000-b3d26000 r--s 00126000 07:00 1494874    /home/maik/shadow/shadow-platformer-desktop/libs/gdx-backend-lwjgl.jar
b3d26000-b3d28000 r--s 0019e000 07:00 1494872    /home/maik/shadow/shadow-platformer-desktop/libs/gdx-backend-lwjgl-natives.jar
b3d28000-b3d29000 r--s 0012b000 07:00 1494871    /home/maik/shadow/shadow-platformer-desktop/libs/gdx-audio-natives.jar
b3d29000-b3d2a000 r--s 00002000 07:00 1441334    /home/maik/shadow/shadow-platformer/libs/gdx-controllers.jar
b3d2a000-b3d2b000 ---p 00000000 00:00 0 
b3d2b000-b3dab000 rw-p 00000000 00:00 0 
b3dab000-b3dae000 ---p 00000000 00:00 0 
b3dae000-b3dfc000 rw-p 00000000 00:00 0          [stack:20624]
b3dfc000-b3dff000 ---p 00000000 00:00 0 
b3dff000-b3e7d000 rw-p 00000000 00:00 0          [stack:20623]
b3e7d000-b3e80000 ---p 00000000 00:00 0 
b3e80000-b3ece000 rw-p 00000000 00:00 0          [stack:20622]
b3ece000-b4000000 r--p 0018a000 07:00 261666     /usr/lib/locale/locale-archive
b4000000-b4200000 r--p 00000000 07:00 261666     /usr/lib/locale/locale-archive
b4200000-b42f5000 rw-p 00000000 00:00 0 
b42f5000-b4300000 ---p 00000000 00:00 0 
b4300000-b4314000 r--s 00135000 07:00 1494614    /home/maik/shadow/shadow-platformer/libs/gdx.jar
b4314000-b4315000 r--s 00004000 07:00 1494612    /home/maik/shadow/shadow-platformer/libs/gdx-freetype.jar
b4315000-b4318000 r--s 00031000 07:00 270497     /usr/lib/jvm/java-6-openjdk-common/jre/lib/ext/sunjce_provider.jar
b4318000-b431a000 r--s 0000f000 07:00 270422     /usr/lib/jvm/java-6-openjdk-common/jre/lib/ext/pulse-java.jar
b431a000-b431d000 ---p 00000000 00:00 0 
b431d000-b436b000 rw-p 00000000 00:00 0          [stack:20621]
b436b000-b436e000 ---p 00000000 00:00 0 
b436e000-b43bc000 rw-p 00000000 00:00 0          [stack:20620]
b43bc000-b43bd000 ---p 00000000 00:00 0 
b43bd000-b4470000 rw-p 00000000 00:00 0          [stack:20618]
b4470000-b4603000 r--s 037db000 07:00 270698     /usr/lib/jvm/java-6-openjdk-i386/jre/lib/rt.jar
b4603000-b460a000 rw-p 00000000 00:00 0 
b460a000-b4624000 rw-p 00000000 00:00 0 
b4624000-b462a000 rw-p 00000000 00:00 0 
b462a000-b46cf000 rw-p 00000000 00:00 0 
b46cf000-b46d2000 rw-p 00000000 00:00 0 
b46d2000-b4724000 rw-p 00000000 00:00 0 
b4724000-b472a000 rw-p 00000000 00:00 0 
b472a000-b47cf000 rw-p 00000000 00:00 0 
b47cf000-b47d5000 rw-p 00000000 00:00 0 
b47d5000-b47ef000 rw-p 00000000 00:00 0 
b47ef000-b4801000 rw-p 00000000 00:00 0 
b4801000-b487b000 rw-p 00000000 00:00 0 
b487b000-b49e3000 rwxp 00000000 00:00 0 
b49e3000-b687b000 rw-p 00000000 00:00 0 
b687b000-b6886000 r-xp 00000000 07:00 1582739    /lib/i386-linux-gnu/libnss_files-2.17.so
b6886000-b6887000 r--p 0000a000 07:00 1582739    /lib/i386-linux-gnu/libnss_files-2.17.so
b6887000-b6888000 rw-p 0000b000 07:00 1582739    /lib/i386-linux-gnu/libnss_files-2.17.so
b6888000-b6892000 r-xp 00000000 07:00 1582745    /lib/i386-linux-gnu/libnss_nis-2.17.so
b6892000-b6893000 r--p 00009000 07:00 1582745    /lib/i386-linux-gnu/libnss_nis-2.17.so
b6893000-b6894000 rw-p 0000a000 07:00 1582745    /lib/i386-linux-gnu/libnss_nis-2.17.so
b6894000-b68a9000 r-xp 00000000 07:00 1582754    /lib/i386-linux-gnu/libnsl-2.17.so
b68a9000-b68aa000 r--p 00014000 07:00 1582754    /lib/i386-linux-gnu/libnsl-2.17.so
b68aa000-b68ab000 rw-p 00015000 07:00 1582754    /lib/i386-linux-gnu/libnsl-2.17.so
b68ab000-b68ad000 rw-p 00000000 00:00 0 
b68ad000-b68b0000 r--s 00077000 07:00 270493     /usr/lib/jvm/java-6-openjdk-common/jre/lib/ext/localedata.jar
b68b0000-b68b2000 r--s 00006000 07:00 532142     /usr/share/java/java-atk-wrapper.jar
b68b2000-b68b6000 r--s 00039000 07:00 270379     /usr/lib/jvm/java-6-openjdk-common/jre/lib/ext/sunpkcs11.jar
b68b6000-b68bd000 rw-p 00000000 00:00 0 
b68bd000-b68c4000 r-xp 00000000 07:00 280307     /usr/lib/jvm/java-6-openjdk-i386/jre/lib/i386/libzip.so
b68c4000-b68c5000 r--p 00006000 07:00 280307     /usr/lib/jvm/java-6-openjdk-i386/jre/lib/i386/libzip.so
b68c5000-b68c6000 rw-p 00007000 07:00 280307     /usr/lib/jvm/java-6-openjdk-i386/jre/lib/i386/libzip.so
b68c6000-b68ce000 rw-s 00000000 07:00 1308585    /tmp/hsperfdata_maik/20610 (deleted)
b68ce000-b68f4000 r-xp 00000000 07:00 279757     /usr/lib/jvm/java-6-openjdk-i386/jre/lib/i386/libjava.so
b68f4000-b68f5000 r--p 00026000 07:00 279757     /usr/lib/jvm/java-6-openjdk-i386/jre/lib/i386/libjava.so
b68f5000-b68f7000 rw-p 00027000 07:00 279757     /usr/lib/jvm/java-6-openjdk-i386/jre/lib/i386/libjava.so
b68f7000-b68fe000 r-xp 00000000 07:00 1570878    /lib/i386-linux-gnu/librt-2.17.so
b68fe000-b68ff000 r--p 00006000 07:00 1570878    /lib/i386-linux-gnu/librt-2.17.so
b68ff000-b6900000 rw-p 00007000 07:00 1570878    /lib/i386-linux-gnu/librt-2.17.so
b6900000-b6a00000 rw-p 00000000 00:00 0 
b6a00000-b6a01000 r--s 00005000 07:00 1494610    /home/maik/shadow/shadow-platformer/libs/gdx-audio.jar
b6a01000-b6a03000 r--s 00001000 07:00 270495     /usr/lib/jvm/java-6-openjdk-common/jre/lib/ext/dnsns.jar
b6a03000-b6a06000 ---p 00000000 00:00 0 
b6a06000-b6a54000 rw-p 00000000 00:00 0          [stack:20617]
b6a54000-b6a6f000 r-xp 00000000 07:00 1571574    /lib/i386-linux-gnu/libgcc_s.so.1
b6a6f000-b6a70000 r--p 0001a000 07:00 1571574    /lib/i386-linux-gnu/libgcc_s.so.1
b6a70000-b6a71000 rw-p 0001b000 07:00 1571574    /lib/i386-linux-gnu/libgcc_s.so.1
b6a71000-b6ab2000 r-xp 00000000 07:00 1582738    /lib/i386-linux-gnu/libm-2.17.so
b6ab2000-b6ab3000 r--p 00040000 07:00 1582738    /lib/i386-linux-gnu/libm-2.17.so
b6ab3000-b6ab4000 rw-p 00041000 07:00 1582738    /lib/i386-linux-gnu/libm-2.17.so
b6ab4000-b6b90000 r-xp 00000000 07:00 298111     /usr/lib/i386-linux-gnu/libstdc++.so.6.0.17
b6b90000-b6b91000 ---p 000dc000 07:00 298111     /usr/lib/i386-linux-gnu/libstdc++.so.6.0.17
b6b91000-b6b95000 r--p 000dc000 07:00 298111     /usr/lib/i386-linux-gnu/libstdc++.so.6.0.17
b6b95000-b6b96000 rw-p 000e0000 07:00 298111     /usr/lib/i386-linux-gnu/libstdc++.so.6.0.17
b6b96000-b6b9d000 rw-p 00000000 00:00 0 
b6b9d000-b70ad000 r-xp 00000000 07:00 280276     /usr/lib/jvm/java-6-openjdk-i386/jre/lib/i386/client/libjvm.so
b70ad000-b70c4000 r--p 0050f000 07:00 280276     /usr/lib/jvm/java-6-openjdk-i386/jre/lib/i386/client/libjvm.so
b70c4000-b70d1000 rw-p 00526000 07:00 280276     /usr/lib/jvm/java-6-openjdk-i386/jre/lib/i386/client/libjvm.so
b70d1000-b74eb000 rw-p 00000000 00:00 0 
b74eb000-b7502000 r-xp 00000000 07:00 1570758    /lib/i386-linux-gnu/libz.so.1.2.7
b7502000-b7503000 r--p 00016000 07:00 1570758    /lib/i386-linux-gnu/libz.so.1.2.7
b7503000-b7504000 rw-p 00017000 07:00 1570758    /lib/i386-linux-gnu/libz.so.1.2.7
b7504000-b76b1000 r-xp 00000000 07:00 1582740    /lib/i386-linux-gnu/libc-2.17.so
b76b1000-b76b3000 r--p 001ad000 07:00 1582740    /lib/i386-linux-gnu/libc-2.17.so
b76b3000-b76b4000 rw-p 001af000 07:00 1582740    /lib/i386-linux-gnu/libc-2.17.so
b76b4000-b76b7000 rw-p 00000000 00:00 0 
b76b7000-b76ba000 r-xp 00000000 07:00 1582749    /lib/i386-linux-gnu/libdl-2.17.so
b76ba000-b76bb000 r--p 00002000 07:00 1582749    /lib/i386-linux-gnu/libdl-2.17.so
b76bb000-b76bc000 rw-p 00003000 07:00 1582749    /lib/i386-linux-gnu/libdl-2.17.so
b76bc000-b76c0000 r-xp 00000000 07:00 280301     /usr/lib/jvm/java-6-openjdk-i386/jre/lib/i386/jli/libjli.so
b76c0000-b76c1000 r--p 00003000 07:00 280301     /usr/lib/jvm/java-6-openjdk-i386/jre/lib/i386/jli/libjli.so
b76c1000-b76c2000 rw-p 00004000 07:00 280301     /usr/lib/jvm/java-6-openjdk-i386/jre/lib/i386/jli/libjli.so
b76c2000-b76d9000 r-xp 00000000 07:00 1582744    /lib/i386-linux-gnu/libpthread-2.17.so
b76d9000-b76da000 r--p 00016000 07:00 1582744    /lib/i386-linux-gnu/libpthread-2.17.so
b76da000-b76db000 rw-p 00017000 07:00 1582744    /lib/i386-linux-gnu/libpthread-2.17.so
b76db000-b76de000 rw-p 00000000 00:00 0 
b76de000-b76df000 r--s 00001000 07:00 1494608    /home/maik/shadow/shadow-platformer/libs/bodyeditor-loader.jar
b76df000-b76e5000 rw-p 00000000 00:00 0 
b76e5000-b76ec000 r-xp 00000000 07:00 1582737    /lib/i386-linux-gnu/libnss_compat-2.17.so
b76ec000-b76ed000 r--p 00006000 07:00 1582737    /lib/i386-linux-gnu/libnss_compat-2.17.so
b76ed000-b76ee000 rw-p 00007000 07:00 1582737    /lib/i386-linux-gnu/libnss_compat-2.17.so
b76ee000-b76ef000 rw-p 00000000 00:00 0 
b76ef000-b76f0000 ---p 00000000 00:00 0 
b76f0000-b76fd000 r-xp 00000000 07:00 285801     /usr/lib/jvm/java-6-openjdk-i386/jre/lib/i386/libverify.so
b76fd000-b76fe000 r--p 0000c000 07:00 285801     /usr/lib/jvm/java-6-openjdk-i386/jre/lib/i386/libverify.so
b76fe000-b76ff000 rw-p 0000d000 07:00 285801     /usr/lib/jvm/java-6-openjdk-i386/jre/lib/i386/libverify.so
b76ff000-b7701000 rw-p 00000000 00:00 0 
b7701000-b7702000 r-xp 00000000 00:00 0          [vdso]
b7702000-b7722000 r-xp 00000000 07:00 1582753    /lib/i386-linux-gnu/ld-2.17.so
b7722000-b7723000 r--p 0001f000 07:00 1582753    /lib/i386-linux-gnu/ld-2.17.so
b7723000-b7724000 rw-p 00020000 07:00 1582753    /lib/i386-linux-gnu/ld-2.17.so
bf955000-bf976000 rw-p 00000000 00:00 0          [stack]

VM Arguments:
jvm_args: -XX:+HeapDumpOnOutOfMemoryError -verbose:gc -Dfile.encoding=UTF-8 
java_command: net.fourbytes.shadow.Main
Launcher Type: SUN_STANDARD

Environment Variables:
PATH=/usr/local/sbin:/usr/local/bin:/usr/sbin:/usr/bin:/sbin:/bin:/usr/games:/usr/local/games
USERNAME=maik
LD_LIBRARY_PATH=/usr/lib/jvm/java-6-openjdk-i386/jre/lib/i386/client:/usr/lib/jvm/java-6-openjdk-i386/jre/lib/i386:/usr/lib/jvm/java-6-openjdk-i386/jre/../lib/i386:/usr/lib/jvm/java-7-openjdk-i386/jre/lib/i386/client:/usr/lib/jvm/java-7-openjdk-i386/jre/lib/i386:
SHELL=/bin/bash
DISPLAY=:0

Signal Handlers:
SIGSEGV: [libjvm.so+0x3ee730], sa_mask[0]=0x7ffbfeff, sa_flags=0x10000004
SIGBUS: [libjvm.so+0x3ee730], sa_mask[0]=0x7ffbfeff, sa_flags=0x10000004
SIGFPE: [libjvm.so+0x30c690], sa_mask[0]=0x7ffbfeff, sa_flags=0x10000004
SIGPIPE: [libjvm.so+0x30c690], sa_mask[0]=0x7ffbfeff, sa_flags=0x10000004
SIGXFSZ: [libjvm.so+0x30c690], sa_mask[0]=0x7ffbfeff, sa_flags=0x10000004
SIGILL: [libjvm.so+0x30c690], sa_mask[0]=0x7ffbfeff, sa_flags=0x10000004
SIGUSR1: SIG_DFL, sa_mask[0]=0x00000000, sa_flags=0x00000000
SIGUSR2: [libjvm.so+0x30c530], sa_mask[0]=0x00000004, sa_flags=0x10000004
SIGHUP: [libjvm.so+0x30f1c0], sa_mask[0]=0x7ffbfeff, sa_flags=0x10000004
SIGINT: [libjvm.so+0x30f1c0], sa_mask[0]=0x7ffbfeff, sa_flags=0x10000004
SIGTERM: [libjvm.so+0x30f1c0], sa_mask[0]=0x7ffbfeff, sa_flags=0x10000004
SIGQUIT: [libjvm.so+0x30f1c0], sa_mask[0]=0x7ffbfeff, sa_flags=0x10000004


---------------  S Y S T E M  ---------------

OS: