#
# A fatal error has been detected by the Java Runtime Environment:
#
#  SIGSEGV (0xb) at pc=0xb3bd3114, pid=12588, tid=2927098688
#
# JRE version: 6.0_27-b27
# Java VM: OpenJDK Client VM (20.0-b12 mixed mode, sharing linux-x86 )
# Derivative: IcedTea6 1.12.6
# Distribution: Ubuntu 13.04, package 6b27-1.12.6-1ubuntu0.13.04.2
# Problematic frame:
# C  [libgdx.so+0x44114]  get_pixel_alpha+0x4
#
# If you would like to submit a bug report, please include
# instructions how to reproduce the bug and visit:
#   https://bugs.launchpad.net/ubuntu/+source/openjdk-6/
# The crash happened outside the Java Virtual Machine in native code.
# See problematic frame for where to report the bug.
#

---------------  T H R E A D  ---------------

Current thread (0xb69b4400):  JavaThread "LWJGL Application" [_thread_in_native, id=12620, stack(0xae72f000,0xae780000)]

siginfo:si_signo=SIGSEGV: si_errno=0, si_code=1 (SEGV_MAPERR), si_addr=0x00000011

Registers:
EAX=0x00000011, EBX=0xb3bfeff4, ECX=0xb3bfeff4, EDX=0xb3bd3110
ESP=0xae77ec1c, EBP=0x00000000, ESI=0x00000011, EDI=0xb433f508
EIP=0xb3bd3114, EFLAGS=0x00210292, CR2=0x00000011

Top of Stack: (sp=0xae77ec1c)
0xae77ec1c:   b3bd3a3d 00000011 3f800000 b3c20c20
0xae77ec2c:   b342e48a b3c8f660 ae77ec68 ae77ec68
0xae77ec3c:   b34a32ca 6ee24650 00000000 3c800000
0xae77ec4c:   b49a78b8 6ee24650 00000010 00000000
0xae77ec5c:   b3bfeff4 8ecd2638 b69b4400 ae77eccc
0xae77ec6c:   b3bcad7b b433f508 00000000 00000000
0xae77ec7c:   00000000 6ee24720 00000000 8ecd2638
0xae77ec8c:   b48f10ad b69b4520 ae77ecd4 b433f508 

Instructions: (pc=0xb3bd3114)
0xb3bd30f4:   8b 44 24 04 66 89 10 c3 8d 74 26 00 8b 54 24 08
0xb3bd3104:   8b 44 24 04 66 89 10 c3 8d 74 26 00 8b 44 24 04
0xb3bd3114:   0f b6 00 c3 90 8d b4 26 00 00 00 00 8b 54 24 04
0xb3bd3124:   0f b6 02 0f b6 52 01 c1 e0 08 09 d0 c3 eb 0d 90 

Register to memory mapping:

EAX=0x00000011 is an unknown value
EBX=0xb3bfeff4: <offset 0x6fff4> in /tmp/libgdxmaik/2df45360/libgdx.so at 0xb3b8f000
ECX=0xb3bfeff4: <offset 0x6fff4> in /tmp/libgdxmaik/2df45360/libgdx.so at 0xb3b8f000
EDX=0xb3bd3110: <offset 0x44110> in /tmp/libgdxmaik/2df45360/libgdx.so at 0xb3b8f000
ESP=0xae77ec1c is pointing into the stack for thread: 0xb69b4400
EBP=0x00000000 is an unknown value
ESI=0x00000011 is an unknown value
EDI=0xb433f508 is an unknown value


Stack: [0xae72f000,0xae780000],  sp=0xae77ec1c,  free space=319k
Native frames: (J=compiled Java code, j=interpreted, Vv=VM code, C=native code)
C  [libgdx.so+0x44114]  get_pixel_alpha+0x4

[error occurred during error reporting (printing native stack), id 0xb]

Java frames: (J=compiled Java code, j=interpreted, Vv=VM code)
j  com.badlogic.gdx.graphics.g2d.Gdx2DPixmap.getPixel(JII)I+0
j  com.badlogic.gdx.graphics.g2d.Gdx2DPixmap.getPixel(II)I+6
j  com.badlogic.gdx.graphics.Pixmap.getPixel(II)I+6
j  net.fourbytes.shadow.GameObject.pixelify()V+148
j  net.fourbytes.shadow.blocks.BlockPoint.collide(Lnet/fourbytes/shadow/Entity;)V+40
j  net.fourbytes.shadow.TypeBlock.collide(Lnet/fourbytes/shadow/Entity;)V+5
J  net.fourbytes.shadow.Entity.collide(Lnet/fourbytes/shadow/GameObject;Z)V
J  net.fourbytes.shadow.Entity.tick()V
j  net.fourbytes.shadow.entities.Player.tick()V+289
j  net.fourbytes.shadow.Level.tick()V+172
j  net.fourbytes.shadow.Shadow.tick()V+25
j  net.fourbytes.shadow.Shadow.render()V+12
j  com.badlogic.gdx.backends.lwjgl.LwjglApplication.mainLoop()V+642
j  com.badlogic.gdx.backends.lwjgl.LwjglApplication$1.run()V+27
v  ~StubRoutines::call_stub

---------------  P R O C E S S  ---------------

Java Threads: ( => current thread )
  0xacf83000 JavaThread "Server" [_thread_in_native, id=12627, stack(0xac7af000,0xac800000)]
  0xacf47400 JavaThread "Client" daemon [_thread_in_native, id=12626, stack(0xae6de000,0xae72f000)]
  0xb6906000 JavaThread "DestroyJavaVM" [_thread_blocked, id=12593, stack(0xb6a6d000,0xb6abe000)]
=>0xb69b4400 JavaThread "LWJGL Application" [_thread_in_native, id=12620, stack(0xae72f000,0xae780000)]
  0xb3c7f400 JavaThread "AWT-XAWT" daemon [_thread_in_native, id=12616, stack(0xb34c5000,0xb3516000)]
  0xb3c3ac00 JavaThread "Java2D Disposer" daemon [_thread_blocked, id=12615, stack(0xb37f6000,0xb3847000)]
  0xb693d400 JavaThread "Low Memory Detector" daemon [_thread_blocked, id=12603, stack(0xb3e09000,0xb3e5a000)]
  0xb693b400 JavaThread "C1 CompilerThread0" daemon [_thread_blocked, id=12602, stack(0xb3e5a000,0xb3edb000)]
  0xb6939800 JavaThread "Signal Dispatcher" daemon [_thread_blocked, id=12601, stack(0xb3edb000,0xb3f2c000)]
  0xb6935800 JavaThread "Finalizer" daemon [_thread_blocked, id=12596, stack(0xb425e000,0xb42af000)]
  0xb6934000 JavaThread "Reference Handler" daemon [_thread_blocked, id=12595, stack(0xb42af000,0xb4300000)]

Other Threads:
  0xb6932400 VMThread [stack: 0xb4427000,0xb44a8000] [id=12594]
  0xb693f800 WatcherThread [stack: 0xb3d88000,0xb3e09000] [id=12604]

VM state:not at safepoint (normal execution)

VM Mutex/Monitor currently owned by a thread: None

Heap
 def new generation   total 4992K, used 4026K [0x6ea40000, 0x6efa0000, 0x794e0000)
  eden space 4480K,  89% used [0x6ea40000, 0x6ee2ea10, 0x6eea0000)
  from space 512K,   0% used [0x6eea0000, 0x6eea0000, 0x6ef20000)
  to   space 512K,   0% used [0x6ef20000, 0x6ef20000, 0x6efa0000)
 tenured generation   total 10944K, used 2908K [0x794e0000, 0x79f90000, 0x8ea40000)
   the space 10944K,  26% used [0x794e0000, 0x797b7180, 0x797b7200, 0x79f90000)
 compacting perm gen  total 12288K, used 4127K [0x8ea40000, 0x8f640000, 0x92a40000)
   the space 12288K,  33% used [0x8ea40000, 0x8ee47cf0, 0x8ee47e00, 0x8f640000)
    ro space 10240K,  73% used [0x92a40000, 0x931a5fa0, 0x931a6000, 0x93440000)
    rw space 12288K,  60% used [0x93440000, 0x93b8dbf8, 0x93b8dc00, 0x94040000)

Code Cache  [0xb48e7000, 0xb4a3f000, 0xb68e7000)
 total_blobs=843 nmethods=536 adapters=243 free_code_cache=32148032 largest_free_block=64

Dynamic libraries:
08048000-08051000 r-xp 00000000 07:00 270379     /usr/lib/jvm/java-6-openjdk-i386/jre/bin/java
08051000-08052000 r--p 00008000 07:00 270379     /usr/lib/jvm/java-6-openjdk-i386/jre/bin/java
08052000-08053000 rw-p 00009000 07:00 270379     /usr/lib/jvm/java-6-openjdk-i386/jre/bin/java
08f98000-090b2000 rw-p 00000000 00:00 0          [heap]
6ea40000-6efa0000 rw-p 00000000 00:00 0 
6efa0000-794e0000 rw-p 00000000 00:00 0 
794e0000-79f90000 rw-p 00000000 00:00 0 
79f90000-8ea40000 rw-p 00000000 00:00 0 
8ea40000-8f640000 rw-p 00000000 00:00 0 
8f640000-92a40000 rw-p 00000000 00:00 0 
92a40000-931a6000 r--s 00001000 07:00 280804     /usr/lib/jvm/java-6-openjdk-i386/jre/lib/i386/client/classes.jsa
931a6000-93440000 rw-p 00000000 00:00 0 
93440000-93b8e000 rw-p 00767000 07:00 280804     /usr/lib/jvm/java-6-openjdk-i386/jre/lib/i386/client/classes.jsa
93b8e000-94040000 rw-p 00000000 00:00 0 
94040000-9413d000 rw-p 00eb5000 07:00 280804     /usr/lib/jvm/java-6-openjdk-i386/jre/lib/i386/client/classes.jsa
9413d000-94440000 rw-p 00000000 00:00 0 
94440000-94448000 r-xs 00fb2000 07:00 280804     /usr/lib/jvm/java-6-openjdk-i386/jre/lib/i386/client/classes.jsa
94448000-94840000 rw-p 00000000 00:00 0 
a5c7b000-a5dfb000 rw-s 248d2000 00:05 10699      /dev/dri/card0
a5dfb000-a5f7b000 rw-s 24751000 00:05 10699      /dev/dri/card0
a5f7b000-a777b000 rw-s 145ad000 00:05 10699      /dev/dri/card0
a777b000-a877c000 rw-p 00000000 00:00 0 
a877c000-a8d7c000 rw-s 24151000 00:05 10699      /dev/dri/card0
a8d7c000-a917d000 rw-p 00000000 00:00 0 
a917d000-aa97d000 rw-s 22951000 00:05 10699      /dev/dri/card0
aa97d000-ab97e000 rw-p 00000000 00:00 0 
ab97e000-abf7e000 rw-s 22351000 00:05 10699      /dev/dri/card0
abf7e000-ac37f000 rw-p 00000000 00:00 0 
ac37f000-ac4ff000 rw-s 221d0000 00:05 10699      /dev/dri/card0
ac600000-ac6c9000 rw-p 00000000 00:00 0 
ac6c9000-ac700000 ---p 00000000 00:00 0 
ac72e000-ac72f000 rw-s 00000000 00:04 373784     /drm mm object (deleted)
ac72f000-ac730000 rw-s 20155000 00:05 10699      /dev/dri/card0
ac730000-ac731000 rw-s 24b2e000 00:05 10699      /dev/dri/card0
ac731000-ac732000 rw-s 00000000 00:04 373722     /drm mm object (deleted)
ac732000-ac733000 rw-s 00000000 00:04 373774     /drm mm object (deleted)
ac735000-ac795000 rw-s 24ace000 00:05 10699      /dev/dri/card0
ac795000-ac7a1000 rw-s 24ac2000 00:05 10699      /dev/dri/card0
ac7a1000-ac7a4000 rw-s 24abf000 00:05 10699      /dev/dri/card0
ac7ab000-ac7af000 rw-s 24ab4000 00:05 10699      /dev/dri/card0
ac7af000-ac7b2000 ---p 00000000 00:00 0 
ac7b2000-ac800000 rw-p 00000000 00:00 0          [stack:12627]
ac800000-aca00000 rw-p 00000000 00:00 0 
aca00000-acb00000 rw-p 00000000 00:00 0 
acb00000-acb01000 rw-s 00000000 00:04 373770     /drm mm object (deleted)
acb05000-acb08000 rw-s 24aad000 00:05 10699      /dev/dri/card0
acb0b000-acb0e000 rw-s 24aa7000 00:05 10699      /dev/dri/card0
acb15000-acb19000 rw-s 24a9c000 00:05 10699      /dev/dri/card0
acb1f000-acb23000 rw-s 24a92000 00:05 10699      /dev/dri/card0
acb2a000-acb2d000 rw-s 24a88000 00:05 10699      /dev/dri/card0
acb2d000-acb30000 rw-s 24a85000 00:05 10699      /dev/dri/card0
acb36000-acb39000 rw-s 24a7c000 00:05 10699      /dev/dri/card0
acb3b000-acb3c000 rw-p 00000000 00:00 0 
acb3c000-acb44000 r-xp 00000000 07:00 295658     /usr/lib/jvm/java-6-openjdk-i386/jre/lib/i386/libnio.so
acb44000-acb45000 r--p 00007000 07:00 295658     /usr/lib/jvm/java-6-openjdk-i386/jre/lib/i386/libnio.so
acb45000-acb46000 rw-p 00008000 07:00 295658     /usr/lib/jvm/java-6-openjdk-i386/jre/lib/i386/libnio.so
acb46000-acb5b000 r-xp 00000000 07:00 296220     /usr/lib/jvm/java-6-openjdk-i386/jre/lib/i386/libnet.so
acb5b000-acb5c000 r--p 00014000 07:00 296220     /usr/lib/jvm/java-6-openjdk-i386/jre/lib/i386/libnet.so
acb5c000-acb5d000 rw-p 00015000 07:00 296220     /usr/lib/jvm/java-6-openjdk-i386/jre/lib/i386/libnet.so
acb5d000-acb64000 rw-s 24a6f000 00:05 10699      /dev/dri/card0
acb64000-acb6b000 rw-s 24a62000 00:05 10699      /dev/dri/card0
acb6b000-acb72000 rw-s 24a5a000 00:05 10699      /dev/dri/card0
acb72000-ace00000 rw-p 00000000 00:00 0 
ace00000-aceff000 rw-p 00000000 00:00 0 
aceff000-acf00000 ---p 00000000 00:00 0 
acf00000-acffc000 rw-p 00000000 00:00 0 
acffc000-ad000000 ---p 00000000 00:00 0 
ad000000-ad0fb000 rw-p 00000000 00:00 0 
ad0fb000-ad100000 ---p 00000000 00:00 0 
ad100000-ad106000 rw-s 24a69000 00:05 10699      /dev/dri/card0
ad106000-ad1a2000 r-xp 00000000 07:00 1308576    /tmp/libgdxmaik/e0dd0593/libgdx-freetype.so
ad1a2000-ad1a6000 r--p 0009b000 07:00 1308576    /tmp/libgdxmaik/e0dd0593/libgdx-freetype.so
ad1a6000-ad1a7000 rw-p 0009f000 07:00 1308576    /tmp/libgdxmaik/e0dd0593/libgdx-freetype.so
ad1a7000-ad1df000 rw-s 22197000 00:05 10699      /dev/dri/card0
ad1df000-ae0a4000 rw-p 00000000 00:00 0 
ae0a4000-ae0fb000 rw-p 00000000 00:00 0 
ae0fb000-ae0fc000 rw-s 24a78000 00:05 10699      /dev/dri/card0
ae0fc000-ae0fd000 rw-s 24a77000 00:05 10699      /dev/dri/card0
ae0fd000-ae0fe000 rw-s 24a76000 00:05 10699      /dev/dri/card0
ae0fe000-ae11e000 r-xp 00000000 07:00 1308575    /tmp/libgdxmaik/6be5e040/libgdx-controllers-desktop.so
ae11e000-ae11f000 r--p 00020000 07:00 1308575    /tmp/libgdxmaik/6be5e040/libgdx-controllers-desktop.so
ae11f000-ae120000 rw-p 00021000 07:00 1308575    /tmp/libgdxmaik/6be5e040/libgdx-controllers-desktop.so
ae120000-ae152000 r-xp 00000000 07:00 262120     /usr/lib/i386-linux-gnu/libtxc_dxtn_s2tc.so.0.0.0
ae152000-ae153000 r--p 00031000 07:00 262120     /usr/lib/i386-linux-gnu/libtxc_dxtn_s2tc.so.0.0.0
ae153000-ae154000 rw-p 00032000 07:00 262120     /usr/lib/i386-linux-gnu/libtxc_dxtn_s2tc.so.0.0.0
ae154000-ae18f000 rw-p 00000000 00:00 0 
ae18f000-ae198000 r-xp 00000000 07:00 264471     /usr/lib/i386-linux-gnu/libpciaccess.so.0.11.1
ae198000-ae199000 r--p 00008000 07:00 264471     /usr/lib/i386-linux-gnu/libpciaccess.so.0.11.1
ae199000-ae19a000 rw-p 00009000 07:00 264471     /usr/lib/i386-linux-gnu/libpciaccess.so.0.11.1
ae19a000-ae1bb000 r-xp 00000000 07:00 266235     /usr/lib/i386-linux-gnu/libdrm_intel.so.1.0.0
ae1bb000-ae1bc000 r--p 00020000 07:00 266235     /usr/lib/i386-linux-gnu/libdrm_intel.so.1.0.0
ae1bc000-ae1bd000 rw-p 00021000 07:00 266235     /usr/lib/i386-linux-gnu/libdrm_intel.so.1.0.0
ae1bd000-ae1e2000 r-xp 00000000 07:00 1571548    /lib/i386-linux-gnu/libexpat.so.1.6.0
ae1e2000-ae1e4000 r--p 00025000 07:00 1571548    /lib/i386-linux-gnu/libexpat.so.1.6.0
ae1e4000-ae1e5000 rw-p 00027000 07:00 1571548    /lib/i386-linux-gnu/libexpat.so.1.6.0
ae1e5000-ae522000 r-xp 00000000 07:00 271939     /usr/lib/i386-linux-gnu/libdricore9.3.0-devel.so.1.0.0
ae522000-ae52c000 r--p 0033c000 07:00 271939     /usr/lib/i386-linux-gnu/libdricore9.3.0-devel.so.1.0.0
ae52c000-ae533000 rw-p 00346000 07:00 271939     /usr/lib/i386-linux-gnu/libdricore9.3.0-devel.so.1.0.0
ae533000-ae548000 rw-p 00000000 00:00 0 
ae548000-ae63c000 r-xp 00000000 07:00 266240     /usr/lib/i386-linux-gnu/dri/i965_dri.so
ae63c000-ae63e000 r--p 000f4000 07:00 266240     /usr/lib/i386-linux-gnu/dri/i965_dri.so
ae63e000-ae63f000 rw-p 000f6000 07:00 266240     /usr/lib/i386-linux-gnu/dri/i965_dri.so
ae63f000-ae640000 rw-p 00000000 00:00 0 
ae640000-ae64b000 r-xp 00000000 07:00 266542     /usr/lib/i386-linux-gnu/libdrm.so.2.4.0
ae64b000-ae64c000 r--p 0000a000 07:00 266542     /usr/lib/i386-linux-gnu/libdrm.so.2.4.0
ae64c000-ae64d000 rw-p 0000b000 07:00 266542     /usr/lib/i386-linux-gnu/libdrm.so.2.4.0
ae64d000-ae650000 r-xp 00000000 07:00 266197     /usr/lib/i386-linux-gnu/libxcb-dri2.so.0.0.0
ae650000-ae651000 r--p 00003000 07:00 266197     /usr/lib/i386-linux-gnu/libxcb-dri2.so.0.0.0
ae651000-ae652000 rw-p 00004000 07:00 266197     /usr/lib/i386-linux-gnu/libxcb-dri2.so.0.0.0
ae652000-ae668000 r-xp 00000000 07:00 266178     /usr/lib/i386-linux-gnu/libxcb-glx.so.0.0.0
ae668000-ae669000 r--p 00016000 07:00 266178     /usr/lib/i386-linux-gnu/libxcb-glx.so.0.0.0
ae669000-ae66a000 rw-p 00017000 07:00 266178     /usr/lib/i386-linux-gnu/libxcb-glx.so.0.0.0
ae66a000-ae66c000 r-xp 00000000 07:00 266189     /usr/lib/i386-linux-gnu/libXdamage.so.1.1.0
ae66c000-ae66d000 r--p 00001000 07:00 266189     /usr/lib/i386-linux-gnu/libXdamage.so.1.1.0
ae66d000-ae66e000 rw-p 00002000 07:00 266189     /usr/lib/i386-linux-gnu/libXdamage.so.1.1.0
ae66e000-ae67e000 r-xp 00000000 07:00 263669     /usr/lib/i386-linux-gnu/libglapi.so.0.0.0
ae67e000-ae680000 r--p 0000f000 07:00 263669     /usr/lib/i386-linux-gnu/libglapi.so.0.0.0
ae680000-ae685000 rwxp 00011000 07:00 263669     /usr/lib/i386-linux-gnu/libglapi.so.0.0.0
ae685000-ae6d7000 r-xp 00000000 07:00 263673     /usr/lib/i386-linux-gnu/mesa/libGL.so.1.2.0
ae6d7000-ae6d9000 r--p 00051000 07:00 263673     /usr/lib/i386-linux-gnu/mesa/libGL.so.1.2.0
ae6d9000-ae6de000 rwxp 00053000 07:00 263673     /usr/lib/i386-linux-gnu/mesa/libGL.so.1.2.0
ae6de000-ae6e1000 ---p 00000000 00:00 0 
ae6e1000-ae72f000 rw-p 00000000 00:00 0          [stack:12626]
ae72f000-ae732000 ---p 00000000 00:00 0 
ae732000-ae780000 rw-p 00000000 00:00 0          [stack:12620]
ae780000-ae781000 ---p 00000000 00:00 0 
ae781000-ae881000 rw-p 00000000 00:00 0          [stack:12619]
ae881000-b2882000 rw-s 00000000 00:13 373611     /run/shm/pulse-shm-3649083987
b2882000-b2883000 ---p 00000000 00:00 0 
b2883000-b3083000 rw-p 00000000 00:00 0          [stack:12618]
b3083000-b3096000 r-xp 00000000 07:00 1582751    /lib/i386-linux-gnu/libresolv-2.17.so
b3096000-b3097000 r--p 00013000 07:00 1582751    /lib/i386-linux-gnu/libresolv-2.17.so
b3097000-b3098000 rw-p 00014000 07:00 1582751    /lib/i386-linux-gnu/libresolv-2.17.so
b3098000-b309a000 rw-p 00000000 00:00 0 
b309a000-b30a0000 r-xp 00000000 07:00 266289     /usr/lib/i386-linux-gnu/libogg.so.0.8.0
b30a0000-b30a1000 r--p 00005000 07:00 266289     /usr/lib/i386-linux-gnu/libogg.so.0.8.0
b30a1000-b30a2000 rw-p 00006000 07:00 266289     /usr/lib/i386-linux-gnu/libogg.so.0.8.0
b30a2000-b30cb000 r-xp 00000000 07:00 266476     /usr/lib/i386-linux-gnu/libvorbis.so.0.4.5
b30cb000-b30cc000 ---p 00029000 07:00 266476     /usr/lib/i386-linux-gnu/libvorbis.so.0.4.5
b30cc000-b30cd000 r--p 00029000 07:00 266476     /usr/lib/i386-linux-gnu/libvorbis.so.0.4.5
b30cd000-b30ce000 rw-p 0002a000 07:00 266476     /usr/lib/i386-linux-gnu/libvorbis.so.0.4.5
b30ce000-b3234000 r-xp 00000000 07:00 266474     /usr/lib/i386-linux-gnu/libvorbisenc.so.2.0.8
b3234000-b3245000 r--p 00165000 07:00 266474     /usr/lib/i386-linux-gnu/libvorbisenc.so.2.0.8
b3245000-b3246000 rw-p 00176000 07:00 266474     /usr/lib/i386-linux-gnu/libvorbisenc.so.2.0.8
b3246000-b3294000 r-xp 00000000 07:00 266300     /usr/lib/i386-linux-gnu/libFLAC.so.8.2.0
b3294000-b3295000 r--p 0004e000 07:00 266300     /usr/lib/i386-linux-gnu/libFLAC.so.8.2.0
b3295000-b3296000 rw-p 0004f000 07:00 266300     /usr/lib/i386-linux-gnu/libFLAC.so.8.2.0
b3296000-b3303000 r-xp 00000000 07:00 266526     /usr/lib/i386-linux-gnu/libsndfile.so.1.0.25
b3303000-b3305000 r--p 0006c000 07:00 266526     /usr/lib/i386-linux-gnu/libsndfile.so.1.0.25
b3305000-b3306000 rw-p 0006e000 07:00 266526     /usr/lib/i386-linux-gnu/libsndfile.so.1.0.25
b3306000-b330a000 rw-p 00000000 00:00 0 
b330a000-b3312000 r-xp 00000000 07:00 1570816    /lib/i386-linux-gnu/libwrap.so.0.7.6
b3312000-b3313000 r--p 00007000 07:00 1570816    /lib/i386-linux-gnu/libwrap.so.0.7.6
b3313000-b3314000 rw-p 00008000 07:00 1570816    /lib/i386-linux-gnu/libwrap.so.0.7.6
b3314000-b335c000 r-xp 00000000 07:00 1569912    /lib/i386-linux-gnu/libdbus-1.so.3.7.2
b335c000-b335d000 r--p 00047000 07:00 1569912    /lib/i386-linux-gnu/libdbus-1.so.3.7.2
b335d000-b335e000 rw-p 00048000 07:00 1569912    /lib/i386-linux-gnu/libdbus-1.so.3.7.2
b335e000-b33c7000 r-xp 00000000 07:00 275838     /usr/lib/i386-linux-gnu/pulseaudio/libpulsecommon-3.0.so
b33c7000-b33c8000 r--p 00068000 07:00 275838     /usr/lib/i386-linux-gnu/pulseaudio/libpulsecommon-3.0.so
b33c8000-b33c9000 rw-p 00069000 07:00 275838     /usr/lib/i386-linux-gnu/pulseaudio/libpulsecommon-3.0.so
b33c9000-b3415000 r-xp 00000000 07:00 275837     /usr/lib/i386-linux-gnu/libpulse.so.0.15.3
b3415000-b3416000 ---p 0004c000 07:00 275837     /usr/lib/i386-linux-gnu/libpulse.so.0.15.3
b3416000-b3417000 r--p 0004c000 07:00 275837     /usr/lib/i386-linux-gnu/libpulse.so.0.15.3
b3417000-b3418000 rw-p 0004d000 07:00 275837     /usr/lib/i386-linux-gnu/libpulse.so.0.15.3
b3418000-b3466000 r-xp 00000000 07:00 1308574    /tmp/libgdxmaik/13fdc6a4/libopenal.so
b3466000-b3468000 r--p 0004d000 07:00 1308574    /tmp/libgdxmaik/13fdc6a4/libopenal.so
b3468000-b3469000 rw-p 0004f000 07:00 1308574    /tmp/libgdxmaik/13fdc6a4/libopenal.so
b3469000-b34c3000 r-xp 00000000 07:00 1308573    /tmp/libgdxmaik/13fdc6a4/liblwjgl.so
b34c3000-b34c4000 r--p 0005a000 07:00 1308573    /tmp/libgdxmaik/13fdc6a4/liblwjgl.so
b34c4000-b34c5000 rw-p 0005b000 07:00 1308573    /tmp/libgdxmaik/13fdc6a4/liblwjgl.so
b34c5000-b34c8000 ---p 00000000 00:00 0 
b34c8000-b3516000 rw-p 00000000 00:00 0          [stack:12616]
b3516000-b3517000 r--s 00000000 07:00 1458977    /var/cache/fontconfig/c05880de57d1f5e948fdfacc138775d9-le32d4.cache-4
b3517000-b351f000 r--s 00000000 07:00 1450059    /var/cache/fontconfig/945677eb7aeaf62f1d50efc3fb3ec7d8-le32d4.cache-4
b351f000-b3521000 r--s 00000000 07:00 1450027    /var/cache/fontconfig/99e8ed0e538f840c565b6ed5dad60d56-le32d4.cache-4
b3521000-b35c0000 r--s 00000000 07:00 1442541    /var/cache/fontconfig/f77165c3a5c0e6d840970e91000fef78-le32d4.cache-4
b35c0000-b35c6000 r--s 00000000 07:00 1458975    /var/cache/fontconfig/a6d8cf8e4ec09cdbc8633c31745a07dd-le32d4.cache-4
b35c6000-b35ca000 r--s 00000000 07:00 1458974    /var/cache/fontconfig/2cd17615ca594fa2959ae173292e504c-le32d4.cache-4
b35ca000-b35cb000 r--s 00000000 07:00 1458973    /var/cache/fontconfig/e7071f4a29fa870f4323321c154eba04-le32d4.cache-4
b35cb000-b35d0000 r--s 00000000 07:00 1458972    /var/cache/fontconfig/6eb3985aa4124903f6ff08ba781cd364-le32d4.cache-4
b35d0000-b35d1000 r--s 00000000 07:00 1458971    /var/cache/fontconfig/0d8c3b2ac0904cb8a57a757ad11a4a08-le32d4.cache-4
b35d1000-b35d6000 r--s 00000000 07:00 1458970    /var/cache/fontconfig/a755afe4a08bf5b97852ceb7400b47bc-le32d4.cache-4
b35d6000-b35df000 r--s 00000000 07:00 1458968    /var/cache/fontconfig/6d41288fd70b0be22e8c3a91e032eec0-le32d4.cache-4
b35df000-b35ee000 r--s 00000000 07:00 1458967    /var/cache/fontconfig/04aabc0a78ac019cf9454389977116d2-le32d4.cache-4
b35ee000-b35ef000 r--s 00000000 07:00 1458966    /var/cache/fontconfig/1ac9eb803944fde146138c791f5cc56a-le32d4.cache-4
b35ef000-b35f2000 r--s 00000000 07:00 1458963    /var/cache/fontconfig/385c0604a188198f04d133e54aba7fe7-le32d4.cache-4
b35f2000-b35f3000 r--s 00000000 07:00 1458958    /var/cache/fontconfig/dc05db6664285cc2f12bf69c139ae4c3-le32d4.cache-4
b35f3000-b35f5000 r--s 00000000 07:00 1441025    /var/cache/fontconfig/c14bd16069dd32104a93661d0fc6b751-le32d4.cache-4
b35f5000-b35f9000 r--s 00000000 07:00 1458957    /var/cache/fontconfig/1c2c2997deddd45e0296fa5a60917b7d-le32d4.cache-4
b35f9000-b35fb000 r--s 00000000 07:00 1458956    /var/cache/fontconfig/767a8244fc0220cfb567a839d0392e0b-le32d4.cache-4
b35fb000-b35fc000 r--s 00000000 07:00 1458955    /var/cache/fontconfig/4794a0821666d79190d59a36cb4f44b5-le32d4.cache-4
b35fc000-b35ff000 r--s 00000000 07:00 1489282    /var/cache/fontconfig/bbd3eebb6912613e2596f2fd46535a95-le32d4.cache-4
b35ff000-b3601000 r--s 00000000 07:00 1441019    /var/cache/fontconfig/662d20385cbbfe31958b837fd2c8d37e-le32d4.cache-4
b3601000-b3604000 r--s 00000000 07:00 1458954    /var/cache/fontconfig/8801497958630a81b71ace7c5f9b32a8-le32d4.cache-4
b3604000-b3633000 r--s 00000000 07:00 1458953    /var/cache/fontconfig/365b55f210c0a22e9a19e35191240f32-le32d4.cache-4
b3633000-b3638000 r--s 00000000 07:00 1458952    /var/cache/fontconfig/3047814df9a2f067bd2d96a2b9c36e5a-le32d4.cache-4
b3638000-b3639000 r--s 00000000 07:00 1458951    /var/cache/fontconfig/56cf4f4769d0f4abc89a4895d7bd3ae1-le32d4.cache-4
b3639000-b363d000 r--s 00000000 07:00 1458944    /var/cache/fontconfig/b47c4e1ecd0709278f4910c18777a504-le32d4.cache-4
b363d000-b363e000 rw-s 24a61000 00:05 10699      /dev/dri/card0
b363e000-b363f000 rw-s 24a59000 00:05 10699      /dev/dri/card0
b363f000-b3646000 rw-s 24a52000 00:05 10699      /dev/dri/card0
b3646000-b3647000 rw-s 248d1000 00:05 10699      /dev/dri/card0
b3647000-b364f000 rw-s 00000000 00:04 373723     /drm mm object (deleted)
b364f000-b3653000 rw-s 00000000 00:04 373771     /drm mm object (deleted)
b3653000-b3654000 rw-s 22350000 00:05 10699      /dev/dri/card0
b3654000-b3655000 rw-s 221cf000 00:05 10699      /dev/dri/card0
b3655000-b3656000 rw-s 00000000 00:04 373860     /drm mm object (deleted)
b3656000-b3659000 rw-s 24aa0000 00:05 10699      /dev/dri/card0
b3659000-b365b000 rw-s 00000000 00:04 373764     /drm mm object (deleted)
b365b000-b365c000 rw-s 00000000 00:04 373763     /drm mm object (deleted)
b365c000-b365d000 rw-s 22196000 00:05 10699      /dev/dri/card0
b365d000-b365e000 rw-s 00000000 00:04 373711     /drm mm object (deleted)
b365e000-b3665000 r--s 00000000 07:00 297903     /usr/lib/i386-linux-gnu/gconv/gconv-modules.cache
b3665000-b3666000 r--s 00000000 07:00 1458977    /var/cache/fontconfig/c05880de57d1f5e948fdfacc138775d9-le32d4.cache-4
b3666000-b366e000 r--s 00000000 07:00 1450059    /var/cache/fontconfig/945677eb7aeaf62f1d50efc3fb3ec7d8-le32d4.cache-4
b366e000-b3670000 r--s 00000000 07:00 1450027    /var/cache/fontconfig/99e8ed0e538f840c565b6ed5dad60d56-le32d4.cache-4
b3670000-b370f000 r--s 00000000 07:00 1442541    /var/cache/fontconfig/f77165c3a5c0e6d840970e91000fef78-le32d4.cache-4
b370f000-b3715000 r--s 00000000 07:00 1458975    /var/cache/fontconfig/a6d8cf8e4ec09cdbc8633c31745a07dd-le32d4.cache-4
b3715000-b3719000 r--s 00000000 07:00 1458974    /var/cache/fontconfig/2cd17615ca594fa2959ae173292e504c-le32d4.cache-4
b3719000-b371a000 r--s 00000000 07:00 1458973    /var/cache/fontconfig/e7071f4a29fa870f4323321c154eba04-le32d4.cache-4
b371a000-b371f000 r--s 00000000 07:00 1458972    /var/cache/fontconfig/6eb3985aa4124903f6ff08ba781cd364-le32d4.cache-4
b371f000-b3720000 r--s 00000000 07:00 1458971    /var/cache/fontconfig/0d8c3b2ac0904cb8a57a757ad11a4a08-le32d4.cache-4
b3720000-b3725000 r--s 00000000 07:00 1458970    /var/cache/fontconfig/a755afe4a08bf5b97852ceb7400b47bc-le32d4.cache-4
b3725000-b372e000 r--s 00000000 07:00 1458968    /var/cache/fontconfig/6d41288fd70b0be22e8c3a91e032eec0-le32d4.cache-4
b372e000-b373d000 r--s 00000000 07:00 1458967    /var/cache/fontconfig/04aabc0a78ac019cf9454389977116d2-le32d4.cache-4
b373d000-b373e000 r--s 00000000 07:00 1458966    /var/cache/fontconfig/1ac9eb803944fde146138c791f5cc56a-le32d4.cache-4
b373e000-b3741000 r--s 00000000 07:00 1458963    /var/cache/fontconfig/385c0604a188198f04d133e54aba7fe7-le32d4.cache-4
b3741000-b3742000 r--s 00000000 07:00 1458958    /var/cache/fontconfig/dc05db6664285cc2f12bf69c139ae4c3-le32d4.cache-4
b3742000-b3744000 r--s 00000000 07:00 1441025    /var/cache/fontconfig/c14bd16069dd32104a93661d0fc6b751-le32d4.cache-4
b3744000-b3748000 r--s 00000000 07:00 1458957    /var/cache/fontconfig/1c2c2997deddd45e0296fa5a60917b7d-le32d4.cache-4
b3748000-b374a000 r--s 00000000 07:00 1458956    /var/cache/fontconfig/767a8244fc0220cfb567a839d0392e0b-le32d4.cache-4
b374a000-b374b000 r--s 00000000 07:00 1458955    /var/cache/fontconfig/4794a0821666d79190d59a36cb4f44b5-le32d4.cache-4
b374b000-b374e000 r--s 00000000 07:00 1489282    /var/cache/fontconfig/bbd3eebb6912613e2596f2fd46535a95-le32d4.cache-4
b374e000-b3750000 r--s 00000000 07:00 1441019    /var/cache/fontconfig/662d20385cbbfe31958b837fd2c8d37e-le32d4.cache-4
b3750000-b3753000 r--s 00000000 07:00 1458954    /var/cache/fontconfig/8801497958630a81b71ace7c5f9b32a8-le32d4.cache-4
b3753000-b3782000 r--s 00000000 07:00 1458953    /var/cache/fontconfig/365b55f210c0a22e9a19e35191240f32-le32d4.cache-4
b3782000-b3787000 r--s 00000000 07:00 1458952    /var/cache/fontconfig/3047814df9a2f067bd2d96a2b9c36e5a-le32d4.cache-4
b3787000-b3788000 r--s 00000000 07:00 1458951    /var/cache/fontconfig/56cf4f4769d0f4abc89a4895d7bd3ae1-le32d4.cache-4
b3788000-b378c000 r--s 00000000 07:00 1458944    /var/cache/fontconfig/b47c4e1ecd0709278f4910c18777a504-le32d4.cache-4
b378c000-b3793000 r--s 00000000 07:00 1458942    /var/cache/fontconfig/52f7bdb7ce746bfd7eaa1985bd9cfa93-le32d4.cache-4
b3793000-b379a000 r--s 00000000 07:00 1458942    /var/cache/fontconfig/52f7bdb7ce746bfd7eaa1985bd9cfa93-le32d4.cache-4
b379a000-b379b000 rwxp 00000000 00:00 0 
b379b000-b37a0000 r-xp 00000000 07:00 266237     /usr/lib/i386-linux-gnu/libasyncns.so.0.3.1
b37a0000-b37a1000 r--p 00004000 07:00 266237     /usr/lib/i386-linux-gnu/libasyncns.so.0.3.1
b37a1000-b37a2000 rw-p 00005000 07:00 266237     /usr/lib/i386-linux-gnu/libasyncns.so.0.3.1
b37a2000-b37a7000 r-xp 00000000 07:00 265889     /usr/lib/i386-linux-gnu/libXfixes.so.3.1.0
b37a7000-b37a8000 r--p 00004000 07:00 265889     /usr/lib/i386-linux-gnu/libXfixes.so.3.1.0
b37a8000-b37a9000 rw-p 00005000 07:00 265889     /usr/lib/i386-linux-gnu/libXfixes.so.3.1.0
b37a9000-b37b2000 r-xp 00000000 07:00 266611     /usr/lib/i386-linux-gnu/libXcursor.so.1.0.2
b37b2000-b37b3000 r--p 00008000 07:00 266611     /usr/lib/i386-linux-gnu/libXcursor.so.1.0.2
b37b3000-b37b4000 rw-p 00009000 07:00 266611     /usr/lib/i386-linux-gnu/libXcursor.so.1.0.2
b37b4000-b37b5000 r-xp 00000000 07:00 267584     /usr/lib/i386-linux-gnu/libX11-xcb.so.1.0.0
b37b5000-b37b6000 r--p 00000000 07:00 267584     /usr/lib/i386-linux-gnu/libX11-xcb.so.1.0.0
b37b6000-b37b7000 rw-p 00001000 07:00 267584     /usr/lib/i386-linux-gnu/libX11-xcb.so.1.0.0
b37b7000-b37bf000 r-xp 00000000 07:00 1570294    /lib/i386-linux-gnu/libjson.so.0.1.0
b37bf000-b37c0000 r--p 00007000 07:00 1570294    /lib/i386-linux-gnu/libjson.so.0.1.0
b37c0000-b37c1000 rw-p 00008000 07:00 1570294    /lib/i386-linux-gnu/libjson.so.0.1.0
b37c1000-b37c5000 r-xp 00000000 07:00 269757     /usr/lib/i386-linux-gnu/libXxf86vm.so.1.0.0
b37c5000-b37c6000 r--p 00003000 07:00 269757     /usr/lib/i386-linux-gnu/libXxf86vm.so.1.0.0
b37c6000-b37c7000 rw-p 00004000 07:00 269757     /usr/lib/i386-linux-gnu/libXxf86vm.so.1.0.0
b37c7000-b37d0000 r-xp 00000000 07:00 265883     /usr/lib/i386-linux-gnu/libXrandr.so.2.2.0
b37d0000-b37d1000 r--p 00008000 07:00 265883     /usr/lib/i386-linux-gnu/libXrandr.so.2.2.0
b37d1000-b37d2000 rw-p 00009000 07:00 265883     /usr/lib/i386-linux-gnu/libXrandr.so.2.2.0
b37d2000-b37d3000 r-xp 00000000 07:00 296222     /usr/lib/jvm/java-6-openjdk-i386/jre/lib/i386/libjawt.so
b37d3000-b37d4000 r--p 00000000 07:00 296222     /usr/lib/jvm/java-6-openjdk-i386/jre/lib/i386/libjawt.so
b37d4000-b37d5000 rw-p 00001000 07:00 296222     /usr/lib/jvm/java-6-openjdk-i386/jre/lib/i386/libjawt.so
b37d5000-b37d6000 r--s 00000000 07:00 1458945    /var/cache/fontconfig/b9d506c9ac06c20b433354fa67a72993-le32d4.cache-4
b37d6000-b37e6000 r--s 00000000 07:00 1450090    /var/cache/fontconfig/d52a8644073d54c13679302ca1180695-le32d4.cache-4
b37e6000-b37ed000 r--s 00000000 07:00 1458934    /var/cache/fontconfig/3f7329c5293ffd510edef78f73874cfd-le32d4.cache-4
b37ed000-b37ee000 r--s 00000000 07:00 1458932    /var/cache/fontconfig/0c9eb80ebd1c36541ebe2852d3bb0c49-le32d4.cache-4
b37ee000-b37ef000 r--s 00000000 07:00 1450084    /var/cache/fontconfig/62f91419b9ebdb6975e7e41ab6412357-le32d4.cache-4
b37ef000-b37f1000 r--s 00000000 07:00 1450153    /var/cache/fontconfig/e13b20fdb08344e0e664864cc2ede53d-le32d4.cache-4
b37f1000-b37f4000 r--s 00000000 07:00 1489262    /var/cache/fontconfig/7ef2298fde41cc6eeb7af42e48b7d293-le32d4.cache-4
b37f4000-b37f5000 r--s 00000000 07:00 1449994    /home/maik/.cache/fontconfig/578171f5f238b8a7bb858af08da2de57-le32d4.cache-4
b37f5000-b37f6000 r--s 00000000 07:00 1449993    /home/maik/.cache/fontconfig/bd43c005a6d085c55fa3c0b7700969bf-le32d4.cache-4
b37f6000-b37f9000 ---p 00000000 00:00 0 
b37f9000-b3847000 rw-p 00000000 00:00 0          [stack:12615]
b3847000-b38dd000 r-xp 00000000 07:00 265978     /usr/lib/i386-linux-gnu/libfreetype.so.6.10.0
b38dd000-b38e1000 r--p 00095000 07:00 265978     /usr/lib/i386-linux-gnu/libfreetype.so.6.10.0
b38e1000-b38e2000 rw-p 00099000 07:00 265978     /usr/lib/i386-linux-gnu/libfreetype.so.6.10.0
b38e2000-b3929000 r-xp 00000000 07:00 300410     /usr/lib/jvm/java-6-openjdk-i386/jre/lib/i386/libfontmanager.so
b3929000-b392a000 r--p 00047000 07:00 300410     /usr/lib/jvm/java-6-openjdk-i386/jre/lib/i386/libfontmanager.so
b392a000-b392b000 rw-p 00048000 07:00 300410     /usr/lib/jvm/java-6-openjdk-i386/jre/lib/i386/libfontmanager.so
b392b000-b3930000 r-xp 00000000 07:00 285337     /usr/lib/i386-linux-gnu/libXdmcp.so.6.0.0
b3930000-b3931000 r--p 00004000 07:00 285337     /usr/lib/i386-linux-gnu/libXdmcp.so.6.0.0
b3931000-b3932000 rw-p 00005000 07:00 285337     /usr/lib/i386-linux-gnu/libXdmcp.so.6.0.0
b3932000-b3934000 r-xp 00000000 07:00 266641     /usr/lib/i386-linux-gnu/libXau.so.6.0.0
b3934000-b3935000 r--p 00001000 07:00 266641     /usr/lib/i386-linux-gnu/libXau.so.6.0.0
b3935000-b3936000 rw-p 00002000 07:00 266641     /usr/lib/i386-linux-gnu/libXau.so.6.0.0
b3936000-b3956000 r-xp 00000000 07:00 265988     /usr/lib/i386-linux-gnu/libxcb.so.1.1.0
b3956000-b3957000 r--p 0001f000 07:00 265988     /usr/lib/i386-linux-gnu/libxcb.so.1.1.0
b3957000-b3958000 rw-p 00020000 07:00 265988     /usr/lib/i386-linux-gnu/libxcb.so.1.1.0
b3958000-b3966000 r-xp 00000000 07:00 265877     /usr/lib/i386-linux-gnu/libXi.so.6.1.0
b3966000-b3967000 r--p 0000d000 07:00 265877     /usr/lib/i386-linux-gnu/libXi.so.6.1.0
b3967000-b3968000 rw-p 0000e000 07:00 265877     /usr/lib/i386-linux-gnu/libXi.so.6.1.0
b3968000-b3970000 r-xp 00000000 07:00 265856     /usr/lib/i386-linux-gnu/libXrender.so.1.3.0
b3970000-b3971000 r--p 00008000 07:00 265856     /usr/lib/i386-linux-gnu/libXrender.so.1.3.0
b3971000-b3972000 rw-p 00009000 07:00 265856     /usr/lib/i386-linux-gnu/libXrender.so.1.3.0
b3972000-b3aa5000 r-xp 00000000 07:00 262036     /usr/lib/i386-linux-gnu/libX11.so.6.3.0
b3aa5000-b3aa6000 r--p 00132000 07:00 262036     /usr/lib/i386-linux-gnu/libX11.so.6.3.0
b3aa6000-b3aa9000 rw-p 00133000 07:00 262036     /usr/lib/i386-linux-gnu/libX11.so.6.3.0
b3aa9000-b3aaa000 r--s 00000000 07:00 1458945    /var/cache/fontconfig/b9d506c9ac06c20b433354fa67a72993-le32d4.cache-4
b3aaa000-b3aba000 r--s 00000000 07:00 1450090    /var/cache/fontconfig/d52a8644073d54c13679302ca1180695-le32d4.cache-4
b3aba000-b3ac1000 r--s 00000000 07:00 1458934    /var/cache/fontconfig/3f7329c5293ffd510edef78f73874cfd-le32d4.cache-4
b3ac1000-b3ac2000 r--s 00000000 07:00 1458932    /var/cache/fontconfig/0c9eb80ebd1c36541ebe2852d3bb0c49-le32d4.cache-4
b3ac2000-b3ac3000 r--s 00000000 07:00 1450084    /var/cache/fontconfig/62f91419b9ebdb6975e7e41ab6412357-le32d4.cache-4
b3ac3000-b3ac5000 r--s 00000000 07:00 1450153    /var/cache/fontconfig/e13b20fdb08344e0e664864cc2ede53d-le32d4.cache-4
b3ac5000-b3ac8000 r--s 00000000 07:00 1489262    /var/cache/fontconfig/7ef2298fde41cc6eeb7af42e48b7d293-le32d4.cache-4
b3ac8000-b3ac9000 r--s 00000000 07:00 1449994    /home/maik/.cache/fontconfig/578171f5f238b8a7bb858af08da2de57-le32d4.cache-4
b3ac9000-b3aca000 r--s 00000000 07:00 1449993    /home/maik/.cache/fontconfig/bd43c005a6d085c55fa3c0b7700969bf-le32d4.cache-4
b3aca000-b3b63000 r-xp 00000000 07:00 295916     /usr/lib/jvm/java-6-openjdk-i386/jre/lib/i386/libawt.so
b3b63000-b3b64000 r--p 00098000 07:00 295916     /usr/lib/jvm/java-6-openjdk-i386/jre/lib/i386/libawt.so
b3b64000-b3b6b000 rw-p 00099000 07:00 295916     /usr/lib/jvm/java-6-openjdk-i386/jre/lib/i386/libawt.so
b3b6b000-b3b8f000 rw-p 00000000 00:00 0 
b3b8f000-b3bfe000 r-xp 00000000 07:00 1308556    /tmp/libgdxmaik/2df45360/libgdx.so
b3bfe000-b3bff000 r--p 0006f000 07:00 1308556    /tmp/libgdxmaik/2df45360/libgdx.so
b3bff000-b3c00000 rw-p 00070000 07:00 1308556    /tmp/libgdxmaik/2df45360/libgdx.so
b3c00000-b3cee000 rw-p 00000000 00:00 0 
b3cee000-b3d00000 ---p 00000000 00:00 0 
b3d00000-b3d05000 r-xp 00000000 07:00 262782     /usr/lib/i386-linux-gnu/libXtst.so.6.1.0
b3d05000-b3d06000 r--p 00004000 07:00 262782     /usr/lib/i386-linux-gnu/libXtst.so.6.1.0
b3d06000-b3d07000 rw-p 00005000 07:00 262782     /usr/lib/i386-linux-gnu/libXtst.so.6.1.0
b3d07000-b3d17000 r-xp 00000000 07:00 262278     /usr/lib/i386-linux-gnu/libXext.so.6.4.0
b3d17000-b3d18000 r--p 0000f000 07:00 262278     /usr/lib/i386-linux-gnu/libXext.so.6.4.0
b3d18000-b3d19000 rw-p 00010000 07:00 262278     /usr/lib/i386-linux-gnu/libXext.so.6.4.0
b3d19000-b3d65000 r-xp 00000000 07:00 267891     /usr/lib/jvm/java-6-openjdk-i386/jre/lib/i386/xawt/libmawt.so
b3d65000-b3d66000 r--p 0004b000 07:00 267891     /usr/lib/jvm/java-6-openjdk-i386/jre/lib/i386/xawt/libmawt.so
b3d66000-b3d68000 rw-p 0004c000 07:00 267891     /usr/lib/jvm/java-6-openjdk-i386/jre/lib/i386/xawt/libmawt.so
b3d68000-b3d69000 rw-p 00000000 00:00 0 
b3d69000-b3d70000 r--s 000fc000 07:00 268440     /usr/lib/jvm/java-6-openjdk-common/jre/lib/resources.jar
b3d70000-b3d71000 r--s 0018b000 07:00 1494876    /home/maik/shadow/shadow-platformer-desktop/libs/gdx-natives.jar
b3d71000-b3d72000 r--s 00288000 07:00 1493451    /home/maik/shadow/shadow-platformer-desktop/libs/gdx-freetype-natives.jar
b3d72000-b3d73000 r--s 00004000 07:00 1440666    /home/maik/shadow/shadow-platformer-desktop/libs/gdx-controllers-desktop.jar
b3d73000-b3d74000 r--s 00102000 07:00 1440691    /home/maik/shadow/shadow-platformer-desktop/libs/gdx-controllers-desktop-natives.jar
b3d74000-b3d86000 r--s 00126000 07:00 1494874    /home/maik/shadow/shadow-platformer-desktop/libs/gdx-backend-lwjgl.jar
b3d86000-b3d88000 r--s 0019e000 07:00 1494872    /home/maik/shadow/shadow-platformer-desktop/libs/gdx-backend-lwjgl-natives.jar
b3d88000-b3d89000 ---p 00000000 00:00 0 
b3d89000-b3e09000 rw-p 00000000 00:00 0          [stack:12604]
b3e09000-b3e0c000 ---p 00000000 00:00 0 
b3e0c000-b3e5a000 rw-p 00000000 00:00 0          [stack:12603]
b3e5a000-b3e5d000 ---p 00000000 00:00 0 
b3e5d000-b3edb000 rw-p 00000000 00:00 0          [stack:12602]
b3edb000-b3ede000 ---p 00000000 00:00 0 
b3ede000-b3f2c000 rw-p 00000000 00:00 0          [stack:12601]
b3f2c000-b405e000 r--p 0018a000 07:00 261666     /usr/lib/locale/locale-archive
b405e000-b425e000 r--p 00000000 07:00 261666     /usr/lib/locale/locale-archive
b425e000-b4261000 ---p 00000000 00:00 0 
b4261000-b42af000 rw-p 00000000 00:00 0          [stack:12596]
b42af000-b42b2000 ---p 00000000 00:00 0 
b42b2000-b4300000 rw-p 00000000 00:00 0          [stack:12595]
b4300000-b43fb000 rw-p 00000000 00:00 0 
b43fb000-b4400000 ---p 00000000 00:00 0 
b4400000-b4401000 r--s 0012c000 07:00 1493449    /home/maik/shadow/shadow-platformer-desktop/libs/gdx-audio-natives.jar
b4401000-b4408000 r--s 00049000 07:00 1503607    /home/maik/shadow/shadow-platformer/libs/kryonet-2.18-all.jar
b4408000-b441d000 r--s 00142000 07:00 1439865    /home/maik/shadow/shadow-platformer/libs/gdx.jar
b441d000-b441f000 r--s 00005000 07:00 1493439    /home/maik/shadow/shadow-platformer/libs/gdx-audio.jar
b441f000-b4422000 r--s 00031000 07:00 268443     /usr/lib/jvm/java-6-openjdk-common/jre/lib/ext/sunjce_provider.jar
b4422000-b4424000 r--s 0000f000 07:00 268444     /usr/lib/jvm/java-6-openjdk-common/jre/lib/ext/pulse-java.jar
b4424000-b4427000 r--s 00077000 07:00 268442     /usr/lib/jvm/java-6-openjdk-common/jre/lib/ext/localedata.jar
b4427000-b4428000 ---p 00000000 00:00 0 
b4428000-b44db000 rw-p 00000000 00:00 0          [stack:12594]
b44db000-b466f000 r--s 03807000 07:00 275877     /usr/lib/jvm/java-6-openjdk-i386/jre/lib/rt.jar
b466f000-b4676000 rw-p 00000000 00:00 0 
b4676000-b4690000 rw-p 00000000 00:00 0 
b4690000-b4696000 rw-p 00000000 00:00 0 
b4696000-b473b000 rw-p 00000000 00:00 0 
b473b000-b473e000 rw-p 00000000 00:00 0 
b473e000-b4790000 rw-p 00000000 00:00 0 
b4790000-b4796000 rw-p 00000000 00:00 0 
b4796000-b483b000 rw-p 00000000 00:00 0 
b483b000-b4841000 rw-p 00000000 00:00 0 
b4841000-b485b000 rw-p 00000000 00:00 0 
b485b000-b486d000 rw-p 00000000 00:00 0 
b486d000-b48e7000 rw-p 00000000 00:00 0 
b48e7000-b4a3f000 rwxp 00000000 00:00 0 
b4a3f000-b68e7000 rw-p 00000000 00:00 0 
b68e7000-b68f2000 r-xp 00000000 07:00 1582739    /lib/i386-linux-gnu/libnss_files-2.17.so
b68f2000-b68f3000 r--p 0000a000 07:00 1582739    /lib/i386-linux-gnu/libnss_files-2.17.so
b68f3000-b68f4000 rw-p 0000b000 07:00 1582739    /lib/i386-linux-gnu/libnss_files-2.17.so
b68f4000-b68fe000 r-xp 00000000 07:00 1582745    /lib/i386-linux-gnu/libnss_nis-2.17.so
b68fe000-b68ff000 r--p 00009000 07:00 1582745    /lib/i386-linux-gnu/libnss_nis-2.17.so
b68ff000-b6900000 rw-p 0000a000 07:00 1582745    /lib/i386-linux-gnu/libnss_nis-2.17.so
b6900000-b69fa000 rw-p 00000000 00:00 0 
b69fa000-b6a00000 ---p 00000000 00:00 0 
b6a00000-b6a01000 r--s 00004000 07:00 1493450    /home/maik/shadow/shadow-platformer/libs/gdx-freetype.jar
b6a01000-b6a16000 r-xp 00000000 07:00 1582754    /lib/i386-linux-gnu/libnsl-2.17.so
b6a16000-b6a17000 r--p 00014000 07:00 1582754    /lib/i386-linux-gnu/libnsl-2.17.so
b6a17000-b6a18000 rw-p 00015000 07:00 1582754    /lib/i386-linux-gnu/libnsl-2.17.so
b6a18000-b6a1a000 rw-p 00000000 00:00 0 
b6a1a000-b6a1b000 r--s 00002000 07:00 1441334    /home/maik/shadow/shadow-platformer/libs/gdx-controllers.jar
b6a1b000-b6a1d000 r--s 00006000 07:00 532142     /usr/share/java/java-atk-wrapper.jar
b6a1d000-b6a21000 r--s 00039000 07:00 268441     /usr/lib/jvm/java-6-openjdk-common/jre/lib/ext/sunpkcs11.jar
b6a21000-b6a23000 r--s 00001000 07:00 268468     /usr/lib/jvm/java-6-openjdk-common/jre/lib/ext/dnsns.jar
b6a23000-b6a2a000 rw-p 00000000 00:00 0 
b6a2a000-b6a31000 r-xp 00000000 07:00 295619     /usr/lib/jvm/java-6-openjdk-i386/jre/lib/i386/libzip.so
b6a31000-b6a32000 r--p 00006000 07:00 295619     /usr/lib/jvm/java-6-openjdk-i386/jre/lib/i386/libzip.so
b6a32000-b6a33000 rw-p 00007000 07:00 295619     /usr/lib/jvm/java-6-openjdk-i386/jre/lib/i386/libzip.so
b6a33000-b6a3b000 rw-s 00000000 07:00 1308578    /tmp/hsperfdata_maik/12588
b6a3b000-b6a61000 r-xp 00000000 07:00 296232     /usr/lib/jvm/java-6-openjdk-i386/jre/lib/i386/libjava.so
b6a61000-b6a62000 r--p 00026000 07:00 296232     /usr/lib/jvm/java-6-openjdk-i386/jre/lib/i386/libjava.so
b6a62000-b6a64000 rw-p 00027000 07:00 296232     /usr/lib/jvm/java-6-openjdk-i386/jre/lib/i386/libjava.so
b6a64000-b6a6b000 r-xp 00000000 07:00 1570878    /lib/i386-linux-gnu/librt-2.17.so
b6a6b000-b6a6c000 r--p 00006000 07:00 1570878    /lib/i386-linux-gnu/librt-2.17.so
b6a6c000-b6a6d000 rw-p 00007000 07:00 1570878    /lib/i386-linux-gnu/librt-2.17.so
b6a6d000-b6a70000 ---p 00000000 00:00 0 
b6a70000-b6abe000 rw-p 00000000 00:00 0          [stack:12593]
b6abe000-b6ad9000 r-xp 00000000 07:00 1571574    /lib/i386-linux-gnu/libgcc_s.so.1
b6ad9000-b6ada000 r--p 0001a000 07:00 1571574    /lib/i386-linux-gnu/libgcc_s.so.1
b6ada000-b6adb000 rw-p 0001b000 07:00 1571574    /lib/i386-linux-gnu/libgcc_s.so.1
b6adb000-b6b1c000 r-xp 00000000 07:00 1582738    /lib/i386-linux-gnu/libm-2.17.so
b6b1c000-b6b1d000 r--p 00040000 07:00 1582738    /lib/i386-linux-gnu/libm-2.17.so
b6b1d000-b6b1e000 rw-p 00041000 07:00 1582738    /lib/i386-linux-gnu/libm-2.17.so
b6b1e000-b6bfa000 r-xp 00000000 07:00 298111     /usr/lib/i386-linux-gnu/libstdc++.so.6.0.17
b6bfa000-b6bfb000 ---p 000dc000 07:00 298111     /usr/lib/i386-linux-gnu/libstdc++.so.6.0.17
b6bfb000-b6bff000 r--p 000dc000 07:00 298111     /usr/lib/i386-linux-gnu/libstdc++.so.6.0.17
b6bff000-b6c00000 rw-p 000e0000 07:00 298111     /usr/lib/i386-linux-gnu/libstdc++.so.6.0.17
b6c00000-b6c07000 rw-p 00000000 00:00 0 
b6c07000-b7116000 r-xp 00000000 07:00 296259     /usr/lib/jvm/java-6-openjdk-i386/jre/lib/i386/client/libjvm.so
b7116000-b712d000 r--p 0050e000 07:00 296259     /usr/lib/jvm/java-6-openjdk-i386/jre/lib/i386/client/libjvm.so
b712d000-b713a000 rw-p 00525000 07:00 296259     /usr/lib/jvm/java-6-openjdk-i386/jre/lib/i386/client/libjvm.so
b713a000-b7554000 rw-p 00000000 00:00 0 
b7554000-b756b000 r-xp 00000000 07:00 1570758    /lib/i386-linux-gnu/libz.so.1.2.7
b756b000-b756c000 r--p 00016000 07:00 1570758    /lib/i386-linux-gnu/libz.so.1.2.7
b756c000-b756d000 rw-p 00017000 07:00 1570758    /lib/i386-linux-gnu/libz.so.1.2.7
b756d000-b771a000 r-xp 00000000 07:00 1582740    /lib/i386-linux-gnu/libc-2.17.so
b771a000-b771c000 r--p 001ad000 07:00 1582740    /lib/i386-linux-gnu/libc-2.17.so
b771c000-b771d000 rw-p 001af000 07:00 1582740    /lib/i386-linux-gnu/libc-2.17.so
b771d000-b7720000 rw-p 00000000 00:00 0 
b7720000-b7723000 r-xp 00000000 07:00 1582749    /lib/i386-linux-gnu/libdl-2.17.so
b7723000-b7724000 r--p 00002000 07:00 1582749    /lib/i386-linux-gnu/libdl-2.17.so
b7724000-b7725000 rw-p 00003000 07:00 1582749    /lib/i386-linux-gnu/libdl-2.17.so
b7725000-b7729000 r-xp 00000000 07:00 296224     /usr/lib/jvm/java-6-openjdk-i386/jre/lib/i386/jli/libjli.so
b7729000-b772a000 r--p 00003000 07:00 296224     /usr/lib/jvm/java-6-openjdk-i386/jre/lib/i386/jli/libjli.so
b772a000-b772b000 rw-p 00004000 07:00 296224     /usr/lib/jvm/java-6-openjdk-i386/jre/lib/i386/jli/libjli.so
b772b000-b7742000 r-xp 00000000 07:00 1582744    /lib/i386-linux-gnu/libpthread-2.17.so
b7742000-b7743000 r--p 00016000 07:00 1582744    /lib/i386-linux-gnu/libpthread-2.17.so
b7743000-b7744000 rw-p 00017000 07:00 1582744    /lib/i386-linux-gnu/libpthread-2.17.so
b7744000-b7747000 rw-p 00000000 00:00 0 
b7747000-b7748000 r--s 00001000 07:00 1494608    /home/maik/shadow/shadow-platformer/libs/bodyeditor-loader.jar
b7748000-b774e000 rw-p 00000000 00:00 0 
b774e000-b7755000 r-xp 00000000 07:00 1582737    /lib/i386-linux-gnu/libnss_compat-2.17.so
b7755000-b7756000 r--p 00006000 07:00 1582737    /lib/i386-linux-gnu/libnss_compat-2.17.so
b7756000-b7757000 rw-p 00007000 07:00 1582737    /lib/i386-linux-gnu/libnss_compat-2.17.so
b7757000-b7758000 rw-p 00000000 00:00 0 
b7758000-b7759000 r--p 00000000 00:00 0 
b7759000-b7766000 r-xp 00000000 07:00 296201     /usr/lib/jvm/java-6-openjdk-i386/jre/lib/i386/libverify.so
b7766000-b7767000 r--p 0000c000 07:00 296201     /usr/lib/jvm/java-6-openjdk-i386/jre/lib/i386/libverify.so
b7767000-b7768000 rw-p 0000d000 07:00 296201     /usr/lib/jvm/java-6-openjdk-i386/jre/lib/i386/libverify.so
b7768000-b776a000 rw-p 00000000 00:00 0 
b776a000-b776b000 r-xp 00000000 00:00 0          [vdso]
b776b000-b778b000 r-xp 00000000 07:00 1582753    /lib/i386-linux-gnu/ld-2.17.so
b778b000-b778c000 r--p 0001f000 07:00 1582753    /lib/i386-linux-gnu/ld-2.17.so
b778c000-b778d000 rw-p 00020000 07:00 1582753    /lib/i386-linux-gnu/ld-2.17.so
bf87a000-bf89b000 rw-p 00000000 00:00 0          [stack]

VM Arguments:
jvm_args: -XX:+HeapDumpOnOutOfMemoryError -verbose:gc -Dfile.encoding=UTF-8 
java_command: net.fourbytes.shadow.Main
Launcher Type: SUN_STANDARD

Environment Variables:
PATH=/usr/local/sbin:/usr/local/bin:/usr/sbin:/usr/bin:/sbin:/bin:/usr/games:/usr/local/games
USERNAME=maik
LD_LIBRARY_PATH=/usr/lib/jvm/java-6-openjdk-i386/jre/lib/i386/client:/usr/lib/jvm/java-6-openjdk-i386/jre/lib/i386:/usr/lib/jvm/java-6-openjdk-i386/jre/../lib/i386:/usr/lib/jvm/java-7-openjdk-i386/jre/lib/i386/client:/usr/lib/jvm/java-7-openjdk-i386/jre/lib/i386:
SHELL=/bin/bash
DISPLAY=:0

Signal Handlers:
SIGSEGV: [libjvm.so+0x3f03e0], sa_mask[0]=0x7ffbfeff, sa_flags=0x10000004
SIGBUS: [libjvm.so+0x3f03e0], sa_mask[0]=0x7ffbfeff, sa_flags=0x10000004
SIGFPE: [libjvm.so+0x30da80], sa_mask[0]=0x7ffbfeff, sa_flags=0x10000004
SIGPIPE: [libjvm.so+0x30da80], sa_mask[0]=0x7ffbfeff, sa_flags=0x10000004
SIGXFSZ: [libjvm.so+0x30da80], sa_mask[0]=0x7ffbfeff, sa_flags=0x10000004
SIGILL: [libjvm.so+0x30da80], sa_mask[0]=0x7ffbfeff, sa_flags=0x10000004
SIGUSR1: SIG_DFL, sa_mask[0]=0x00000000, sa_flags=0x00000000
SIGUSR2: [libjvm.so+0x30d920], sa_mask[0]=0x00000004, sa_flags=0x10000004
SIGHUP: [libjvm.so+0x3105b0], sa_mask[0]=0x7ffbfeff, sa_flags=0x10000004
SIGINT: [libjvm.so+0x3105b0], sa_mask[0]=0x7ffbfeff, sa_flags=0x10000004
SIGTERM: [libjvm.so+0x3105b0], sa_mask[0]=0x7ffbfeff, sa_flags=0x10000004
SIGQUIT: [libjvm.so+0x3105b0], sa_mask[0]=0x7ffbfeff, sa_flags=0x10000004


---------------  S Y S T E M  ---------------

OS:Ubuntu 13.04 (raring)
uname:Linux 3.11.0-994-generic #201309190405 SMP Thu Sep 19 08:15:11 UTC 2013 i686
libc:glibc 2.17 NPTL 2.17 
rlimit: STACK 8192k, CORE 0k, NPROC 15443, NOFILE 4096, AS infinity
load average:0.62 0.65 0.69

/proc/meminfo:
MemTotal:        1993448 kB
MemFree:          147248 kB
Buffers:          310016 kB
Cached:           424388 kB
SwapCached:        70128 kB
Active:           752304 kB
Inactive:         896880 kB
Active(anon):     489092 kB
Inactive(anon):   636272 kB
Active(file):     263212 kB
Inactive(file):   260608 kB
Unevictable:        2752 kB
Mlocked:             136 kB
HighTotal:       1112452 kB
HighFree:          14928 kB
LowTotal:         880996 kB
LowFree:          132320 kB
SwapTotal:       1258860 kB
SwapFree:         949092 kB
Dirty:               212 kB
Writeback:             0 kB
AnonPages:        875640 kB
Mapped:           115428 kB
Shmem:            207912 kB
Slab:              46788 kB
SReclaimable:      27920 kB
SUnreclaim:        18868 kB
KernelStack:        4256 kB
PageTables:        10852 kB
NFS_Unstable:          0 kB
Bounce:                0 kB
WritebackTmp:          0 kB
CommitLimit:     2255584 kB
Committed_AS:    4293676 kB
VmallocTotal:     122880 kB
VmallocUsed:       16380 kB
VmallocChunk:     105948 kB
HardwareCorrupted:     0 kB
AnonHugePages:         0 kB
HugePages_Total:       0
HugePages_Free:        0
HugePages_Rsvd:        0
HugePages_Surp:        0
Hugepagesize:       2048 kB
DirectMap4k:       12280 kB
DirectMap2M:      901120 kB


CPU:total 1 (1 cores per cpu, 1 threads per core) family 6 model 23 stepping 10, cmov, cx8, fxsr, mmx, sse, sse2, sse3, ssse3

Memory: 4k page, physical 1993448k(147248k free), swap 1258860k(949092k free)

vm_info: OpenJDK Client VM (20.0-b12) for linux-x86 JRE (1.6.0_27-b27), built on Jul 17 2013 13:48:06 by "buildd" with gcc 4.7.3

time: Sun Sep 29 21:58:00 2013
elapsed time: 10 seconds

